<?xml version="1.0" encoding="UTF-8"?>
<robot generator="Robot 7.0 (Python 3.8.10 on linux)" generated="2024-05-03T12:04:28.488087" rpa="false" schemaversion="5">
<suite id="s1" name="lumate2Test" source="/home/ridham/PycharmProjects/LUMATE-AUTOMATION_POC/TestCases/lumate2Test.robot">
<test id="s1-t1" name="Verify patient signup" line="13">
<kw name="Open PMS url on browser" owner="lumate2Resource">
<kw name="Open Browser" owner="SeleniumLibrary">
<msg time="2024-05-03T12:04:28.612199" level="INFO">Opening browser 'chrome' to base url 'https://qa-lumacare.lumatehealth.com/#/authentication/login'.</msg>
<arg>url=${P_PORTAL_URL}</arg>
<arg>browser=${Browser}</arg>
<doc>Opens a new browser instance to the optional ``url``.</doc>
<status status="PASS" start="2024-05-03T12:04:28.611859" elapsed="5.206235"/>
</kw>
<kw name="Maximize Browser Window" owner="SeleniumLibrary">
<doc>Maximizes current browser window.</doc>
<status status="PASS" start="2024-05-03T12:04:33.818945" elapsed="0.036854"/>
</kw>
<kw name="Wait Until Element Is Visible" owner="SeleniumLibrary">
<arg>${LOGIN_PAGE_P_PORTAL}</arg>
<arg>15s</arg>
<doc>Waits until the element ``locator`` is visible.</doc>
<status status="PASS" start="2024-05-03T12:04:33.856203" elapsed="1.340969"/>
</kw>
<status status="PASS" start="2024-05-03T12:04:28.610213" elapsed="6.587169"/>
</kw>
<kw name="Fill the credentials and login" owner="lumate2Resource">
<kw name="Input Text" owner="SeleniumLibrary">
<msg time="2024-05-03T12:04:35.198649" level="INFO">Typing text 'robert.grigsby' into text field 'xpath://*[@id="ion-input-0"]'.</msg>
<arg>${USERNAME_PATH_P_PORTAL}</arg>
<arg>${USERNAME_P_PORTAL}</arg>
<doc>Types the given ``text`` into the text field identified by ``locator``.</doc>
<status status="PASS" start="2024-05-03T12:04:35.198345" elapsed="0.213178"/>
</kw>
<kw name="Input Text" owner="SeleniumLibrary">
<msg time="2024-05-03T12:04:35.412291" level="INFO">Typing text 'Test1234!' into text field 'xpath://*[@id="ion-input-1"]'.</msg>
<arg>${PASSWORD_PATH_P_PORTAL}</arg>
<arg>${PASSWORD_P_PORTAL}</arg>
<doc>Types the given ``text`` into the text field identified by ``locator``.</doc>
<status status="PASS" start="2024-05-03T12:04:35.411939" elapsed="0.107516"/>
</kw>
<kw name="Click Element" owner="SeleniumLibrary">
<msg time="2024-05-03T12:04:35.520686" level="INFO">Clicking element 'xpath://*[@class="form-check-input"]'.</msg>
<arg>${REMEMBER_ME}</arg>
<doc>Click the element identified by ``locator``.</doc>
<status status="PASS" start="2024-05-03T12:04:35.520062" elapsed="0.054121"/>
</kw>
<kw name="Wait Until Element Is Visible" owner="SeleniumLibrary">
<arg>${LOGIN_BTN}</arg>
<doc>Waits until the element ``locator`` is visible.</doc>
<status status="PASS" start="2024-05-03T12:04:35.574643" elapsed="0.024306"/>
</kw>
<kw name="Click Element" owner="SeleniumLibrary">
<msg time="2024-05-03T12:04:35.599527" level="INFO">Clicking element 'xpath://*[@class="btn-primary font-20 fw-bold b-r-50 he-68 w-100 overflow-hidden md button button-solid ion-activatable ion-focusable hydrated"]'.</msg>
<arg>${LOGIN_BTN}</arg>
<doc>Click the element identified by ``locator``.</doc>
<status status="PASS" start="2024-05-03T12:04:35.599259" elapsed="0.043194"/>
</kw>
<status status="PASS" start="2024-05-03T12:04:35.197857" elapsed="0.444771"/>
</kw>
<kw name="Enter OTP and Submit it" owner="lumate2Resource">
<kw name="Wait for OTP Email" owner="lumate2Resource">
<kw name="Open Mailbox" owner="ImapLibrary2">
<arg>host=${EMAIL_SERVER}</arg>
<arg>user=${EMAIL_USERNAME}</arg>
<arg>password=${EMAIL_PASSWORD}</arg>
<doc>Open IMAP email client session to given ``host`` with given ``user`` and ``password``.</doc>
<status status="PASS" start="2024-05-03T12:04:35.644079" elapsed="1.409395"/>
</kw>
<kw name="Wait For Email" owner="ImapLibrary2">
<msg time="2024-05-03T12:04:37.591324" level="INFO">${email_index} = 2580</msg>
<var>${email_index}</var>
<arg>sender=${SENDER_USERNAME}</arg>
<arg>status=UNSEEN</arg>
<arg>timeout=300</arg>
<doc>Wait for email message to arrived base on any given filter criteria.
Returns email index of the latest email message received.</doc>
<status status="PASS" start="2024-05-03T12:04:37.054328" elapsed="0.537048"/>
</kw>
<kw name="Get Email Body" owner="ImapLibrary2">
<msg time="2024-05-03T12:04:38.953533" level="INFO">${email_body} = &lt;html xmlns="http://www.w3.org/1999/xhtml" xmlns:o="urn:schemas-microsoft-com:office:office" xmlns:v="urn:schemas-microsoft-com:vml" lang="en"&gt;&lt;head&gt;
&lt;meta http-equiv="Content-Type" content="text/htm...</msg>
<var>${email_body}</var>
<arg>${email_index}</arg>
<doc>Returns the decoded email body on multipart email message,
otherwise returns the body text.</doc>
<status status="PASS" start="2024-05-03T12:04:37.591636" elapsed="1.362081"/>
</kw>
<kw name="Get Regexp Matches" owner="String">
<msg time="2024-05-03T12:04:38.958009" level="INFO">${otp} = ['353454', '000000', '353454', '052822', '353454', '353454', '000000', '353454', '353454', '353454', '353454', '353454', '353454', '353454', '353454', '353454', '353454']</msg>
<var>${otp}</var>
<arg>${email_body}</arg>
<arg>\\b\\d{6}\\b</arg>
<doc>Returns a list of all non-overlapping matches in the given string.</doc>
<status status="PASS" start="2024-05-03T12:04:38.954506" elapsed="0.003652"/>
</kw>
<kw name="Delete Email" owner="ImapLibrary2">
<arg>${email_index}</arg>
<doc>Delete email on given ``email_index``.</doc>
<status status="PASS" start="2024-05-03T12:04:38.958811" elapsed="1.209584"/>
</kw>
<kw name="Log" owner="BuiltIn">
<msg time="2024-05-03T12:04:40.171128" level="INFO">OTP received: ['353454', '000000', '353454', '052822', '353454', '353454', '000000', '353454', '353454', '353454', '353454', '353454', '353454', '353454', '353454', '353454', '353454']</msg>
<arg>OTP received: ${otp}</arg>
<doc>Logs the given message with the given level.</doc>
<status status="PASS" start="2024-05-03T12:04:40.169717" elapsed="0.001730"/>
</kw>
<return>
<value>${otp}[3]</value>
<status status="PASS" start="2024-05-03T12:04:40.171937" elapsed="0.000551"/>
</return>
<msg time="2024-05-03T12:04:40.173963" level="INFO">${otp} = 052822</msg>
<var>${otp}</var>
<status status="PASS" start="2024-05-03T12:04:35.643657" elapsed="4.530602"/>
</kw>
<kw name="Copy To Clipboard" owner="CustomKeywords">
<arg>${otp}</arg>
<status status="PASS" start="2024-05-03T12:04:40.175421" elapsed="0.090213"/>
</kw>
<kw name="Wait Until Element Is Enabled" owner="SeleniumLibrary">
<arg>${OTP_P_PORTAL}</arg>
<arg>${TIMEOUT}</arg>
<doc>Waits until the element ``locator`` is enabled.</doc>
<status status="PASS" start="2024-05-03T12:04:40.271159" elapsed="0.092552"/>
</kw>
<kw name="Press Keys" owner="SeleniumLibrary">
<msg time="2024-05-03T12:04:40.365040" level="INFO">Sending key(s) ('CTRL+V',) to xpath://*[@class="ng-otp-input-wrapper wrapper ng-star-inserted"] element.</msg>
<msg time="2024-05-03T12:04:40.377370" level="INFO">Pressing special key CONTROL down.</msg>
<msg time="2024-05-03T12:04:40.377552" level="INFO">Sending key V</msg>
<msg time="2024-05-03T12:04:40.377714" level="INFO">Releasing special key CONTROL.</msg>
<arg>${OTP_P_PORTAL}</arg>
<arg>CTRL+V</arg>
<doc>Simulates the user pressing key(s) to an element or on the active browser.</doc>
<status status="PASS" start="2024-05-03T12:04:40.364288" elapsed="0.343561"/>
</kw>
<kw name="Click Element" owner="SeleniumLibrary">
<msg time="2024-05-03T12:04:40.708613" level="INFO">Clicking element 'xpath://*[@class="btn-primary font-20 fw-bold b-r-50 he-68 w-100 overflow-hidden md button button-solid ion-activatable ion-focusable hydrated"]'.</msg>
<arg>${VALIDATE_OTP}</arg>
<doc>Click the element identified by ``locator``.</doc>
<status status="PASS" start="2024-05-03T12:04:40.708253" elapsed="0.052157"/>
</kw>
<kw name="Wait Until Element Is Visible" owner="SeleniumLibrary">
<kw name="Capture Page Screenshot" owner="SeleniumLibrary">
<msg time="2024-05-03T12:04:47.802920" level="FAIL">NoSuchWindowException: Message: no such window: target window already closed
from unknown error: web view not found
  (Session info: chrome=124.0.6367.118)
</msg>
<doc>Takes a screenshot of the current page and embeds it into a log file.</doc>
<status status="FAIL" start="2024-05-03T12:04:47.799330" elapsed="0.005526">NoSuchWindowException: Message: no such window: target window already closed
from unknown error: web view not found
  (Session info: chrome=124.0.6367.118)
</status>
</kw>
<msg time="2024-05-03T12:04:47.805210" level="WARN">Keyword 'Capture Page Screenshot' could not be run on failure: NoSuchWindowException: Message: no such window: target window already closed
from unknown error: web view not found
  (Session info: chrome=124.0.6367.118)
</msg>
<msg time="2024-05-03T12:04:47.805818" level="FAIL">NoSuchWindowException: Message: no such window: target window already closed
from unknown error: web view not found
  (Session info: chrome=124.0.6367.118)
</msg>
<arg>${SELECT_DEPENDENT}</arg>
<arg>15s</arg>
<doc>Waits until the element ``locator`` is visible.</doc>
<status status="FAIL" start="2024-05-03T12:04:40.760857" elapsed="7.045431">NoSuchWindowException: Message: no such window: target window already closed
from unknown error: web view not found
  (Session info: chrome=124.0.6367.118)
</status>
</kw>
<kw name="Click Element" owner="SeleniumLibrary">
<arg>${SELECT_DEPENDENT}</arg>
<doc>Click the element identified by ``locator``.</doc>
<status status="NOT RUN" start="2024-05-03T12:04:47.806842" elapsed="0.000100"/>
</kw>
<kw name="Wait Until the Update Icon Disappear" owner="lumate2Resource">
<status status="NOT RUN" start="2024-05-03T12:04:47.808089" elapsed="0.000121"/>
</kw>
<kw name="Wait Until Element Is Visible" owner="SeleniumLibrary">
<arg>${SKIP}</arg>
<arg>15s</arg>
<doc>Waits until the element ``locator`` is visible.</doc>
<status status="NOT RUN" start="2024-05-03T12:04:47.808567" elapsed="0.000084"/>
</kw>
<kw name="Click Element" owner="SeleniumLibrary">
<arg>${SKIP}</arg>
<doc>Click the element identified by ``locator``.</doc>
<status status="NOT RUN" start="2024-05-03T12:04:47.808999" elapsed="0.000079"/>
</kw>
<kw name="Wait Until the Update Icon Disappear" owner="lumate2Resource">
<status status="NOT RUN" start="2024-05-03T12:04:47.809536" elapsed="0.000092"/>
</kw>
<status status="FAIL" start="2024-05-03T12:04:35.643086" elapsed="12.166804">NoSuchWindowException: Message: no such window: target window already closed
from unknown error: web view not found
  (Session info: chrome=124.0.6367.118)
</status>
</kw>
<kw name="Wait Until Element Is Visible" owner="SeleniumLibrary">
<arg>${HOMEPAGE_P_PORTAL}</arg>
<arg>${TIMEOUT}</arg>
<doc>Waits until the element ``locator`` is visible.</doc>
<status status="NOT RUN" start="2024-05-03T12:04:47.810341" elapsed="0.000118"/>
</kw>
<tag>TC-PATIENT-001</tag>
<tag>test:retry(2)</tag>
<status status="FAIL" start="2024-05-03T12:04:28.609203" elapsed="19.201786">NoSuchWindowException: Message: no such window: target window already closed
from unknown error: web view not found
  (Session info: chrome=124.0.6367.118)
</status>
</test>
<test id="s1-t2" name="Add consent forms" line="20">
<kw name="Wait Until Element Is Visible" owner="SeleniumLibrary">
<kw name="Capture Page Screenshot" owner="SeleniumLibrary">
<msg time="2024-05-03T12:04:47.817960" level="FAIL">NoSuchWindowException: Message: no such window: target window already closed
from unknown error: web view not found
  (Session info: chrome=124.0.6367.118)
</msg>
<doc>Takes a screenshot of the current page and embeds it into a log file.</doc>
<status status="FAIL" start="2024-05-03T12:04:47.815063" elapsed="0.003360">NoSuchWindowException: Message: no such window: target window already closed
from unknown error: web view not found
  (Session info: chrome=124.0.6367.118)
</status>
</kw>
<msg time="2024-05-03T12:04:47.818558" level="WARN">Keyword 'Capture Page Screenshot' could not be run on failure: NoSuchWindowException: Message: no such window: target window already closed
from unknown error: web view not found
  (Session info: chrome=124.0.6367.118)
</msg>
<msg time="2024-05-03T12:04:47.818857" level="FAIL">NoSuchWindowException: Message: no such window: target window already closed
from unknown error: web view not found
  (Session info: chrome=124.0.6367.118)
</msg>
<arg>${VIEW_CONSENT}</arg>
<arg>${TIMEOUT}</arg>
<doc>Waits until the element ``locator`` is visible.</doc>
<status status="FAIL" start="2024-05-03T12:04:47.812943" elapsed="0.006213">NoSuchWindowException: Message: no such window: target window already closed
from unknown error: web view not found
  (Session info: chrome=124.0.6367.118)
</status>
</kw>
<kw name="Wait Until the Update Icon Disappear" owner="lumate2Resource">
<status status="NOT RUN" start="2024-05-03T12:04:47.820170" elapsed="0.000097"/>
</kw>
<kw name="Click Element" owner="SeleniumLibrary">
<arg>${VIEW_CONSENT}</arg>
<doc>Click the element identified by ``locator``.</doc>
<status status="NOT RUN" start="2024-05-03T12:04:47.820814" elapsed="0.000100"/>
</kw>
<kw name="Wait Until the Update Icon Disappear" owner="lumate2Resource">
<status status="NOT RUN" start="2024-05-03T12:04:47.821282" elapsed="0.000060"/>
</kw>
<kw name="Element Should Be Visible" owner="SeleniumLibrary">
<arg>${CONSENTS}</arg>
<doc>Verifies that the element identified by ``locator`` is visible.</doc>
<status status="NOT RUN" start="2024-05-03T12:04:47.821650" elapsed="0.000058"/>
</kw>
<tag>TC-PATIENT-002</tag>
<status status="FAIL" start="2024-05-03T12:04:47.811858" elapsed="0.010195">NoSuchWindowException: Message: no such window: target window already closed
from unknown error: web view not found
  (Session info: chrome=124.0.6367.118)
</status>
</test>
<test id="s1-t3" name="Bill payment" line="28">
<kw name="Wait Until the Update Icon Disappear" owner="lumate2Resource">
<kw name="Wait Until Element Is Not Visible" owner="SeleniumLibrary">
<kw name="Capture Page Screenshot" owner="SeleniumLibrary">
<msg time="2024-05-03T12:04:47.828401" level="FAIL">NoSuchWindowException: Message: no such window: target window already closed
from unknown error: web view not found
  (Session info: chrome=124.0.6367.118)
</msg>
<doc>Takes a screenshot of the current page and embeds it into a log file.</doc>
<status status="FAIL" start="2024-05-03T12:04:47.825858" elapsed="0.002997">NoSuchWindowException: Message: no such window: target window already closed
from unknown error: web view not found
  (Session info: chrome=124.0.6367.118)
</status>
</kw>
<msg time="2024-05-03T12:04:47.828977" level="WARN">Keyword 'Capture Page Screenshot' could not be run on failure: NoSuchWindowException: Message: no such window: target window already closed
from unknown error: web view not found
  (Session info: chrome=124.0.6367.118)
</msg>
<msg time="2024-05-03T12:04:47.829237" level="FAIL">NoSuchWindowException: Message: no such window: target window already closed
from unknown error: web view not found
  (Session info: chrome=124.0.6367.118)
</msg>
<arg>${UpdateIcon}</arg>
<arg>${TIMEOUT}</arg>
<doc>Waits until the element ``locator`` is not visible.</doc>
<status status="FAIL" start="2024-05-03T12:04:47.823755" elapsed="0.005745">NoSuchWindowException: Message: no such window: target window already closed
from unknown error: web view not found
  (Session info: chrome=124.0.6367.118)
</status>
</kw>
<status status="FAIL" start="2024-05-03T12:04:47.823094" elapsed="0.006608">NoSuchWindowException: Message: no such window: target window already closed
from unknown error: web view not found
  (Session info: chrome=124.0.6367.118)
</status>
</kw>
<kw name="Wait Until the Update Icon Disappear" owner="lumate2Resource">
<status status="NOT RUN" start="2024-05-03T12:04:47.830043" elapsed="0.000057"/>
</kw>
<kw name="Click Element" owner="SeleniumLibrary">
<arg>${HOME_SECTION}</arg>
<doc>Click the element identified by ``locator``.</doc>
<status status="NOT RUN" start="2024-05-03T12:04:47.830352" elapsed="0.000045"/>
</kw>
<kw name="Payment Of Clinician1" owner="lumate2Resource">
<status status="NOT RUN" start="2024-05-03T12:04:47.830762" elapsed="0.000049"/>
</kw>
<tag>TC-PATIENT-003</tag>
<status status="FAIL" start="2024-05-03T12:04:47.822437" elapsed="0.008627">NoSuchWindowException: Message: no such window: target window already closed
from unknown error: web view not found
  (Session info: chrome=124.0.6367.118)
</status>
</test>
<status status="FAIL" start="2024-05-03T12:04:28.488976" elapsed="19.342959"/>
</suite>
<statistics>
<total>
<stat pass="0" fail="3" skip="0">All Tests</stat>
</total>
<tag>
<stat pass="0" fail="1" skip="0">TC-PATIENT-001</stat>
<stat pass="0" fail="1" skip="0">TC-PATIENT-002</stat>
<stat pass="0" fail="1" skip="0">TC-PATIENT-003</stat>
<stat pass="0" fail="1" skip="0">test:retry(2)</stat>
</tag>
<suite>
<stat pass="0" fail="3" skip="0" id="s1" name="lumate2Test">lumate2Test</stat>
</suite>
</statistics>
<errors>
<msg time="2024-05-03T12:04:47.805210" level="WARN">Keyword 'Capture Page Screenshot' could not be run on failure: NoSuchWindowException: Message: no such window: target window already closed
from unknown error: web view not found
  (Session info: chrome=124.0.6367.118)
</msg>
<msg time="2024-05-03T12:04:47.818558" level="WARN">Keyword 'Capture Page Screenshot' could not be run on failure: NoSuchWindowException: Message: no such window: target window already closed
from unknown error: web view not found
  (Session info: chrome=124.0.6367.118)
</msg>
<msg time="2024-05-03T12:04:47.828977" level="WARN">Keyword 'Capture Page Screenshot' could not be run on failure: NoSuchWindowException: Message: no such window: target window already closed
from unknown error: web view not found
  (Session info: chrome=124.0.6367.118)
</msg>
</errors>
</robot>
