<?xml version="1.0" encoding="UTF-8"?>
<robot generator="Robot 7.0 (Python 3.8.10 on linux)" generated="2024-05-03T15:23:22.684005" rpa="false" schemaversion="5">
<suite id="s1" name="lumateTest" source="/home/ridham/PycharmProjects/LUMATE-AUTOMATION_POC/TestCases/lumateTest.robot">
<test id="s1-t1" name="Verify patient signup" line="15">
<kw name="Open LUMCARE url on browser" owner="lumate2Resource">
<kw name="Open Browser" owner="SeleniumLibrary">
<msg time="2024-05-03T15:23:23.495565" level="INFO">Opening browser 'chrome' to base url 'https://qa-lumacare.lumatehealth.com/#/authentication/login'.</msg>
<arg>url=${P_PORTAL_URL}</arg>
<arg>browser=${Browser}</arg>
<doc>Opens a new browser instance to the optional ``url``.</doc>
<status status="PASS" start="2024-05-03T15:23:23.495092" elapsed="14.729150"/>
</kw>
<kw name="Maximize Browser Window" owner="SeleniumLibrary">
<kw name="Capture Page Screenshot" owner="SeleniumLibrary">
<msg time="2024-05-03T15:23:38.286969" level="FAIL">NoSuchWindowException: Message: no such window: target window already closed
from unknown error: web view not found
  (Session info: chrome=124.0.6367.118)
</msg>
<doc>Takes a screenshot of the current page and embeds it into a log file.</doc>
<status status="FAIL" start="2024-05-03T15:23:38.269691" elapsed="0.256088">NoSuchWindowException: Message: no such window: target window already closed
from unknown error: web view not found
  (Session info: chrome=124.0.6367.118)
</status>
</kw>
<msg time="2024-05-03T15:23:38.526099" level="WARN">Keyword 'Capture Page Screenshot' could not be run on failure: NoSuchWindowException: Message: no such window: target window already closed
from unknown error: web view not found
  (Session info: chrome=124.0.6367.118)
</msg>
<msg time="2024-05-03T15:23:38.526958" level="FAIL">NoSuchWindowException: Message: no such window: target window already closed
from unknown error: web view not found
  (Session info: chrome=124.0.6367.118)
</msg>
<doc>Maximizes current browser window.</doc>
<status status="FAIL" start="2024-05-03T15:23:38.236294" elapsed="0.291260">NoSuchWindowException: Message: no such window: target window already closed
from unknown error: web view not found
  (Session info: chrome=124.0.6367.118)
</status>
</kw>
<kw name="Wait Until Element Is Visible" owner="SeleniumLibrary">
<arg>${LOGIN_PAGE_P_PORTAL}</arg>
<arg>15s</arg>
<doc>Waits until the element ``locator`` is visible.</doc>
<status status="NOT RUN" start="2024-05-03T15:23:38.528443" elapsed="0.000173"/>
</kw>
<status status="FAIL" start="2024-05-03T15:23:23.493580" elapsed="15.035690">NoSuchWindowException: Message: no such window: target window already closed
from unknown error: web view not found
  (Session info: chrome=124.0.6367.118)
</status>
</kw>
<kw name="Fill the credentials and login" owner="lumate2Resource">
<status status="NOT RUN" start="2024-05-03T15:23:38.530968" elapsed="0.000353"/>
</kw>
<kw name="Enter OTP and Submit it" owner="lumate2Resource">
<status status="NOT RUN" start="2024-05-03T15:23:38.533342" elapsed="0.000194"/>
</kw>
<kw name="Wait Until Element Is Visible" owner="SeleniumLibrary">
<arg>${HOMEPAGE_P_PORTAL}</arg>
<arg>${TIMEOUT}</arg>
<doc>Waits until the element ``locator`` is visible.</doc>
<status status="NOT RUN" start="2024-05-03T15:23:38.534340" elapsed="0.000137"/>
</kw>
<tag>TC-PATIENT-001</tag>
<tag>test:retry(2)</tag>
<status status="FAIL" start="2024-05-03T15:23:23.492614" elapsed="15.042729">NoSuchWindowException: Message: no such window: target window already closed
from unknown error: web view not found
  (Session info: chrome=124.0.6367.118)
</status>
</test>
<test id="s1-t2" name="Add consent forms" line="22">
<kw name="Wait Until Element Is Visible" owner="SeleniumLibrary">
<kw name="Capture Page Screenshot" owner="SeleniumLibrary">
<msg time="2024-05-03T15:23:38.554039" level="FAIL">NoSuchWindowException: Message: no such window: target window already closed
from unknown error: web view not found
  (Session info: chrome=124.0.6367.118)
</msg>
<doc>Takes a screenshot of the current page and embeds it into a log file.</doc>
<status status="FAIL" start="2024-05-03T15:23:38.544397" elapsed="0.098967">NoSuchWindowException: Message: no such window: target window already closed
from unknown error: web view not found
  (Session info: chrome=124.0.6367.118)
</status>
</kw>
<msg time="2024-05-03T15:23:38.644002" level="WARN">Keyword 'Capture Page Screenshot' could not be run on failure: NoSuchWindowException: Message: no such window: target window already closed
from unknown error: web view not found
  (Session info: chrome=124.0.6367.118)
</msg>
<msg time="2024-05-03T15:23:38.645506" level="FAIL">NoSuchWindowException: Message: no such window: target window already closed
from unknown error: web view not found
  (Session info: chrome=124.0.6367.118)
</msg>
<arg>${VIEW_CONSENT}</arg>
<arg>${TIMEOUT}</arg>
<doc>Waits until the element ``locator`` is visible.</doc>
<status status="FAIL" start="2024-05-03T15:23:38.539092" elapsed="0.107996">NoSuchWindowException: Message: no such window: target window already closed
from unknown error: web view not found
  (Session info: chrome=124.0.6367.118)
</status>
</kw>
<kw name="Wait Until the Update Icon Disappear" owner="lumate2Resource">
<status status="NOT RUN" start="2024-05-03T15:23:38.648519" elapsed="0.000184"/>
</kw>
<kw name="Click Element" owner="SeleniumLibrary">
<arg>${VIEW_CONSENT}</arg>
<doc>Click the element identified by ``locator``.</doc>
<status status="NOT RUN" start="2024-05-03T15:23:38.649898" elapsed="0.000252"/>
</kw>
<kw name="Wait Until the Update Icon Disappear" owner="lumate2Resource">
<status status="NOT RUN" start="2024-05-03T15:23:38.651785" elapsed="0.000407"/>
</kw>
<kw name="Element Should Be Visible" owner="SeleniumLibrary">
<arg>${CONSENTS}</arg>
<doc>Verifies that the element identified by ``locator`` is visible.</doc>
<status status="NOT RUN" start="2024-05-03T15:23:38.653635" elapsed="0.000286"/>
</kw>
<tag>TC-PATIENT-002</tag>
<status status="FAIL" start="2024-05-03T15:23:38.537251" elapsed="0.118243">NoSuchWindowException: Message: no such window: target window already closed
from unknown error: web view not found
  (Session info: chrome=124.0.6367.118)
</status>
</test>
<test id="s1-t3" name="Bill payment" line="30">
<kw name="Wait Until the Update Icon Disappear" owner="lumate2Resource">
<kw name="Wait Until Element Is Not Visible" owner="SeleniumLibrary">
<kw name="Capture Page Screenshot" owner="SeleniumLibrary">
<msg time="2024-05-03T15:23:38.687003" level="FAIL">NoSuchWindowException: Message: no such window: target window already closed
from unknown error: web view not found
  (Session info: chrome=124.0.6367.118)
</msg>
<doc>Takes a screenshot of the current page and embeds it into a log file.</doc>
<status status="FAIL" start="2024-05-03T15:23:38.670692" elapsed="0.018358">NoSuchWindowException: Message: no such window: target window already closed
from unknown error: web view not found
  (Session info: chrome=124.0.6367.118)
</status>
</kw>
<msg time="2024-05-03T15:23:38.689581" level="WARN">Keyword 'Capture Page Screenshot' could not be run on failure: NoSuchWindowException: Message: no such window: target window already closed
from unknown error: web view not found
  (Session info: chrome=124.0.6367.118)
</msg>
<msg time="2024-05-03T15:23:38.691118" level="FAIL">NoSuchWindowException: Message: no such window: target window already closed
from unknown error: web view not found
  (Session info: chrome=124.0.6367.118)
</msg>
<arg>${UpdateIcon}</arg>
<arg>${TIMEOUT}</arg>
<doc>Waits until the element ``locator`` is not visible.</doc>
<status status="FAIL" start="2024-05-03T15:23:38.662938" elapsed="0.029399">NoSuchWindowException: Message: no such window: target window already closed
from unknown error: web view not found
  (Session info: chrome=124.0.6367.118)
</status>
</kw>
<status status="FAIL" start="2024-05-03T15:23:38.660622" elapsed="0.032652">NoSuchWindowException: Message: no such window: target window already closed
from unknown error: web view not found
  (Session info: chrome=124.0.6367.118)
</status>
</kw>
