<?xml version="1.0" encoding="UTF-8"?>
<robot generator="Robot 7.0 (Python 3.8.10 on linux)" generated="2024-05-03T11:26:42.534813" rpa="false" schemaversion="5">
<suite id="s1" name="lumate2Test" source="/home/ridham/PycharmProjects/LUMATE-AUTOMATION_POC/TestCases/lumate2Test.robot">
<test id="s1-t1" name="Verify patient signup" line="13">
<kw name="Open PMS url on browser" owner="lumate2Resource">
<kw name="Open Browser" owner="SeleniumLibrary">
<msg time="2024-05-03T11:26:42.662914" level="INFO">Opening browser 'chrome' to base url 'https://qa-lumacare.lumatehealth.com/#/authentication/login'.</msg>
<arg>url=${P_PORTAL_URL}</arg>
<arg>browser=${Browser}</arg>
<doc>Opens a new browser instance to the optional ``url``.</doc>
<status status="PASS" start="2024-05-03T11:26:42.662571" elapsed="3.824414"/>
</kw>
<kw name="Maximize Browser Window" owner="SeleniumLibrary">
<doc>Maximizes current browser window.</doc>
<status status="PASS" start="2024-05-03T11:26:46.488201" elapsed="0.035308"/>
</kw>
<kw name="Wait Until Element Is Visible" owner="SeleniumLibrary">
<arg>${LOGIN_PAGE_P_PORTAL}</arg>
<arg>15s</arg>
<doc>Waits until the element ``locator`` is visible.</doc>
<status status="PASS" start="2024-05-03T11:26:46.523889" elapsed="1.218771"/>
</kw>
<status status="PASS" start="2024-05-03T11:26:42.661530" elapsed="5.081341"/>
</kw>
<kw name="Fill the credentials and login" owner="lumate2Resource">
<kw name="Input Text" owner="SeleniumLibrary">
<msg time="2024-05-03T11:26:47.745134" level="INFO">Typing text 'robert.grigsby' into text field 'xpath://*[@id="ion-input-0"]'.</msg>
<arg>${USERNAME_PATH_P_PORTAL}</arg>
<arg>${USERNAME_P_PORTAL}</arg>
<doc>Types the given ``text`` into the text field identified by ``locator``.</doc>
<status status="PASS" start="2024-05-03T11:26:47.744636" elapsed="0.199231"/>
</kw>
<kw name="Input Text" owner="SeleniumLibrary">
<msg time="2024-05-03T11:26:47.944752" level="INFO">Typing text 'Test1234!' into text field 'xpath://*[@id="ion-input-1"]'.</msg>
<arg>${PASSWORD_PATH_P_PORTAL}</arg>
<arg>${PASSWORD_P_PORTAL}</arg>
<doc>Types the given ``text`` into the text field identified by ``locator``.</doc>
<status status="PASS" start="2024-05-03T11:26:47.944304" elapsed="0.099407"/>
</kw>
<kw name="Click Element" owner="SeleniumLibrary">
<msg time="2024-05-03T11:26:48.044861" level="INFO">Clicking element 'xpath://*[@class="form-check-input"]'.</msg>
<arg>${REMEMBER_ME}</arg>
<doc>Click the element identified by ``locator``.</doc>
<status status="PASS" start="2024-05-03T11:26:48.044094" elapsed="0.064062"/>
</kw>
<kw name="Wait Until Element Is Visible" owner="SeleniumLibrary">
<arg>${LOGIN_BTN}</arg>
<doc>Waits until the element ``locator`` is visible.</doc>
<status status="PASS" start="2024-05-03T11:26:48.108560" elapsed="0.026650"/>
</kw>
<kw name="Click Element" owner="SeleniumLibrary">
<msg time="2024-05-03T11:26:48.135824" level="INFO">Clicking element 'xpath://*[@class="btn-primary font-20 fw-bold b-r-50 he-68 w-100 overflow-hidden md button button-solid ion-activatable ion-focusable hydrated"]'.</msg>
<arg>${LOGIN_BTN}</arg>
<doc>Click the element identified by ``locator``.</doc>
<status status="PASS" start="2024-05-03T11:26:48.135525" elapsed="0.050297"/>
</kw>
<status status="PASS" start="2024-05-03T11:26:47.743576" elapsed="0.442427"/>
</kw>
<kw name="Enter OTP and Submit it" owner="lumate2Resource">
<kw name="Wait for OTP Email" owner="lumate2Resource">
<kw name="Open Mailbox" owner="ImapLibrary2">
<arg>host=${EMAIL_SERVER}</arg>
<arg>user=${EMAIL_USERNAME}</arg>
<arg>password=${EMAIL_PASSWORD}</arg>
<doc>Open IMAP email client session to given ``host`` with given ``user`` and ``password``.</doc>
<status status="PASS" start="2024-05-03T11:26:48.187518" elapsed="1.860648"/>
</kw>
<kw name="Wait For Email" owner="ImapLibrary2">
<msg time="2024-05-03T11:26:50.708987" level="INFO">${email_index} = 2557</msg>
<var>${email_index}</var>
<arg>sender=${SENDER_USERNAME}</arg>
<arg>status=UNSEEN</arg>
<arg>timeout=300</arg>
<doc>Wait for email message to arrived base on any given filter criteria.
Returns email index of the latest email message received.</doc>
<status status="PASS" start="2024-05-03T11:26:50.048990" elapsed="0.660166"/>
</kw>
<kw name="Get Email Body" owner="ImapLibrary2">
<msg time="2024-05-03T11:26:51.201201" level="INFO">${email_body} = &lt;html xmlns="http://www.w3.org/1999/xhtml" xmlns:o="urn:schemas-microsoft-com:office:office" xmlns:v="urn:schemas-microsoft-com:vml" lang="en"&gt;&lt;head&gt;
&lt;meta http-equiv="Content-Type" content="text/htm...</msg>
<var>${email_body}</var>
<arg>${email_index}</arg>
<doc>Returns the decoded email body on multipart email message,
otherwise returns the body text.</doc>
<status status="PASS" start="2024-05-03T11:26:50.709890" elapsed="0.491390"/>
</kw>
<kw name="Get Regexp Matches" owner="String">
<msg time="2024-05-03T11:26:51.202867" level="INFO">${otp} = ['353454', '000000', '353454', '794815', '353454', '353454', '000000', '353454', '353454', '353454', '353454', '353454', '353454', '353454', '353454', '353454', '353454']</msg>
<var>${otp}</var>
<arg>${email_body}</arg>
<arg>\\b\\d{6}\\b</arg>
<doc>Returns a list of all non-overlapping matches in the given string.</doc>
<status status="PASS" start="2024-05-03T11:26:51.201603" elapsed="0.001347"/>
</kw>
<kw name="Delete Email" owner="ImapLibrary2">
<arg>${email_index}</arg>
<doc>Delete email on given ``email_index``.</doc>
<status status="PASS" start="2024-05-03T11:26:51.203208" elapsed="0.882946"/>
</kw>
<kw name="Log" owner="BuiltIn">
<msg time="2024-05-03T11:26:52.088061" level="INFO">OTP received: ['353454', '000000', '353454', '794815', '353454', '353454', '000000', '353454', '353454', '353454', '353454', '353454', '353454', '353454', '353454', '353454', '353454']</msg>
<arg>OTP received: ${otp}</arg>
<doc>Logs the given message with the given level.</doc>
<status status="PASS" start="2024-05-03T11:26:52.086920" elapsed="0.001370"/>
</kw>
<return>
<value>${otp}[3]</value>
<status status="PASS" start="2024-05-03T11:26:52.088602" elapsed="0.000320"/>
</return>
<msg time="2024-05-03T11:26:52.089599" level="INFO">${otp} = 794815</msg>
<var>${otp}</var>
<status status="PASS" start="2024-05-03T11:26:48.187031" elapsed="3.902753"/>
</kw>
<kw name="Copy To Clipboard" owner="CustomKeywords">
<arg>${otp}</arg>
<status status="PASS" start="2024-05-03T11:26:52.090474" elapsed="0.019713"/>
</kw>
<kw name="Wait Until Element Is Enabled" owner="SeleniumLibrary">
<arg>${OTP_P_PORTAL}</arg>
<arg>${TIMEOUT}</arg>
<doc>Waits until the element ``locator`` is enabled.</doc>
<status status="PASS" start="2024-05-03T11:26:52.114504" elapsed="0.045401"/>
</kw>
<kw name="Press Keys" owner="SeleniumLibrary">
<msg time="2024-05-03T11:26:52.160772" level="INFO">Sending key(s) ('CTRL+V',) to xpath://*[@class="ng-otp-input-wrapper wrapper ng-star-inserted"] element.</msg>
<msg time="2024-05-03T11:26:52.167565" level="INFO">Pressing special key CONTROL down.</msg>
<msg time="2024-05-03T11:26:52.167713" level="INFO">Sending key V</msg>
<msg time="2024-05-03T11:26:52.167829" level="INFO">Releasing special key CONTROL.</msg>
<arg>${OTP_P_PORTAL}</arg>
<arg>CTRL+V</arg>
<doc>Simulates the user pressing key(s) to an element or on the active browser.</doc>
<status status="PASS" start="2024-05-03T11:26:52.160255" elapsed="0.321750"/>
</kw>
<kw name="Click Element" owner="SeleniumLibrary">
<msg time="2024-05-03T11:26:52.482882" level="INFO">Clicking element 'xpath://*[@class="btn-primary font-20 fw-bold b-r-50 he-68 w-100 overflow-hidden md button button-solid ion-activatable ion-focusable hydrated"]'.</msg>
<arg>${VALIDATE_OTP}</arg>
<doc>Click the element identified by ``locator``.</doc>
<status status="PASS" start="2024-05-03T11:26:52.482497" elapsed="0.041878"/>
</kw>
<kw name="Wait Until Element Is Visible" owner="SeleniumLibrary">
<kw name="Capture Page Screenshot" owner="SeleniumLibrary">
<msg time="2024-05-03T11:26:54.591017" level="FAIL">NoSuchWindowException: Message: no such window: target window already closed
from unknown error: web view not found
  (Session info: chrome=124.0.6367.118)
</msg>
<doc>Takes a screenshot of the current page and embeds it into a log file.</doc>
<status status="FAIL" start="2024-05-03T11:26:54.580073" elapsed="0.015988">NoSuchWindowException: Message: no such window: target window already closed
from unknown error: web view not found
  (Session info: chrome=124.0.6367.118)
</status>
</kw>
<msg time="2024-05-03T11:26:54.596654" level="WARN">Keyword 'Capture Page Screenshot' could not be run on failure: NoSuchWindowException: Message: no such window: target window already closed
from unknown error: web view not found
  (Session info: chrome=124.0.6367.118)
</msg>
<msg time="2024-05-03T11:26:54.598288" level="FAIL">NoSuchWindowException: Message: no such window: target window already closed
from unknown error: web view not found
  (Session info: chrome=124.0.6367.118)
</msg>
<arg>${SELECT_DEPENDENT}</arg>
<arg>15s</arg>
<doc>Waits until the element ``locator`` is visible.</doc>
<status status="FAIL" start="2024-05-03T11:26:52.524720" elapsed="2.075072">NoSuchWindowException: Message: no such window: target window already closed
from unknown error: web view not found
  (Session info: chrome=124.0.6367.118)
</status>
</kw>
<kw name="Click Element" owner="SeleniumLibrary">
<arg>${SELECT_DEPENDENT}</arg>
<doc>Click the element identified by ``locator``.</doc>
<status status="NOT RUN" start="2024-05-03T11:26:54.601321" elapsed="0.000270"/>
</kw>
<kw name="Wait Until the Update Icon Disappear" owner="lumate2Resource">
<status status="NOT RUN" start="2024-05-03T11:26:54.605005" elapsed="0.000327"/>
</kw>
<kw name="Wait Until Element Is Visible" owner="SeleniumLibrary">
<arg>${SKIP}</arg>
<arg>15s</arg>
<doc>Waits until the element ``locator`` is visible.</doc>
<status status="NOT RUN" start="2024-05-03T11:26:54.606371" elapsed="0.000226"/>
</kw>
<kw name="Click Element" owner="SeleniumLibrary">
<arg>${SKIP}</arg>
<doc>Click the element identified by ``locator``.</doc>
<status status="NOT RUN" start="2024-05-03T11:26:54.607683" elapsed="0.000231"/>
</kw>
<kw name="Wait Until the Update Icon Disappear" owner="lumate2Resource">
<status status="NOT RUN" start="2024-05-03T11:26:54.608991" elapsed="0.000253"/>
</kw>
<status status="FAIL" start="2024-05-03T11:26:48.186493" elapsed="6.423813">NoSuchWindowException: Message: no such window: target window already closed
from unknown error: web view not found
  (Session info: chrome=124.0.6367.118)
</status>
</kw>
<kw name="Wait Until Element Is Visible" owner="SeleniumLibrary">
<arg>${HOMEPAGE_P_PORTAL}</arg>
<arg>${TIMEOUT}</arg>
<doc>Waits until the element ``locator`` is visible.</doc>
<status status="NOT RUN" start="2024-05-03T11:26:54.611760" elapsed="0.000229"/>
</kw>
<tag>TC-PATIENT-001</tag>
<tag>test:retry(2)</tag>
<status status="FAIL" start="2024-05-03T11:26:42.660788" elapsed="11.952740">NoSuchWindowException: Message: no such window: target window already closed
from unknown error: web view not found
  (Session info: chrome=124.0.6367.118)
</status>
</test>
<test id="s1-t2" name="Add consent forms" line="20">
<kw name="Wait Until Element Is Visible" owner="SeleniumLibrary">
<kw name="Capture Page Screenshot" owner="SeleniumLibrary">
<msg time="2024-05-03T11:26:54.644373" level="FAIL">NoSuchWindowException: Message: no such window: target window already closed
from unknown error: web view not found
  (Session info: chrome=124.0.6367.118)
</msg>
<doc>Takes a screenshot of the current page and embeds it into a log file.</doc>
<status status="FAIL" start="2024-05-03T11:26:54.630117" elapsed="0.015992">NoSuchWindowException: Message: no such window: target window already closed
from unknown error: web view not found
  (Session info: chrome=124.0.6367.118)
</status>
</kw>
<msg time="2024-05-03T11:26:54.646681" level="WARN">Keyword 'Capture Page Screenshot' could not be run on failure: NoSuchWindowException: Message: no such window: target window already closed
from unknown error: web view not found
  (Session info: chrome=124.0.6367.118)
</msg>
<msg time="2024-05-03T11:26:54.647868" level="FAIL">NoSuchWindowException: Message: no such window: target window already closed
from unknown error: web view not found
  (Session info: chrome=124.0.6367.118)
</msg>
<arg>${VIEW_CONSENT}</arg>
<arg>${TIMEOUT}</arg>
<doc>Waits until the element ``locator`` is visible.</doc>
<status status="FAIL" start="2024-05-03T11:26:54.619593" elapsed="0.029209">NoSuchWindowException: Message: no such window: target window already closed
from unknown error: web view not found
  (Session info: chrome=124.0.6367.118)
</status>
</kw>
<kw name="Wait Until the Update Icon Disappear" owner="lumate2Resource">
<status status="NOT RUN" start="2024-05-03T11:26:54.651797" elapsed="0.000261"/>
</kw>
<kw name="Click Element" owner="SeleniumLibrary">
<arg>${VIEW_CONSENT}</arg>
<doc>Click the element identified by ``locator``.</doc>
<status status="NOT RUN" start="2024-05-03T11:26:54.653476" elapsed="0.000233"/>
</kw>
<kw name="Wait Until the Update Icon Disappear" owner="lumate2Resource">
<status status="NOT RUN" start="2024-05-03T11:26:54.654882" elapsed="0.000235"/>
</kw>
<kw name="Element Should Be Visible" owner="SeleniumLibrary">
<arg>${CONSENTS}</arg>
<doc>Verifies that the element identified by ``locator`` is visible.</doc>
<status status="NOT RUN" start="2024-05-03T11:26:54.656124" elapsed="0.000202"/>
</kw>
<tag>TC-PATIENT-002</tag>
<status status="FAIL" start="2024-05-03T11:26:54.616124" elapsed="0.041112">NoSuchWindowException: Message: no such window: target window already closed
from unknown error: web view not found
  (Session info: chrome=124.0.6367.118)
</status>
</test>
<test id="s1-t3" name="Bill payment" line="28">
<kw name="Wait Until the Update Icon Disappear" owner="lumate2Resource">
<kw name="Wait Until Element Is Not Visible" owner="SeleniumLibrary">
<kw name="Capture Page Screenshot" owner="SeleniumLibrary">
<msg time="2024-05-03T11:26:54.670241" level="FAIL">NoSuchWindowException: Message: no such window: target window already closed
from unknown error: web view not found
  (Session info: chrome=124.0.6367.118)
</msg>
<doc>Takes a screenshot of the current page and embeds it into a log file.</doc>
<status status="FAIL" start="2024-05-03T11:26:54.666681" elapsed="0.004124">NoSuchWindowException: Message: no such window: target window already closed
from unknown error: web view not found
  (Session info: chrome=124.0.6367.118)
</status>
</kw>
<msg time="2024-05-03T11:26:54.671060" level="WARN">Keyword 'Capture Page Screenshot' could not be run on failure: NoSuchWindowException: Message: no such window: target window already closed
from unknown error: web view not found
  (Session info: chrome=124.0.6367.118)
</msg>
<msg time="2024-05-03T11:26:54.671550" level="FAIL">NoSuchWindowException: Message: no such window: target window already closed
from unknown error: web view not found
  (Session info: chrome=124.0.6367.118)
</msg>
<arg>${UpdateIcon}</arg>
<arg>${TIMEOUT}</arg>
<doc>Waits until the element ``locator`` is not visible.</doc>
<status status="FAIL" start="2024-05-03T11:26:54.661145" elapsed="0.011020">NoSuchWindowException: Message: no such window: target window already closed
from unknown error: web view not found
  (Session info: chrome=124.0.6367.118)
</status>
</kw>
<status status="FAIL" start="2024-05-03T11:26:54.659770" elapsed="0.012852">NoSuchWindowException: Message: no such window: target window already closed
from unknown error: web view not found
  (Session info: chrome=124.0.6367.118)
</status>
</kw>
<kw name="Wait Until the Update Icon Disappear" owner="lumate2Resource">
<status status="NOT RUN" start="2024-05-03T11:26:54.673393" elapsed="0.000274"/>
</kw>
<kw name="Click Element" owner="SeleniumLibrary">
<arg>${HOME_SECTION}</arg>
<doc>Click the element identified by ``locator``.</doc>
<status status="NOT RUN" start="2024-05-03T11:26:54.674387" elapsed="0.000135"/>
</kw>
<kw name="Payment Of Clinician1" owner="lumate2Resource">
<status status="NOT RUN" start="2024-05-03T11:26:54.675329" elapsed="0.000130"/>
</kw>
<tag>TC-PATIENT-003</tag>
<status status="FAIL" start="2024-05-03T11:26:54.658203" elapsed="0.018188">NoSuchWindowException: Message: no such window: target window already closed
from unknown error: web view not found
  (Session info: chrome=124.0.6367.118)
</status>
</test>
<status status="FAIL" start="2024-05-03T11:26:42.535750" elapsed="12.141940"/>
</suite>
<statistics>
<total>
<stat pass="0" fail="3" skip="0">All Tests</stat>
</total>
<tag>
<stat pass="0" fail="1" skip="0">TC-PATIENT-001</stat>
<stat pass="0" fail="1" skip="0">TC-PATIENT-002</stat>
<stat pass="0" fail="1" skip="0">TC-PATIENT-003</stat>
<stat pass="0" fail="1" skip="0">test:retry(2)</stat>
</tag>
<suite>
<stat pass="0" fail="3" skip="0" id="s1" name="lumate2Test">lumate2Test</stat>
</suite>
</statistics>
<errors>
<msg time="2024-05-03T11:26:54.596654" level="WARN">Keyword 'Capture Page Screenshot' could not be run on failure: NoSuchWindowException: Message: no such window: target window already closed
from unknown error: web view not found
  (Session info: chrome=124.0.6367.118)
</msg>
<msg time="2024-05-03T11:26:54.646681" level="WARN">Keyword 'Capture Page Screenshot' could not be run on failure: NoSuchWindowException: Message: no such window: target window already closed
from unknown error: web view not found
  (Session info: chrome=124.0.6367.118)
</msg>
<msg time="2024-05-03T11:26:54.671060" level="WARN">Keyword 'Capture Page Screenshot' could not be run on failure: NoSuchWindowException: Message: no such window: target window already closed
from unknown error: web view not found
  (Session info: chrome=124.0.6367.118)
</msg>
</errors>
</robot>
