<?xml version="1.0" encoding="UTF-8"?>
<robot generator="Robot 7.0 (Python 3.8.10 on linux)" generated="2024-05-03T13:33:15.082068" rpa="false" schemaversion="5">
<suite id="s1" name="lumatTest" source="/home/ridham/PycharmProjects/LUMATE-AUTOMATION_POC/TestCases/lumatTest.robot">
<test id="s1-t1" name="Verify that the user is able to Log in to the Portal with correct credentials" line="15">
<kw name="Open PMS url on browser" owner="lumate1Resource">
<kw name="Open Browser" owner="SeleniumLibrary">
<msg time="2024-05-03T13:33:15.416506" level="INFO">Opening browser 'chrome' to base url 'https://qa-pms.lumatehealth.com/'.</msg>
<arg>url=${PMS_URL}</arg>
<arg>browser=${Browser}</arg>
<doc>Opens a new browser instance to the optional ``url``.</doc>
<status status="PASS" start="2024-05-03T13:33:15.416160" elapsed="14.908290"/>
</kw>
<kw name="Maximize Browser Window" owner="SeleniumLibrary">
<doc>Maximizes current browser window.</doc>
<status status="PASS" start="2024-05-03T13:33:30.325880" elapsed="0.335901"/>
</kw>
<kw name="Wait Until Element Is Visible" owner="SeleniumLibrary">
<arg>${LOGIN_PAGE_PMS}</arg>
<arg>15s</arg>
<doc>Waits until the element ``locator`` is visible.</doc>
<status status="PASS" start="2024-05-03T13:33:30.662979" elapsed="5.344434"/>
</kw>
<status status="PASS" start="2024-05-03T13:33:15.415139" elapsed="20.592585"/>
</kw>
<kw name="Fill the credentials and login">
<msg time="2024-05-03T13:33:36.008421" level="FAIL">Multiple keywords with name 'Fill the credentials and login' found. Give the full name of the keyword you want to use:
    lumate1Resource.Fill the credentials and login
    lumate2Resource.Fill the credentials and login</msg>
<status status="FAIL" start="2024-05-03T13:33:36.008323" elapsed="0.000197">Multiple keywords with name 'Fill the credentials and login' found. Give the full name of the keyword you want to use:
    lumate1Resource.Fill the credentials and login
    lumate2Resource.Fill the credentials and login</status>
</kw>
<kw name="Close Browser" owner="SeleniumLibrary" type="TEARDOWN">
<doc>Closes the current browser.</doc>
<status status="PASS" start="2024-05-03T13:33:36.009082" elapsed="0.335724"/>
</kw>
<tag>TC-PMS-001</tag>
<status status="FAIL" start="2024-05-03T13:33:15.414310" elapsed="20.931307">Multiple keywords with name 'Fill the credentials and login' found. Give the full name of the keyword you want to use:
    lumate1Resource.Fill the credentials and login
    lumate2Resource.Fill the credentials and login</status>
</test>
<test id="s1-t2" name="Verify that the user gets redirected to enter OTP page when entered the correct credentials." line="21">
<kw name="Open PMS url on browser" owner="lumate1Resource">
<kw name="Open Browser" owner="SeleniumLibrary">
<msg time="2024-05-03T13:33:36.354245" level="INFO">Opening browser 'chrome' to base url 'https://qa-pms.lumatehealth.com/'.</msg>
<arg>url=${PMS_URL}</arg>
<arg>browser=${Browser}</arg>
<doc>Opens a new browser instance to the optional ``url``.</doc>
<status status="PASS" start="2024-05-03T13:33:36.353129" elapsed="5.955438"/>
</kw>
<kw name="Maximize Browser Window" owner="SeleniumLibrary">
<doc>Maximizes current browser window.</doc>
<status status="PASS" start="2024-05-03T13:33:42.309528" elapsed="0.005994"/>
</kw>
<kw name="Wait Until Element Is Visible" owner="SeleniumLibrary">
<arg>${LOGIN_PAGE_PMS}</arg>
<arg>15s</arg>
<doc>Waits until the element ``locator`` is visible.</doc>
<status status="PASS" start="2024-05-03T13:33:42.315955" elapsed="6.792179"/>
</kw>
<status status="PASS" start="2024-05-03T13:33:36.351731" elapsed="12.756621"/>
</kw>
<kw name="Fill the credentials and login">
<msg time="2024-05-03T13:33:49.108884" level="FAIL">Multiple keywords with name 'Fill the credentials and login' found. Give the full name of the keyword you want to use:
    lumate1Resource.Fill the credentials and login
    lumate2Resource.Fill the credentials and login</msg>
<status status="FAIL" start="2024-05-03T13:33:49.108789" elapsed="0.000198">Multiple keywords with name 'Fill the credentials and login' found. Give the full name of the keyword you want to use:
    lumate1Resource.Fill the credentials and login
    lumate2Resource.Fill the credentials and login</status>
</kw>
<kw name="Wait Until Element Contains" owner="SeleniumLibrary">
<arg>${OTP_PAGE}</arg>
<arg>Almost There</arg>
<arg>${TIMEOUT}</arg>
<doc>Waits until the element ``locator`` contains ``text``.</doc>
<status status="NOT RUN" start="2024-05-03T13:33:49.109389" elapsed="0.000102"/>
</kw>
<tag>TC-PMS-005</tag>
<status status="FAIL" start="2024-05-03T13:33:36.347556" elapsed="12.762357">Multiple keywords with name 'Fill the credentials and login' found. Give the full name of the keyword you want to use:
    lumate1Resource.Fill the credentials and login
    lumate2Resource.Fill the credentials and login</status>
</test>
<test id="s1-t3" name="Verify the clinician Home Page" line="28">
<kw name="Enter OTP and Submit it">
<msg time="2024-05-03T13:33:49.111602" level="FAIL">Multiple keywords with name 'Enter OTP and Submit it' found. Give the full name of the keyword you want to use:
    lumate1Resource.Enter OTP and Submit it
    lumate2Resource.Enter OTP and Submit it</msg>
<status status="FAIL" start="2024-05-03T13:33:49.111510" elapsed="0.000190">Multiple keywords with name 'Enter OTP and Submit it' found. Give the full name of the keyword you want to use:
    lumate1Resource.Enter OTP and Submit it
    lumate2Resource.Enter OTP and Submit it</status>
</kw>
<kw name="Wait Until Element Is Visible" owner="SeleniumLibrary">
<arg>${TO-DO_HOME}</arg>
<arg>${TIMEOUT}</arg>
<doc>Waits until the element ``locator`` is visible.</doc>
<status status="NOT RUN" start="2024-05-03T13:33:49.112053" elapsed="0.000055"/>
</kw>
<kw name="Element Should Contain" owner="SeleniumLibrary">
<arg>${TO-DO_HOME}</arg>
<arg>TO DO's</arg>
<doc>Verifies that element ``locator`` contains text ``expected``.</doc>
<status status="NOT RUN" start="2024-05-03T13:33:49.112392" elapsed="0.000045"/>
</kw>
<kw name="Element Should Contain" owner="SeleniumLibrary">
<arg>${APPOINTMENT_HOME}</arg>
<arg>Appointments</arg>
<doc>Verifies that element ``locator`` contains text ``expected``.</doc>
<status status="NOT RUN" start="2024-05-03T13:33:49.112687" elapsed="0.000043"/>
</kw>
<tag>TC-APP-001</tag>
<status status="FAIL" start="2024-05-03T13:33:49.110377" elapsed="0.002626">Multiple keywords with name 'Enter OTP and Submit it' found. Give the full name of the keyword you want to use:
    lumate1Resource.Enter OTP and Submit it
    lumate2Resource.Enter OTP and Submit it</status>
</test>
<test id="s1-t4" name="Verify the Calender &amp; appointments screen" line="35">
<kw name="Wait Until The Update Icon Disappear">
<msg time="2024-05-03T13:33:49.113846" level="FAIL">Multiple keywords with name 'Wait Until The Update Icon Disappear' found. Give the full name of the keyword you want to use:
    lumate1Resource.Wait Until the Update Icon Disappear
    lumate2Resource.Wait Until the Update Icon Disappear</msg>
<status status="FAIL" start="2024-05-03T13:33:49.113789" elapsed="0.000125">Multiple keywords with name 'Wait Until The Update Icon Disappear' found. Give the full name of the keyword you want to use:
    lumate1Resource.Wait Until the Update Icon Disappear
    lumate2Resource.Wait Until the Update Icon Disappear</status>
</kw>
<kw name="Click Element" owner="SeleniumLibrary">
<arg>${APPOINTMENT_SEC}</arg>
<doc>Click the element identified by ``locator``.</doc>
<status status="NOT RUN" start="2024-05-03T13:33:49.114206" elapsed="0.000046"/>
</kw>
<kw name="Wait Until The Update Icon Disappear">
<status status="NOT RUN" start="2024-05-03T13:33:49.114494" elapsed="0.000040"/>
</kw>
<kw name="verify elements of TC-APP-002 visible or not" owner="lumate1Resource">
<status status="NOT RUN" start="2024-05-03T13:33:49.114832" elapsed="0.000039"/>
</kw>
<kw name="Wait Until The Update Icon Disappear">
<status status="NOT RUN" start="2024-05-03T13:33:49.115057" elapsed="0.000032"/>
</kw>
<tag>TC-APP-002</tag>
<status status="FAIL" start="2024-05-03T13:33:49.113330" elapsed="0.001983">Multiple keywords with name 'Wait Until The Update Icon Disappear' found. Give the full name of the keyword you want to use:
    lumate1Resource.Wait Until the Update Icon Disappear
    lumate2Resource.Wait Until the Update Icon Disappear</status>
</test>
<test id="s1-t5" name="Verify the create an appointment button" line="43">
<kw name="Click Element" owner="SeleniumLibrary" type="SETUP">
<msg time="2024-05-03T13:33:49.116567" level="INFO">Clicking element 'xpath://*[@class="menu overflow-hidden"]/ul/div[1]/li[3]'.</msg>
<kw name="Capture Page Screenshot" owner="SeleniumLibrary">
<msg time="2024-05-03T13:33:49.598750" level="INFO" html="true">&lt;/td&gt;&lt;/tr&gt;&lt;tr&gt;&lt;td colspan="3"&gt;&lt;a href="selenium-screenshot-113.png"&gt;&lt;img src="selenium-screenshot-113.png" width="800px"&gt;&lt;/a&gt;</msg>
<doc>Takes a screenshot of the current page and embeds it into a log file.</doc>
<status status="PASS" start="2024-05-03T13:33:49.130966" elapsed="0.468259"/>
</kw>
<msg time="2024-05-03T13:33:49.600203" level="FAIL">Element with locator 'xpath://*[@class="menu overflow-hidden"]/ul/div[1]/li[3]' not found.</msg>
<arg>${HOME_SEC}</arg>
<doc>Click the element identified by ``locator``.</doc>
<status status="FAIL" start="2024-05-03T13:33:49.116294" elapsed="0.611568">Element with locator 'xpath://*[@class="menu overflow-hidden"]/ul/div[1]/li[3]' not found.</status>
</kw>
<tag>TC-APP-003</tag>
<status status="FAIL" start="2024-05-03T13:33:49.115733" elapsed="0.613429">Setup failed:
Element with locator 'xpath://*[@class="menu overflow-hidden"]/ul/div[1]/li[3]' not found.</status>
</test>
<test id="s1-t6" name="Verify View Patient" line="48">
<kw name="Click Element" owner="SeleniumLibrary" type="SETUP">
<msg time="2024-05-03T13:33:49.734320" level="INFO">Clicking element 'xpath://*[@class="menu overflow-hidden"]/ul/div[1]/li[3]'.</msg>
<kw name="Capture Page Screenshot" owner="SeleniumLibrary">
<msg time="2024-05-03T13:33:49.930727" level="INFO" html="true">&lt;/td&gt;&lt;/tr&gt;&lt;tr&gt;&lt;td colspan="3"&gt;&lt;a href="selenium-screenshot-114.png"&gt;&lt;img src="selenium-screenshot-114.png" width="800px"&gt;&lt;/a&gt;</msg>
<doc>Takes a screenshot of the current page and embeds it into a log file.</doc>
<status status="PASS" start="2024-05-03T13:33:49.767917" elapsed="0.162944"/>
</kw>
<msg time="2024-05-03T13:33:49.931072" level="FAIL">Element with locator 'xpath://*[@class="menu overflow-hidden"]/ul/div[1]/li[3]' not found.</msg>
<arg>${HOME_SEC}</arg>
<doc>Click the element identified by ``locator``.</doc>
<status status="FAIL" start="2024-05-03T13:33:49.733264" elapsed="0.198086">Element with locator 'xpath://*[@class="menu overflow-hidden"]/ul/div[1]/li[3]' not found.</status>
</kw>
<tag>TC-PCV-001</tag>
<status status="FAIL" start="2024-05-03T13:33:49.730908" elapsed="0.201020">Setup failed:
Element with locator 'xpath://*[@class="menu overflow-hidden"]/ul/div[1]/li[3]' not found.</status>
</test>
<test id="s1-t7" name="Verify Edit Patient" line="54">
<kw name="Click Element" owner="SeleniumLibrary" type="SETUP">
<msg time="2024-05-03T13:33:49.935025" level="INFO">Clicking element 'xpath://*[@class="menu overflow-hidden"]/ul/div[1]/li[3]'.</msg>
<kw name="Capture Page Screenshot" owner="SeleniumLibrary">
<msg time="2024-05-03T13:33:50.024875" level="INFO" html="true">&lt;/td&gt;&lt;/tr&gt;&lt;tr&gt;&lt;td colspan="3"&gt;&lt;a href="selenium-screenshot-115.png"&gt;&lt;img src="selenium-screenshot-115.png" width="800px"&gt;&lt;/a&gt;</msg>
<doc>Takes a screenshot of the current page and embeds it into a log file.</doc>
<status status="PASS" start="2024-05-03T13:33:49.947944" elapsed="0.077061"/>
</kw>
<msg time="2024-05-03T13:33:50.025195" level="FAIL">Element with locator 'xpath://*[@class="menu overflow-hidden"]/ul/div[1]/li[3]' not found.</msg>
<arg>${HOME_SEC}</arg>
<doc>Click the element identified by ``locator``.</doc>
<status status="FAIL" start="2024-05-03T13:33:49.934106" elapsed="0.091267">Element with locator 'xpath://*[@class="menu overflow-hidden"]/ul/div[1]/li[3]' not found.</status>
</kw>
<tag>TC-PCV-002</tag>
<status status="FAIL" start="2024-05-03T13:33:49.933096" elapsed="0.092548">Setup failed:
Element with locator 'xpath://*[@class="menu overflow-hidden"]/ul/div[1]/li[3]' not found.</status>
</test>
<test id="s1-t8" name="Verify the Basic details screen given under the Demographic section" line="62">
<kw name="Click Element" owner="SeleniumLibrary" type="SETUP">
<msg time="2024-05-03T13:33:50.026665" level="INFO">Clicking element 'xpath://*[@class="menu overflow-hidden"]/ul/div[1]/li[3]'.</msg>
<kw name="Capture Page Screenshot" owner="SeleniumLibrary">
<msg time="2024-05-03T13:33:50.108158" level="INFO" html="true">&lt;/td&gt;&lt;/tr&gt;&lt;tr&gt;&lt;td colspan="3"&gt;&lt;a href="selenium-screenshot-116.png"&gt;&lt;img src="selenium-screenshot-116.png" width="800px"&gt;&lt;/a&gt;</msg>
<doc>Takes a screenshot of the current page and embeds it into a log file.</doc>
<status status="PASS" start="2024-05-03T13:33:50.035023" elapsed="0.073245"/>
</kw>
<msg time="2024-05-03T13:33:50.108404" level="FAIL">Element with locator 'xpath://*[@class="menu overflow-hidden"]/ul/div[1]/li[3]' not found.</msg>
<arg>${HOME_SEC}</arg>
<doc>Click the element identified by ``locator``.</doc>
<status status="FAIL" start="2024-05-03T13:33:50.026397" elapsed="0.082139">Element with locator 'xpath://*[@class="menu overflow-hidden"]/ul/div[1]/li[3]' not found.</status>
</kw>
<tag>TC-PCV-003</tag>
<status status="FAIL" start="2024-05-03T13:33:50.025927" elapsed="0.082908">Setup failed:
Element with locator 'xpath://*[@class="menu overflow-hidden"]/ul/div[1]/li[3]' not found.</status>
</test>
<test id="s1-t9" name="Verify billing tab" line="71">
<kw name="Click Element" owner="SeleniumLibrary" type="SETUP">
<msg time="2024-05-03T13:33:50.109840" level="INFO">Clicking element 'xpath://*[@class="menu overflow-hidden"]/ul/div[1]/li[3]'.</msg>
<kw name="Capture Page Screenshot" owner="SeleniumLibrary">
<msg time="2024-05-03T13:33:50.191470" level="INFO" html="true">&lt;/td&gt;&lt;/tr&gt;&lt;tr&gt;&lt;td colspan="3"&gt;&lt;a href="selenium-screenshot-117.png"&gt;&lt;img src="selenium-screenshot-117.png" width="800px"&gt;&lt;/a&gt;</msg>
<doc>Takes a screenshot of the current page and embeds it into a log file.</doc>
<status status="PASS" start="2024-05-03T13:33:50.120401" elapsed="0.071224"/>
</kw>
<msg time="2024-05-03T13:33:50.191813" level="FAIL">Element with locator 'xpath://*[@class="menu overflow-hidden"]/ul/div[1]/li[3]' not found.</msg>
<arg>${HOME_SEC}</arg>
<doc>Click the element identified by ``locator``.</doc>
<status status="FAIL" start="2024-05-03T13:33:50.109629" elapsed="0.082347">Element with locator 'xpath://*[@class="menu overflow-hidden"]/ul/div[1]/li[3]' not found.</status>
</kw>
<tag>TC-PCV-004</tag>
<status status="FAIL" start="2024-05-03T13:33:50.109230" elapsed="0.083029">Setup failed:
Element with locator 'xpath://*[@class="menu overflow-hidden"]/ul/div[1]/li[3]' not found.</status>
</test>
<test id="s1-t10" name="Change billing status" line="83">
<kw name="Wait Until The Update Icon Disappear">
<msg time="2024-05-03T13:33:50.193474" level="FAIL">Multiple keywords with name 'Wait Until The Update Icon Disappear' found. Give the full name of the keyword you want to use:
    lumate1Resource.Wait Until the Update Icon Disappear
    lumate2Resource.Wait Until the Update Icon Disappear</msg>
<status status="FAIL" start="2024-05-03T13:33:50.193396" elapsed="0.000155">Multiple keywords with name 'Wait Until The Update Icon Disappear' found. Give the full name of the keyword you want to use:
    lumate1Resource.Wait Until the Update Icon Disappear
    lumate2Resource.Wait Until the Update Icon Disappear</status>
</kw>
<kw name="Changing status of billing to ready to bill" owner="lumate1Resource">
<status status="NOT RUN" start="2024-05-03T13:33:50.194043" elapsed="0.000071"/>
</kw>
<tag>TC-PCV-005</tag>
<status status="FAIL" start="2024-05-03T13:33:50.192762" elapsed="0.001640">Multiple keywords with name 'Wait Until The Update Icon Disappear' found. Give the full name of the keyword you want to use:
    lumate1Resource.Wait Until the Update Icon Disappear
    lumate2Resource.Wait Until the Update Icon Disappear</status>
</test>
<test id="s1-t11" name="Verify patient signup" line="96">
<kw name="Open PMS url on browser" owner="lumate1Resource">
<kw name="Open Browser" owner="SeleniumLibrary">
<msg time="2024-05-03T13:33:50.196323" level="INFO">Opening browser 'chrome' to base url 'https://qa-pms.lumatehealth.com/'.</msg>
<arg>url=${PMS_URL}</arg>
<arg>browser=${Browser}</arg>
<doc>Opens a new browser instance to the optional ``url``.</doc>
<status status="PASS" start="2024-05-03T13:33:50.196016" elapsed="7.660224"/>
</kw>
<kw name="Maximize Browser Window" owner="SeleniumLibrary">
<doc>Maximizes current browser window.</doc>
<status status="PASS" start="2024-05-03T13:33:57.857065" elapsed="0.008969"/>
</kw>
<kw name="Wait Until Element Is Visible" owner="SeleniumLibrary">
<kw name="Capture Page Screenshot" owner="SeleniumLibrary">
<msg time="2024-05-03T13:34:00.202775" level="FAIL">NoSuchWindowException: Message: no such window: target window already closed
from unknown error: web view not found
  (Session info: chrome=124.0.6367.118)
</msg>
<doc>Takes a screenshot of the current page and embeds it into a log file.</doc>
<status status="FAIL" start="2024-05-03T13:34:00.200059" elapsed="0.276207">NoSuchWindowException: Message: no such window: target window already closed
from unknown error: web view not found
  (Session info: chrome=124.0.6367.118)
</status>
</kw>
<msg time="2024-05-03T13:34:00.476870" level="WARN">Keyword 'Capture Page Screenshot' could not be run on failure: NoSuchWindowException: Message: no such window: target window already closed
from unknown error: web view not found
  (Session info: chrome=124.0.6367.118)
</msg>
<msg time="2024-05-03T13:34:00.478504" level="FAIL">NoSuchWindowException: Message: no such window: target window already closed
from unknown error: web view not found
  (Session info: chrome=124.0.6367.118)
</msg>
<arg>${LOGIN_PAGE_PMS}</arg>
<arg>15s</arg>
<doc>Waits until the element ``locator`` is visible.</doc>
<status status="FAIL" start="2024-05-03T13:33:57.866460" elapsed="2.613092">NoSuchWindowException: Message: no such window: target window already closed
from unknown error: web view not found
  (Session info: chrome=124.0.6367.118)
</status>
</kw>
<status status="FAIL" start="2024-05-03T13:33:50.195521" elapsed="10.285041">NoSuchWindowException: Message: no such window: target window already closed
from unknown error: web view not found
  (Session info: chrome=124.0.6367.118)
</status>
</kw>
<kw name="Fill the credentials and login">
<status status="NOT RUN" start="2024-05-03T13:34:00.482023" elapsed="0.000256"/>
</kw>
<kw name="Enter OTP and Submit it">
<status status="NOT RUN" start="2024-05-03T13:34:00.483570" elapsed="0.000295"/>
</kw>
<kw name="Wait Until Element Is Visible" owner="SeleniumLibrary">
<arg>${HOMEPAGE_P_PORTAL}</arg>
<arg>${TIMEOUT}</arg>
<doc>Waits until the element ``locator`` is visible.</doc>
<status status="NOT RUN" start="2024-05-03T13:34:00.485178" elapsed="0.000306"/>
</kw>
<tag>TC-PATIENT-001</tag>
<tag>test:retry(2)</tag>
<status status="FAIL" start="2024-05-03T13:33:50.194840" elapsed="10.292891">NoSuchWindowException: Message: no such window: target window already closed
from unknown error: web view not found
  (Session info: chrome=124.0.6367.118)
</status>
</test>
<test id="s1-t12" name="Add consent forms" line="103">
<kw name="Wait Until Element Is Visible" owner="SeleniumLibrary">
<kw name="Capture Page Screenshot" owner="SeleniumLibrary">
<msg time="2024-05-03T13:34:00.525458" level="FAIL">NoSuchWindowException: Message: no such window: target window already closed
from unknown error: web view not found
  (Session info: chrome=124.0.6367.118)
</msg>
<doc>Takes a screenshot of the current page and embeds it into a log file.</doc>
<status status="FAIL" start="2024-05-03T13:34:00.505753" elapsed="0.021604">NoSuchWindowException: Message: no such window: target window already closed
from unknown error: web view not found
  (Session info: chrome=124.0.6367.118)
</status>
</kw>
<msg time="2024-05-03T13:34:00.527937" level="WARN">Keyword 'Capture Page Screenshot' could not be run on failure: NoSuchWindowException: Message: no such window: target window already closed
from unknown error: web view not found
  (Session info: chrome=124.0.6367.118)
</msg>
<msg time="2024-05-03T13:34:00.529069" level="FAIL">NoSuchWindowException: Message: no such window: target window already closed
from unknown error: web view not found
  (Session info: chrome=124.0.6367.118)
</msg>
<arg>${VIEW_CONSENT}</arg>
<arg>${TIMEOUT}</arg>
<doc>Waits until the element ``locator`` is visible.</doc>
<status status="FAIL" start="2024-05-03T13:34:00.494254" elapsed="0.035987">NoSuchWindowException: Message: no such window: target window already closed
from unknown error: web view not found
  (Session info: chrome=124.0.6367.118)
</status>
</kw>
<kw name="Wait Until The Update Icon Disappear">
<status status="NOT RUN" start="2024-05-03T13:34:00.531812" elapsed="0.001305"/>
</kw>
<kw name="Click Element" owner="SeleniumLibrary">
<arg>${VIEW_CONSENT}</arg>
<doc>Click the element identified by ``locator``.</doc>
<status status="NOT RUN" start="2024-05-03T13:34:00.534593" elapsed="0.000271"/>
</kw>
<kw name="Wait Until the Update Icon Disappear">
<status status="NOT RUN" start="2024-05-03T13:34:00.536171" elapsed="0.000275"/>
</kw>
<kw name="Element Should Be Visible" owner="SeleniumLibrary">
<arg>${CONSENTS}</arg>
<doc>Verifies that the element identified by ``locator`` is visible.</doc>
<status status="NOT RUN" start="2024-05-03T13:34:00.537747" elapsed="0.000258"/>
</kw>
<tag>TC-PATIENT-002</tag>
<status status="FAIL" start="2024-05-03T13:34:00.490270" elapsed="0.048999">NoSuchWindowException: Message: no such window: target window already closed
from unknown error: web view not found
  (Session info: chrome=124.0.6367.118)
</status>
</test>
<test id="s1-t13" name="Bill payment" line="111">
<kw name="Wait Until the Update Icon Disappear">
<msg time="2024-05-03T13:34:00.544760" level="FAIL">Multiple keywords with name 'Wait Until the Update Icon Disappear' found. Give the full name of the keyword you want to use:
    lumate1Resource.Wait Until the Update Icon Disappear
    lumate2Resource.Wait Until the Update Icon Disappear</msg>
<status status="FAIL" start="2024-05-03T13:34:00.544453" elapsed="0.000624">Multiple keywords with name 'Wait Until the Update Icon Disappear' found. Give the full name of the keyword you want to use:
    lumate1Resource.Wait Until the Update Icon Disappear
    lumate2Resource.Wait Until the Update Icon Disappear</status>
</kw>
<kw name="Wait Until the Update Icon Disappear">
<status status="NOT RUN" start="2024-05-03T13:34:00.546796" elapsed="0.000302"/>
</kw>
<kw name="Click Element" owner="SeleniumLibrary">
<arg>${HOME_SECTION}</arg>
<doc>Click the element identified by ``locator``.</doc>
<status status="NOT RUN" start="2024-05-03T13:34:00.548792" elapsed="0.000322"/>
</kw>
<kw name="Payment Of Clinician1" owner="lumate2Resource">
<status status="NOT RUN" start="2024-05-03T13:34:00.551520" elapsed="0.000373"/>
</kw>
<tag>TC-PATIENT-003</tag>
<status status="FAIL" start="2024-05-03T13:34:00.541497" elapsed="0.011635">Multiple keywords with name 'Wait Until the Update Icon Disappear' found. Give the full name of the keyword you want to use:
    lumate1Resource.Wait Until the Update Icon Disappear
    lumate2Resource.Wait Until the Update Icon Disappear</status>
</test>
<status status="FAIL" start="2024-05-03T13:33:15.083794" elapsed="45.472268"/>
</suite>
<statistics>
<total>
<stat pass="0" fail="13" skip="0">All Tests</stat>
</total>
<tag>
<stat pass="0" fail="1" skip="0">TC-APP-001</stat>
<stat pass="0" fail="1" skip="0">TC-APP-002</stat>
<stat pass="0" fail="1" skip="0">TC-APP-003</stat>
<stat pass="0" fail="1" skip="0">TC-PATIENT-001</stat>
<stat pass="0" fail="1" skip="0">TC-PATIENT-002</stat>
<stat pass="0" fail="1" skip="0">TC-PATIENT-003</stat>
<stat pass="0" fail="1" skip="0">TC-PCV-001</stat>
<stat pass="0" fail="1" skip="0">TC-PCV-002</stat>
<stat pass="0" fail="1" skip="0">TC-PCV-003</stat>
<stat pass="0" fail="1" skip="0">TC-PCV-004</stat>
<stat pass="0" fail="1" skip="0">TC-PCV-005</stat>
<stat pass="0" fail="1" skip="0">TC-PMS-001</stat>
<stat pass="0" fail="1" skip="0">TC-PMS-005</stat>
<stat pass="0" fail="1" skip="0">test:retry(2)</stat>
</tag>
<suite>
<stat pass="0" fail="13" skip="0" id="s1" name="lumatTest">lumatTest</stat>
</suite>
</statistics>
<errors>
<msg time="2024-05-03T13:34:00.476870" level="WARN">Keyword 'Capture Page Screenshot' could not be run on failure: NoSuchWindowException: Message: no such window: target window already closed
from unknown error: web view not found
  (Session info: chrome=124.0.6367.118)
</msg>
<msg time="2024-05-03T13:34:00.527937" level="WARN">Keyword 'Capture Page Screenshot' could not be run on failure: NoSuchWindowException: Message: no such window: target window already closed
from unknown error: web view not found
  (Session info: chrome=124.0.6367.118)
</msg>
</errors>
</robot>
