<?xml version="1.0" encoding="UTF-8"?>
<robot generator="Robot 7.0 (Python 3.8.10 on linux)" generated="2024-05-03T11:13:41.025085" rpa="false" schemaversion="5">
<suite id="s1" name="lumate1Test" source="/home/ridham/PycharmProjects/LUMATE-AUTOMATION_POC/TestCases/lumate1Test.robot">
<test id="s1-t1" name="Verify that the user is able to Log in to the Portal with correct credentials" line="13">
<kw name="Open PMS url on browser" owner="lumate1Resource">
<kw name="Open Browser" owner="SeleniumLibrary">
<msg time="2024-05-03T11:13:41.152408" level="INFO">Opening browser 'chrome' to base url 'https://qa-pms.lumatehealth.com/'.</msg>
<arg>url=${PMS_URL}</arg>
<arg>browser=${Browser}</arg>
<doc>Opens a new browser instance to the optional ``url``.</doc>
<status status="PASS" start="2024-05-03T11:13:41.152056" elapsed="7.081666"/>
</kw>
<kw name="Maximize Browser Window" owner="SeleniumLibrary">
<doc>Maximizes current browser window.</doc>
<status status="PASS" start="2024-05-03T11:13:48.234951" elapsed="0.004680"/>
</kw>
<kw name="Wait Until Element Is Visible" owner="SeleniumLibrary">
<arg>${LOGIN_PAGE_PMS}</arg>
<arg>15s</arg>
<doc>Waits until the element ``locator`` is visible.</doc>
<status status="PASS" start="2024-05-03T11:13:48.240110" elapsed="4.190525"/>
</kw>
<status status="PASS" start="2024-05-03T11:13:41.151033" elapsed="11.279856"/>
</kw>
<kw name="Fill the credentials and login" owner="lumate1Resource">
<kw name="Wait Until Element Is Visible" owner="SeleniumLibrary">
<arg>${USERNAME_PATH_PMS}</arg>
<arg>15s</arg>
<doc>Waits until the element ``locator`` is visible.</doc>
<status status="PASS" start="2024-05-03T11:13:52.432379" elapsed="0.036235"/>
</kw>
<kw name="Input Text" owner="SeleniumLibrary">
<msg time="2024-05-03T11:13:52.469343" level="INFO">Typing text 'kalpesh' into text field 'xpath://*[@id="mat-input-0"]'.</msg>
<arg>${USERNAME_PATH_PMS}</arg>
<arg>${USERNAME_PMS}</arg>
<doc>Types the given ``text`` into the text field identified by ``locator``.</doc>
<status status="PASS" start="2024-05-03T11:13:52.468971" elapsed="0.116353"/>
</kw>
<kw name="Input Text" owner="SeleniumLibrary">
<msg time="2024-05-03T11:13:52.586155" level="INFO">Typing text 'Test1234!' into text field 'xpath://*[@id="mat-input-1"]'.</msg>
<arg>${PASSWORD_PATH_PMS}</arg>
<arg>${PASSWORD_PMS}</arg>
<doc>Types the given ``text`` into the text field identified by ``locator``.</doc>
<status status="PASS" start="2024-05-03T11:13:52.585645" elapsed="0.100071"/>
</kw>
<kw name="Wait Until Element Is Visible" owner="SeleniumLibrary">
<arg>${REMEMBER_ME}</arg>
<arg>15s</arg>
<doc>Waits until the element ``locator`` is visible.</doc>
<status status="PASS" start="2024-05-03T11:13:52.686433" elapsed="0.030228"/>
</kw>
<kw name="Click Element" owner="SeleniumLibrary">
<msg time="2024-05-03T11:13:52.717300" level="INFO">Clicking element 'xpath://*[@class="check remember-check"]'.</msg>
<arg>${REMEMBER_ME}</arg>
<doc>Click the element identified by ``locator``.</doc>
<status status="PASS" start="2024-05-03T11:13:52.717008" elapsed="0.069156"/>
</kw>
<kw name="Click Button" owner="SeleniumLibrary">
<msg time="2024-05-03T11:13:52.787111" level="INFO">Clicking button 'xpath://*[@class="mat-focus-indicator auth-form-btn mat-raised-button mat-button-base mat-primary"]'.</msg>
<arg>${LOGIN_BTN}</arg>
<doc>Clicks the button identified by ``locator``.</doc>
<status status="PASS" start="2024-05-03T11:13:52.786619" elapsed="0.108709"/>
</kw>
<status status="PASS" start="2024-05-03T11:13:52.431530" elapsed="0.464030"/>
</kw>
<kw name="Close Browser" owner="SeleniumLibrary" type="TEARDOWN">
<doc>Closes the current browser.</doc>
<status status="PASS" start="2024-05-03T11:13:52.896284" elapsed="0.073184"/>
</kw>
<tag>TC-PMS-001</tag>
<status status="PASS" start="2024-05-03T11:13:41.150243" elapsed="11.819458"/>
</test>
<test id="s1-t2" name="Verify that the user gets redirected to enter OTP page when entered the correct credentials." line="19">
<kw name="Open PMS url on browser" owner="lumate1Resource">
<kw name="Open Browser" owner="SeleniumLibrary">
<msg time="2024-05-03T11:13:52.972161" level="INFO">Opening browser 'chrome' to base url 'https://qa-pms.lumatehealth.com/'.</msg>
<arg>url=${PMS_URL}</arg>
<arg>browser=${Browser}</arg>
<doc>Opens a new browser instance to the optional ``url``.</doc>
<status status="PASS" start="2024-05-03T11:13:52.971844" elapsed="4.105526"/>
</kw>
<kw name="Maximize Browser Window" owner="SeleniumLibrary">
<doc>Maximizes current browser window.</doc>
<status status="PASS" start="2024-05-03T11:13:57.078063" elapsed="0.005630"/>
</kw>
<kw name="Wait Until Element Is Visible" owner="SeleniumLibrary">
<arg>${LOGIN_PAGE_PMS}</arg>
<arg>15s</arg>
<doc>Waits until the element ``locator`` is visible.</doc>
<status status="PASS" start="2024-05-03T11:13:57.084093" elapsed="4.049284"/>
</kw>
<status status="PASS" start="2024-05-03T11:13:52.971143" elapsed="8.162515"/>
</kw>
<kw name="Fill the credentials and login" owner="lumate1Resource">
<kw name="Wait Until Element Is Visible" owner="SeleniumLibrary">
<arg>${USERNAME_PATH_PMS}</arg>
<arg>15s</arg>
<doc>Waits until the element ``locator`` is visible.</doc>
<status status="PASS" start="2024-05-03T11:14:01.134670" elapsed="0.033997"/>
</kw>
<kw name="Input Text" owner="SeleniumLibrary">
<msg time="2024-05-03T11:14:01.169420" level="INFO">Typing text 'kalpesh' into text field 'xpath://*[@id="mat-input-0"]'.</msg>
<arg>${USERNAME_PATH_PMS}</arg>
<arg>${USERNAME_PMS}</arg>
<doc>Types the given ``text`` into the text field identified by ``locator``.</doc>
<status status="PASS" start="2024-05-03T11:14:01.169028" elapsed="0.116706"/>
</kw>
<kw name="Input Text" owner="SeleniumLibrary">
<msg time="2024-05-03T11:14:01.286549" level="INFO">Typing text 'Test1234!' into text field 'xpath://*[@id="mat-input-1"]'.</msg>
<arg>${PASSWORD_PATH_PMS}</arg>
<arg>${PASSWORD_PMS}</arg>
<doc>Types the given ``text`` into the text field identified by ``locator``.</doc>
<status status="PASS" start="2024-05-03T11:14:01.286142" elapsed="0.100430"/>
</kw>
<kw name="Wait Until Element Is Visible" owner="SeleniumLibrary">
<arg>${REMEMBER_ME}</arg>
<arg>15s</arg>
<doc>Waits until the element ``locator`` is visible.</doc>
<status status="PASS" start="2024-05-03T11:14:01.386962" elapsed="0.026906"/>
</kw>
<kw name="Click Element" owner="SeleniumLibrary">
<msg time="2024-05-03T11:14:01.414367" level="INFO">Clicking element 'xpath://*[@class="check remember-check"]'.</msg>
<arg>${REMEMBER_ME}</arg>
<doc>Click the element identified by ``locator``.</doc>
<status status="PASS" start="2024-05-03T11:14:01.414113" elapsed="0.070784"/>
</kw>
<kw name="Click Button" owner="SeleniumLibrary">
<msg time="2024-05-03T11:14:01.485713" level="INFO">Clicking button 'xpath://*[@class="mat-focus-indicator auth-form-btn mat-raised-button mat-button-base mat-primary"]'.</msg>
<arg>${LOGIN_BTN}</arg>
<doc>Clicks the button identified by ``locator``.</doc>
<status status="PASS" start="2024-05-03T11:14:01.485313" elapsed="0.107260"/>
</kw>
<status status="PASS" start="2024-05-03T11:14:01.134156" elapsed="0.458588"/>
</kw>
<kw name="Wait Until Element Contains" owner="SeleniumLibrary">
<arg>${OTP_PAGE}</arg>
<arg>Almost There</arg>
<arg>${TIMEOUT}</arg>
<doc>Waits until the element ``locator`` contains ``text``.</doc>
<status status="PASS" start="2024-05-03T11:14:01.593043" elapsed="2.982524"/>
</kw>
<tag>TC-PMS-005</tag>
<status status="PASS" start="2024-05-03T11:13:52.970254" elapsed="11.605697"/>
</test>
<test id="s1-t3" name="Verify the clinician Home Page" line="26">
<kw name="Enter OTP and Submit it" owner="lumate1Resource">
<kw name="Wait for OTP Email" owner="lumate1Resource">
<kw name="Open Mailbox" owner="ImapLibrary2">
<arg>host=${EMAIL_SERVER}</arg>
<arg>user=${EMAIL_USERNAME}</arg>
<arg>password=${EMAIL_PASSWORD}</arg>
<doc>Open IMAP email client session to given ``host`` with given ``user`` and ``password``.</doc>
<status status="PASS" start="2024-05-03T11:14:04.578240" elapsed="1.720746"/>
</kw>
<kw name="Wait For Email" owner="ImapLibrary2">
<msg time="2024-05-03T11:14:06.960722" level="INFO">${email_index} = 2541</msg>
<var>${email_index}</var>
<arg>sender=${SENDER_USERNAME}</arg>
<arg>status=UNSEEN</arg>
<arg>timeout=300</arg>
<doc>Wait for email message to arrived base on any given filter criteria.
Returns email index of the latest email message received.</doc>
<status status="PASS" start="2024-05-03T11:14:06.299916" elapsed="0.660984"/>
</kw>
<kw name="Get Email Body" owner="ImapLibrary2">
<msg time="2024-05-03T11:14:07.458711" level="INFO">${email_body} = &lt;html xmlns="http://www.w3.org/1999/xhtml" xmlns:o="urn:schemas-microsoft-com:office:office" xmlns:v="urn:schemas-microsoft-com:vml" lang="en"&gt;&lt;head&gt;
&lt;meta http-equiv="Content-Type" content="text/htm...</msg>
<var>${email_body}</var>
<arg>${email_index}</arg>
<doc>Returns the decoded email body on multipart email message,
otherwise returns the body text.</doc>
<status status="PASS" start="2024-05-03T11:14:06.961981" elapsed="0.497080"/>
</kw>
<kw name="Get Regexp Matches" owner="String">
<msg time="2024-05-03T11:14:07.465832" level="INFO">${otp} = ['353454', '000000', '353454', '673841', '353454', '353454', '000000', '353454', '353454', '353454', '353454', '353454', '353454', '353454', '353454', '353454', '353454']</msg>
<var>${otp}</var>
<arg>${email_body}</arg>
<arg>\\b\\d{6}\\b</arg>
<doc>Returns a list of all non-overlapping matches in the given string.</doc>
<status status="PASS" start="2024-05-03T11:14:07.460271" elapsed="0.005785"/>
</kw>
<kw name="Delete Email" owner="ImapLibrary2">
<arg>${email_index}</arg>
<doc>Delete email on given ``email_index``.</doc>
<status status="PASS" start="2024-05-03T11:14:07.466768" elapsed="1.116610"/>
</kw>
<kw name="Log" owner="BuiltIn">
<msg time="2024-05-03T11:14:08.585345" level="INFO">OTP received: ['353454', '000000', '353454', '673841', '353454', '353454', '000000', '353454', '353454', '353454', '353454', '353454', '353454', '353454', '353454', '353454', '353454']</msg>
<arg>OTP received: ${otp}</arg>
<doc>Logs the given message with the given level.</doc>
<status status="PASS" start="2024-05-03T11:14:08.584408" elapsed="0.001184"/>
</kw>
<return>
<value>${otp}[3]</value>
<status status="PASS" start="2024-05-03T11:14:08.585964" elapsed="0.000402"/>
</return>
<msg time="2024-05-03T11:14:08.587919" level="INFO">${otp} = 673841</msg>
<var>${otp}</var>
<status status="PASS" start="2024-05-03T11:14:04.577703" elapsed="4.010383"/>
</kw>
<kw name="Copy To Clipboard" owner="CustomKeywords">
<arg>${otp}</arg>
<status status="PASS" start="2024-05-03T11:14:08.588759" elapsed="0.023174"/>
</kw>
<kw name="Wait Until Element Is Visible" owner="SeleniumLibrary">
<arg>${OTP_CLICK}</arg>
<arg>15s</arg>
<doc>Waits until the element ``locator`` is visible.</doc>
<status status="PASS" start="2024-05-03T11:14:08.615530" elapsed="0.041343"/>
</kw>
<kw name="Click Element" owner="SeleniumLibrary">
<msg time="2024-05-03T11:14:08.657700" level="INFO">Clicking element 'xpath://*[@class="information-text resend-otp m-auto p-t-10"]'.</msg>
<arg>${OTP_CLICK}</arg>
<doc>Click the element identified by ``locator``.</doc>
<status status="PASS" start="2024-05-03T11:14:08.657226" elapsed="0.040717"/>
</kw>
<kw name="Wait Until Element Is Visible" owner="SeleniumLibrary">
<arg>${OTP_PAGE}</arg>
<arg>${TIMEOUT}</arg>
<doc>Waits until the element ``locator`` is visible.</doc>
<status status="PASS" start="2024-05-03T11:14:08.698370" elapsed="0.018983"/>
</kw>
<kw name="Wait Until Element Is Visible" owner="SeleniumLibrary">
<arg>${OTP_PMS}</arg>
<arg>${TIMEOUT}</arg>
<doc>Waits until the element ``locator`` is visible.</doc>
<status status="PASS" start="2024-05-03T11:14:08.717685" elapsed="0.019880"/>
</kw>
<kw name="Press Keys" owner="SeleniumLibrary">
<msg time="2024-05-03T11:14:08.738390" level="INFO">Sending key(s) ('CTRL+V',) to xpath://*[@class="otp-input ng-pristine ng-valid ng-star-inserted ng-touched"] element.</msg>
<msg time="2024-05-03T11:14:08.746003" level="INFO">Pressing special key CONTROL down.</msg>
<msg time="2024-05-03T11:14:08.746118" level="INFO">Sending key V</msg>
<msg time="2024-05-03T11:14:08.746220" level="INFO">Releasing special key CONTROL.</msg>
<arg>${OTP_PMS}</arg>
<arg>CTRL+V</arg>
<doc>Simulates the user pressing key(s) to an element or on the active browser.</doc>
<status status="PASS" start="2024-05-03T11:14:08.737906" elapsed="0.326445"/>
</kw>
<kw name="Click Button" owner="SeleniumLibrary">
<msg time="2024-05-03T11:14:09.065303" level="INFO">Clicking button 'xpath://*[@class="mat-focus-indicator auth-form-btn mat-flat-button mat-button-base mat-primary"]'.</msg>
<arg>${VALIDATE_OTP}</arg>
<doc>Clicks the button identified by ``locator``.</doc>
<status status="PASS" start="2024-05-03T11:14:09.064929" elapsed="0.069518"/>
</kw>
<kw name="Wait Until Element Is Visible" owner="SeleniumLibrary">
<kw name="Capture Page Screenshot" owner="SeleniumLibrary">
<msg time="2024-05-03T11:14:13.959164" level="FAIL">NoSuchWindowException: Message: no such window: target window already closed
from unknown error: web view not found
  (Session info: chrome=124.0.6367.118)
</msg>
<doc>Takes a screenshot of the current page and embeds it into a log file.</doc>
<status status="FAIL" start="2024-05-03T11:14:13.949933" elapsed="0.023661">NoSuchWindowException: Message: no such window: target window already closed
from unknown error: web view not found
  (Session info: chrome=124.0.6367.118)
</status>
</kw>
<msg time="2024-05-03T11:14:13.974142" level="WARN">Keyword 'Capture Page Screenshot' could not be run on failure: NoSuchWindowException: Message: no such window: target window already closed
from unknown error: web view not found
  (Session info: chrome=124.0.6367.118)
</msg>
<msg time="2024-05-03T11:14:13.975933" level="FAIL">NoSuchWindowException: Message: no such window: target window already closed
from unknown error: web view not found
  (Session info: chrome=124.0.6367.118)
</msg>
<arg>${HOMEPAGE_PMS}</arg>
<doc>Waits until the element ``locator`` is visible.</doc>
<status status="FAIL" start="2024-05-03T11:14:09.134785" elapsed="4.842425">NoSuchWindowException: Message: no such window: target window already closed
from unknown error: web view not found
  (Session info: chrome=124.0.6367.118)
</status>
</kw>
<status status="FAIL" start="2024-05-03T11:14:04.577147" elapsed="9.401179">NoSuchWindowException: Message: no such window: target window already closed
from unknown error: web view not found
  (Session info: chrome=124.0.6367.118)
</status>
</kw>
<kw name="Wait Until Element Is Visible" owner="SeleniumLibrary">
<arg>${TO-DO_HOME}</arg>
<arg>${TIMEOUT}</arg>
<doc>Waits until the element ``locator`` is visible.</doc>
<status status="NOT RUN" start="2024-05-03T11:14:13.979789" elapsed="0.000254"/>
</kw>
<kw name="Element Should Contain" owner="SeleniumLibrary">
<arg>${TO-DO_HOME}</arg>
<arg>TO DO's</arg>
<doc>Verifies that element ``locator`` contains text ``expected``.</doc>
<status status="NOT RUN" start="2024-05-03T11:14:13.981718" elapsed="0.000265"/>
</kw>
<kw name="Element Should Contain" owner="SeleniumLibrary">
<arg>${APPOINTMENT_HOME}</arg>
<arg>Appointments</arg>
<doc>Verifies that element ``locator`` contains text ``expected``.</doc>
<status status="NOT RUN" start="2024-05-03T11:14:13.983262" elapsed="0.000239"/>
</kw>
<tag>TC-APP-001</tag>
<status status="FAIL" start="2024-05-03T11:14:04.576379" elapsed="9.408629">NoSuchWindowException: Message: no such window: target window already closed
from unknown error: web view not found
  (Session info: chrome=124.0.6367.118)
</status>
</test>
<test id="s1-t4" name="Verify the Calender &amp; appointments screen" line="33">
<kw name="Wait Until the Update Icon Disappear" owner="lumate1Resource">
<kw name="Wait Until Element Is Not Visible" owner="SeleniumLibrary">
<kw name="Capture Page Screenshot" owner="SeleniumLibrary">
<msg time="2024-05-03T11:14:14.017505" level="FAIL">NoSuchWindowException: Message: no such window: target window already closed
from unknown error: web view not found
  (Session info: chrome=124.0.6367.118)
</msg>
<doc>Takes a screenshot of the current page and embeds it into a log file.</doc>
<status status="FAIL" start="2024-05-03T11:14:14.004822" elapsed="0.014129">NoSuchWindowException: Message: no such window: target window already closed
from unknown error: web view not found
  (Session info: chrome=124.0.6367.118)
</status>
</kw>
<msg time="2024-05-03T11:14:14.020103" level="WARN">Keyword 'Capture Page Screenshot' could not be run on failure: NoSuchWindowException: Message: no such window: target window already closed
from unknown error: web view not found
  (Session info: chrome=124.0.6367.118)
</msg>
<msg time="2024-05-03T11:14:14.024918" level="FAIL">NoSuchWindowException: Message: no such window: target window already closed
from unknown error: web view not found
  (Session info: chrome=124.0.6367.118)
</msg>
<arg>${UpdateIcon}</arg>
<arg>${TIMEOUT_40}</arg>
<doc>Waits until the element ``locator`` is not visible.</doc>
<status status="FAIL" start="2024-05-03T11:14:13.995107" elapsed="0.031082">NoSuchWindowException: Message: no such window: target window already closed
from unknown error: web view not found
  (Session info: chrome=124.0.6367.118)
</status>
</kw>
<status status="FAIL" start="2024-05-03T11:14:13.992492" elapsed="0.034578">NoSuchWindowException: Message: no such window: target window already closed
from unknown error: web view not found
  (Session info: chrome=124.0.6367.118)
</status>
</kw>
<kw name="Click Element" owner="SeleniumLibrary">
<arg>${APPOINTMENT_SEC}</arg>
<doc>Click the element identified by ``locator``.</doc>
<status status="NOT RUN" start="2024-05-03T11:14:14.028703" elapsed="0.000328"/>
</kw>
<kw name="Wait Until the Update Icon Disappear" owner="lumate1Resource">
<status status="NOT RUN" start="2024-05-03T11:14:14.031796" elapsed="0.000332"/>
</kw>
<kw name="verify elements of TC-APP-002 visible or not" owner="lumate1Resource">
<status status="NOT RUN" start="2024-05-03T11:14:14.035322" elapsed="0.000384"/>
</kw>
<kw name="Wait Until the Update Icon Disappear" owner="lumate1Resource">
<status status="NOT RUN" start="2024-05-03T11:14:14.037624" elapsed="0.000320"/>
</kw>
<tag>TC-APP-002</tag>
<status status="FAIL" start="2024-05-03T11:14:13.987257" elapsed="0.052402">NoSuchWindowException: Message: no such window: target window already closed
from unknown error: web view not found
  (Session info: chrome=124.0.6367.118)
</status>
</test>
<test id="s1-t5" name="Verify the create an appointment button" line="41">
<kw name="Click Element" owner="SeleniumLibrary" type="SETUP">
<msg time="2024-05-03T11:14:14.048072" level="INFO">Clicking element 'xpath://*[@class="menu overflow-hidden"]/ul/div[1]/li[3]'.</msg>
<kw name="Capture Page Screenshot" owner="SeleniumLibrary">
<msg time="2024-05-03T11:14:14.059411" level="FAIL">NoSuchWindowException: Message: no such window: target window already closed
from unknown error: web view not found
  (Session info: chrome=124.0.6367.118)
</msg>
<doc>Takes a screenshot of the current page and embeds it into a log file.</doc>
<status status="FAIL" start="2024-05-03T11:14:14.053485" elapsed="0.007911">NoSuchWindowException: Message: no such window: target window already closed
from unknown error: web view not found
  (Session info: chrome=124.0.6367.118)
</status>
</kw>
<msg time="2024-05-03T11:14:14.061694" level="WARN">Keyword 'Capture Page Screenshot' could not be run on failure: NoSuchWindowException: Message: no such window: target window already closed
from unknown error: web view not found
  (Session info: chrome=124.0.6367.118)
</msg>
<msg time="2024-05-03T11:14:14.062396" level="FAIL">NoSuchWindowException: Message: no such window: target window already closed
from unknown error: web view not found
  (Session info: chrome=124.0.6367.118)
</msg>
<arg>${HOME_SEC}</arg>
<doc>Click the element identified by ``locator``.</doc>
<status status="FAIL" start="2024-05-03T11:14:14.046674" elapsed="0.016396">NoSuchWindowException: Message: no such window: target window already closed
from unknown error: web view not found
  (Session info: chrome=124.0.6367.118)
</status>
</kw>
<tag>TC-APP-003</tag>
<status status="FAIL" start="2024-05-03T11:14:14.043324" elapsed="0.020971">Setup failed:
NoSuchWindowException: Message: no such window: target window already closed
from unknown error: web view not found
  (Session info: chrome=124.0.6367.118)
</status>
</test>
<test id="s1-t6" name="Verify View Patient" line="46">
<kw name="Click Element" owner="SeleniumLibrary" type="SETUP">
<msg time="2024-05-03T11:14:14.068752" level="INFO">Clicking element 'xpath://*[@class="menu overflow-hidden"]/ul/div[1]/li[3]'.</msg>
<kw name="Capture Page Screenshot" owner="SeleniumLibrary">
<msg time="2024-05-03T11:14:14.075467" level="FAIL">NoSuchWindowException: Message: no such window: target window already closed
from unknown error: web view not found
  (Session info: chrome=124.0.6367.118)
</msg>
<doc>Takes a screenshot of the current page and embeds it into a log file.</doc>
<status status="FAIL" start="2024-05-03T11:14:14.071649" elapsed="0.004883">NoSuchWindowException: Message: no such window: target window already closed
from unknown error: web view not found
  (Session info: chrome=124.0.6367.118)
</status>
</kw>
<msg time="2024-05-03T11:14:14.076757" level="WARN">Keyword 'Capture Page Screenshot' could not be run on failure: NoSuchWindowException: Message: no such window: target window already closed
from unknown error: web view not found
  (Session info: chrome=124.0.6367.118)
</msg>
<msg time="2024-05-03T11:14:14.077770" level="FAIL">NoSuchWindowException: Message: no such window: target window already closed
from unknown error: web view not found
  (Session info: chrome=124.0.6367.118)
</msg>
<arg>${HOME_SEC}</arg>
<doc>Click the element identified by ``locator``.</doc>
<status status="FAIL" start="2024-05-03T11:14:14.068042" elapsed="0.010509">NoSuchWindowException: Message: no such window: target window already closed
from unknown error: web view not found
  (Session info: chrome=124.0.6367.118)
</status>
</kw>
<tag>TC-PCV-001</tag>
<status status="FAIL" start="2024-05-03T11:14:14.066491" elapsed="0.012661">Setup failed:
NoSuchWindowException: Message: no such window: target window already closed
from unknown error: web view not found
  (Session info: chrome=124.0.6367.118)
</status>
</test>
<test id="s1-t7" name="Verify Edit Patient" line="52">
<kw name="Click Element" owner="SeleniumLibrary" type="SETUP">
<msg time="2024-05-03T11:14:14.081773" level="INFO">Clicking element 'xpath://*[@class="menu overflow-hidden"]/ul/div[1]/li[3]'.</msg>
<kw name="Capture Page Screenshot" owner="SeleniumLibrary">
<msg time="2024-05-03T11:14:14.087171" level="FAIL">NoSuchWindowException: Message: no such window: target window already closed
from unknown error: web view not found
  (Session info: chrome=124.0.6367.118)
</msg>
<doc>Takes a screenshot of the current page and embeds it into a log file.</doc>
<status status="FAIL" start="2024-05-03T11:14:14.084357" elapsed="0.003356">NoSuchWindowException: Message: no such window: target window already closed
from unknown error: web view not found
  (Session info: chrome=124.0.6367.118)
</status>
</kw>
<msg time="2024-05-03T11:14:14.087828" level="WARN">Keyword 'Capture Page Screenshot' could not be run on failure: NoSuchWindowException: Message: no such window: target window already closed
from unknown error: web view not found
  (Session info: chrome=124.0.6367.118)
</msg>
<msg time="2024-05-03T11:14:14.088079" level="FAIL">NoSuchWindowException: Message: no such window: target window already closed
from unknown error: web view not found
  (Session info: chrome=124.0.6367.118)
</msg>
<arg>${HOME_SEC}</arg>
<doc>Click the element identified by ``locator``.</doc>
<status status="FAIL" start="2024-05-03T11:14:14.081319" elapsed="0.006963">NoSuchWindowException: Message: no such window: target window already closed
from unknown error: web view not found
  (Session info: chrome=124.0.6367.118)
</status>
</kw>
<tag>TC-PCV-002</tag>
<status status="FAIL" start="2024-05-03T11:14:14.080260" elapsed="0.008300">Setup failed:
NoSuchWindowException: Message: no such window: target window already closed
from unknown error: web view not found
  (Session info: chrome=124.0.6367.118)
</status>
</test>
<test id="s1-t8" name="Verify the Basic details screen given under the Demographic section" line="60">
<kw name="Click Element" owner="SeleniumLibrary" type="SETUP">
<msg time="2024-05-03T11:14:14.091107" level="INFO">Clicking element 'xpath://*[@class="menu overflow-hidden"]/ul/div[1]/li[3]'.</msg>
<kw name="Capture Page Screenshot" owner="SeleniumLibrary">
<msg time="2024-05-03T11:14:14.095286" level="FAIL">NoSuchWindowException: Message: no such window: target window already closed
from unknown error: web view not found
  (Session info: chrome=124.0.6367.118)
</msg>
<doc>Takes a screenshot of the current page and embeds it into a log file.</doc>
<status status="FAIL" start="2024-05-03T11:14:14.093152" elapsed="0.002769">NoSuchWindowException: Message: no such window: target window already closed
from unknown error: web view not found
  (Session info: chrome=124.0.6367.118)
</status>
</kw>
<msg time="2024-05-03T11:14:14.096141" level="WARN">Keyword 'Capture Page Screenshot' could not be run on failure: NoSuchWindowException: Message: no such window: target window already closed
from unknown error: web view not found
  (Session info: chrome=124.0.6367.118)
</msg>
<msg time="2024-05-03T11:14:14.096536" level="FAIL">NoSuchWindowException: Message: no such window: target window already closed
from unknown error: web view not found
  (Session info: chrome=124.0.6367.118)
</msg>
<arg>${HOME_SEC}</arg>
<doc>Click the element identified by ``locator``.</doc>
<status status="FAIL" start="2024-05-03T11:14:14.090719" elapsed="0.006158">NoSuchWindowException: Message: no such window: target window already closed
from unknown error: web view not found
  (Session info: chrome=124.0.6367.118)
</status>
</kw>
<tag>TC-PCV-003</tag>
<status status="FAIL" start="2024-05-03T11:14:14.089068" elapsed="0.008348">Setup failed:
NoSuchWindowException: Message: no such window: target window already closed
from unknown error: web view not found
  (Session info: chrome=124.0.6367.118)
</status>
</test>
<test id="s1-t9" name="Verify billing tab" line="69">
<kw name="Click Element" owner="SeleniumLibrary" type="SETUP">
<msg time="2024-05-03T11:14:14.099933" level="INFO">Clicking element 'xpath://*[@class="menu overflow-hidden"]/ul/div[1]/li[3]'.</msg>
<kw name="Capture Page Screenshot" owner="SeleniumLibrary">
<msg time="2024-05-03T11:14:14.105281" level="FAIL">NoSuchWindowException: Message: no such window: target window already closed
from unknown error: web view not found
  (Session info: chrome=124.0.6367.118)
</msg>
<doc>Takes a screenshot of the current page and embeds it into a log file.</doc>
<status status="FAIL" start="2024-05-03T11:14:14.101838" elapsed="0.003731">NoSuchWindowException: Message: no such window: target window already closed
from unknown error: web view not found
  (Session info: chrome=124.0.6367.118)
</status>
</kw>
<msg time="2024-05-03T11:14:14.105670" level="WARN">Keyword 'Capture Page Screenshot' could not be run on failure: NoSuchWindowException: Message: no such window: target window already closed
from unknown error: web view not found
  (Session info: chrome=124.0.6367.118)
</msg>
<msg time="2024-05-03T11:14:14.105998" level="FAIL">NoSuchWindowException: Message: no such window: target window already closed
from unknown error: web view not found
  (Session info: chrome=124.0.6367.118)
</msg>
<arg>${HOME_SEC}</arg>
<doc>Click the element identified by ``locator``.</doc>
<status status="FAIL" start="2024-05-03T11:14:14.099342" elapsed="0.007077">NoSuchWindowException: Message: no such window: target window already closed
from unknown error: web view not found
  (Session info: chrome=124.0.6367.118)
</status>
</kw>
<tag>TC-PCV-004</tag>
<status status="FAIL" start="2024-05-03T11:14:14.098274" elapsed="0.008549">Setup failed:
NoSuchWindowException: Message: no such window: target window already closed
from unknown error: web view not found
  (Session info: chrome=124.0.6367.118)
</status>
</test>
<test id="s1-t10" name="Change billing status" line="82">
<kw name="Click Element" owner="SeleniumLibrary" type="SETUP">
<msg time="2024-05-03T11:14:14.108707" level="INFO">Clicking element 'xpath://*[@class="menu overflow-hidden"]/ul/div[1]/li[2]'.</msg>
<kw name="Capture Page Screenshot" owner="SeleniumLibrary">
<msg time="2024-05-03T11:14:14.113333" level="FAIL">NoSuchWindowException: Message: no such window: target window already closed
from unknown error: web view not found
  (Session info: chrome=124.0.6367.118)
</msg>
<doc>Takes a screenshot of the current page and embeds it into a log file.</doc>
<status status="FAIL" start="2024-05-03T11:14:14.110549" elapsed="0.003299">NoSuchWindowException: Message: no such window: target window already closed
from unknown error: web view not found
  (Session info: chrome=124.0.6367.118)
</status>
</kw>
<msg time="2024-05-03T11:14:14.114016" level="WARN">Keyword 'Capture Page Screenshot' could not be run on failure: NoSuchWindowException: Message: no such window: target window already closed
from unknown error: web view not found
  (Session info: chrome=124.0.6367.118)
</msg>
<msg time="2024-05-03T11:14:14.114362" level="FAIL">NoSuchWindowException: Message: no such window: target window already closed
from unknown error: web view not found
  (Session info: chrome=124.0.6367.118)
</msg>
<arg>${HOME_SEC_ICON}</arg>
<doc>Click the element identified by ``locator``.</doc>
<status status="FAIL" start="2024-05-03T11:14:14.108311" elapsed="0.006418">NoSuchWindowException: Message: no such window: target window already closed
from unknown error: web view not found
  (Session info: chrome=124.0.6367.118)
</status>
</kw>
<tag>TC-PCV-005</tag>
<status status="FAIL" start="2024-05-03T11:14:14.107464" elapsed="0.007725">Setup failed:
NoSuchWindowException: Message: no such window: target window already closed
from unknown error: web view not found
  (Session info: chrome=124.0.6367.118)
</status>
</test>
<status status="FAIL" start="2024-05-03T11:13:41.026085" elapsed="33.090342"/>
</suite>
<statistics>
<total>
<stat pass="2" fail="8" skip="0">All Tests</stat>
</total>
<tag>
<stat pass="0" fail="1" skip="0">TC-APP-001</stat>
<stat pass="0" fail="1" skip="0">TC-APP-002</stat>
<stat pass="0" fail="1" skip="0">TC-APP-003</stat>
<stat pass="0" fail="1" skip="0">TC-PCV-001</stat>
<stat pass="0" fail="1" skip="0">TC-PCV-002</stat>
<stat pass="0" fail="1" skip="0">TC-PCV-003</stat>
<stat pass="0" fail="1" skip="0">TC-PCV-004</stat>
<stat pass="0" fail="1" skip="0">TC-PCV-005</stat>
<stat pass="1" fail="0" skip="0">TC-PMS-001</stat>
<stat pass="1" fail="0" skip="0">TC-PMS-005</stat>
</tag>
<suite>
<stat pass="2" fail="8" skip="0" id="s1" name="lumate1Test">lumate1Test</stat>
</suite>
</statistics>
<errors>
<msg time="2024-05-03T11:14:13.974142" level="WARN">Keyword 'Capture Page Screenshot' could not be run on failure: NoSuchWindowException: Message: no such window: target window already closed
from unknown error: web view not found
  (Session info: chrome=124.0.6367.118)
</msg>
<msg time="2024-05-03T11:14:14.020103" level="WARN">Keyword 'Capture Page Screenshot' could not be run on failure: NoSuchWindowException: Message: no such window: target window already closed
from unknown error: web view not found
  (Session info: chrome=124.0.6367.118)
</msg>
<msg time="2024-05-03T11:14:14.061694" level="WARN">Keyword 'Capture Page Screenshot' could not be run on failure: NoSuchWindowException: Message: no such window: target window already closed
from unknown error: web view not found
  (Session info: chrome=124.0.6367.118)
</msg>
<msg time="2024-05-03T11:14:14.076757" level="WARN">Keyword 'Capture Page Screenshot' could not be run on failure: NoSuchWindowException: Message: no such window: target window already closed
from unknown error: web view not found
  (Session info: chrome=124.0.6367.118)
</msg>
<msg time="2024-05-03T11:14:14.087828" level="WARN">Keyword 'Capture Page Screenshot' could not be run on failure: NoSuchWindowException: Message: no such window: target window already closed
from unknown error: web view not found
  (Session info: chrome=124.0.6367.118)
</msg>
<msg time="2024-05-03T11:14:14.096141" level="WARN">Keyword 'Capture Page Screenshot' could not be run on failure: NoSuchWindowException: Message: no such window: target window already closed
from unknown error: web view not found
  (Session info: chrome=124.0.6367.118)
</msg>
<msg time="2024-05-03T11:14:14.105670" level="WARN">Keyword 'Capture Page Screenshot' could not be run on failure: NoSuchWindowException: Message: no such window: target window already closed
from unknown error: web view not found
  (Session info: chrome=124.0.6367.118)
</msg>
<msg time="2024-05-03T11:14:14.114016" level="WARN">Keyword 'Capture Page Screenshot' could not be run on failure: NoSuchWindowException: Message: no such window: target window already closed
from unknown error: web view not found
  (Session info: chrome=124.0.6367.118)
</msg>
</errors>
</robot>
