<?xml version="1.0" encoding="UTF-8"?>
<robot generator="Robot 7.0 (Python 3.8.10 on linux)" generated="2024-05-03T11:37:59.195963" rpa="false" schemaversion="5">
<suite id="s1" name="lumate1Test" source="/home/ridham/PycharmProjects/LUMATE-AUTOMATION_POC/TestCases/lumate1Test.robot">
<test id="s1-t1" name="Verify that the user is able to Log in to the Portal with correct credentials" line="13">
<kw name="Open PMS url on browser" owner="lumate1Resource">
<kw name="Open Browser" owner="SeleniumLibrary">
<msg time="2024-05-03T11:37:59.335795" level="INFO">Opening browser 'chrome' to base url 'https://qa-pms.lumatehealth.com/'.</msg>
<arg>url=${PMS_URL}</arg>
<arg>browser=${Browser}</arg>
<doc>Opens a new browser instance to the optional ``url``.</doc>
<status status="PASS" start="2024-05-03T11:37:59.335425" elapsed="7.138523"/>
</kw>
<kw name="Maximize Browser Window" owner="SeleniumLibrary">
<doc>Maximizes current browser window.</doc>
<status status="PASS" start="2024-05-03T11:38:06.474658" elapsed="0.002987"/>
</kw>
<kw name="Wait Until Element Is Visible" owner="SeleniumLibrary">
<arg>${LOGIN_PAGE_PMS}</arg>
<arg>15s</arg>
<doc>Waits until the element ``locator`` is visible.</doc>
<status status="PASS" start="2024-05-03T11:38:06.478045" elapsed="6.362835"/>
</kw>
<status status="PASS" start="2024-05-03T11:37:59.334397" elapsed="13.506826"/>
</kw>
<kw name="Fill the credentials and login" owner="lumate1Resource">
<kw name="Wait Until Element Is Visible" owner="SeleniumLibrary">
<arg>${USERNAME_PATH_PMS}</arg>
<arg>15s</arg>
<doc>Waits until the element ``locator`` is visible.</doc>
<status status="PASS" start="2024-05-03T11:38:12.843035" elapsed="0.033988"/>
</kw>
<kw name="Input Text" owner="SeleniumLibrary">
<msg time="2024-05-03T11:38:12.877830" level="INFO">Typing text 'kalpesh' into text field 'xpath://*[@id="mat-input-0"]'.</msg>
<arg>${USERNAME_PATH_PMS}</arg>
<arg>${USERNAME_PMS}</arg>
<doc>Types the given ``text`` into the text field identified by ``locator``.</doc>
<status status="PASS" start="2024-05-03T11:38:12.877430" elapsed="0.135774"/>
</kw>
<kw name="Input Text" owner="SeleniumLibrary">
<msg time="2024-05-03T11:38:13.013690" level="INFO">Typing text 'Test1234!' into text field 'xpath://*[@id="mat-input-1"]'.</msg>
<arg>${PASSWORD_PATH_PMS}</arg>
<arg>${PASSWORD_PMS}</arg>
<doc>Types the given ``text`` into the text field identified by ``locator``.</doc>
<status status="PASS" start="2024-05-03T11:38:13.013438" elapsed="0.109841"/>
</kw>
<kw name="Wait Until Element Is Visible" owner="SeleniumLibrary">
<arg>${REMEMBER_ME}</arg>
<arg>15s</arg>
<doc>Waits until the element ``locator`` is visible.</doc>
<status status="PASS" start="2024-05-03T11:38:13.123772" elapsed="0.027304"/>
</kw>
<kw name="Click Element" owner="SeleniumLibrary">
<msg time="2024-05-03T11:38:13.151964" level="INFO">Clicking element 'xpath://*[@class="check remember-check"]'.</msg>
<arg>${REMEMBER_ME}</arg>
<doc>Click the element identified by ``locator``.</doc>
<status status="PASS" start="2024-05-03T11:38:13.151506" elapsed="0.068424"/>
</kw>
<kw name="Click Button" owner="SeleniumLibrary">
<msg time="2024-05-03T11:38:13.221038" level="INFO">Clicking button 'xpath://*[@class="mat-focus-indicator auth-form-btn mat-raised-button mat-button-base mat-primary"]'.</msg>
<arg>${LOGIN_BTN}</arg>
<doc>Clicks the button identified by ``locator``.</doc>
<status status="PASS" start="2024-05-03T11:38:13.220478" elapsed="0.089530"/>
</kw>
<status status="PASS" start="2024-05-03T11:38:12.842368" elapsed="0.467815"/>
</kw>
<kw name="Close Browser" owner="SeleniumLibrary" type="TEARDOWN">
<doc>Closes the current browser.</doc>
<status status="PASS" start="2024-05-03T11:38:13.310680" elapsed="0.065347"/>
</kw>
<tag>TC-PMS-001</tag>
<status status="PASS" start="2024-05-03T11:37:59.333305" elapsed="14.042976"/>
</test>
<test id="s1-t2" name="Verify that the user gets redirected to enter OTP page when entered the correct credentials." line="19">
<kw name="Open PMS url on browser" owner="lumate1Resource">
<kw name="Open Browser" owner="SeleniumLibrary">
<msg time="2024-05-03T11:38:13.380455" level="INFO">Opening browser 'chrome' to base url 'https://qa-pms.lumatehealth.com/'.</msg>
<arg>url=${PMS_URL}</arg>
<arg>browser=${Browser}</arg>
<doc>Opens a new browser instance to the optional ``url``.</doc>
<status status="PASS" start="2024-05-03T11:38:13.379927" elapsed="6.407397"/>
</kw>
<kw name="Maximize Browser Window" owner="SeleniumLibrary">
<doc>Maximizes current browser window.</doc>
<status status="PASS" start="2024-05-03T11:38:19.790773" elapsed="0.089133"/>
</kw>
<kw name="Wait Until Element Is Visible" owner="SeleniumLibrary">
<arg>${LOGIN_PAGE_PMS}</arg>
<arg>15s</arg>
<doc>Waits until the element ``locator`` is visible.</doc>
<status status="PASS" start="2024-05-03T11:38:19.880541" elapsed="4.230714"/>
</kw>
<status status="PASS" start="2024-05-03T11:38:13.378918" elapsed="10.732685"/>
</kw>
<kw name="Fill the credentials and login" owner="lumate1Resource">
<kw name="Wait Until Element Is Visible" owner="SeleniumLibrary">
<arg>${USERNAME_PATH_PMS}</arg>
<arg>15s</arg>
<doc>Waits until the element ``locator`` is visible.</doc>
<status status="PASS" start="2024-05-03T11:38:24.113576" elapsed="0.033905"/>
</kw>
<kw name="Input Text" owner="SeleniumLibrary">
<msg time="2024-05-03T11:38:24.148046" level="INFO">Typing text 'kalpesh' into text field 'xpath://*[@id="mat-input-0"]'.</msg>
<arg>${USERNAME_PATH_PMS}</arg>
<arg>${USERNAME_PMS}</arg>
<doc>Types the given ``text`` into the text field identified by ``locator``.</doc>
<status status="PASS" start="2024-05-03T11:38:24.147781" elapsed="0.118575"/>
</kw>
<kw name="Input Text" owner="SeleniumLibrary">
<msg time="2024-05-03T11:38:24.267027" level="INFO">Typing text 'Test1234!' into text field 'xpath://*[@id="mat-input-1"]'.</msg>
<arg>${PASSWORD_PATH_PMS}</arg>
<arg>${PASSWORD_PMS}</arg>
<doc>Types the given ``text`` into the text field identified by ``locator``.</doc>
<status status="PASS" start="2024-05-03T11:38:24.266679" elapsed="0.102346"/>
</kw>
<kw name="Wait Until Element Is Visible" owner="SeleniumLibrary">
<arg>${REMEMBER_ME}</arg>
<arg>15s</arg>
<doc>Waits until the element ``locator`` is visible.</doc>
<status status="PASS" start="2024-05-03T11:38:24.369355" elapsed="0.030876"/>
</kw>
<kw name="Click Element" owner="SeleniumLibrary">
<msg time="2024-05-03T11:38:24.400760" level="INFO">Clicking element 'xpath://*[@class="check remember-check"]'.</msg>
<arg>${REMEMBER_ME}</arg>
<doc>Click the element identified by ``locator``.</doc>
<status status="PASS" start="2024-05-03T11:38:24.400494" elapsed="0.054753"/>
</kw>
<kw name="Click Button" owner="SeleniumLibrary">
<msg time="2024-05-03T11:38:24.455834" level="INFO">Clicking button 'xpath://*[@class="mat-focus-indicator auth-form-btn mat-raised-button mat-button-base mat-primary"]'.</msg>
<arg>${LOGIN_BTN}</arg>
<doc>Clicks the button identified by ``locator``.</doc>
<status status="PASS" start="2024-05-03T11:38:24.455577" elapsed="0.074415"/>
</kw>
<status status="PASS" start="2024-05-03T11:38:24.112917" elapsed="0.417286"/>
</kw>
<kw name="Wait Until Element Contains" owner="SeleniumLibrary">
<arg>${OTP_PAGE}</arg>
<arg>Almost There</arg>
<arg>${TIMEOUT}</arg>
<doc>Waits until the element ``locator`` contains ``text``.</doc>
<status status="PASS" start="2024-05-03T11:38:24.530605" elapsed="2.800415"/>
</kw>
<tag>TC-PMS-005</tag>
<status status="PASS" start="2024-05-03T11:38:13.376896" elapsed="13.954549"/>
</test>
<test id="s1-t3" name="Verify the clinician Home Page" line="26">
<kw name="Enter OTP and Submit it" owner="lumate1Resource">
<kw name="Wait for OTP Email" owner="lumate1Resource">
<kw name="Open Mailbox" owner="ImapLibrary2">
<arg>host=${EMAIL_SERVER}</arg>
<arg>user=${EMAIL_USERNAME}</arg>
<arg>password=${EMAIL_PASSWORD}</arg>
<doc>Open IMAP email client session to given ``host`` with given ``user`` and ``password``.</doc>
<status status="PASS" start="2024-05-03T11:38:27.334049" elapsed="1.234297"/>
</kw>
<kw name="Wait For Email" owner="ImapLibrary2">
<msg time="2024-05-03T11:38:29.098135" level="INFO">${email_index} = 2563</msg>
<var>${email_index}</var>
<arg>sender=${SENDER_USERNAME}</arg>
<arg>status=UNSEEN</arg>
<arg>timeout=300</arg>
<doc>Wait for email message to arrived base on any given filter criteria.
Returns email index of the latest email message received.</doc>
<status status="PASS" start="2024-05-03T11:38:28.569592" elapsed="0.528749"/>
</kw>
<kw name="Get Email Body" owner="ImapLibrary2">
<msg time="2024-05-03T11:38:29.504911" level="INFO">${email_body} = &lt;html xmlns="http://www.w3.org/1999/xhtml" xmlns:o="urn:schemas-microsoft-com:office:office" xmlns:v="urn:schemas-microsoft-com:vml" lang="en"&gt;&lt;head&gt;
&lt;meta http-equiv="Content-Type" content="text/htm...</msg>
<var>${email_body}</var>
<arg>${email_index}</arg>
<doc>Returns the decoded email body on multipart email message,
otherwise returns the body text.</doc>
<status status="PASS" start="2024-05-03T11:38:29.099555" elapsed="0.405558"/>
</kw>
<kw name="Get Regexp Matches" owner="String">
<msg time="2024-05-03T11:38:29.509497" level="INFO">${otp} = ['353454', '000000', '353454', '361158', '353454', '353454', '000000', '353454', '353454', '353454', '353454', '353454', '353454', '353454', '353454', '353454', '353454']</msg>
<var>${otp}</var>
<arg>${email_body}</arg>
<arg>\\b\\d{6}\\b</arg>
<doc>Returns a list of all non-overlapping matches in the given string.</doc>
<status status="PASS" start="2024-05-03T11:38:29.505908" elapsed="0.003738"/>
</kw>
<kw name="Delete Email" owner="ImapLibrary2">
<arg>${email_index}</arg>
<doc>Delete email on given ``email_index``.</doc>
<status status="PASS" start="2024-05-03T11:38:29.510317" elapsed="0.636953"/>
</kw>
<kw name="Log" owner="BuiltIn">
<msg time="2024-05-03T11:38:30.149164" level="INFO">OTP received: ['353454', '000000', '353454', '361158', '353454', '353454', '000000', '353454', '353454', '353454', '353454', '353454', '353454', '353454', '353454', '353454', '353454']</msg>
<arg>OTP received: ${otp}</arg>
<doc>Logs the given message with the given level.</doc>
<status status="PASS" start="2024-05-03T11:38:30.148283" elapsed="0.001125"/>
</kw>
<return>
<value>${otp}[3]</value>
<status status="PASS" start="2024-05-03T11:38:30.149783" elapsed="0.000368"/>
</return>
<msg time="2024-05-03T11:38:30.151408" level="INFO">${otp} = 361158</msg>
<var>${otp}</var>
<status status="PASS" start="2024-05-03T11:38:27.333474" elapsed="2.818066"/>
</kw>
<kw name="Copy To Clipboard" owner="CustomKeywords">
<arg>${otp}</arg>
<status status="PASS" start="2024-05-03T11:38:30.152215" elapsed="0.022891"/>
</kw>
<kw name="Wait Until Element Is Visible" owner="SeleniumLibrary">
<arg>${OTP_CLICK}</arg>
<arg>15s</arg>
<doc>Waits until the element ``locator`` is visible.</doc>
<status status="PASS" start="2024-05-03T11:38:30.178872" elapsed="0.039839"/>
</kw>
<kw name="Click Element" owner="SeleniumLibrary">
<msg time="2024-05-03T11:38:30.219427" level="INFO">Clicking element 'xpath://*[@class="information-text resend-otp m-auto p-t-10"]'.</msg>
<arg>${OTP_CLICK}</arg>
<doc>Click the element identified by ``locator``.</doc>
<status status="PASS" start="2024-05-03T11:38:30.219073" elapsed="0.037946"/>
</kw>
<kw name="Wait Until Element Is Visible" owner="SeleniumLibrary">
<arg>${OTP_PAGE}</arg>
<arg>${TIMEOUT}</arg>
<doc>Waits until the element ``locator`` is visible.</doc>
<status status="PASS" start="2024-05-03T11:38:30.257396" elapsed="0.018693"/>
</kw>
<kw name="Wait Until Element Is Visible" owner="SeleniumLibrary">
<arg>${OTP_PMS}</arg>
<arg>${TIMEOUT}</arg>
<doc>Waits until the element ``locator`` is visible.</doc>
<status status="PASS" start="2024-05-03T11:38:30.276413" elapsed="0.021042"/>
</kw>
<kw name="Press Keys" owner="SeleniumLibrary">
<msg time="2024-05-03T11:38:30.298294" level="INFO">Sending key(s) ('CTRL+V',) to xpath://*[@class="otp-input ng-pristine ng-valid ng-star-inserted ng-touched"] element.</msg>
<msg time="2024-05-03T11:38:30.304780" level="INFO">Pressing special key CONTROL down.</msg>
<msg time="2024-05-03T11:38:30.304890" level="INFO">Sending key V</msg>
<msg time="2024-05-03T11:38:30.304995" level="INFO">Releasing special key CONTROL.</msg>
<arg>${OTP_PMS}</arg>
<arg>CTRL+V</arg>
<doc>Simulates the user pressing key(s) to an element or on the active browser.</doc>
<status status="PASS" start="2024-05-03T11:38:30.297798" elapsed="0.319336"/>
</kw>
<kw name="Click Button" owner="SeleniumLibrary">
<msg time="2024-05-03T11:38:30.617828" level="INFO">Clicking button 'xpath://*[@class="mat-focus-indicator auth-form-btn mat-flat-button mat-button-base mat-primary"]'.</msg>
<arg>${VALIDATE_OTP}</arg>
<doc>Clicks the button identified by ``locator``.</doc>
<status status="PASS" start="2024-05-03T11:38:30.617511" elapsed="0.070673"/>
</kw>
<kw name="Wait Until Element Is Visible" owner="SeleniumLibrary">
<kw name="Capture Page Screenshot" owner="SeleniumLibrary">
<msg time="2024-05-03T11:38:33.253603" level="FAIL">NoSuchWindowException: Message: no such window: target window already closed
from unknown error: web view not found
  (Session info: chrome=124.0.6367.118)
</msg>
<doc>Takes a screenshot of the current page and embeds it into a log file.</doc>
<status status="FAIL" start="2024-05-03T11:38:33.250600" elapsed="0.102008">NoSuchWindowException: Message: no such window: target window already closed
from unknown error: web view not found
  (Session info: chrome=124.0.6367.118)
</status>
</kw>
<msg time="2024-05-03T11:38:33.352784" level="WARN">Keyword 'Capture Page Screenshot' could not be run on failure: NoSuchWindowException: Message: no such window: target window already closed
from unknown error: web view not found
  (Session info: chrome=124.0.6367.118)
</msg>
<msg time="2024-05-03T11:38:33.353220" level="FAIL">NoSuchWindowException: Message: no such window: target window already closed
from unknown error: web view not found
  (Session info: chrome=124.0.6367.118)
</msg>
<arg>${HOMEPAGE_PMS}</arg>
<doc>Waits until the element ``locator`` is visible.</doc>
<status status="FAIL" start="2024-05-03T11:38:30.688541" elapsed="2.665092">NoSuchWindowException: Message: no such window: target window already closed
from unknown error: web view not found
  (Session info: chrome=124.0.6367.118)
</status>
</kw>
<status status="FAIL" start="2024-05-03T11:38:27.332819" elapsed="6.021186">NoSuchWindowException: Message: no such window: target window already closed
from unknown error: web view not found
  (Session info: chrome=124.0.6367.118)
</status>
</kw>
<kw name="Wait Until Element Is Visible" owner="SeleniumLibrary">
<arg>${TO-DO_HOME}</arg>
<arg>${TIMEOUT}</arg>
<doc>Waits until the element ``locator`` is visible.</doc>
<status status="NOT RUN" start="2024-05-03T11:38:33.354505" elapsed="0.000084"/>
</kw>
<kw name="Element Should Contain" owner="SeleniumLibrary">
<arg>${TO-DO_HOME}</arg>
<arg>TO DO's</arg>
<doc>Verifies that element ``locator`` contains text ``expected``.</doc>
<status status="NOT RUN" start="2024-05-03T11:38:33.355138" elapsed="0.000114"/>
</kw>
<kw name="Element Should Contain" owner="SeleniumLibrary">
<arg>${APPOINTMENT_HOME}</arg>
<arg>Appointments</arg>
<doc>Verifies that element ``locator`` contains text ``expected``.</doc>
<status status="NOT RUN" start="2024-05-03T11:38:33.355765" elapsed="0.000098"/>
</kw>
<tag>TC-APP-001</tag>
<status status="FAIL" start="2024-05-03T11:38:27.331998" elapsed="6.024396">NoSuchWindowException: Message: no such window: target window already closed
from unknown error: web view not found
  (Session info: chrome=124.0.6367.118)
</status>
</test>
<test id="s1-t4" name="Verify the Calender &amp; appointments screen" line="33">
<kw name="Wait Until the Update Icon Disappear" owner="lumate1Resource">
<kw name="Wait Until Element Is Not Visible" owner="SeleniumLibrary">
<kw name="Capture Page Screenshot" owner="SeleniumLibrary">
<msg time="2024-05-03T11:38:33.365719" level="FAIL">NoSuchWindowException: Message: no such window: target window already closed
from unknown error: web view not found
  (Session info: chrome=124.0.6367.118)
</msg>
<doc>Takes a screenshot of the current page and embeds it into a log file.</doc>
<status status="FAIL" start="2024-05-03T11:38:33.362385" elapsed="0.003806">NoSuchWindowException: Message: no such window: target window already closed
from unknown error: web view not found
  (Session info: chrome=124.0.6367.118)
</status>
</kw>
<msg time="2024-05-03T11:38:33.366417" level="WARN">Keyword 'Capture Page Screenshot' could not be run on failure: NoSuchWindowException: Message: no such window: target window already closed
from unknown error: web view not found
  (Session info: chrome=124.0.6367.118)
</msg>
<msg time="2024-05-03T11:38:33.367471" level="FAIL">NoSuchWindowException: Message: no such window: target window already closed
from unknown error: web view not found
  (Session info: chrome=124.0.6367.118)
</msg>
<arg>${UpdateIcon}</arg>
<arg>${TIMEOUT_40}</arg>
<doc>Waits until the element ``locator`` is not visible.</doc>
<status status="FAIL" start="2024-05-03T11:38:33.359780" elapsed="0.008080">NoSuchWindowException: Message: no such window: target window already closed
from unknown error: web view not found
  (Session info: chrome=124.0.6367.118)
</status>
</kw>
<status status="FAIL" start="2024-05-03T11:38:33.359015" elapsed="0.009069">NoSuchWindowException: Message: no such window: target window already closed
from unknown error: web view not found
  (Session info: chrome=124.0.6367.118)
</status>
</kw>
<kw name="Click Element" owner="SeleniumLibrary">
<arg>${APPOINTMENT_SEC}</arg>
<doc>Click the element identified by ``locator``.</doc>
<status status="NOT RUN" start="2024-05-03T11:38:33.368407" elapsed="0.000052"/>
</kw>
<kw name="Wait Until the Update Icon Disappear" owner="lumate1Resource">
<status status="NOT RUN" start="2024-05-03T11:38:33.368766" elapsed="0.000049"/>
</kw>
<kw name="verify elements of TC-APP-002 visible or not" owner="lumate1Resource">
<status status="NOT RUN" start="2024-05-03T11:38:33.369145" elapsed="0.000047"/>
</kw>
<kw name="Wait Until the Update Icon Disappear" owner="lumate1Resource">
<status status="NOT RUN" start="2024-05-03T11:38:33.369417" elapsed="0.000044"/>
</kw>
<tag>TC-APP-002</tag>
<status status="FAIL" start="2024-05-03T11:38:33.357152" elapsed="0.012553">NoSuchWindowException: Message: no such window: target window already closed
from unknown error: web view not found
  (Session info: chrome=124.0.6367.118)
</status>
</test>
<test id="s1-t5" name="Verify the create an appointment button" line="41">
<kw name="Click Element" owner="SeleniumLibrary" type="SETUP">
<msg time="2024-05-03T11:38:33.371183" level="INFO">Clicking element 'xpath://*[@class="menu overflow-hidden"]/ul/div[1]/li[3]'.</msg>
<kw name="Capture Page Screenshot" owner="SeleniumLibrary">
<msg time="2024-05-03T11:38:33.380344" level="FAIL">NoSuchWindowException: Message: no such window: target window already closed
from unknown error: web view not found
  (Session info: chrome=124.0.6367.118)
</msg>
<doc>Takes a screenshot of the current page and embeds it into a log file.</doc>
<status status="FAIL" start="2024-05-03T11:38:33.374041" elapsed="0.007111">NoSuchWindowException: Message: no such window: target window already closed
from unknown error: web view not found
  (Session info: chrome=124.0.6367.118)
</status>
</kw>
<msg time="2024-05-03T11:38:33.381298" level="WARN">Keyword 'Capture Page Screenshot' could not be run on failure: NoSuchWindowException: Message: no such window: target window already closed
from unknown error: web view not found
  (Session info: chrome=124.0.6367.118)
</msg>
<msg time="2024-05-03T11:38:33.381610" level="FAIL">NoSuchWindowException: Message: no such window: target window already closed
from unknown error: web view not found
  (Session info: chrome=124.0.6367.118)
</msg>
<arg>${HOME_SEC}</arg>
<doc>Click the element identified by ``locator``.</doc>
<status status="FAIL" start="2024-05-03T11:38:33.370870" elapsed="0.011042">NoSuchWindowException: Message: no such window: target window already closed
from unknown error: web view not found
  (Session info: chrome=124.0.6367.118)
</status>
</kw>
<tag>TC-APP-003</tag>
<status status="FAIL" start="2024-05-03T11:38:33.370109" elapsed="0.012194">Setup failed:
NoSuchWindowException: Message: no such window: target window already closed
from unknown error: web view not found
  (Session info: chrome=124.0.6367.118)
</status>
</test>
<test id="s1-t6" name="Verify View Patient" line="46">
<kw name="Click Element" owner="SeleniumLibrary" type="SETUP">
<msg time="2024-05-03T11:38:33.383725" level="INFO">Clicking element 'xpath://*[@class="menu overflow-hidden"]/ul/div[1]/li[3]'.</msg>
<kw name="Capture Page Screenshot" owner="SeleniumLibrary">
<msg time="2024-05-03T11:38:33.389125" level="FAIL">NoSuchWindowException: Message: no such window: target window already closed
from unknown error: web view not found
  (Session info: chrome=124.0.6367.118)
</msg>
<doc>Takes a screenshot of the current page and embeds it into a log file.</doc>
<status status="FAIL" start="2024-05-03T11:38:33.386226" elapsed="0.003393">NoSuchWindowException: Message: no such window: target window already closed
from unknown error: web view not found
  (Session info: chrome=124.0.6367.118)
</status>
</kw>
<msg time="2024-05-03T11:38:33.389760" level="WARN">Keyword 'Capture Page Screenshot' could not be run on failure: NoSuchWindowException: Message: no such window: target window already closed
from unknown error: web view not found
  (Session info: chrome=124.0.6367.118)
</msg>
<msg time="2024-05-03T11:38:33.390091" level="FAIL">NoSuchWindowException: Message: no such window: target window already closed
from unknown error: web view not found
  (Session info: chrome=124.0.6367.118)
</msg>
<arg>${HOME_SEC}</arg>
<doc>Click the element identified by ``locator``.</doc>
<status status="FAIL" start="2024-05-03T11:38:33.383367" elapsed="0.007038">NoSuchWindowException: Message: no such window: target window already closed
from unknown error: web view not found
  (Session info: chrome=124.0.6367.118)
</status>
</kw>
<tag>TC-PCV-001</tag>
<status status="FAIL" start="2024-05-03T11:38:33.382754" elapsed="0.008336">Setup failed:
NoSuchWindowException: Message: no such window: target window already closed
from unknown error: web view not found
  (Session info: chrome=124.0.6367.118)
</status>
</test>
<test id="s1-t7" name="Verify Edit Patient" line="52">
<kw name="Click Element" owner="SeleniumLibrary" type="SETUP">
<msg time="2024-05-03T11:38:33.393407" level="INFO">Clicking element 'xpath://*[@class="menu overflow-hidden"]/ul/div[1]/li[3]'.</msg>
<kw name="Capture Page Screenshot" owner="SeleniumLibrary">
<msg time="2024-05-03T11:38:33.398589" level="FAIL">NoSuchWindowException: Message: no such window: target window already closed
from unknown error: web view not found
  (Session info: chrome=124.0.6367.118)
</msg>
<doc>Takes a screenshot of the current page and embeds it into a log file.</doc>
<status status="FAIL" start="2024-05-03T11:38:33.394973" elapsed="0.004561">NoSuchWindowException: Message: no such window: target window already closed
from unknown error: web view not found
  (Session info: chrome=124.0.6367.118)
</status>
</kw>
<msg time="2024-05-03T11:38:33.399771" level="WARN">Keyword 'Capture Page Screenshot' could not be run on failure: NoSuchWindowException: Message: no such window: target window already closed
from unknown error: web view not found
  (Session info: chrome=124.0.6367.118)
</msg>
<msg time="2024-05-03T11:38:33.400027" level="FAIL">NoSuchWindowException: Message: no such window: target window already closed
from unknown error: web view not found
  (Session info: chrome=124.0.6367.118)
</msg>
<arg>${HOME_SEC}</arg>
<doc>Click the element identified by ``locator``.</doc>
<status status="FAIL" start="2024-05-03T11:38:33.392780" elapsed="0.007435">NoSuchWindowException: Message: no such window: target window already closed
from unknown error: web view not found
  (Session info: chrome=124.0.6367.118)
</status>
</kw>
<tag>TC-PCV-002</tag>
<status status="FAIL" start="2024-05-03T11:38:33.392067" elapsed="0.008424">Setup failed:
NoSuchWindowException: Message: no such window: target window already closed
from unknown error: web view not found
  (Session info: chrome=124.0.6367.118)
</status>
</test>
<test id="s1-t8" name="Verify the Basic details screen given under the Demographic section" line="60">
<kw name="Click Element" owner="SeleniumLibrary" type="SETUP">
<msg time="2024-05-03T11:38:33.402230" level="INFO">Clicking element 'xpath://*[@class="menu overflow-hidden"]/ul/div[1]/li[3]'.</msg>
<kw name="Capture Page Screenshot" owner="SeleniumLibrary">
<msg time="2024-05-03T11:38:33.406654" level="FAIL">NoSuchWindowException: Message: no such window: target window already closed
from unknown error: web view not found
  (Session info: chrome=124.0.6367.118)
</msg>
<doc>Takes a screenshot of the current page and embeds it into a log file.</doc>
<status status="FAIL" start="2024-05-03T11:38:33.403578" elapsed="0.003330">NoSuchWindowException: Message: no such window: target window already closed
from unknown error: web view not found
  (Session info: chrome=124.0.6367.118)
</status>
</kw>
<msg time="2024-05-03T11:38:33.406998" level="WARN">Keyword 'Capture Page Screenshot' could not be run on failure: NoSuchWindowException: Message: no such window: target window already closed
from unknown error: web view not found
  (Session info: chrome=124.0.6367.118)
</msg>
<msg time="2024-05-03T11:38:33.407234" level="FAIL">NoSuchWindowException: Message: no such window: target window already closed
from unknown error: web view not found
  (Session info: chrome=124.0.6367.118)
</msg>
<arg>${HOME_SEC}</arg>
<doc>Click the element identified by ``locator``.</doc>
<status status="FAIL" start="2024-05-03T11:38:33.401943" elapsed="0.005514">NoSuchWindowException: Message: no such window: target window already closed
from unknown error: web view not found
  (Session info: chrome=124.0.6367.118)
</status>
</kw>
<tag>TC-PCV-003</tag>
<status status="FAIL" start="2024-05-03T11:38:33.400897" elapsed="0.006827">Setup failed:
NoSuchWindowException: Message: no such window: target window already closed
from unknown error: web view not found
  (Session info: chrome=124.0.6367.118)
</status>
</test>
<test id="s1-t9" name="Verify billing tab" line="69">
<kw name="Click Element" owner="SeleniumLibrary" type="SETUP">
<msg time="2024-05-03T11:38:33.408789" level="INFO">Clicking element 'xpath://*[@class="menu overflow-hidden"]/ul/div[1]/li[3]'.</msg>
<kw name="Capture Page Screenshot" owner="SeleniumLibrary">
<msg time="2024-05-03T11:38:33.413062" level="FAIL">NoSuchWindowException: Message: no such window: target window already closed
from unknown error: web view not found
  (Session info: chrome=124.0.6367.118)
</msg>
<doc>Takes a screenshot of the current page and embeds it into a log file.</doc>
<status status="FAIL" start="2024-05-03T11:38:33.410233" elapsed="0.003487">NoSuchWindowException: Message: no such window: target window already closed
from unknown error: web view not found
  (Session info: chrome=124.0.6367.118)
</status>
</kw>
<msg time="2024-05-03T11:38:33.414111" level="WARN">Keyword 'Capture Page Screenshot' could not be run on failure: NoSuchWindowException: Message: no such window: target window already closed
from unknown error: web view not found
  (Session info: chrome=124.0.6367.118)
</msg>
<msg time="2024-05-03T11:38:33.414505" level="FAIL">NoSuchWindowException: Message: no such window: target window already closed
from unknown error: web view not found
  (Session info: chrome=124.0.6367.118)
</msg>
<arg>${HOME_SEC}</arg>
<doc>Click the element identified by ``locator``.</doc>
<status status="FAIL" start="2024-05-03T11:38:33.408513" elapsed="0.006260">NoSuchWindowException: Message: no such window: target window already closed
from unknown error: web view not found
  (Session info: chrome=124.0.6367.118)
</status>
</kw>
<tag>TC-PCV-004</tag>
<status status="FAIL" start="2024-05-03T11:38:33.408076" elapsed="0.007019">Setup failed:
NoSuchWindowException: Message: no such window: target window already closed
from unknown error: web view not found
  (Session info: chrome=124.0.6367.118)
</status>
</test>
<test id="s1-t10" name="Change billing status" line="82">
<kw name="Wait Until the Update Icon Disappear" owner="lumate1Resource">
<kw name="Wait Until Element Is Not Visible" owner="SeleniumLibrary">
<kw name="Capture Page Screenshot" owner="SeleniumLibrary">
<msg time="2024-05-03T11:38:33.420862" level="FAIL">NoSuchWindowException: Message: no such window: target window already closed
from unknown error: web view not found
  (Session info: chrome=124.0.6367.118)
</msg>
<doc>Takes a screenshot of the current page and embeds it into a log file.</doc>
<status status="FAIL" start="2024-05-03T11:38:33.418595" elapsed="0.002687">NoSuchWindowException: Message: no such window: target window already closed
from unknown error: web view not found
  (Session info: chrome=124.0.6367.118)
</status>
</kw>
<msg time="2024-05-03T11:38:33.421403" level="WARN">Keyword 'Capture Page Screenshot' could not be run on failure: NoSuchWindowException: Message: no such window: target window already closed
from unknown error: web view not found
  (Session info: chrome=124.0.6367.118)
</msg>
<msg time="2024-05-03T11:38:33.421647" level="FAIL">NoSuchWindowException: Message: no such window: target window already closed
from unknown error: web view not found
  (Session info: chrome=124.0.6367.118)
</msg>
<arg>${UpdateIcon}</arg>
<arg>${TIMEOUT_40}</arg>
<doc>Waits until the element ``locator`` is not visible.</doc>
<status status="FAIL" start="2024-05-03T11:38:33.416668" elapsed="0.005285">NoSuchWindowException: Message: no such window: target window already closed
from unknown error: web view not found
  (Session info: chrome=124.0.6367.118)
</status>
</kw>
<status status="FAIL" start="2024-05-03T11:38:33.416121" elapsed="0.006094">NoSuchWindowException: Message: no such window: target window already closed
from unknown error: web view not found
  (Session info: chrome=124.0.6367.118)
</status>
</kw>
<kw name="Changing status of billing to ready to bill" owner="lumate1Resource">
<status status="NOT RUN" start="2024-05-03T11:38:33.423082" elapsed="0.000117"/>
</kw>
<tag>TC-PCV-005</tag>
<status status="FAIL" start="2024-05-03T11:38:33.415589" elapsed="0.007926">NoSuchWindowException: Message: no such window: target window already closed
from unknown error: web view not found
  (Session info: chrome=124.0.6367.118)
</status>
</test>
<status status="FAIL" start="2024-05-03T11:37:59.196942" elapsed="34.227400"/>
</suite>
<statistics>
<total>
<stat pass="2" fail="8" skip="0">All Tests</stat>
</total>
<tag>
<stat pass="0" fail="1" skip="0">TC-APP-001</stat>
<stat pass="0" fail="1" skip="0">TC-APP-002</stat>
<stat pass="0" fail="1" skip="0">TC-APP-003</stat>
<stat pass="0" fail="1" skip="0">TC-PCV-001</stat>
<stat pass="0" fail="1" skip="0">TC-PCV-002</stat>
<stat pass="0" fail="1" skip="0">TC-PCV-003</stat>
<stat pass="0" fail="1" skip="0">TC-PCV-004</stat>
<stat pass="0" fail="1" skip="0">TC-PCV-005</stat>
<stat pass="1" fail="0" skip="0">TC-PMS-001</stat>
<stat pass="1" fail="0" skip="0">TC-PMS-005</stat>
</tag>
<suite>
<stat pass="2" fail="8" skip="0" id="s1" name="lumate1Test">lumate1Test</stat>
</suite>
</statistics>
<errors>
<msg time="2024-05-03T11:38:33.352784" level="WARN">Keyword 'Capture Page Screenshot' could not be run on failure: NoSuchWindowException: Message: no such window: target window already closed
from unknown error: web view not found
  (Session info: chrome=124.0.6367.118)
</msg>
<msg time="2024-05-03T11:38:33.366417" level="WARN">Keyword 'Capture Page Screenshot' could not be run on failure: NoSuchWindowException: Message: no such window: target window already closed
from unknown error: web view not found
  (Session info: chrome=124.0.6367.118)
</msg>
<msg time="2024-05-03T11:38:33.381298" level="WARN">Keyword 'Capture Page Screenshot' could not be run on failure: NoSuchWindowException: Message: no such window: target window already closed
from unknown error: web view not found
  (Session info: chrome=124.0.6367.118)
</msg>
<msg time="2024-05-03T11:38:33.389760" level="WARN">Keyword 'Capture Page Screenshot' could not be run on failure: NoSuchWindowException: Message: no such window: target window already closed
from unknown error: web view not found
  (Session info: chrome=124.0.6367.118)
</msg>
<msg time="2024-05-03T11:38:33.399771" level="WARN">Keyword 'Capture Page Screenshot' could not be run on failure: NoSuchWindowException: Message: no such window: target window already closed
from unknown error: web view not found
  (Session info: chrome=124.0.6367.118)
</msg>
<msg time="2024-05-03T11:38:33.406998" level="WARN">Keyword 'Capture Page Screenshot' could not be run on failure: NoSuchWindowException: Message: no such window: target window already closed
from unknown error: web view not found
  (Session info: chrome=124.0.6367.118)
</msg>
<msg time="2024-05-03T11:38:33.414111" level="WARN">Keyword 'Capture Page Screenshot' could not be run on failure: NoSuchWindowException: Message: no such window: target window already closed
from unknown error: web view not found
  (Session info: chrome=124.0.6367.118)
</msg>
<msg time="2024-05-03T11:38:33.421403" level="WARN">Keyword 'Capture Page Screenshot' could not be run on failure: NoSuchWindowException: Message: no such window: target window already closed
from unknown error: web view not found
  (Session info: chrome=124.0.6367.118)
</msg>
</errors>
</robot>
