<?xml version="1.0" encoding="UTF-8"?>
<robot generator="Robot 7.0 (Python 3.8.10 on linux)" generated="2024-05-06T16:29:45.006879" rpa="false" schemaversion="5">
<suite id="s1" name="lumateTest" source="/home/ridham/PycharmProjects/LUMATE-AUTOMATION_POC/TestCases/lumateTest.robot">
<test id="s1-t1" name="Verify patient signup" line="17">
<kw name="Open LUMCARE url on browser" owner="lumate2Resource">
<kw name="Open Browser" owner="SeleniumLibrary">
<msg time="2024-05-06T16:29:45.138344" level="INFO">Opening browser 'chrome' to base url 'https://qa-lumacare.lumatehealth.com/#/authentication/login'.</msg>
<arg>url=${P_PORTAL_URL}</arg>
<arg>browser=${Browser}</arg>
<doc>Opens a new browser instance to the optional ``url``.</doc>
<status status="PASS" start="2024-05-06T16:29:45.138003" elapsed="3.797727"/>
</kw>
<kw name="Maximize Browser Window" owner="SeleniumLibrary">
<doc>Maximizes current browser window.</doc>
<status status="PASS" start="2024-05-06T16:29:48.936452" elapsed="0.009432"/>
</kw>
<kw name="Wait Until Element Is Visible" owner="SeleniumLibrary">
<arg>${LOGIN_PAGE_P_PORTAL}</arg>
<arg>15s</arg>
<doc>Waits until the element ``locator`` is visible.</doc>
<status status="PASS" start="2024-05-06T16:29:48.946144" elapsed="1.591579"/>
</kw>
<status status="PASS" start="2024-05-06T16:29:45.136972" elapsed="5.401477"/>
</kw>
<kw name="Fill the credentials and login" owner="lumate2Resource">
<kw name="Input Text" owner="SeleniumLibrary">
<msg time="2024-05-06T16:29:50.543795" level="INFO">Typing text 'robert.grigsby' into text field 'xpath://*[@id="ion-input-0"]'.</msg>
<arg>${USERNAME_PATH_P_PORTAL}</arg>
<arg>${USERNAME_P_PORTAL}</arg>
<doc>Types the given ``text`` into the text field identified by ``locator``.</doc>
<status status="PASS" start="2024-05-06T16:29:50.542447" elapsed="0.187256"/>
</kw>
<kw name="Input Text" owner="SeleniumLibrary">
<msg time="2024-05-06T16:29:50.730222" level="INFO">Typing text 'Test1234!' into text field 'xpath://*[@id="ion-input-1"]'.</msg>
<arg>${PASSWORD_PATH_P_PORTAL}</arg>
<arg>${PASSWORD_P_PORTAL}</arg>
<doc>Types the given ``text`` into the text field identified by ``locator``.</doc>
<status status="PASS" start="2024-05-06T16:29:50.729949" elapsed="0.092617"/>
</kw>
<kw name="Click Element" owner="SeleniumLibrary">
<msg time="2024-05-06T16:29:50.823339" level="INFO">Clicking element 'xpath://*[@class="form-check-input"]'.</msg>
<arg>${REMEMBER_ME}</arg>
<doc>Click the element identified by ``locator``.</doc>
<status status="PASS" start="2024-05-06T16:29:50.822976" elapsed="0.053186"/>
</kw>
<kw name="Wait Until Element Is Visible" owner="SeleniumLibrary">
<arg>${LOGIN_BTN}</arg>
<doc>Waits until the element ``locator`` is visible.</doc>
<status status="PASS" start="2024-05-06T16:29:50.876622" elapsed="0.021855"/>
</kw>
<kw name="Click Element" owner="SeleniumLibrary">
<msg time="2024-05-06T16:29:50.899176" level="INFO">Clicking element 'xpath://*[@class="btn-primary font-20 fw-bold b-r-50 he-68 w-100 overflow-hidden md button button-solid ion-activatable ion-focusable hydrated"]'.</msg>
<arg>${LOGIN_BTN}</arg>
<doc>Click the element identified by ``locator``.</doc>
<status status="PASS" start="2024-05-06T16:29:50.898842" elapsed="0.043523"/>
</kw>
<status status="PASS" start="2024-05-06T16:29:50.540397" elapsed="0.402148"/>
</kw>
<kw name="Enter OTP and Submit it" owner="lumate2Resource">
<kw name="Wait for OTP Email" owner="lumate2Resource">
<kw name="Open Mailbox" owner="ImapLibrary2">
<arg>host=${EMAIL_SERVER}</arg>
<arg>user=${EMAIL_USERNAME}</arg>
<arg>password=${EMAIL_PASSWORD}</arg>
<doc>Open IMAP email client session to given ``host`` with given ``user`` and ``password``.</doc>
<status status="PASS" start="2024-05-06T16:29:50.944325" elapsed="2.017276"/>
</kw>
<kw name="Wait For Email" owner="ImapLibrary2">
<msg time="2024-05-06T16:29:53.657868" level="INFO">${email_index} = 2760</msg>
<var>${email_index}</var>
<arg>sender=${SENDER_USERNAME}</arg>
<arg>status=UNSEEN</arg>
<arg>timeout=300</arg>
<doc>Wait for email message to arrived base on any given filter criteria.
Returns email index of the latest email message received.</doc>
<status status="PASS" start="2024-05-06T16:29:52.962417" elapsed="0.695644"/>
</kw>
<kw name="Get Email Body" owner="ImapLibrary2">
<msg time="2024-05-06T16:29:54.157323" level="INFO">${email_body} = &lt;html xmlns="http://www.w3.org/1999/xhtml" xmlns:o="urn:schemas-microsoft-com:office:office" xmlns:v="urn:schemas-microsoft-com:vml" lang="en"&gt;&lt;head&gt;
&lt;meta http-equiv="Content-Type" content="text/htm...</msg>
<var>${email_body}</var>
<arg>${email_index}</arg>
<doc>Returns the decoded email body on multipart email message,
otherwise returns the body text.</doc>
<status status="PASS" start="2024-05-06T16:29:53.659320" elapsed="0.498189"/>
</kw>
<kw name="Get Regexp Matches" owner="String">
<msg time="2024-05-06T16:29:54.162129" level="INFO">${otp} = ['353454', '000000', '353454', '251562', '353454', '353454', '000000', '353454', '353454', '353454', '353454', '353454', '353454', '353454', '353454', '353454', '353454']</msg>
<var>${otp}</var>
<arg>${email_body}</arg>
<arg>\\b\\d{6}\\b</arg>
<doc>Returns a list of all non-overlapping matches in the given string.</doc>
<status status="PASS" start="2024-05-06T16:29:54.158456" elapsed="0.003829"/>
</kw>
<kw name="Delete Email" owner="ImapLibrary2">
<arg>${email_index}</arg>
<doc>Delete email on given ``email_index``.</doc>
<status status="PASS" start="2024-05-06T16:29:54.162996" elapsed="0.843742"/>
</kw>
<kw name="Log" owner="BuiltIn">
<msg time="2024-05-06T16:29:55.008649" level="INFO">OTP received: ['353454', '000000', '353454', '251562', '353454', '353454', '000000', '353454', '353454', '353454', '353454', '353454', '353454', '353454', '353454', '353454', '353454']</msg>
<arg>OTP received: ${otp}</arg>
<doc>Logs the given message with the given level.</doc>
<status status="PASS" start="2024-05-06T16:29:55.007690" elapsed="0.001281"/>
</kw>
<return>
<value>${otp}[3]</value>
<status status="PASS" start="2024-05-06T16:29:55.009325" elapsed="0.000356"/>
</return>
<msg time="2024-05-06T16:29:55.010455" level="INFO">${otp} = 251562</msg>
<var>${otp}</var>
<status status="PASS" start="2024-05-06T16:29:50.943758" elapsed="4.066830"/>
</kw>
<kw name="Copy To Clipboard" owner="CustomKeywords">
<arg>${otp}</arg>
<status status="PASS" start="2024-05-06T16:29:55.011229" elapsed="0.020396"/>
</kw>
<kw name="Wait Until Element Is Enabled" owner="SeleniumLibrary">
<arg>${OTP_P_PORTAL}</arg>
<arg>${TIMEOUT}</arg>
<doc>Waits until the element ``locator`` is enabled.</doc>
<status status="PASS" start="2024-05-06T16:29:55.035636" elapsed="0.048989"/>
</kw>
<kw name="Press Keys" owner="SeleniumLibrary">
<msg time="2024-05-06T16:29:55.085499" level="INFO">Sending key(s) ('CTRL+V',) to xpath://*[@class="ng-otp-input-wrapper wrapper ng-star-inserted"] element.</msg>
<msg time="2024-05-06T16:29:55.092433" level="INFO">Pressing special key CONTROL down.</msg>
<msg time="2024-05-06T16:29:55.092541" level="INFO">Sending key V</msg>
<msg time="2024-05-06T16:29:55.092651" level="INFO">Releasing special key CONTROL.</msg>
<arg>${OTP_P_PORTAL}</arg>
<arg>CTRL+V</arg>
<doc>Simulates the user pressing key(s) to an element or on the active browser.</doc>
<status status="PASS" start="2024-05-06T16:29:55.084996" elapsed="0.320916"/>
</kw>
<kw name="Click Element" owner="SeleniumLibrary">
<msg time="2024-05-06T16:29:55.406531" level="INFO">Clicking element 'xpath://*[@class="btn-primary font-20 fw-bold b-r-50 he-68 w-100 overflow-hidden md button button-solid ion-activatable ion-focusable hydrated"]'.</msg>
<arg>${VALIDATE_OTP}</arg>
<doc>Click the element identified by ``locator``.</doc>
<status status="PASS" start="2024-05-06T16:29:55.406239" elapsed="0.038319"/>
</kw>
<kw name="Sleep" owner="BuiltIn">
<msg time="2024-05-06T16:29:57.445707" level="INFO">Slept 2 seconds.</msg>
<arg>2s</arg>
<doc>Pauses the test executed for the given time.</doc>
<status status="PASS" start="2024-05-06T16:29:55.444986" elapsed="2.001314"/>
</kw>
<kw name="Run Keyword And Return Status" owner="BuiltIn">
<kw name="Page Should Contain" owner="SeleniumLibrary">
<kw name="Capture Page Screenshot" owner="SeleniumLibrary">
<msg time="2024-05-06T16:29:57.897965" level="INFO" html="true">&lt;/td&gt;&lt;/tr&gt;&lt;tr&gt;&lt;td colspan="3"&gt;&lt;a href="selenium-screenshot-87.png"&gt;&lt;img src="selenium-screenshot-87.png" width="800px"&gt;&lt;/a&gt;</msg>
<doc>Takes a screenshot of the current page and embeds it into a log file.</doc>
<status status="PASS" start="2024-05-06T16:29:57.776057" elapsed="0.122023"/>
</kw>
<msg time="2024-05-06T16:29:57.898274" level="FAIL">Page should have contained text '//*[@class="toast message"]' but did not.</msg>
<arg>//*[@class="toast message"]</arg>
<doc>Verifies that current page contains ``text``.</doc>
<status status="FAIL" start="2024-05-06T16:29:57.449845" elapsed="0.448965">Page should have contained text '//*[@class="toast message"]' but did not.</status>
</kw>
<msg time="2024-05-06T16:29:57.898963" level="INFO">${error_exists} = False</msg>
<var>${error_exists}</var>
<arg>Page Should Contain</arg>
<arg>//*[@class="toast message"]</arg>
<doc>Runs the given keyword with given arguments and returns the status as a Boolean value.</doc>
<status status="PASS" start="2024-05-06T16:29:57.447795" elapsed="0.451198"/>
</kw>
<kw name="Run Keyword If" owner="BuiltIn">
<arg>${error_exists}</arg>
<arg>Enter OTP And Submit It</arg>
<doc>Runs the given keyword with the given arguments, if ``condition`` is true.</doc>
<status status="PASS" start="2024-05-06T16:29:57.899196" elapsed="0.000171"/>
</kw>
<kw name="Wait Until Element Is Visible" owner="SeleniumLibrary">
<kw name="Capture Page Screenshot" owner="SeleniumLibrary">
<msg time="2024-05-06T16:30:05.682096" level="FAIL">NoSuchWindowException: Message: no such window: target window already closed
from unknown error: web view not found
  (Session info: chrome=124.0.6367.118)
</msg>
<doc>Takes a screenshot of the current page and embeds it into a log file.</doc>
<status status="FAIL" start="2024-05-06T16:30:05.677451" elapsed="0.006811">NoSuchWindowException: Message: no such window: target window already closed
from unknown error: web view not found
  (Session info: chrome=124.0.6367.118)
</status>
</kw>
<msg time="2024-05-06T16:30:05.684521" level="WARN">Keyword 'Capture Page Screenshot' could not be run on failure: NoSuchWindowException: Message: no such window: target window already closed
from unknown error: web view not found
  (Session info: chrome=124.0.6367.118)
</msg>
<msg time="2024-05-06T16:30:05.685231" level="FAIL">NoSuchWindowException: Message: no such window: target window already closed
from unknown error: web view not found
  (Session info: chrome=124.0.6367.118)
</msg>
<arg>${SELECT_DEPENDENT}</arg>
<arg>15s</arg>
<doc>Waits until the element ``locator`` is visible.</doc>
<status status="FAIL" start="2024-05-06T16:29:57.899521" elapsed="7.786267">NoSuchWindowException: Message: no such window: target window already closed
from unknown error: web view not found
  (Session info: chrome=124.0.6367.118)
</status>
</kw>
<kw name="Click Element" owner="SeleniumLibrary">
<arg>${SELECT_DEPENDENT}</arg>
<doc>Click the element identified by ``locator``.</doc>
<status status="NOT RUN" start="2024-05-06T16:30:05.686379" elapsed="0.000119"/>
</kw>
<kw name="Wait Until the Update Icon Disappear" owner="lumate2Resource">
<status status="NOT RUN" start="2024-05-06T16:30:05.687240" elapsed="0.000253"/>
</kw>
<kw name="Wait Until Element Is Visible" owner="SeleniumLibrary">
<arg>${SKIP}</arg>
<arg>15s</arg>
<doc>Waits until the element ``locator`` is visible.</doc>
<status status="NOT RUN" start="2024-05-06T16:30:05.688071" elapsed="0.000118"/>
</kw>
<kw name="Click Element" owner="SeleniumLibrary">
<arg>${SKIP}</arg>
<doc>Click the element identified by ``locator``.</doc>
<status status="NOT RUN" start="2024-05-06T16:30:05.688662" elapsed="0.000122"/>
</kw>
<kw name="Wait Until the Update Icon Disappear" owner="lumate2Resource">
<status status="NOT RUN" start="2024-05-06T16:30:05.689268" elapsed="0.000101"/>
</kw>
<status status="FAIL" start="2024-05-06T16:29:50.943098" elapsed="14.746559">NoSuchWindowException: Message: no such window: target window already closed
from unknown error: web view not found
  (Session info: chrome=124.0.6367.118)
</status>
</kw>
<kw name="Wait Until Element Is Visible" owner="SeleniumLibrary">
<arg>${HOMEPAGE_P_PORTAL}</arg>
<arg>${TIMEOUT}</arg>
<doc>Waits until the element ``locator`` is visible.</doc>
<status status="NOT RUN" start="2024-05-06T16:30:05.691016" elapsed="0.000109"/>
</kw>
<tag>TC-PATIENT-001</tag>
<tag>test:retry(2)</tag>
<status status="FAIL" start="2024-05-06T16:29:45.136243" elapsed="20.555431">NoSuchWindowException: Message: no such window: target window already closed
from unknown error: web view not found
  (Session info: chrome=124.0.6367.118)
</status>
</test>
<test id="s1-t2" name="Add consent forms" line="24">
<kw name="Wait Until Element Is Visible" owner="SeleniumLibrary">
<kw name="Capture Page Screenshot" owner="SeleniumLibrary">
<msg time="2024-05-06T16:30:05.699346" level="FAIL">NoSuchWindowException: Message: no such window: target window already closed
from unknown error: web view not found
  (Session info: chrome=124.0.6367.118)
</msg>
<doc>Takes a screenshot of the current page and embeds it into a log file.</doc>
<status status="FAIL" start="2024-05-06T16:30:05.696483" elapsed="0.003355">NoSuchWindowException: Message: no such window: target window already closed
from unknown error: web view not found
  (Session info: chrome=124.0.6367.118)
</status>
</kw>
<msg time="2024-05-06T16:30:05.700483" level="WARN">Keyword 'Capture Page Screenshot' could not be run on failure: NoSuchWindowException: Message: no such window: target window already closed
from unknown error: web view not found
  (Session info: chrome=124.0.6367.118)
</msg>
<msg time="2024-05-06T16:30:05.700945" level="FAIL">NoSuchWindowException: Message: no such window: target window already closed
from unknown error: web view not found
  (Session info: chrome=124.0.6367.118)
</msg>
<arg>${VIEW_CONSENT}</arg>
<arg>${TIMEOUT}</arg>
<doc>Waits until the element ``locator`` is visible.</doc>
<status status="FAIL" start="2024-05-06T16:30:05.693736" elapsed="0.007591">NoSuchWindowException: Message: no such window: target window already closed
from unknown error: web view not found
  (Session info: chrome=124.0.6367.118)
</status>
</kw>
<kw name="Wait Until the Update Icon Disappear" owner="lumate2Resource">
<status status="NOT RUN" start="2024-05-06T16:30:05.701947" elapsed="0.000096"/>
</kw>
<kw name="Click Element" owner="SeleniumLibrary">
<arg>${VIEW_CONSENT}</arg>
<doc>Click the element identified by ``locator``.</doc>
<status status="NOT RUN" start="2024-05-06T16:30:05.702470" elapsed="0.000109"/>
</kw>
<kw name="Wait Until the Update Icon Disappear" owner="lumate2Resource">
<status status="NOT RUN" start="2024-05-06T16:30:05.703948" elapsed="0.000373"/>
</kw>
<kw name="Element Should Be Visible" owner="SeleniumLibrary">
<arg>${CONSENTS}</arg>
<doc>Verifies that the element identified by ``locator`` is visible.</doc>
<status status="NOT RUN" start="2024-05-06T16:30:05.705521" elapsed="0.000114"/>
</kw>
<tag>TC-PATIENT-002</tag>
<status status="FAIL" start="2024-05-06T16:30:05.692659" elapsed="0.013641">NoSuchWindowException: Message: no such window: target window already closed
from unknown error: web view not found
  (Session info: chrome=124.0.6367.118)
</status>
</test>
<test id="s1-t3" name="Bill payment" line="32">
<kw name="Wait Until the Update Icon Disappear" owner="lumate2Resource">
<kw name="Wait Until Element Is Not Visible" owner="SeleniumLibrary">
<kw name="Capture Page Screenshot" owner="SeleniumLibrary">
<msg time="2024-05-06T16:30:05.714521" level="FAIL">NoSuchWindowException: Message: no such window: target window already closed
from unknown error: web view not found
  (Session info: chrome=124.0.6367.118)
</msg>
<doc>Takes a screenshot of the current page and embeds it into a log file.</doc>
<status status="FAIL" start="2024-05-06T16:30:05.712131" elapsed="0.002853">NoSuchWindowException: Message: no such window: target window already closed
from unknown error: web view not found
  (Session info: chrome=124.0.6367.118)
</status>
</kw>
<msg time="2024-05-06T16:30:05.715174" level="WARN">Keyword 'Capture Page Screenshot' could not be run on failure: NoSuchWindowException: Message: no such window: target window already closed
from unknown error: web view not found
  (Session info: chrome=124.0.6367.118)
</msg>
<msg time="2024-05-06T16:30:05.715475" level="FAIL">NoSuchWindowException: Message: no such window: target window already closed
from unknown error: web view not found
  (Session info: chrome=124.0.6367.118)
</msg>
<arg>${UpdateIcon}</arg>
<arg>${TIMEOUT}</arg>
<doc>Waits until the element ``locator`` is not visible.</doc>
<status status="FAIL" start="2024-05-06T16:30:05.709426" elapsed="0.006320">NoSuchWindowException: Message: no such window: target window already closed
from unknown error: web view not found
  (Session info: chrome=124.0.6367.118)
</status>
</kw>
<status status="FAIL" start="2024-05-06T16:30:05.708589" elapsed="0.007356">NoSuchWindowException: Message: no such window: target window already closed
from unknown error: web view not found
  (Session info: chrome=124.0.6367.118)
</status>
</kw>
<kw name="Click Element" owner="SeleniumLibrary">
<arg>${HOME_SECTION}</arg>
<doc>Click the element identified by ``locator``.</doc>
<status status="NOT RUN" start="2024-05-06T16:30:05.716303" elapsed="0.000069"/>
</kw>
<kw name="Payment Of Clinician1" owner="lumate2Resource">
<status status="NOT RUN" start="2024-05-06T16:30:05.716804" elapsed="0.000092"/>
</kw>
<tag>TC-PATIENT-003</tag>
<status status="FAIL" start="2024-05-06T16:30:05.706965" elapsed="0.010330">NoSuchWindowException: Message: no such window: target window already closed
from unknown error: web view not found
  (Session info: chrome=124.0.6367.118)
</status>
</test>
<test id="s1-t4" name="Verify that the user is able to Log in to the Portal with correct credentials" line="40">
<kw name="Open PMS url on browser" owner="lumate1Resource">
<kw name="Open Browser" owner="SeleniumLibrary">
<msg time="2024-05-06T16:30:05.719844" level="INFO">Opening browser 'chrome' to base url 'https://qa-pms.lumatehealth.com/'.</msg>
<arg>url=${PMS_URL}</arg>
<arg>browser=${Browser}</arg>
<doc>Opens a new browser instance to the optional ``url``.</doc>
<status status="PASS" start="2024-05-06T16:30:05.719281" elapsed="5.160583"/>
</kw>
<kw name="Maximize Browser Window" owner="SeleniumLibrary">
<doc>Maximizes current browser window.</doc>
<status status="PASS" start="2024-05-06T16:30:10.881181" elapsed="0.010491"/>
</kw>
<kw name="Wait Until Element Is Visible" owner="SeleniumLibrary">
<kw name="Capture Page Screenshot" owner="SeleniumLibrary">
<msg time="2024-05-06T16:30:11.876785" level="FAIL">NoSuchWindowException: Message: no such window: target window already closed
from unknown error: web view not found
  (Session info: chrome=124.0.6367.118)
</msg>
<doc>Takes a screenshot of the current page and embeds it into a log file.</doc>
<status status="FAIL" start="2024-05-06T16:30:11.866304" elapsed="0.012789">NoSuchWindowException: Message: no such window: target window already closed
from unknown error: web view not found
  (Session info: chrome=124.0.6367.118)
</status>
</kw>
<msg time="2024-05-06T16:30:11.879559" level="WARN">Keyword 'Capture Page Screenshot' could not be run on failure: NoSuchWindowException: Message: no such window: target window already closed
from unknown error: web view not found
  (Session info: chrome=124.0.6367.118)
</msg>
<msg time="2024-05-06T16:30:11.880901" level="FAIL">NoSuchWindowException: Message: no such window: target window already closed
from unknown error: web view not found
  (Session info: chrome=124.0.6367.118)
</msg>
<arg>${LOGIN_PAGE_PMS}</arg>
<arg>15s</arg>
<doc>Waits until the element ``locator`` is visible.</doc>
<status status="FAIL" start="2024-05-06T16:30:10.892057" elapsed="0.990014">NoSuchWindowException: Message: no such window: target window already closed
from unknown error: web view not found
  (Session info: chrome=124.0.6367.118)
</status>
</kw>
<status status="FAIL" start="2024-05-06T16:30:05.718641" elapsed="6.164862">NoSuchWindowException: Message: no such window: target window already closed
from unknown error: web view not found
  (Session info: chrome=124.0.6367.118)
</status>
</kw>
<kw name="Fill the credentials and login" owner="lumate1Resource">
<status status="NOT RUN" start="2024-05-06T16:30:11.886152" elapsed="0.000382"/>
</kw>
<kw name="Close Browser" owner="SeleniumLibrary" type="TEARDOWN">
<doc>Closes the current browser.</doc>
<status status="PASS" start="2024-05-06T16:30:11.889020" elapsed="0.228018"/>
</kw>
<tag>TC-PMS-001</tag>
<status status="FAIL" start="2024-05-06T16:30:05.717775" elapsed="6.399772">NoSuchWindowException: Message: no such window: target window already closed
from unknown error: web view not found
  (Session info: chrome=124.0.6367.118)
</status>
</test>
<test id="s1-t5" name="Verify that the user gets redirected to enter OTP page when entered the correct credentials." line="46">
<kw name="Open PMS url on browser" owner="lumate1Resource">
<kw name="Open Browser" owner="SeleniumLibrary">
<msg time="2024-05-06T16:30:12.125209" level="INFO">Opening browser 'chrome' to base url 'https://qa-pms.lumatehealth.com/'.</msg>
<arg>url=${PMS_URL}</arg>
<arg>browser=${Browser}</arg>
<doc>Opens a new browser instance to the optional ``url``.</doc>
<status status="PASS" start="2024-05-06T16:30:12.123188" elapsed="4.504744"/>
</kw>
<kw name="Maximize Browser Window" owner="SeleniumLibrary">
<doc>Maximizes current browser window.</doc>
<status status="PASS" start="2024-05-06T16:30:16.628955" elapsed="0.003167"/>
</kw>
<kw name="Wait Until Element Is Visible" owner="SeleniumLibrary">
<kw name="Capture Page Screenshot" owner="SeleniumLibrary">
<msg time="2024-05-06T16:30:21.365554" level="FAIL">NoSuchWindowException: Message: no such window: target window already closed
from unknown error: web view not found
  (Session info: chrome=124.0.6367.118)
</msg>
<doc>Takes a screenshot of the current page and embeds it into a log file.</doc>
<status status="FAIL" start="2024-05-06T16:30:21.362909" elapsed="0.003145">NoSuchWindowException: Message: no such window: target window already closed
from unknown error: web view not found
  (Session info: chrome=124.0.6367.118)
</status>
</kw>
<msg time="2024-05-06T16:30:21.366200" level="WARN">Keyword 'Capture Page Screenshot' could not be run on failure: NoSuchWindowException: Message: no such window: target window already closed
from unknown error: web view not found
  (Session info: chrome=124.0.6367.118)
</msg>
<msg time="2024-05-06T16:30:21.366546" level="FAIL">NoSuchWindowException: Message: no such window: target window already closed
from unknown error: web view not found
  (Session info: chrome=124.0.6367.118)
</msg>
<arg>${LOGIN_PAGE_PMS}</arg>
<arg>15s</arg>
<doc>Waits until the element ``locator`` is visible.</doc>
<status status="FAIL" start="2024-05-06T16:30:16.632649" elapsed="4.734230">NoSuchWindowException: Message: no such window: target window already closed
from unknown error: web view not found
  (Session info: chrome=124.0.6367.118)
</status>
</kw>
<status status="FAIL" start="2024-05-06T16:30:12.121376" elapsed="9.245753">NoSuchWindowException: Message: no such window: target window already closed
from unknown error: web view not found
  (Session info: chrome=124.0.6367.118)
</status>
</kw>
<kw name="Fill the credentials and login" owner="lumate1Resource">
<status status="NOT RUN" start="2024-05-06T16:30:21.367647" elapsed="0.000062"/>
</kw>
<kw name="Wait Until Element Contains" owner="SeleniumLibrary">
<arg>${OTP_PAGE}</arg>
<arg>Almost There</arg>
<arg>${TIMEOUT}</arg>
<doc>Waits until the element ``locator`` contains ``text``.</doc>
<status status="NOT RUN" start="2024-05-06T16:30:21.367982" elapsed="0.000046"/>
</kw>
<tag>TC-PMS-005</tag>
<status status="FAIL" start="2024-05-06T16:30:12.119141" elapsed="9.249282">