<?xml version="1.0" encoding="UTF-8"?>
<robot generator="Robot 7.0 (Python 3.8.10 on linux)" generated="2024-06-06T11:27:17.561235" rpa="false" schemaversion="5">
<suite id="s1" name="lumateTest" source="/home/ridham/PycharmProjects/LUMATE-AUTOMATION_POC/TestCases/lumateTest.robot">
<test id="s1-t1" name="Verify that the user is able to Log in to the Portal with correct credentials" line="19">
<kw name="Open PMS url on browser" owner="lumate1Resource">
<kw name="Open Browser" owner="SeleniumLibrary">
<msg time="2024-06-06T11:27:17.953606" level="INFO">Opening browser 'chrome' to base url 'url = https://qa-pms.lumatehealth.com/'.</msg>
<kw name="Capture Page Screenshot" owner="SeleniumLibrary">
<msg time="2024-06-06T11:27:24.212064" level="INFO" html="true">&lt;/td&gt;&lt;/tr&gt;&lt;tr&gt;&lt;td colspan="3"&gt;&lt;a href="selenium-screenshot-14.png"&gt;&lt;img src="selenium-screenshot-14.png" width="800px"&gt;&lt;/a&gt;</msg>
<doc>Takes a screenshot of the current page and embeds it into a log file.</doc>
<status status="PASS" start="2024-06-06T11:27:24.022566" elapsed="0.190118"/>
</kw>
<msg time="2024-06-06T11:27:24.213504" level="FAIL">InvalidArgumentException: Message: invalid argument
  (Session info: chrome=125.0.6422.141)
</msg>
<arg>url = ${PMS_URL}</arg>
<arg>${Browser}</arg>
<doc>Opens a new browser instance to the optional ``url``.</doc>
<status status="FAIL" start="2024-06-06T11:27:17.952877" elapsed="6.422782">InvalidArgumentException: Message: invalid argument
  (Session info: chrome=125.0.6422.141)
</status>
</kw>
<kw name="Maximize Browser Window" owner="SeleniumLibrary">
<doc>Maximizes current browser window.</doc>
<status status="NOT RUN" start="2024-06-06T11:27:24.376657" elapsed="0.000167"/>
</kw>
<kw name="Wait Until Element Is Visible" owner="SeleniumLibrary">
<arg>${LOGIN_PAGE_PMS}</arg>
<arg>15s</arg>
<doc>Waits until the element ``locator`` is visible.</doc>
<status status="NOT RUN" start="2024-06-06T11:27:24.377455" elapsed="0.000136"/>
</kw>
<status status="FAIL" start="2024-06-06T11:27:17.951104" elapsed="6.427117">InvalidArgumentException: Message: invalid argument
  (Session info: chrome=125.0.6422.141)
</status>
</kw>
<kw name="Fill the credentials and login" owner="lumate1Resource">
<status status="NOT RUN" start="2024-06-06T11:27:24.380410" elapsed="0.000196"/>
</kw>
<kw name="Close Browser" owner="SeleniumLibrary" type="TEARDOWN">
<doc>Closes the current browser.</doc>
<status status="PASS" start="2024-06-06T11:27:24.382309" elapsed="0.172348"/>
</kw>
<tag>TC-PMS-001</tag>
<status status="FAIL" start="2024-06-06T11:27:17.949542" elapsed="6.605656">InvalidArgumentException: Message: invalid argument
  (Session info: chrome=125.0.6422.141)
</status>
</test>
<test id="s1-t2" name="Verify that the user gets redirected to enter OTP page when entered the correct credentials." line="25">
<kw name="Open PMS url on browser" owner="lumate1Resource">
<kw name="Open Browser" owner="SeleniumLibrary">
<msg time="2024-06-06T11:27:24.559869" level="INFO">Opening browser 'chrome' to base url 'url = https://qa-pms.lumatehealth.com/'.</msg>
<kw name="Capture Page Screenshot" owner="SeleniumLibrary">
<msg time="2024-06-06T11:27:26.304141" level="INFO" html="true">&lt;/td&gt;&lt;/tr&gt;&lt;tr&gt;&lt;td colspan="3"&gt;&lt;a href="selenium-screenshot-15.png"&gt;&lt;img src="selenium-screenshot-15.png" width="800px"&gt;&lt;/a&gt;</msg>
<doc>Takes a screenshot of the current page and embeds it into a log file.</doc>
<status status="PASS" start="2024-06-06T11:27:26.131892" elapsed="0.172463"/>
</kw>
<msg time="2024-06-06T11:27:26.304772" level="FAIL">InvalidArgumentException: Message: invalid argument
  (Session info: chrome=125.0.6422.141)
</msg>
<arg>url = ${PMS_URL}</arg>
<arg>${Browser}</arg>
<doc>Opens a new browser instance to the optional ``url``.</doc>
<status status="FAIL" start="2024-06-06T11:27:24.559146" elapsed="1.746015">InvalidArgumentException: Message: invalid argument
  (Session info: chrome=125.0.6422.141)
</status>
</kw>
<kw name="Maximize Browser Window" owner="SeleniumLibrary">
<doc>Maximizes current browser window.</doc>
<status status="NOT RUN" start="2024-06-06T11:27:26.305586" elapsed="0.000067"/>
</kw>
<kw name="Wait Until Element Is Visible" owner="SeleniumLibrary">
<arg>${LOGIN_PAGE_PMS}</arg>
<arg>15s</arg>
<doc>Waits until the element ``locator`` is visible.</doc>
<status status="NOT RUN" start="2024-06-06T11:27:26.305954" elapsed="0.000062"/>
</kw>
<status status="FAIL" start="2024-06-06T11:27:24.557747" elapsed="1.748539">InvalidArgumentException: Message: invalid argument
  (Session info: chrome=125.0.6422.141)
</status>
</kw>
<kw name="Fill the credentials and login" owner="lumate1Resource">
<status status="NOT RUN" start="2024-06-06T11:27:26.307177" elapsed="0.000142"/>
</kw>
<kw name="Wait Until Element Contains" owner="SeleniumLibrary">
<arg>${OTP_PAGE}</arg>
<arg>Almost There</arg>
<arg>${TIMEOUT}</arg>
<doc>Waits until the element ``locator`` contains ``text``.</doc>
<status status="NOT RUN" start="2024-06-06T11:27:26.307889" elapsed="0.000129"/>
</kw>
<tag>TC-PMS-005</tag>
<status status="FAIL" start="2024-06-06T11:27:24.556291" elapsed="1.752734">InvalidArgumentException: Message: invalid argument
  (Session info: chrome=125.0.6422.141)
</status>
</test>
<test id="s1-t3" name="Verify the clinician Home Page" line="31">
<kw name="Enter OTP and Submit it" owner="lumate1Resource">
<kw name="Wait for OTP Email" owner="lumate1Resource">
<kw name="Open Mailbox" owner="ImapLibrary2">
<arg>host=${EMAIL_SERVER}</arg>
<arg>user=${EMAIL_USERNAME}</arg>
<arg>password=${EMAIL_PASSWORD}</arg>
<doc>Open IMAP email client session to given ``host`` with given ``user`` and ``password``.</doc>
<status status="PASS" start="2024-06-06T11:27:26.313607" elapsed="1.818677"/>
</kw>
<kw name="Wait For Email" owner="ImapLibrary2">
<msg time="2024-06-06T11:32:28.612383" level="FAIL">No email received within 300s</msg>
<var>${email_index}</var>
<arg>sender=${SENDER_USERNAME}</arg>
<arg>status=UNSEEN</arg>
<arg>timeout=300</arg>
<doc>Wait for email message to arrived base on any given filter criteria.
Returns email index of the latest email message received.</doc>
<status status="FAIL" start="2024-06-06T11:27:28.132601" elapsed="300.492647">No email received within 300s</status>
</kw>
<kw name="Get Email Body" owner="ImapLibrary2">
<var>${email_body}</var>
<arg>${email_index}</arg>
<doc>Returns the decoded email body on multipart email message,
otherwise returns the body text.</doc>
<status status="NOT RUN" start="2024-06-06T11:32:28.626819" elapsed="0.000307"/>
</kw>
<kw name="Get Regexp Matches" owner="String">
<var>${otp}</var>
<arg>${email_body}</arg>
<arg>\\b\\d{6}\\b</arg>
<doc>Returns a list of all non-overlapping matches in the given string.</doc>
<status status="NOT RUN" start="2024-06-06T11:32:28.628479" elapsed="0.000264"/>
</kw>
<kw name="Delete Email" owner="ImapLibrary2">
<arg>${email_index}</arg>
<doc>Delete email on given ``email_index``.</doc>
<status status="NOT RUN" start="2024-06-06T11:32:28.629914" elapsed="0.000248"/>
</kw>
<kw name="Log" owner="BuiltIn">
<arg>OTP received: ${otp}</arg>
<doc>Logs the given message with the given level.</doc>
<status status="NOT RUN" start="2024-06-06T11:32:28.631407" elapsed="0.000235"/>
</kw>
<return>
<value>${otp}[3]</value>
<status status="NOT RUN" start="2024-06-06T11:32:28.632254" elapsed="0.000250"/>
</return>
<var>${otp}</var>
<status status="FAIL" start="2024-06-06T11:27:26.312963" elapsed="302.320291">No email received within 300s</status>
</kw>
<kw name="Copy To Clipboard" owner="CustomKeywords">
<arg>${otp}</arg>
<status status="NOT RUN" start="2024-06-06T11:32:28.634409" elapsed="0.000235"/>
</kw>
<kw name="Wait Until Element Is Visible" owner="SeleniumLibrary">
<arg>${OTP_CLICK}</arg>
<arg>15s</arg>
<doc>Waits until the element ``locator`` is visible.</doc>
<status status="NOT RUN" start="2024-06-06T11:32:28.635794" elapsed="0.000229"/>
</kw>
<kw name="Click Element" owner="SeleniumLibrary">
<arg>${OTP_CLICK}</arg>
<doc>Click the element identified by ``locator``.</doc>
<status status="NOT RUN" start="2024-06-06T11:32:28.637184" elapsed="0.000226"/>
</kw>
<kw name="Wait Until Element Is Visible" owner="SeleniumLibrary">
<arg>${OTP_PAGE}</arg>
<arg>${TIMEOUT}</arg>
<doc>Waits until the element ``locator`` is visible.</doc>
<status status="NOT RUN" start="2024-06-06T11:32:28.638793" elapsed="0.000269"/>
</kw>
<kw name="Wait Until Element Is Visible" owner="SeleniumLibrary">
<arg>${OTP_PMS}</arg>
<arg>${TIMEOUT}</arg>
<doc>Waits until the element ``locator`` is visible.</doc>
<status status="NOT RUN" start="2024-06-06T11:32:28.640331" elapsed="0.000243"/>
</kw>
<kw name="Press Keys" owner="SeleniumLibrary">
<arg>${OTP_PMS}</arg>
<arg>CTRL+V</arg>
<doc>Simulates the user pressing key(s) to an element or on the active browser.</doc>
<status status="NOT RUN" start="2024-06-06T11:32:28.641817" elapsed="0.000245"/>
</kw>
<kw name="Click Button" owner="SeleniumLibrary">
<arg>${VALIDATE_OTP_PMS}</arg>
<doc>Clicks the button identified by ``locator``.</doc>
<status status="NOT RUN" start="2024-06-06T11:32:28.643218" elapsed="0.000261"/>
</kw>
<kw name="Sleep" owner="BuiltIn">
<arg>2s</arg>
<doc>Pauses the test executed for the given time.</doc>
<status status="NOT RUN" start="2024-06-06T11:32:28.644669" elapsed="0.000259"/>
</kw>
<kw name="Run Keyword And Return Status" owner="BuiltIn">
<var>${error_exists}</var>
<arg>Page Should Contain</arg>
<arg>Incorrect OTP is provided. Try resending OTP.</arg>
<doc>Runs the given keyword with given arguments and returns the status as a Boolean value.</doc>
<status status="NOT RUN" start="2024-06-06T11:32:28.646372" elapsed="0.000287"/>
</kw>
<kw name="Run Keyword If" owner="BuiltIn">
<arg>${error_exists}</arg>
<arg>Enter OTP And Submit It</arg>
<doc>Runs the given keyword with the given arguments, if ``condition`` is true.</doc>
<status status="NOT RUN" start="2024-06-06T11:32:28.648072" elapsed="0.000313"/>
</kw>
<kw name="Wait Until Element Is Visible" owner="SeleniumLibrary">
<arg>${HOMEPAGE_PMS}</arg>
<doc>Waits until the element ``locator`` is visible.</doc>
<status status="NOT RUN" start="2024-06-06T11:32:28.649660" elapsed="0.000267"/>
</kw>
<status status="FAIL" start="2024-06-06T11:27:26.311600" elapsed="302.339181">No email received within 300s</status>
</kw>
<kw name="Wait Until Element Is Visible" owner="SeleniumLibrary">
<arg>${TO-DO_HOME}</arg>
<arg>${TIMEOUT}</arg>
<doc>Waits until the element ``locator`` is visible.</doc>
<status status="NOT RUN" start="2024-06-06T11:32:28.652372" elapsed="0.000261"/>
</kw>
<kw name="Element Should Contain" owner="SeleniumLibrary">
<arg>${TO-DO_HOME}</arg>
<arg>TO DO's</arg>
<doc>Verifies that element ``locator`` contains text ``expected``.</doc>
<status status="NOT RUN" start="2024-06-06T11:32:28.654123" elapsed="0.000260"/>
</kw>
<kw name="Element Should Contain" owner="SeleniumLibrary">
<arg>${APPOINTMENT_HOME}</arg>
<arg>Appointments</arg>
<doc>Verifies that element ``locator`` contains text ``expected``.</doc>
<status status="NOT RUN" start="2024-06-06T11:32:28.655805" elapsed="0.000243"/>
</kw>
<tag>TC-APP-001</tag>
<status status="FAIL" start="2024-06-06T11:27:26.310183" elapsed="302.347229">No email received within 300s</status>
</test>
<test id="s1-t4" name="Verify the Calender &amp; appointments screen" line="38">
<kw name="Click Element" owner="SeleniumLibrary">
<msg time="2024-06-06T11:32:28.665548" level="INFO">Clicking element '//*[@id="collapseSidemenu"]'.</msg>
<kw name="Capture Page Screenshot" owner="SeleniumLibrary">
<msg time="2024-06-06T11:32:28.798584" level="INFO" html="true">&lt;/td&gt;&lt;/tr&gt;&lt;tr&gt;&lt;td colspan="3"&gt;&lt;a href="selenium-screenshot-16.png"&gt;&lt;img src="selenium-screenshot-16.png" width="800px"&gt;&lt;/a&gt;</msg>
<doc>Takes a screenshot of the current page and embeds it into a log file.</doc>
<status status="PASS" start="2024-06-06T11:32:28.722026" elapsed="0.076719"/>
</kw>
<msg time="2024-06-06T11:32:28.798960" level="FAIL">Element with locator '//*[@id="collapseSidemenu"]' not found.</msg>
<arg>//*[@id="collapseSidemenu"]</arg>
<doc>Click the element identified by ``locator``.</doc>
<status status="FAIL" start="2024-06-06T11:32:28.664385" elapsed="0.160959">Element with locator '//*[@id="collapseSidemenu"]' not found.</status>
</kw>
<kw name="Wait Until the Update Icon Disappear" owner="lumate1Resource">
<status status="NOT RUN" start="2024-06-06T11:32:28.825935" elapsed="0.000129"/>
</kw>
<kw name="Click Element" owner="SeleniumLibrary">
<arg>${APPOINTMENT_SEC}</arg>
<doc>Click the element identified by ``locator``.</doc>
<status status="NOT RUN" start="2024-06-06T11:32:28.826476" elapsed="0.000089"/>
</kw>
<kw name="Wait Until the Update Icon Disappear" owner="lumate1Resource">
<status status="NOT RUN" start="2024-06-06T11:32:28.826950" elapsed="0.000064"/>
</kw>
<kw name="verify elements of TC-APP-002 visible or not" owner="lumate1Resource">
<status status="NOT RUN" start="2024-06-06T11:32:28.827521" elapsed="0.000084"/>
</kw>
<kw name="Wait Until the Update Icon Disappear" owner="lumate1Resource">
<status status="NOT RUN" start="2024-06-06T11:32:28.832495" elapsed="0.000100"/>
</kw>
<tag>TC-APP-002</tag>
<status status="FAIL" start="2024-06-06T11:32:28.661051" elapsed="0.171968">Element with locator '//*[@id="collapseSidemenu"]' not found.</status>
</test>
<test id="s1-t5" name="Verify the create an appointment button" line="47">
<kw name="Click Element" owner="SeleniumLibrary" type="SETUP">
<msg time="2024-06-06T11:32:28.834388" level="INFO">Clicking element 'xpath://*[@class="menu overflow-hidden"]/ul/div[1]/li[3]'.</msg>
<kw name="Capture Page Screenshot" owner="SeleniumLibrary">
<msg time="2024-06-06T11:32:28.972286" level="INFO" html="true">&lt;/td&gt;&lt;/tr&gt;&lt;tr&gt;&lt;td colspan="3"&gt;&lt;a href="selenium-screenshot-17.png"&gt;&lt;img src="selenium-screenshot-17.png" width="800px"&gt;&lt;/a&gt;</msg>
<doc>Takes a screenshot of the current page and embeds it into a log file.</doc>
<status status="PASS" start="2024-06-06T11:32:28.844606" elapsed="0.127848"/>
</kw>
<msg time="2024-06-06T11:32:28.972740" level="FAIL">Element with locator 'xpath://*[@class="menu overflow-hidden"]/ul/div[1]/li[3]' not found.</msg>
<arg>${HOME_SEC}</arg>
<doc>Click the element identified by ``locator``.</doc>
<status status="FAIL" start="2024-06-06T11:32:28.834067" elapsed="0.138889">Element with locator 'xpath://*[@class="menu overflow-hidden"]/ul/div[1]/li[3]' not found.</status>
</kw>
<tag>TC-APP-003</tag>
<status status="FAIL" start="2024-06-06T11:32:28.833493" elapsed="0.139790">Setup failed:
Element with locator 'xpath://*[@class="menu overflow-hidden"]/ul/div[1]/li[3]' not found.</status>
</test>
<test id="s1-t6" name="Verify View Patient" line="52">
<kw name="Click Element" owner="SeleniumLibrary" type="SETUP">
<msg time="2024-06-06T11:32:28.974783" level="INFO">Clicking element 'xpath://*[@class="menu overflow-hidden"]/ul/div[1]/li[3]'.</msg>
<kw name="Capture Page Screenshot" owner="SeleniumLibrary">
<msg time="2024-06-06T11:32:29.048862" level="INFO" html="true">&lt;/td&gt;&lt;/tr&gt;&lt;tr&gt;&lt;td colspan="3"&gt;&lt;a href="selenium-screenshot-18.png"&gt;&lt;img src="selenium-screenshot-18.png" width="800px"&gt;&lt;/a&gt;</msg>
<doc>Takes a screenshot of the current page and embeds it into a log file.</doc>
<status status="PASS" start="2024-06-06T11:32:28.984698" elapsed="0.064279"/>
</kw>
<msg time="2024-06-06T11:32:29.049156" level="FAIL">Element with locator 'xpath://*[@class="menu overflow-hidden"]/ul/div[1]/li[3]' not found.</msg>
<arg>${HOME_SEC}</arg>
<doc>Click the element identified by ``locator``.</doc>
<status status="FAIL" start="2024-06-06T11:32:28.974434" elapsed="0.074892">Element with locator 'xpath://*[@class="menu overflow-hidden"]/ul/div[1]/li[3]' not found.</status>
</kw>
<tag>TC-PCV-001</tag>
<status status="FAIL" start="2024-06-06T11:32:28.973658" elapsed="0.075899">Setup failed:
Element with locator 'xpath://*[@class="menu overflow-hidden"]/ul/div[1]/li[3]' not found.</status>
</test>
<test id="s1-t7" name="Verify Edit Patient" line="58">
<kw name="Click Element" owner="SeleniumLibrary" type="SETUP">
<msg time="2024-06-06T11:32:29.050482" level="INFO">Clicking element 'xpath://*[@class="menu overflow-hidden"]/ul/div[1]/li[3]'.</msg>
<kw name="Capture Page Screenshot" owner="SeleniumLibrary">
<msg time="2024-06-06T11:32:29.116737" level="INFO" html="true">&lt;/td&gt;&lt;/tr&gt;&lt;tr&gt;&lt;td colspan="3"&gt;&lt;a href="selenium-screenshot-19.png"&gt;&lt;img src="selenium-screenshot-19.png" width="800px"&gt;&lt;/a&gt;</msg>
<doc>Takes a screenshot of the current page and embeds it into a log file.</doc>
<status status="PASS" start="2024-06-06T11:32:29.058580" elapsed="0.058292"/>
</kw>
<msg time="2024-06-06T11:32:29.117063" level="FAIL">Element with locator 'xpath://*[@class="menu overflow-hidden"]/ul/div[1]/li[3]' not found.</msg>
<arg>${HOME_SEC}</arg>
<doc>Click the element identified by ``locator``.</doc>
<status status="FAIL" start="2024-06-06T11:32:29.050274" elapsed="0.066965">Element with locator 'xpath://*[@class="menu overflow-hidden"]/ul/div[1]/li[3]' not found.</status>
</kw>
<tag>TC-PCV-002</tag>
<status status="FAIL" start="2024-06-06T11:32:29.049854" elapsed="0.067695">Setup failed:
Element with locator 'xpath://*[@class="menu overflow-hidden"]/ul/div[1]/li[3]' not found.</status>
</test>
<test id="s1-t8" name="Verify the Basic details screen given under the Demographic section" line="67">
<kw name="Click Element" owner="SeleniumLibrary" type="SETUP">
<msg time="2024-06-06T11:32:29.119153" level="INFO">Clicking element 'xpath://*[@class="menu overflow-hidden"]/ul/div[1]/li[3]'.</msg>
<kw name="Capture Page Screenshot" owner="SeleniumLibrary">
<msg time="2024-06-06T11:32:29.185020" level="INFO" html="true">&lt;/td&gt;&lt;/tr&gt;&lt;tr&gt;&lt;td colspan="3"&gt;&lt;a href="selenium-screenshot-20.png"&gt;&lt;img src="selenium-screenshot-20.png" width="800px"&gt;&lt;/a&gt;</msg>
<doc>Takes a screenshot of the current page and embeds it into a log file.</doc>
<status status="PASS" start="2024-06-06T11:32:29.125582" elapsed="0.059576"/>
</kw>
<msg time="2024-06-06T11:32:29.185332" level="FAIL">Element with locator 'xpath://*[@class="menu overflow-hidden"]/ul/div[1]/li[3]' not found.</msg>
<arg>${HOME_SEC}</arg>
<doc>Click the element identified by ``locator``.</doc>
<status status="FAIL" start="2024-06-06T11:32:29.118913" elapsed="0.066595">Element with locator 'xpath://*[@class="menu overflow-hidden"]/ul/div[1]/li[3]' not found.</status>
</kw>
<tag>TC-PCV-003</tag>
<status status="FAIL" start="2024-06-06T11:32:29.118248" elapsed="0.067559">Setup failed:
Element with locator 'xpath://*[@class="menu overflow-hidden"]/ul/div[1]/li[3]' not found.</status>
</test>
<test id="s1-t9" name="Verify billing tab" line="76">
<kw name="Click Element" owner="SeleniumLibrary" type="SETUP">
<msg time="2024-06-06T11:32:29.187043" level="INFO">Clicking element 'xpath://*[@class="menu overflow-hidden"]/ul/div[1]/li[3]'.</msg>
<kw name="Capture Page Screenshot" owner="SeleniumLibrary">
<msg time="2024-06-06T11:32:29.242424" level="INFO" html="true">&lt;/td&gt;&lt;/tr&gt;&lt;tr&gt;&lt;td colspan="3"&gt;&lt;a href="selenium-screenshot-21.png"&gt;&lt;img src="selenium-screenshot-21.png" width="800px"&gt;&lt;/a&gt;</msg>
<doc>Takes a screenshot of the current page and embeds it into a log file.</doc>
<status status="PASS" start="2024-06-06T11:32:29.194195" elapsed="0.048594"/>
</kw>
<msg time="2024-06-06T11:32:29.243211" level="FAIL">Element with locator 'xpath://*[@class="menu overflow-hidden"]/ul/div[1]/li[3]' not found.</msg>
<arg>${HOME_SEC}</arg>
<doc>Click the element identified by ``locator``.</doc>
<status status="FAIL" start="2024-06-06T11:32:29.186756" elapsed="0.056672">Element with locator 'xpath://*[@class="menu overflow-hidden"]/ul/div[1]/li[3]' not found.</status>
</kw>
<tag>TC-PCV-004</tag>
<status status="FAIL" start="2024-06-06T11:32:29.186203" elapsed="0.057807">Setup failed:
Element with locator 'xpath://*[@class="menu overflow-hidden"]/ul/div[1]/li[3]' not found.</status>
</test>
<test id="s1-t10" name="Change billing status" line="88">
<kw name="Click Element" owner="SeleniumLibrary" type="SETUP">
<msg time="2024-06-06T11:32:29.245878" level="INFO">Clicking element 'xpath://*[@class="menu overflow-hidden"]/ul/div[1]/li[2]'.</msg>
<kw name="Capture Page Screenshot" owner="SeleniumLibrary">
<msg time="2024-06-06T11:32:29.319983" level="INFO" html="true">&lt;/td&gt;&lt;/tr&gt;&lt;tr&gt;&lt;td colspan="3"&gt;&lt;a href="selenium-screenshot-22.png"&gt;&lt;img src="selenium-screenshot-22.png" width="800px"&gt;&lt;/a&gt;</msg>
<doc>Takes a screenshot of the current page and embeds it into a log file.</doc>
<status status="PASS" start="2024-06-06T11:32:29.266989" elapsed="0.053154"/>
</kw>
<msg time="2024-06-06T11:32:29.320287" level="FAIL">Element with locator 'xpath://*[@class="menu overflow-hidden"]/ul/div[1]/li[2]' not found.</msg>
<arg>${HOME_SEC_ICON}</arg>
<doc>Click the element identified by ``locator``.</doc>
<status status="FAIL" start="2024-06-06T11:32:29.245464" elapsed="0.074953">Element with locator 'xpath://*[@class="menu overflow-hidden"]/ul/div[1]/li[2]' not found.</status>
</kw>
<tag>TC-PCV-005</tag>
<status status="FAIL" start="2024-06-06T11:32:29.244677" elapsed="0.075954">Setup failed:
Element with locator 'xpath://*[@class="menu overflow-hidden"]/ul/div[1]/li[2]' not found.</status>
</test>
<test id="s1-t11" name="Verify patient signup" line="102">
<kw name="Open LUMCARE url on browser" owner="lumate2Resource">
<kw name="Open Browser" owner="SeleniumLibrary">
<msg time="2024-06-06T11:32:29.322140" level="INFO">Opening browser 'chrome' to base url 'url = https://qa-lumacare.lumatehealth.com/#/authentication/login'.</msg>
<kw name="Capture Page Screenshot" owner="SeleniumLibrary">
<msg time="2024-06-06T11:32:31.549797" level="INFO" html="true">&lt;/td&gt;&lt;/tr&gt;&lt;tr&gt;&lt;td colspan="3"&gt;&lt;a href="selenium-screenshot-23.png"&gt;&lt;img src="selenium-screenshot-23.png" width="800px"&gt;&lt;/a&gt;</msg>
<doc>Takes a screenshot of the current page and embeds it into a log file.</doc>
<status status="PASS" start="2024-06-06T11:32:31.428742" elapsed="0.121384"/>
</kw>
<msg time="2024-06-06T11:32:31.550642" level="FAIL">InvalidArgumentException: Message: invalid argument
  (Session info: chrome=125.0.6422.141)
</msg>
<arg>url = ${P_PORTAL_URL}</arg>
<arg>${Browser}</arg>
<doc>Opens a new browser instance to the optional ``url``.</doc>
<status status="FAIL" start="2024-06-06T11:32:29.321833" elapsed="2.229391">InvalidArgumentException: Message: invalid argument
  (Session info: chrome=125.0.6422.141)
</status>
</kw>
<kw name="Maximize Browser Window" owner="SeleniumLibrary">
<doc>Maximizes current browser window.</doc>
<status status="NOT RUN" start="2024-06-06T11:32:31.551973" elapsed="0.000402"/>
</kw>
<kw name="Wait Until Element Is Visible" owner="SeleniumLibrary">
<arg>${LOGIN_PAGE_P_PORTAL}</arg>
<arg>15s</arg>
<doc>Waits until the element ``locator`` is visible.</doc>
<status status="NOT RUN" start="2024-06-06T11:32:31.553426" elapsed="0.000209"/>
</kw>
<status status="FAIL" start="2024-06-06T11:32:29.321478" elapsed="2.232591">InvalidArgumentException: Message: invalid argument
  (Session info: chrome=125.0.6422.141)
</status>
</kw>
<kw name="Fill the credentials and login" owner="lumate2Resource">
<status status="NOT RUN" start="2024-06-06T11:32:31.555039" elapsed="0.000135"/>
</kw>
<kw name="Enter OTP and Submit it" owner="lumate2Resource">
<status status="NOT RUN" start="2024-06-06T11:32:31.556507" elapsed="0.000142"/>
</kw>
<kw name="Select Dependent and Skip profile editing" owner="lumate2Resource">
<status status="NOT RUN" start="2024-06-06T11:32:31.557564" elapsed="0.000167"/>
</kw>
<kw name="Wait Until Element Is Visible" owner="SeleniumLibrary">
<arg>${HOMEPAGE_P_PORTAL}</arg>
<arg>${TIMEOUT}</arg>
<doc>Waits until the element ``locator`` is visible.</doc>
<status status="NOT RUN" start="2024-06-06T11:32:31.558309" elapsed="0.000175"/>
</kw>
<tag>TC-PATIENT-001</tag>
<tag>test:retry(2)</tag>
<status status="FAIL" start="2024-06-06T11:32:29.321004" elapsed="2.238786">InvalidArgumentException: Message: invalid argument
  (Session info: chrome=125.0.6422.141)
</status>
</test>
<test id="s1-t12" name="Add consent forms" line="110">
<kw name="Wait Until Element Is Visible" owner="SeleniumLibrary">
<kw name="Capture Page Screenshot" owner="SeleniumLibrary">
<msg time="2024-06-06T11:33:06.829884" level="INFO" html="true">&lt;/td&gt;&lt;/tr&gt;&lt;tr&gt;&lt;td colspan="3"&gt;&lt;a href="selenium-screenshot-24.png"&gt;&lt;img src="selenium-screenshot-24.png" width="800px"&gt;&lt;/a&gt;</msg>
<doc>Takes a screenshot of the current page and embeds it into a log file.</doc>
<status status="PASS" start="2024-06-06T11:33:06.748780" elapsed="0.081275"/>
</kw>
<msg time="2024-06-06T11:33:06.830252" level="FAIL">Element 'xpath://*[@class="main-container p-a-15"]/div[2]/div/span[2]' not visible after 35 seconds.</msg>
<arg>${VIEW_CONSENT}</arg>
<arg>${TIMEOUT}</arg>
<doc>Waits until the element ``locator`` is visible.</doc>
<status status="FAIL" start="2024-06-06T11:32:31.562617" elapsed="35.277651">Element 'xpath://*[@class="main-container p-a-15"]/div[2]/div/span[2]' not visible after 35 seconds.</status>
</kw>
<kw name="Wait Until the Update Icon Disappear" owner="lumate2Resource">
<status status="NOT RUN" start="2024-06-06T11:33:06.840684" elapsed="0.000059"/>
</kw>
<kw name="Click Element" owner="SeleniumLibrary">
<arg>${VIEW_CONSENT}</arg>
<doc>Click the element identified by ``locator``.</doc>
<status status="NOT RUN" start="2024-06-06T11:33:06.841055" elapsed="0.000060"/>
</kw>
<kw name="Wait Until the Update Icon Disappear" owner="lumate2Resource">
<status status="NOT RUN" start="2024-06-06T11:33:06.841526" elapsed="0.000063"/>
</kw>
<kw name="Element Should Be Visible" owner="SeleniumLibrary">
<arg>${CONSENTS}</arg>
<doc>Verifies that the element identified by ``locator`` is visible.</doc>
<status status="NOT RUN" start="2024-06-06T11:33:06.841884" elapsed="0.000054"/>
</kw>
<tag>TC-PATIENT-002</tag>
<status status="FAIL" start="2024-06-06T11:32:31.561036" elapsed="35.281239">Element 'xpath://*[@class="main-container p-a-15"]/div[2]/div/span[2]' not visible after 35 seconds.</status>
</test>
<test id="s1-t13" name="Bill payment" line="118">
<kw name="Wait Until the Update Icon Disappear" owner="lumate2Resource">
<kw name="Wait Until Element Is Not Visible" owner="SeleniumLibrary">
<arg>${UpdateIcon}</arg>
<arg>${TIMEOUT}</arg>
<doc>Waits until the element ``locator`` is not visible.</doc>
<status status="PASS" start="2024-06-06T11:33:06.844044" elapsed="0.009992"/>
</kw>
<status status="PASS" start="2024-06-06T11:33:06.843630" elapsed="0.010541"/>
</kw>
<kw name="Click Element" owner="SeleniumLibrary">
<msg time="2024-06-06T11:33:06.854852" level="INFO">Clicking element 'xpath://*[@class="he-50 d-flex align-items-center cursor-pointer b-r-20 ng-star-inserted"][1]'.</msg>
<kw name="Capture Page Screenshot" owner="SeleniumLibrary">
<msg time="2024-06-06T11:33:06.915249" level="INFO" html="true">&lt;/td&gt;&lt;/tr&gt;&lt;tr&gt;&lt;td colspan="3"&gt;&lt;a href="selenium-screenshot-25.png"&gt;&lt;img src="selenium-screenshot-25.png" width="800px"&gt;&lt;/a&gt;</msg>
<doc>Takes a screenshot of the current page and embeds it into a log file.</doc>
<status status="PASS" start="2024-06-06T11:33:06.865614" elapsed="0.049767"/>
</kw>
<msg time="2024-06-06T11:33:06.915525" level="FAIL">Element with locator 'xpath://*[@class="he-50 d-flex align-items-center cursor-pointer b-r-20 ng-star-inserted"][1]' not found.</msg>
<arg>${HOME_SECTION}</arg>
<doc>Click the element identified by ``locator``.</doc>
<status status="FAIL" start="2024-06-06T11:33:06.854511" elapsed="0.061149">Element with locator 'xpath://*[@class="he-50 d-flex align-items-center cursor-pointer b-r-20 ng-star-inserted"][1]' not found.</status>
</kw>
<kw name="Payment Of Clinician1" owner="lumate2Resource">
<status status="NOT RUN" start="2024-06-06T11:33:06.916089" elapsed="0.000068"/>
</kw>
<kw name="Close Browser" owner="SeleniumLibrary">
<doc>Closes the current browser.</doc>
<status status="NOT RUN" start="2024-06-06T11:33:06.916385" elapsed="0.000041"/>
</kw>
<tag>TC-PATIENT-003</tag>
<status status="FAIL" start="2024-06-06T11:33:06.842962" elapsed="0.073686">Element with locator 'xpath://*[@class="he-50 d-flex align-items-center cursor-pointer b-r-20 ng-star-inserted"][1]' not found.</status>
</test>
<status status="FAIL" start="2024-06-06T11:27:17.562101" elapsed="349.355199"/>
</suite>
<statistics>
<total>
<stat pass="0" fail="13" skip="0">All Tests</stat>
</total>
<tag>
<stat pass="0" fail="1" skip="0">TC-APP-001</stat>
<stat pass="0" fail="1" skip="0">TC-APP-002</stat>
<stat pass="0" fail="1" skip="0">TC-APP-003</stat>
<stat pass="0" fail="1" skip="0">TC-PATIENT-001</stat>
<stat pass="0" fail="1" skip="0">TC-PATIENT-002</stat>
<stat pass="0" fail="1" skip="0">TC-PATIENT-003</stat>
<stat pass="0" fail="1" skip="0">TC-PCV-001</stat>
<stat pass="0" fail="1" skip="0">TC-PCV-002</stat>
<stat pass="0" fail="1" skip="0">TC-PCV-003</stat>
<stat pass="0" fail="1" skip="0">TC-PCV-004</stat>
<stat pass="0" fail="1" skip="0">TC-PCV-005</stat>
<stat pass="0" fail="1" skip="0">TC-PMS-001</stat>
<stat pass="0" fail="1" skip="0">TC-PMS-005</stat>
<stat pass="0" fail="1" skip="0">test:retry(2)</stat>
</tag>
<suite>
<stat pass="0" fail="13" skip="0" id="s1" name="lumateTest">lumateTest</stat>
</suite>
</statistics>
<errors>
</errors>
</robot>
