<?xml version="1.0" encoding="UTF-8"?>
<robot generator="Robot 7.0 (Python 3.8.10 on linux)" generated="2024-04-19T19:03:33.150449" rpa="false" schemaversion="5">
<suite id="s1" name="lumate1Test" source="/home/ridham/PycharmProjects/LUMATE-AUTOMATION_POC/TestCases/lumate1Test.robot">
<test id="s1-t1" name="Verify the create an appointment button" line="45">
<kw name="Sleep" owner="BuiltIn">
<msg time="2024-04-19T19:04:03.260319" level="INFO">Slept 30 seconds.</msg>
<arg>30s</arg>
<doc>Pauses the test executed for the given time.</doc>
<status status="PASS" start="2024-04-19T19:03:33.259716" elapsed="30.001111"/>
</kw>
<kw name="Open PMS url on browser" owner="lumate1Resource">
<kw name="Open Browser" owner="SeleniumLibrary">
<msg time="2024-04-19T19:04:03.265590" level="INFO">Opening browser 'chrome' to base url 'https://qa-pms.lumatehealth.com/'.</msg>
<arg>url=${PMS_URL}</arg>
<arg>browser=${Browser}</arg>
<doc>Opens a new browser instance to the optional ``url``.</doc>
<status status="PASS" start="2024-04-19T19:04:03.264029" elapsed="4.531278"/>
</kw>
<kw name="Maximize Browser Window" owner="SeleniumLibrary">
<doc>Maximizes current browser window.</doc>
<status status="PASS" start="2024-04-19T19:04:07.796284" elapsed="0.006422"/>
</kw>
<kw name="Wait Until Element Is Visible" owner="SeleniumLibrary">
<kw name="Capture Page Screenshot" owner="SeleniumLibrary">
<msg time="2024-04-19T19:04:12.310018" level="FAIL">NoSuchWindowException: Message: no such window: target window already closed
from unknown error: web view not found
  (Session info: chrome=123.0.6312.122)
</msg>
<doc>Takes a screenshot of the current page and embeds it into a log file.</doc>
<status status="FAIL" start="2024-04-19T19:04:12.304477" elapsed="0.297667">NoSuchWindowException: Message: no such window: target window already closed
from unknown error: web view not found
  (Session info: chrome=123.0.6312.122)
</status>
</kw>
<msg time="2024-04-19T19:04:12.602354" level="WARN">Keyword 'Capture Page Screenshot' could not be run on failure: NoSuchWindowException: Message: no such window: target window already closed
from unknown error: web view not found
  (Session info: chrome=123.0.6312.122)
</msg>
<msg time="2024-04-19T19:04:12.602837" level="FAIL">NoSuchWindowException: Message: no such window: target window already closed
from unknown error: web view not found
  (Session info: chrome=123.0.6312.122)
</msg>
<arg>${LOGIN_PAGE_PMS}</arg>
<arg>15s</arg>
<doc>Waits until the element ``locator`` is visible.</doc>
<status status="FAIL" start="2024-04-19T19:04:07.803084" elapsed="4.800657">NoSuchWindowException: Message: no such window: target window already closed
from unknown error: web view not found
  (Session info: chrome=123.0.6312.122)
</status>
</kw>
<status status="FAIL" start="2024-04-19T19:04:03.262530" elapsed="9.341645">NoSuchWindowException: Message: no such window: target window already closed
from unknown error: web view not found
  (Session info: chrome=123.0.6312.122)
</status>
</kw>
<kw name="Fill the credentials and login" owner="lumate1Resource">
<status status="NOT RUN" start="2024-04-19T19:04:12.604864" elapsed="0.000116"/>
</kw>
<kw name="Enetr OTP and Submit it" owner="lumate1Resource">
<status status="NOT RUN" start="2024-04-19T19:04:12.605512" elapsed="0.000078"/>
</kw>
<kw name="Sleep" owner="BuiltIn">
<arg>10s</arg>
<doc>Pauses the test executed for the given time.</doc>
<status status="NOT RUN" start="2024-04-19T19:04:12.605943" elapsed="0.000122"/>
</kw>
<kw name="Creat Appointment and check elements" owner="lumate1Resource">
<status status="NOT RUN" start="2024-04-19T19:04:12.606535" elapsed="0.000158"/>
</kw>
<tag>TC-APP-003</tag>
<status status="FAIL" start="2024-04-19T19:03:33.258625" elapsed="39.348520">NoSuchWindowException: Message: no such window: target window already closed
from unknown error: web view not found
  (Session info: chrome=123.0.6312.122)
</status>
</test>
<status status="FAIL" start="2024-04-19T19:03:33.151438" elapsed="39.456689"/>
</suite>
<statistics>
<total>
<stat pass="0" fail="1" skip="0">All Tests</stat>
</total>
<tag>
<stat pass="0" fail="1" skip="0">TC-APP-003</stat>
</tag>
<suite>
<stat pass="0" fail="1" skip="0" id="s1" name="lumate1Test">lumate1Test</stat>
</suite>
</statistics>
<errors>
<msg time="2024-04-19T19:04:12.602354" level="WARN">Keyword 'Capture Page Screenshot' could not be run on failure: NoSuchWindowException: Message: no such window: target window already closed
from unknown error: web view not found
  (Session info: chrome=123.0.6312.122)
</msg>
</errors>
</robot>
