<?xml version="1.0" encoding="UTF-8"?>
<robot generator="Robot 7.0 (Python 3.8.10 on linux)" generated="2024-05-01T14:27:18.079707" rpa="false" schemaversion="5">
<suite id="s1" name="lumate1Test" source="/home/ridham/PycharmProjects/LUMATE-AUTOMATION_POC/TestCases/lumate1Test.robot">
<test id="s1-t1" name="Verify that the user gets redirected to enter OTP page when entered the correct credentials." line="19">
<kw name="Open PMS url on browser" owner="lumate1Resource">
<kw name="Open Browser" owner="SeleniumLibrary">
<msg time="2024-05-01T14:27:18.207139" level="INFO">Opening browser 'chrome' to base url 'https://qa-pms.lumatehealth.com/'.</msg>
<arg>url=${PMS_URL}</arg>
<arg>browser=${Browser}</arg>
<doc>Opens a new browser instance to the optional ``url``.</doc>
<status status="PASS" start="2024-05-01T14:27:18.206798" elapsed="7.702417"/>
</kw>
<kw name="Maximize Browser Window" owner="SeleniumLibrary">
<doc>Maximizes current browser window.</doc>
<status status="PASS" start="2024-05-01T14:27:25.910016" elapsed="0.002224"/>
</kw>
<kw name="Wait Until Element Is Visible" owner="SeleniumLibrary">
<arg>${LOGIN_PAGE_PMS}</arg>
<arg>15s</arg>
<doc>Waits until the element ``locator`` is visible.</doc>
<status status="PASS" start="2024-05-01T14:27:25.912583" elapsed="6.776653"/>
</kw>
<status status="PASS" start="2024-05-01T14:27:18.205688" elapsed="14.483757"/>
</kw>
<kw name="Fill the credentials and login" owner="lumate1Resource">
<kw name="Input Text" owner="SeleniumLibrary">
<msg time="2024-05-01T14:27:32.690613" level="INFO">Typing text 'kalpesh' into text field 'xpath://*[@id="mat-input-0"]'.</msg>
<arg>${USERNAME_PATH_PMS}</arg>
<arg>${USERNAME_PMS}</arg>
<doc>Types the given ``text`` into the text field identified by ``locator``.</doc>
<status status="PASS" start="2024-05-01T14:27:32.690389" elapsed="0.130471"/>
</kw>
<kw name="Input Text" owner="SeleniumLibrary">
<msg time="2024-05-01T14:27:32.821371" level="INFO">Typing text 'Test1234!' into text field 'xpath://*[@id="mat-input-1"]'.</msg>
<arg>${PASSWORD_PATH_PMS}</arg>
<arg>${PASSWORD_PMS}</arg>
<doc>Types the given ``text`` into the text field identified by ``locator``.</doc>
<status status="PASS" start="2024-05-01T14:27:32.821096" elapsed="0.100337"/>
</kw>
<kw name="Click Element" owner="SeleniumLibrary">
<msg time="2024-05-01T14:27:32.922064" level="INFO">Clicking element 'xpath://*[@class="check remember-check"]'.</msg>
<arg>${REMEMBER_ME}</arg>
<doc>Click the element identified by ``locator``.</doc>
<status status="PASS" start="2024-05-01T14:27:32.921775" elapsed="0.047520"/>
</kw>
<kw name="Click Button" owner="SeleniumLibrary">
<msg time="2024-05-01T14:27:32.969889" level="INFO">Clicking button 'xpath://*[@class="mat-focus-indicator auth-form-btn mat-raised-button mat-button-base mat-primary"]'.</msg>
<arg>${LOGIN_BTN}</arg>
<doc>Clicks the button identified by ``locator``.</doc>
<status status="PASS" start="2024-05-01T14:27:32.969609" elapsed="0.063957"/>
</kw>
<status status="PASS" start="2024-05-01T14:27:32.689900" elapsed="0.343849"/>
</kw>
<kw name="Sleep" owner="BuiltIn">
<msg time="2024-05-01T14:27:38.034636" level="INFO">Slept 5 seconds.</msg>
<arg>5s</arg>
<doc>Pauses the test executed for the given time.</doc>
<status status="PASS" start="2024-05-01T14:27:33.034076" elapsed="5.000925"/>
</kw>
<kw name="Element Should Contain" owner="SeleniumLibrary">
<kw name="Capture Page Screenshot" owner="SeleniumLibrary">
<msg time="2024-05-01T14:27:38.455470" level="INFO" html="true">&lt;/td&gt;&lt;/tr&gt;&lt;tr&gt;&lt;td colspan="3"&gt;&lt;a href="selenium-screenshot-67.png"&gt;&lt;img src="selenium-screenshot-67.png" width="800px"&gt;&lt;/a&gt;</msg>
<doc>Takes a screenshot of the current page and embeds it into a log file.</doc>
<status status="PASS" start="2024-05-01T14:27:38.186133" elapsed="0.269491"/>
</kw>
<msg time="2024-05-01T14:27:38.455837" level="FAIL">StaleElementReferenceException: Message: stale element reference: stale element not found in the current frame
  (Session info: chrome=124.0.6367.91)
</msg>
<arg>${OTP_PAGE}</arg>
<arg>Almost There</arg>
<doc>Verifies that element ``locator`` contains text ``expected``.</doc>
<status status="FAIL" start="2024-05-01T14:27:38.036068" elapsed="0.542525">StaleElementReferenceException: Message: stale element reference: stale element not found in the current frame
  (Session info: chrome=124.0.6367.91)
</status>
</kw>
<tag>TC-PMS-005</tag>
<status status="FAIL" start="2024-05-01T14:27:18.204814" elapsed="20.375121">StaleElementReferenceException: Message: stale element reference: stale element not found in the current frame
  (Session info: chrome=124.0.6367.91)
</status>
</test>
<status status="FAIL" start="2024-05-01T14:27:18.080720" elapsed="20.502031"/>
</suite>
<statistics>
<total>
<stat pass="0" fail="1" skip="0">All Tests</stat>
</total>
<tag>
<stat pass="0" fail="1" skip="0">TC-PMS-005</stat>
</tag>
<suite>
<stat pass="0" fail="1" skip="0" id="s1" name="lumate1Test">lumate1Test</stat>
</suite>
</statistics>
<errors>
</errors>
</robot>
