<?xml version="1.0" encoding="UTF-8"?>
<robot generator="Robot 7.0 (Python 3.8.10 on linux)" generated="2024-05-02T18:30:19.995943" rpa="false" schemaversion="5">
<suite id="s1" name="lumate2Test" source="/home/ridham/PycharmProjects/LUMATE-AUTOMATION_POC/TestCases/lumate2Test.robot">
<test id="s1-t1" name="Verify patient signup" line="13">
<kw name="Open PMS url on browser" owner="lumate2Resource">
<kw name="Open Browser" owner="SeleniumLibrary">
<msg time="2024-05-02T18:30:20.171284" level="INFO">Opening browser 'chrome' to base url 'https://qa-lumacare.lumatehealth.com/#/authentication/login'.</msg>
<kw name="Capture Page Screenshot" owner="SeleniumLibrary">
<msg time="2024-05-02T18:30:21.356685" level="INFO">Cannot capture screenshot because no browser is open.</msg>
<doc>Takes a screenshot of the current page and embeds it into a log file.</doc>
<status status="PASS" start="2024-05-02T18:30:21.355740" elapsed="0.001153"/>
</kw>
<msg time="2024-05-02T18:30:21.357347" level="FAIL">SessionNotCreatedException: Message: session not created: Chrome failed to start: exited normally.
  (session not created: DevToolsActivePort file doesn't exist)
  (The process started from chrome location /snap/chromium/2842/usr/lib/chromium-browser/chrome is no longer running, so ChromeDriver is assuming that Chrome has crashed.)
</msg>
<arg>url=${P_PORTAL_URL}</arg>
<arg>browser=${Browser}</arg>
<doc>Opens a new browser instance to the optional ``url``.</doc>
<status status="FAIL" start="2024-05-02T18:30:20.170804" elapsed="1.188944">SessionNotCreatedException: Message: session not created: Chrome failed to start: exited normally.
  (session not created: DevToolsActivePort file doesn't exist)
  (The process started from chrome location /snap/chromium/2842/usr/lib/chromium-browser/chrome is no longer running, so ChromeDriver is assuming that Chrome has crashed.)
</status>
</kw>
<kw name="Maximize Browser Window" owner="SeleniumLibrary">
<doc>Maximizes current browser window.</doc>
<status status="NOT RUN" start="2024-05-02T18:30:21.360329" elapsed="0.000073"/>
</kw>
<kw name="Wait Until Element Is Visible" owner="SeleniumLibrary">
<arg>${LOGIN_PAGE_P_PORTAL}</arg>
<arg>15s</arg>
<doc>Waits until the element ``locator`` is visible.</doc>
<status status="NOT RUN" start="2024-05-02T18:30:21.360656" elapsed="0.000057"/>
</kw>
<status status="FAIL" start="2024-05-02T18:30:20.168980" elapsed="1.192038">SessionNotCreatedException: Message: session not created: Chrome failed to start: exited normally.
  (session not created: DevToolsActivePort file doesn't exist)
  (The process started from chrome location /snap/chromium/2842/usr/lib/chromium-browser/chrome is no longer running, so ChromeDriver is assuming that Chrome has crashed.)
</status>
</kw>
<kw name="Fill the credentials and login" owner="lumate2Resource">
<status status="NOT RUN" start="2024-05-02T18:30:21.361665" elapsed="0.000074"/>
</kw>
<kw name="Enter OTP and Submit it" owner="lumate2Resource">
<status status="NOT RUN" start="2024-05-02T18:30:21.362474" elapsed="0.000086"/>
</kw>
<kw name="Wait Until Element Is Visible" owner="SeleniumLibrary">
<arg>${HOMEPAGE_P_PORTAL}</arg>
<arg>${TIMEOUT}</arg>
<doc>Waits until the element ``locator`` is visible.</doc>
<status status="NOT RUN" start="2024-05-02T18:30:21.362898" elapsed="0.000066"/>
</kw>
<tag>TC-PATIENT-001</tag>
<tag>test:retry(2)</tag>
<status status="FAIL" start="2024-05-02T18:30:20.167990" elapsed="1.195439">SessionNotCreatedException: Message: session not created: Chrome failed to start: exited normally.
  (session not created: DevToolsActivePort file doesn't exist)
  (The process started from chrome location /snap/chromium/2842/usr/lib/chromium-browser/chrome is no longer running, so ChromeDriver is assuming that Chrome has crashed.)
</status>
</test>
<test id="s1-t2" name="Add consent forms" line="20">
<kw name="Wait Until Element Is Visible" owner="SeleniumLibrary">
<kw name="Capture Page Screenshot" owner="SeleniumLibrary">
<msg time="2024-05-02T18:30:21.366137" level="INFO">Cannot capture screenshot because no browser is open.</msg>
<doc>Takes a screenshot of the current page and embeds it into a log file.</doc>
<status status="PASS" start="2024-05-02T18:30:21.365893" elapsed="0.000353"/>
</kw>
<msg time="2024-05-02T18:30:21.366430" level="FAIL">No browser is open.</msg>
<arg>${VIEW_CONSENT}</arg>
<arg>${TIMEOUT}</arg>
<doc>Waits until the element ``locator`` is visible.</doc>
<status status="FAIL" start="2024-05-02T18:30:21.364803" elapsed="0.002197">No browser is open.</status>
</kw>
<kw name="Wait Until the Update Icon Disappear" owner="lumate2Resource">
<status status="NOT RUN" start="2024-05-02T18:30:21.367400" elapsed="0.000065"/>
</kw>
<kw name="Click Element" owner="SeleniumLibrary">
<arg>${VIEW_CONSENT}</arg>
<doc>Click the element identified by ``locator``.</doc>
<status status="NOT RUN" start="2024-05-02T18:30:21.367729" elapsed="0.000053"/>
</kw>
<kw name="Wait Until the Update Icon Disappear" owner="lumate2Resource">
<status status="NOT RUN" start="2024-05-02T18:30:21.368068" elapsed="0.000054"/>
</kw>
<kw name="Element Should Be Visible" owner="SeleniumLibrary">
<arg>${CONSENTS}</arg>
<doc>Verifies that the element identified by ``locator`` is visible.</doc>
<status status="NOT RUN" start="2024-05-02T18:30:21.368368" elapsed="0.000054"/>
</kw>
<tag>TC-PATIENT-002</tag>
<status status="FAIL" start="2024-05-02T18:30:21.363979" elapsed="0.004728">No browser is open.</status>
</test>
<test id="s1-t3" name="Bill payment" line="28">
<kw name="Wait Until the Update Icon Disappear" owner="lumate2Resource">
<kw name="Wait Until Element Is Not Visible" owner="SeleniumLibrary">
<kw name="Capture Page Screenshot" owner="SeleniumLibrary">
<msg time="2024-05-02T18:30:21.370935" level="INFO">Cannot capture screenshot because no browser is open.</msg>
<doc>Takes a screenshot of the current page and embeds it into a log file.</doc>
<status status="PASS" start="2024-05-02T18:30:21.370755" elapsed="0.000268"/>
</kw>
<msg time="2024-05-02T18:30:21.371182" level="FAIL">No browser is open.</msg>
<arg>${UpdateIcon}</arg>
<arg>${TIMEOUT_40}</arg>
<doc>Waits until the element ``locator`` is not visible.</doc>
<status status="FAIL" start="2024-05-02T18:30:21.370151" elapsed="0.001269">No browser is open.</status>
</kw>
<status status="FAIL" start="2024-05-02T18:30:21.369647" elapsed="0.002000">No browser is open.</status>
</kw>
<kw name="Wait Until the Update Icon Disappear" owner="lumate2Resource">
<status status="NOT RUN" start="2024-05-02T18:30:21.372125" elapsed="0.000092"/>
</kw>
<kw name="Click Element" owner="SeleniumLibrary">
<arg>${HOME_SECTION}</arg>
<doc>Click the element identified by ``locator``.</doc>
<status status="NOT RUN" start="2024-05-02T18:30:21.372593" elapsed="0.000071"/>
</kw>
<kw name="Payment Of Clinician1" owner="lumate2Resource">
<status status="NOT RUN" start="2024-05-02T18:30:21.373187" elapsed="0.000081"/>
</kw>
<tag>TC-PATIENT-003</tag>
<status status="FAIL" start="2024-05-02T18:30:21.369065" elapsed="0.004585">No browser is open.</status>
</test>
<status status="FAIL" start="2024-05-02T18:30:19.997487" elapsed="1.377099"/>
</suite>
<statistics>
<total>
<stat pass="0" fail="3" skip="0">All Tests</stat>
</total>
<tag>
<stat pass="0" fail="1" skip="0">TC-PATIENT-001</stat>
<stat pass="0" fail="1" skip="0">TC-PATIENT-002</stat>
<stat pass="0" fail="1" skip="0">TC-PATIENT-003</stat>
<stat pass="0" fail="1" skip="0">test:retry(2)</stat>
</tag>
<suite>
<stat pass="0" fail="3" skip="0" id="s1" name="lumate2Test">lumate2Test</stat>
</suite>
</statistics>
<errors>
</errors>
</robot>
