<?xml version="1.0" encoding="UTF-8"?>
<robot generator="Robot 7.0 (Python 3.8.10 on linux)" generated="2024-05-02T13:36:30.663318" rpa="false" schemaversion="5">
<suite id="s1" name="lumate1Test" source="/home/ridham/PycharmProjects/LUMATE-AUTOMATION_POC/TestCases/lumate1Test.robot">
<test id="s1-t1" name="Verify that the user is able to Log in to the Portal with correct credentials" line="13">
<kw name="Open PMS url on browser" owner="lumate1Resource">
<kw name="Open Browser" owner="SeleniumLibrary">
<msg time="2024-05-02T13:36:30.790026" level="INFO">Opening browser 'chrome' to base url 'https://qa-pms.lumatehealth.com/'.</msg>
<arg>url=${PMS_URL}</arg>
<arg>browser=${Browser}</arg>
<doc>Opens a new browser instance to the optional ``url``.</doc>
<status status="PASS" start="2024-05-02T13:36:30.789697" elapsed="5.021192"/>
</kw>
<kw name="Maximize Browser Window" owner="SeleniumLibrary">
<doc>Maximizes current browser window.</doc>
<status status="PASS" start="2024-05-02T13:36:35.811891" elapsed="0.005974"/>
</kw>
<kw name="Wait Until Element Is Visible" owner="SeleniumLibrary">
<arg>${LOGIN_PAGE_PMS}</arg>
<arg>15s</arg>
<doc>Waits until the element ``locator`` is visible.</doc>
<status status="PASS" start="2024-05-02T13:36:35.818300" elapsed="5.077975"/>
</kw>
<status status="PASS" start="2024-05-02T13:36:30.788705" elapsed="10.107820"/>
</kw>
<kw name="Fill the credentials and login" owner="lumate1Resource">
<kw name="Wait Until Element Is Visible" owner="SeleniumLibrary">
<arg>${USERNAME_PATH_PMS}</arg>
<arg>15s</arg>
<doc>Waits until the element ``locator`` is visible.</doc>
<status status="PASS" start="2024-05-02T13:36:40.897821" elapsed="0.029657"/>
</kw>
<kw name="Input Text" owner="SeleniumLibrary">
<msg time="2024-05-02T13:36:40.928182" level="INFO">Typing text 'kalpesh' into text field 'xpath://*[@id="mat-input-0"]'.</msg>
<arg>${USERNAME_PATH_PMS}</arg>
<arg>${USERNAME_PMS}</arg>
<doc>Types the given ``text`` into the text field identified by ``locator``.</doc>
<status status="PASS" start="2024-05-02T13:36:40.927815" elapsed="0.111212"/>
</kw>
<kw name="Input Text" owner="SeleniumLibrary">
<msg time="2024-05-02T13:36:41.039741" level="INFO">Typing text 'Test1234!' into text field 'xpath://*[@id="mat-input-1"]'.</msg>
<arg>${PASSWORD_PATH_PMS}</arg>
<arg>${PASSWORD_PMS}</arg>
<doc>Types the given ``text`` into the text field identified by ``locator``.</doc>
<status status="PASS" start="2024-05-02T13:36:41.039359" elapsed="0.111278"/>
</kw>
<kw name="Wait Until Element Is Visible" owner="SeleniumLibrary">
<arg>${REMEMBER_ME}</arg>
<arg>15s</arg>
<doc>Waits until the element ``locator`` is visible.</doc>
<status status="PASS" start="2024-05-02T13:36:41.151033" elapsed="0.036236"/>
</kw>
<kw name="Click Element" owner="SeleniumLibrary">
<msg time="2024-05-02T13:36:41.188001" level="INFO">Clicking element 'xpath://*[@class="check remember-check"]'.</msg>
<arg>${REMEMBER_ME}</arg>
<doc>Click the element identified by ``locator``.</doc>
<status status="PASS" start="2024-05-02T13:36:41.187661" elapsed="0.073514"/>
</kw>
<kw name="Click Button" owner="SeleniumLibrary">
<msg time="2024-05-02T13:36:41.261818" level="INFO">Clicking button 'xpath://*[@class="mat-focus-indicator auth-form-btn mat-raised-button mat-button-base mat-primary"]'.</msg>
<arg>${LOGIN_BTN}</arg>
<doc>Clicks the button identified by ``locator``.</doc>
<status status="PASS" start="2024-05-02T13:36:41.261449" elapsed="0.112166"/>
</kw>
<status status="PASS" start="2024-05-02T13:36:40.897120" elapsed="0.476670"/>
</kw>
<tag>TC-PMS-001</tag>
<status status="PASS" start="2024-05-02T13:36:30.787883" elapsed="10.586258"/>
</test>
<test id="s1-t2" name="Verify that the user gets redirected to enter OTP page when entered the correct credentials." line="19">
<kw name="Open PMS url on browser" owner="lumate1Resource">
<kw name="Open Browser" owner="SeleniumLibrary">
<msg time="2024-05-02T13:36:41.378337" level="INFO">Opening browser 'chrome' to base url 'https://qa-pms.lumatehealth.com/'.</msg>
<arg>url=${PMS_URL}</arg>
<arg>browser=${Browser}</arg>
<doc>Opens a new browser instance to the optional ``url``.</doc>
<status status="PASS" start="2024-05-02T13:36:41.377310" elapsed="8.356299"/>
</kw>
<kw name="Maximize Browser Window" owner="SeleniumLibrary">
<kw name="Capture Page Screenshot" owner="SeleniumLibrary">
<msg time="2024-05-02T13:36:49.782537" level="FAIL">NoSuchWindowException: Message: no such window: target window already closed
from unknown error: web view not found
  (Session info: chrome=124.0.6367.91)
</msg>
<doc>Takes a screenshot of the current page and embeds it into a log file.</doc>
<status status="FAIL" start="2024-05-02T13:36:49.761663" elapsed="0.160354">NoSuchWindowException: Message: no such window: target window already closed
from unknown error: web view not found
  (Session info: chrome=124.0.6367.91)
</status>
</kw>
<msg time="2024-05-02T13:36:49.922626" level="WARN">Keyword 'Capture Page Screenshot' could not be run on failure: NoSuchWindowException: Message: no such window: target window already closed
from unknown error: web view not found
  (Session info: chrome=124.0.6367.91)
</msg>
<msg time="2024-05-02T13:36:49.924099" level="FAIL">NoSuchWindowException: Message: no such window: target window already closed
from unknown error: web view not found
  (Session info: chrome=124.0.6367.91)
</msg>
<doc>Maximizes current browser window.</doc>
<status status="FAIL" start="2024-05-02T13:36:49.737929" elapsed="0.187149">NoSuchWindowException: Message: no such window: target window already closed
from unknown error: web view not found
  (Session info: chrome=124.0.6367.91)
</status>
</kw>
<kw name="Wait Until Element Is Visible" owner="SeleniumLibrary">
<arg>${LOGIN_PAGE_PMS}</arg>
<arg>15s</arg>
<doc>Waits until the element ``locator`` is visible.</doc>
<status status="NOT RUN" start="2024-05-02T13:36:49.926351" elapsed="0.000255"/>
</kw>
<status status="FAIL" start="2024-05-02T13:36:41.376072" elapsed="8.551535">NoSuchWindowException: Message: no such window: target window already closed
from unknown error: web view not found
  (Session info: chrome=124.0.6367.91)
</status>
</kw>
<kw name="Fill the credentials and login" owner="lumate1Resource">
<status status="NOT RUN" start="2024-05-02T13:36:49.929620" elapsed="0.000275"/>
</kw>
<kw name="Wait Until Element Contains" owner="SeleniumLibrary">
<arg>${OTP_PAGE}</arg>
<arg>Almost There</arg>
<arg>${TIMEOUT}</arg>
<doc>Waits until the element ``locator`` contains ``text``.</doc>
<status status="NOT RUN" start="2024-05-02T13:36:49.931097" elapsed="0.000252"/>
</kw>
<tag>TC-PMS-005</tag>
<status status="FAIL" start="2024-05-02T13:36:41.375240" elapsed="8.557910">NoSuchWindowException: Message: no such window: target window already closed
from unknown error: web view not found
  (Session info: chrome=124.0.6367.91)
</status>
</test>
<test id="s1-t3" name="Verify the clinician Home Page" line="27">
<kw name="Enter OTP and Submit it" owner="lumate1Resource">
<kw name="Wait for OTP Email" owner="lumate1Resource">
<kw name="Open Mailbox" owner="ImapLibrary2">
<arg>host=${EMAIL_SERVER}</arg>
<arg>user=${EMAIL_USERNAME}</arg>
<arg>password=${EMAIL_PASSWORD}</arg>
<doc>Open IMAP email client session to given ``host`` with given ``user`` and ``password``.</doc>
<status status="PASS" start="2024-05-02T13:36:49.943275" elapsed="1.495314"/>
</kw>
<kw name="Wait For Email" owner="ImapLibrary2">
<msg time="2024-05-02T13:36:52.037143" level="INFO">${email_index} = 2301</msg>
<var>${email_index}</var>
<arg>sender=${SENDER_USERNAME}</arg>
<arg>status=UNSEEN</arg>
<arg>timeout=300</arg>
<doc>Wait for email message to arrived base on any given filter criteria.
Returns email index of the latest email message received.</doc>
<status status="PASS" start="2024-05-02T13:36:51.439003" elapsed="0.598321"/>
</kw>
<kw name="Get Email Body" owner="ImapLibrary2">
<msg time="2024-05-02T13:36:52.487474" level="INFO">${email_body} = &lt;html xmlns="http://www.w3.org/1999/xhtml" xmlns:o="urn:schemas-microsoft-com:office:office" xmlns:v="urn:schemas-microsoft-com:vml" lang="en"&gt;&lt;head&gt;
&lt;meta http-equiv="Content-Type" content="text/htm...</msg>
<var>${email_body}</var>
<arg>${email_index}</arg>
<doc>Returns the decoded email body on multipart email message,
otherwise returns the body text.</doc>
<status status="PASS" start="2024-05-02T13:36:52.038116" elapsed="0.449808"/>
</kw>
<kw name="Get Regexp Matches" owner="String">
<msg time="2024-05-02T13:36:52.492949" level="INFO">${otp} = ['353454', '000000', '353454', '823667', '353454', '353454', '000000', '353454', '353454', '353454', '353454', '353454', '353454', '353454', '353454', '353454', '353454']</msg>
<var>${otp}</var>
<arg>${email_body}</arg>
<arg>\\b\\d{6}\\b</arg>
<doc>Returns a list of all non-overlapping matches in the given string.</doc>
<status status="PASS" start="2024-05-02T13:36:52.488803" elapsed="0.004307"/>
</kw>
<kw name="Delete Email" owner="ImapLibrary2">
<arg>${email_index}</arg>
<doc>Delete email on given ``email_index``.</doc>
<status status="PASS" start="2024-05-02T13:36:52.493908" elapsed="0.727630"/>
</kw>
<kw name="Log" owner="BuiltIn">
<msg time="2024-05-02T13:36:53.223916" level="INFO">OTP received: ['353454', '000000', '353454', '823667', '353454', '353454', '000000', '353454', '353454', '353454', '353454', '353454', '353454', '353454', '353454', '353454', '353454']</msg>
<arg>OTP received: ${otp}</arg>
<doc>Logs the given message with the given level.</doc>
<status status="PASS" start="2024-05-02T13:36:53.222704" elapsed="0.001568"/>
</kw>
<return>
<value>${otp}[3]</value>
<status status="PASS" start="2024-05-02T13:36:53.224788" elapsed="0.001023"/>
</return>
<msg time="2024-05-02T13:36:53.226920" level="INFO">${otp} = 823667</msg>
<var>${otp}</var>
<status status="PASS" start="2024-05-02T13:36:49.941274" elapsed="3.285844"/>
</kw>
<kw name="Copy To Clipboard" owner="CustomKeywords">
<arg>${otp}</arg>
<status status="PASS" start="2024-05-02T13:36:53.228065" elapsed="0.031938"/>
</kw>
<kw name="Wait Until Element Is Visible" owner="SeleniumLibrary">
<kw name="Capture Page Screenshot" owner="SeleniumLibrary">
<msg time="2024-05-02T13:36:53.271342" level="FAIL">NoSuchWindowException: Message: no such window: target window already closed
from unknown error: web view not found
  (Session info: chrome=124.0.6367.91)
</msg>
<doc>Takes a screenshot of the current page and embeds it into a log file.</doc>
<status status="FAIL" start="2024-05-02T13:36:53.267006" elapsed="0.095454">NoSuchWindowException: Message: no such window: target window already closed
from unknown error: web view not found
  (Session info: chrome=124.0.6367.91)
</status>
</kw>
<msg time="2024-05-02T13:36:53.362628" level="WARN">Keyword 'Capture Page Screenshot' could not be run on failure: NoSuchWindowException: Message: no such window: target window already closed
from unknown error: web view not found
  (Session info: chrome=124.0.6367.91)
</msg>
<msg time="2024-05-02T13:36:53.363016" level="FAIL">NoSuchWindowException: Message: no such window: target window already closed
from unknown error: web view not found
  (Session info: chrome=124.0.6367.91)
</msg>
<arg>${OTP_CLICK}</arg>
<arg>15s</arg>
<doc>Waits until the element ``locator`` is visible.</doc>
<status status="FAIL" start="2024-05-02T13:36:53.261695" elapsed="0.101594">NoSuchWindowException: Message: no such window: target window already closed
from unknown error: web view not found
  (Session info: chrome=124.0.6367.91)
</status>
</kw>
<kw name="Click Element" owner="SeleniumLibrary">
<arg>${OTP_CLICK}</arg>
<doc>Click the element identified by ``locator``.</doc>
<status status="NOT RUN" start="2024-05-02T13:36:53.363597" elapsed="0.000052"/>
</kw>
<kw name="Wait Until Element Is Enabled" owner="SeleniumLibrary">
<arg>${OTP_PMS}</arg>
<arg>${TIMEOUT}</arg>
<doc>Waits until the element ``locator`` is enabled.</doc>
<status status="NOT RUN" start="2024-05-02T13:36:53.363854" elapsed="0.000043"/>
</kw>
<kw name="Press Keys" owner="SeleniumLibrary">
<arg>${OTP_PMS}</arg>
<arg>CTRL+V</arg>
<doc>Simulates the user pressing key(s) to an element or on the active browser.</doc>
<status status="NOT RUN" start="2024-05-02T13:36:53.364089" elapsed="0.000040"/>
</kw>
<kw name="Click Button" owner="SeleniumLibrary">
<arg>${VALIDATE_OTP}</arg>
<doc>Clicks the button identified by ``locator``.</doc>
<status status="NOT RUN" start="2024-05-02T13:36:53.364300" elapsed="0.000039"/>
</kw>
<kw name="Wait Until Element Is Visible" owner="SeleniumLibrary">
<arg>${HOMEPAGE_PMS}</arg>
<doc>Waits until the element ``locator`` is visible.</doc>
<status status="NOT RUN" start="2024-05-02T13:36:53.364510" elapsed="0.000038"/>
</kw>
<status status="FAIL" start="2024-05-02T13:36:49.938785" elapsed="3.425961">NoSuchWindowException: Message: no such window: target window already closed
from unknown error: web view not found
  (Session info: chrome=124.0.6367.91)
</status>
</kw>
<kw name="Wait Until Element Is Visible" owner="SeleniumLibrary">
<arg>${TO-DO_HOME}</arg>
<doc>Waits until the element ``locator`` is visible.</doc>
<status status="NOT RUN" start="2024-05-02T13:36:53.365124" elapsed="0.000058"/>
</kw>
<kw name="Element Should Contain" owner="SeleniumLibrary">
<arg>${TO-DO_HOME}</arg>
<arg>TO DO's</arg>
<doc>Verifies that element ``locator`` contains text ``expected``.</doc>
<status status="NOT RUN" start="2024-05-02T13:36:53.365496" elapsed="0.000055"/>
</kw>
<kw name="Element Should Contain" owner="SeleniumLibrary">
<arg>${APPOINTMENT_HOME}</arg>
<arg>Appointments</arg>
<doc>Verifies that element ``locator`` contains text ``expected``.</doc>
<status status="NOT RUN" start="2024-05-02T13:36:53.365902" elapsed="0.000073"/>
</kw>
<tag>TC-APP-001</tag>
<status status="FAIL" start="2024-05-02T13:36:49.935373" elapsed="3.431219">NoSuchWindowException: Message: no such window: target window already closed
from unknown error: web view not found
  (Session info: chrome=124.0.6367.91)
</status>
</test>
<test id="s1-t4" name="Verify the Calender &amp; appointments screen" line="34">
<kw name="Wait Until the Update Icon Disappear" owner="lumate1Resource">
<kw name="Wait Until Element Is Not Visible" owner="SeleniumLibrary">
<kw name="Capture Page Screenshot" owner="SeleniumLibrary">
<msg time="2024-05-02T13:36:53.373658" level="FAIL">NoSuchWindowException: Message: no such window: target window already closed
from unknown error: web view not found
  (Session info: chrome=124.0.6367.91)
</msg>
<doc>Takes a screenshot of the current page and embeds it into a log file.</doc>
<status status="FAIL" start="2024-05-02T13:36:53.371105" elapsed="0.003159">NoSuchWindowException: Message: no such window: target window already closed
from unknown error: web view not found
  (Session info: chrome=124.0.6367.91)
</status>
</kw>
<msg time="2024-05-02T13:36:53.374454" level="WARN">Keyword 'Capture Page Screenshot' could not be run on failure: NoSuchWindowException: Message: no such window: target window already closed
from unknown error: web view not found
  (Session info: chrome=124.0.6367.91)
</msg>
<msg time="2024-05-02T13:36:53.374833" level="FAIL">NoSuchWindowException: Message: no such window: target window already closed
from unknown error: web view not found
  (Session info: chrome=124.0.6367.91)
</msg>
<arg>${UpdateIcon}</arg>
<arg>${Timeout_40}</arg>
<doc>Waits until the element ``locator`` is not visible.</doc>
<status status="FAIL" start="2024-05-02T13:36:53.368903" elapsed="0.006282">NoSuchWindowException: Message: no such window: target window already closed
from unknown error: web view not found
  (Session info: chrome=124.0.6367.91)
</status>
</kw>
<status status="FAIL" start="2024-05-02T13:36:53.368204" elapsed="0.007190">NoSuchWindowException: Message: no such window: target window already closed
from unknown error: web view not found
  (Session info: chrome=124.0.6367.91)
</status>
</kw>
<kw name="Click Element" owner="SeleniumLibrary">
<arg>${APPOINTMENT_SEC}</arg>
<doc>Click the element identified by ``locator``.</doc>
<status status="NOT RUN" start="2024-05-02T13:36:53.375680" elapsed="0.000044"/>
</kw>
<kw name="Wait Until the Update Icon Disappear" owner="lumate1Resource">
<status status="NOT RUN" start="2024-05-02T13:36:53.376069" elapsed="0.000046"/>
</kw>
<kw name="Wait Until Element Is Visible" owner="SeleniumLibrary">
<arg>${APPOINTMENT_CALENDER}</arg>
<arg>${TIMEOUT_40}</arg>
<doc>Waits until the element ``locator`` is visible.</doc>
<status status="NOT RUN" start="2024-05-02T13:36:53.376328" elapsed="0.000037"/>
</kw>
<kw name="verify elements of TC-APP-002 visible or not" owner="lumate1Resource">
<status status="NOT RUN" start="2024-05-02T13:36:53.376629" elapsed="0.000040"/>
</kw>
<kw name="Wait Until the Update Icon Disappear" owner="lumate1Resource">
<status status="NOT RUN" start="2024-05-02T13:36:53.376875" elapsed="0.000038"/>
</kw>
<tag>TC-APP-002</tag>
<status status="FAIL" start="2024-05-02T13:36:53.367136" elapsed="0.010001">NoSuchWindowException: Message: no such window: target window already closed
from unknown error: web view not found
  (Session info: chrome=124.0.6367.91)
</status>
</test>
<test id="s1-t5" name="Verify the create an appointment button" line="43">
<kw name="Click Element" owner="SeleniumLibrary" type="SETUP">
<msg time="2024-05-02T13:36:53.378195" level="INFO">Clicking element 'xpath://*[@class="menu overflow-hidden"]/ul/div[1]/li[3]'.</msg>
<kw name="Capture Page Screenshot" owner="SeleniumLibrary">
<msg time="2024-05-02T13:36:53.382384" level="FAIL">NoSuchWindowException: Message: no such window: target window already closed
from unknown error: web view not found
  (Session info: chrome=124.0.6367.91)
</msg>
<doc>Takes a screenshot of the current page and embeds it into a log file.</doc>
<status status="FAIL" start="2024-05-02T13:36:53.379837" elapsed="0.003271">NoSuchWindowException: Message: no such window: target window already closed
from unknown error: web view not found
  (Session info: chrome=124.0.6367.91)
</status>
</kw>
<msg time="2024-05-02T13:36:53.383249" level="WARN">Keyword 'Capture Page Screenshot' could not be run on failure: NoSuchWindowException: Message: no such window: target window already closed
from unknown error: web view not found
  (Session info: chrome=124.0.6367.91)
</msg>
<msg time="2024-05-02T13:36:53.383626" level="FAIL">NoSuchWindowException: Message: no such window: target window already closed
from unknown error: web view not found
  (Session info: chrome=124.0.6367.91)
</msg>
<arg>${HOME_SEC}</arg>
<doc>Click the element identified by ``locator``.</doc>
<status status="FAIL" start="2024-05-02T13:36:53.377951" elapsed="0.006054">NoSuchWindowException: Message: no such window: target window already closed
from unknown error: web view not found
  (Session info: chrome=124.0.6367.91)
</status>
</kw>
<tag>TC-APP-003</tag>
<status status="FAIL" start="2024-05-02T13:36:53.377477" elapsed="0.006861">Setup failed:
NoSuchWindowException: Message: no such window: target window already closed
from unknown error: web view not found
  (Session info: chrome=124.0.6367.91)
</status>
</test>
<test id="s1-t6" name="Verify View Patient" line="48">
<kw name="Click Element" owner="SeleniumLibrary" type="SETUP">
<msg time="2024-05-02T13:36:53.385361" level="INFO">Clicking element 'xpath://*[@class="menu overflow-hidden"]/ul/div[1]/li[3]'.</msg>
<kw name="Capture Page Screenshot" owner="SeleniumLibrary">
<msg time="2024-05-02T13:36:53.389582" level="FAIL">NoSuchWindowException: Message: no such window: target window already closed
from unknown error: web view not found
  (Session info: chrome=124.0.6367.91)
</msg>
<doc>Takes a screenshot of the current page and embeds it into a log file.</doc>
<status status="FAIL" start="2024-05-02T13:36:53.387079" elapsed="0.002979">NoSuchWindowException: Message: no such window: target window already closed
from unknown error: web view not found
  (Session info: chrome=124.0.6367.91)
</status>
</kw>
<msg time="2024-05-02T13:36:53.390197" level="WARN">Keyword 'Capture Page Screenshot' could not be run on failure: NoSuchWindowException: Message: no such window: target window already closed
from unknown error: web view not found
  (Session info: chrome=124.0.6367.91)
</msg>
<msg time="2024-05-02T13:36:53.390515" level="FAIL">NoSuchWindowException: Message: no such window: target window already closed
from unknown error: web view not found
  (Session info: chrome=124.0.6367.91)
</msg>
<arg>${HOME_SEC}</arg>
<doc>Click the element identified by ``locator``.</doc>
<status status="FAIL" start="2024-05-02T13:36:53.385120" elapsed="0.005657">NoSuchWindowException: Message: no such window: target window already closed
from unknown error: web view not found
  (Session info: chrome=124.0.6367.91)
</status>
</kw>
<tag>TC-PCV-001</tag>
<status status="FAIL" start="2024-05-02T13:36:53.384717" elapsed="0.006346">Setup failed:
NoSuchWindowException: Message: no such window: target window already closed
from unknown error: web view not found
  (Session info: chrome=124.0.6367.91)
</status>
</test>
<test id="s1-t7" name="Verify Edit Patient" line="54">
<kw name="Click Element" owner="SeleniumLibrary" type="SETUP">
<msg time="2024-05-02T13:36:53.392164" level="INFO">Clicking element 'xpath://*[@class="menu overflow-hidden"]/ul/div[1]/li[3]'.</msg>
<kw name="Capture Page Screenshot" owner="SeleniumLibrary">
<msg time="2024-05-02T13:36:53.396600" level="FAIL">NoSuchWindowException: Message: no such window: target window already closed
from unknown error: web view not found
  (Session info: chrome=124.0.6367.91)
</msg>
<doc>Takes a screenshot of the current page and embeds it into a log file.</doc>
<status status="FAIL" start="2024-05-02T13:36:53.393961" elapsed="0.003067">NoSuchWindowException: Message: no such window: target window already closed
from unknown error: web view not found
  (Session info: chrome=124.0.6367.91)
</status>
</kw>
<msg time="2024-05-02T13:36:53.397153" level="WARN">Keyword 'Capture Page Screenshot' could not be run on failure: NoSuchWindowException: Message: no such window: target window already closed
from unknown error: web view not found
  (Session info: chrome=124.0.6367.91)
</msg>
<msg time="2024-05-02T13:36:53.397418" level="FAIL">NoSuchWindowException: Message: no such window: target window already closed
from unknown error: web view not found
  (Session info: chrome=124.0.6367.91)
</msg>
<arg>${HOME_SEC}</arg>
<doc>Click the element identified by ``locator``.</doc>
<status status="FAIL" start="2024-05-02T13:36:53.391856" elapsed="0.005813">NoSuchWindowException: Message: no such window: target window already closed
from unknown error: web view not found
  (Session info: chrome=124.0.6367.91)
</status>
</kw>
<tag>TC-PCV-002</tag>
<status status="FAIL" start="2024-05-02T13:36:53.391416" elapsed="0.006574">Setup failed:
NoSuchWindowException: Message: no such window: target window already closed
from unknown error: web view not found
  (Session info: chrome=124.0.6367.91)
</status>
</test>
<test id="s1-t8" name="Verify the Basic details screen given under the Demographic section" line="63">
<kw name="Click Element" owner="SeleniumLibrary" type="SETUP">
<msg time="2024-05-02T13:36:53.399916" level="INFO">Clicking element 'xpath://*[@class="menu overflow-hidden"]/ul/div[1]/li[3]'.</msg>
<kw name="Capture Page Screenshot" owner="SeleniumLibrary">
<msg time="2024-05-02T13:36:53.404054" level="FAIL">NoSuchWindowException: Message: no such window: target window already closed
from unknown error: web view not found
  (Session info: chrome=124.0.6367.91)
</msg>
<doc>Takes a screenshot of the current page and embeds it into a log file.</doc>
<status status="FAIL" start="2024-05-02T13:36:53.401674" elapsed="0.002826">NoSuchWindowException: Message: no such window: target window already closed
from unknown error: web view not found
  (Session info: chrome=124.0.6367.91)
</status>
</kw>
<msg time="2024-05-02T13:36:53.404633" level="WARN">Keyword 'Capture Page Screenshot' could not be run on failure: NoSuchWindowException: Message: no such window: target window already closed
from unknown error: web view not found
  (Session info: chrome=124.0.6367.91)
</msg>
<msg time="2024-05-02T13:36:53.404923" level="FAIL">NoSuchWindowException: Message: no such window: target window already closed
from unknown error: web view not found
  (Session info: chrome=124.0.6367.91)
</msg>
<arg>${HOME_SEC}</arg>
<doc>Click the element identified by ``locator``.</doc>
<status status="FAIL" start="2024-05-02T13:36:53.399428" elapsed="0.005819">NoSuchWindowException: Message: no such window: target window already closed
from unknown error: web view not found
  (Session info: chrome=124.0.6367.91)
</status>
</kw>
<tag>TC-PCV-003</tag>
<status status="FAIL" start="2024-05-02T13:36:53.398515" elapsed="0.007053">Setup failed:
NoSuchWindowException: Message: no such window: target window already closed
from unknown error: web view not found
  (Session info: chrome=124.0.6367.91)
</status>
</test>
<test id="s1-t9" name="Verify billing tab" line="74">
<kw name="Click Element" owner="SeleniumLibrary" type="SETUP">
<msg time="2024-05-02T13:36:53.407120" level="INFO">Clicking element 'xpath://*[@class="menu overflow-hidden"]/ul/div[1]/li[3]'.</msg>
<kw name="Capture Page Screenshot" owner="SeleniumLibrary">
<msg time="2024-05-02T13:36:53.412133" level="FAIL">NoSuchWindowException: Message: no such window: target window already closed
from unknown error: web view not found
  (Session info: chrome=124.0.6367.91)
</msg>
<doc>Takes a screenshot of the current page and embeds it into a log file.</doc>
<status status="FAIL" start="2024-05-02T13:36:53.408817" elapsed="0.003811">NoSuchWindowException: Message: no such window: target window already closed
from unknown error: web view not found
  (Session info: chrome=124.0.6367.91)
</status>
</kw>
<msg time="2024-05-02T13:36:53.412785" level="WARN">Keyword 'Capture Page Screenshot' could not be run on failure: NoSuchWindowException: Message: no such window: target window already closed
from unknown error: web view not found
  (Session info: chrome=124.0.6367.91)
</msg>
<msg time="2024-05-02T13:36:53.413109" level="FAIL">NoSuchWindowException: Message: no such window: target window already closed
from unknown error: web view not found
  (Session info: chrome=124.0.6367.91)
</msg>
<arg>${HOME_SEC}</arg>
<doc>Click the element identified by ``locator``.</doc>
<status status="FAIL" start="2024-05-02T13:36:53.406728" elapsed="0.006646">NoSuchWindowException: Message: no such window: target window already closed
from unknown error: web view not found
  (Session info: chrome=124.0.6367.91)
</status>
</kw>
<tag>TC-PCV-004</tag>
<status status="FAIL" start="2024-05-02T13:36:53.406042" elapsed="0.007740">Setup failed:
NoSuchWindowException: Message: no such window: target window already closed
from unknown error: web view not found
  (Session info: chrome=124.0.6367.91)
</status>
</test>
<test id="s1-t10" name="Change billing status" line="85">
<kw name="Click Element" owner="SeleniumLibrary" type="SETUP">
<msg time="2024-05-02T13:36:53.415225" level="INFO">Clicking element 'xpath://*[@class="menu overflow-hidden"]/ul/div[1]/li[2]'.</msg>
<kw name="Capture Page Screenshot" owner="SeleniumLibrary">
<msg time="2024-05-02T13:36:53.419374" level="FAIL">NoSuchWindowException: Message: no such window: target window already closed
from unknown error: web view not found
  (Session info: chrome=124.0.6367.91)
</msg>
<doc>Takes a screenshot of the current page and embeds it into a log file.</doc>
<status status="FAIL" start="2024-05-02T13:36:53.417109" elapsed="0.002628">NoSuchWindowException: Message: no such window: target window already closed
from unknown error: web view not found
  (Session info: chrome=124.0.6367.91)
</status>
</kw>
<msg time="2024-05-02T13:36:53.419849" level="WARN">Keyword 'Capture Page Screenshot' could not be run on failure: NoSuchWindowException: Message: no such window: target window already closed
from unknown error: web view not found
  (Session info: chrome=124.0.6367.91)
</msg>
<msg time="2024-05-02T13:36:53.420080" level="FAIL">NoSuchWindowException: Message: no such window: target window already closed
from unknown error: web view not found
  (Session info: chrome=124.0.6367.91)
</msg>
<arg>${HOME_SEC_ICON}</arg>
<doc>Click the element identified by ``locator``.</doc>
<status status="FAIL" start="2024-05-02T13:36:53.414896" elapsed="0.005410">NoSuchWindowException: Message: no such window: target window already closed
from unknown error: web view not found
  (Session info: chrome=124.0.6367.91)
</status>
</kw>
<tag>TC-PCV-005</tag>
<status status="FAIL" start="2024-05-02T13:36:53.414252" elapsed="0.006326">Setup failed:
NoSuchWindowException: Message: no such window: target window already closed
from unknown error: web view not found
  (Session info: chrome=124.0.6367.91)
</status>
</test>
<status status="FAIL" start="2024-05-02T13:36:30.664322" elapsed="22.757057"/>
</suite>
<statistics>
<total>
<stat pass="1" fail="9" skip="0">All Tests</stat>
</total>
<tag>
<stat pass="0" fail="1" skip="0">TC-APP-001</stat>
<stat pass="0" fail="1" skip="0">TC-APP-002</stat>
<stat pass="0" fail="1" skip="0">TC-APP-003</stat>
<stat pass="0" fail="1" skip="0">TC-PCV-001</stat>
<stat pass="0" fail="1" skip="0">TC-PCV-002</stat>
<stat pass="0" fail="1" skip="0">TC-PCV-003</stat>
<stat pass="0" fail="1" skip="0">TC-PCV-004</stat>
<stat pass="0" fail="1" skip="0">TC-PCV-005</stat>
<stat pass="1" fail="0" skip="0">TC-PMS-001</stat>
<stat pass="0" fail="1" skip="0">TC-PMS-005</stat>
</tag>
<suite>
<stat pass="1" fail="9" skip="0" id="s1" name="lumate1Test">lumate1Test</stat>
</suite>
</statistics>
<errors>
<msg time="2024-05-02T13:36:49.922626" level="WARN">Keyword 'Capture Page Screenshot' could not be run on failure: NoSuchWindowException: Message: no such window: target window already closed
from unknown error: web view not found
  (Session info: chrome=124.0.6367.91)
</msg>
<msg time="2024-05-02T13:36:53.362628" level="WARN">Keyword 'Capture Page Screenshot' could not be run on failure: NoSuchWindowException: Message: no such window: target window already closed
from unknown error: web view not found
  (Session info: chrome=124.0.6367.91)
</msg>
<msg time="2024-05-02T13:36:53.374454" level="WARN">Keyword 'Capture Page Screenshot' could not be run on failure: NoSuchWindowException: Message: no such window: target window already closed
from unknown error: web view not found
  (Session info: chrome=124.0.6367.91)
</msg>
<msg time="2024-05-02T13:36:53.383249" level="WARN">Keyword 'Capture Page Screenshot' could not be run on failure: NoSuchWindowException: Message: no such window: target window already closed
from unknown error: web view not found
  (Session info: chrome=124.0.6367.91)
</msg>
<msg time="2024-05-02T13:36:53.390197" level="WARN">Keyword 'Capture Page Screenshot' could not be run on failure: NoSuchWindowException: Message: no such window: target window already closed
from unknown error: web view not found
  (Session info: chrome=124.0.6367.91)
</msg>
<msg time="2024-05-02T13:36:53.397153" level="WARN">Keyword 'Capture Page Screenshot' could not be run on failure: NoSuchWindowException: Message: no such window: target window already closed
from unknown error: web view not found
  (Session info: chrome=124.0.6367.91)
</msg>
<msg time="2024-05-02T13:36:53.404633" level="WARN">Keyword 'Capture Page Screenshot' could not be run on failure: NoSuchWindowException: Message: no such window: target window already closed
from unknown error: web view not found
  (Session info: chrome=124.0.6367.91)
</msg>
<msg time="2024-05-02T13:36:53.412785" level="WARN">Keyword 'Capture Page Screenshot' could not be run on failure: NoSuchWindowException: Message: no such window: target window already closed
from unknown error: web view not found
  (Session info: chrome=124.0.6367.91)
</msg>
<msg time="2024-05-02T13:36:53.419849" level="WARN">Keyword 'Capture Page Screenshot' could not be run on failure: NoSuchWindowException: Message: no such window: target window already closed
from unknown error: web view not found
  (Session info: chrome=124.0.6367.91)
</msg>
</errors>
</robot>
