<?xml version="1.0" encoding="UTF-8"?>
<robot generator="Robot 7.0 (Python 3.8.10 on linux)" generated="2024-04-22T18:16:00.748275" rpa="false" schemaversion="5">
<suite id="s1" name="lumate1Test" source="/home/ridham/PycharmProjects/LUMATE-AUTOMATION_POC/TestCases/lumate1Test.robot">
<kw name="Run Keywords" owner="BuiltIn" type="SETUP">
<kw name="Open PMS url on browser" owner="lumate1Resource">
<kw name="Open Browser" owner="SeleniumLibrary">
<msg time="2024-04-22T18:16:00.868321" level="INFO">Opening browser 'chrome' to base url 'https://qa-pms.lumatehealth.com/'.</msg>
<arg>url=${PMS_URL}</arg>
<arg>browser=${Browser}</arg>
<doc>Opens a new browser instance to the optional ``url``.</doc>
<status status="PASS" start="2024-04-22T18:16:00.867996" elapsed="3.760752"/>
</kw>
<kw name="Maximize Browser Window" owner="SeleniumLibrary">
<kw name="Capture Page Screenshot" owner="SeleniumLibrary">
<msg time="2024-04-22T18:16:04.639417" level="FAIL">NoSuchWindowException: Message: no such window: target window already closed
from unknown error: web view not found
  (Session info: chrome=123.0.6312.122)
</msg>
<doc>Takes a screenshot of the current page and embeds it into a log file.</doc>
<status status="FAIL" start="2024-04-22T18:16:04.635178" elapsed="0.075589">NoSuchWindowException: Message: no such window: target window already closed
from unknown error: web view not found
  (Session info: chrome=123.0.6312.122)
</status>
</kw>
<msg time="2024-04-22T18:16:04.710923" level="WARN">Keyword 'Capture Page Screenshot' could not be run on failure: NoSuchWindowException: Message: no such window: target window already closed
from unknown error: web view not found
  (Session info: chrome=123.0.6312.122)
</msg>
<msg time="2024-04-22T18:16:04.711308" level="FAIL">NoSuchWindowException: Message: no such window: target window already closed
from unknown error: web view not found
  (Session info: chrome=123.0.6312.122)
</msg>
<doc>Maximizes current browser window.</doc>
<status status="FAIL" start="2024-04-22T18:16:04.630095" elapsed="0.081442">NoSuchWindowException: Message: no such window: target window already closed
from unknown error: web view not found
  (Session info: chrome=123.0.6312.122)
</status>
</kw>
<kw name="Wait Until Element Is Visible" owner="SeleniumLibrary">
<arg>${LOGIN_PAGE_PMS}</arg>
<arg>15s</arg>
<doc>Waits until the element ``locator`` is visible.</doc>
<status status="NOT RUN" start="2024-04-22T18:16:04.712023" elapsed="0.000218"/>
</kw>
<status status="FAIL" start="2024-04-22T18:16:00.867674" elapsed="3.845350">NoSuchWindowException: Message: no such window: target window already closed
from unknown error: web view not found
  (Session info: chrome=123.0.6312.122)
</status>
</kw>
<arg>Open PMS Url On Browser</arg>
<arg>Fill the credentials and login</arg>
<arg>Enetr OTP and Submit it</arg>
<doc>Executes all the given keywords in a sequence.</doc>
<status status="FAIL" start="2024-04-22T18:16:00.867140" elapsed="3.846065">NoSuchWindowException: Message: no such window: target window already closed
from unknown error: web view not found
  (Session info: chrome=123.0.6312.122)
</status>
</kw>
<test id="s1-t1" name="Change billing status" line="68">
<tag>TC-PCV-005</tag>
<status status="FAIL" start="2024-04-22T18:16:04.713569" elapsed="0.001052">Parent suite setup failed:
NoSuchWindowException: Message: no such window: target window already closed
from unknown error: web view not found
  (Session info: chrome=123.0.6312.122)
</status>
</test>
<status status="FAIL" start="2024-04-22T18:16:00.749260" elapsed="3.966576">Suite setup failed:
NoSuchWindowException: Message: no such window: target window already closed
from unknown error: web view not found
  (Session info: chrome=123.0.6312.122)
</status>
</suite>
<statistics>
<total>
<stat pass="0" fail="1" skip="0">All Tests</stat>
</total>
<tag>
<stat pass="0" fail="1" skip="0">TC-PCV-005</stat>
</tag>
<suite>
<stat pass="0" fail="1" skip="0" id="s1" name="lumate1Test">lumate1Test</stat>
</suite>
</statistics>
<errors>
<msg time="2024-04-22T18:16:04.710923" level="WARN">Keyword 'Capture Page Screenshot' could not be run on failure: NoSuchWindowException: Message: no such window: target window already closed
from unknown error: web view not found
  (Session info: chrome=123.0.6312.122)
</msg>
</errors>
</robot>
