<?xml version="1.0" encoding="UTF-8"?>
<robot generator="Robot 7.0 (Python 3.8.10 on linux)" generated="2024-05-16T11:32:06.658547" rpa="false" schemaversion="5">
<suite id="s1" name="lumate2Test" source="/home/ridham/PycharmProjects/LUMATE-AUTOMATION_POC/TestCases/lumate2Test.robot">
<test id="s1-t1" name="Verify patient signup" line="14">
<kw name="Open LUMCARE url on browser" owner="lumate2Resource">
<kw name="Open Browser" owner="SeleniumLibrary">
<msg time="2024-05-16T11:32:06.795101" level="INFO">Opening browser 'chrome' to base url 'https://qa-lumacare.lumatehealth.com/#/authentication/login'.</msg>
<arg>url=${P_PORTAL_URL}</arg>
<arg>browser=${Browser}</arg>
<doc>Opens a new browser instance to the optional ``url``.</doc>
<status status="PASS" start="2024-05-16T11:32:06.794762" elapsed="2.042089"/>
</kw>
<kw name="Maximize Browser Window" owner="SeleniumLibrary">
<kw name="Capture Page Screenshot" owner="SeleniumLibrary">
<msg time="2024-05-16T11:32:08.872444" level="FAIL">NoSuchWindowException: Message: no such window: target window already closed
from unknown error: web view not found
  (Session info: chrome=124.0.6367.118)
</msg>
<doc>Takes a screenshot of the current page and embeds it into a log file.</doc>
<status status="FAIL" start="2024-05-16T11:32:08.864567" elapsed="0.084472">NoSuchWindowException: Message: no such window: target window already closed
from unknown error: web view not found
  (Session info: chrome=124.0.6367.118)
</status>
</kw>
<msg time="2024-05-16T11:32:08.949373" level="WARN">Keyword 'Capture Page Screenshot' could not be run on failure: NoSuchWindowException: Message: no such window: target window already closed
from unknown error: web view not found
  (Session info: chrome=124.0.6367.118)
</msg>
<msg time="2024-05-16T11:32:08.950559" level="FAIL">NoSuchWindowException: Message: no such window: target window already closed
from unknown error: web view not found
  (Session info: chrome=124.0.6367.118)
</msg>
<doc>Maximizes current browser window.</doc>
<status status="FAIL" start="2024-05-16T11:32:08.848469" elapsed="0.102943">NoSuchWindowException: Message: no such window: target window already closed
from unknown error: web view not found
  (Session info: chrome=124.0.6367.118)
</status>
</kw>
<kw name="Wait Until Element Is Visible" owner="SeleniumLibrary">
<arg>${LOGIN_PAGE_P_PORTAL}</arg>
<arg>15s</arg>
<doc>Waits until the element ``locator`` is visible.</doc>
<status status="NOT RUN" start="2024-05-16T11:32:08.952753" elapsed="0.000285"/>
</kw>
<status status="FAIL" start="2024-05-16T11:32:06.793678" elapsed="2.160217">NoSuchWindowException: Message: no such window: target window already closed
from unknown error: web view not found
  (Session info: chrome=124.0.6367.118)
</status>
</kw>
<kw name="Fill the credentials and login" owner="lumate2Resource">
<status status="NOT RUN" start="2024-05-16T11:32:08.955819" elapsed="0.000264"/>
</kw>
<kw name="Enter OTP and Submit it" owner="lumate2Resource">
<status status="NOT RUN" start="2024-05-16T11:32:08.957600" elapsed="0.000231"/>
</kw>
<kw name="Select Dependent and Skip profile editing" owner="lumate2Resource">
<status status="NOT RUN" start="2024-05-16T11:32:08.959248" elapsed="0.000233"/>
</kw>
<kw name="Wait Until Element Is Visible" owner="SeleniumLibrary">
<arg>${HOMEPAGE_P_PORTAL}</arg>
<arg>${TIMEOUT}</arg>
<doc>Waits until the element ``locator`` is visible.</doc>
<status status="NOT RUN" start="2024-05-16T11:32:08.960578" elapsed="0.000214"/>
</kw>
<tag>TC-PATIENT-001</tag>
<tag>test:retry(2)</tag>
<status status="FAIL" start="2024-05-16T11:32:06.792826" elapsed="2.169367">NoSuchWindowException: Message: no such window: target window already closed
from unknown error: web view not found
  (Session info: chrome=124.0.6367.118)
</status>
</test>
<test id="s1-t2" name="Add consent forms" line="26">
<kw name="Wait Until Element Is Visible" owner="SeleniumLibrary">
<kw name="Capture Page Screenshot" owner="SeleniumLibrary">
<msg time="2024-05-16T11:32:08.984232" level="FAIL">NoSuchWindowException: Message: no such window: target window already closed
from unknown error: web view not found
  (Session info: chrome=124.0.6367.118)
</msg>
<doc>Takes a screenshot of the current page and embeds it into a log file.</doc>
<status status="FAIL" start="2024-05-16T11:32:08.976710" elapsed="0.010568">NoSuchWindowException: Message: no such window: target window already closed
from unknown error: web view not found
  (Session info: chrome=124.0.6367.118)
</status>
</kw>
<msg time="2024-05-16T11:32:08.987777" level="WARN">Keyword 'Capture Page Screenshot' could not be run on failure: NoSuchWindowException: Message: no such window: target window already closed
from unknown error: web view not found
  (Session info: chrome=124.0.6367.118)
</msg>
<msg time="2024-05-16T11:32:08.989065" level="FAIL">NoSuchWindowException: Message: no such window: target window already closed
from unknown error: web view not found
  (Session info: chrome=124.0.6367.118)
</msg>
<arg>${VIEW_CONSENT}</arg>
<arg>${TIMEOUT}</arg>
<doc>Waits until the element ``locator`` is visible.</doc>
<status status="FAIL" start="2024-05-16T11:32:08.967695" elapsed="0.022477">NoSuchWindowException: Message: no such window: target window already closed
from unknown error: web view not found
  (Session info: chrome=124.0.6367.118)
</status>
</kw>
<kw name="Wait Until the Update Icon Disappear" owner="lumate2Resource">
<status status="NOT RUN" start="2024-05-16T11:32:08.991761" elapsed="0.000258"/>
</kw>
<kw name="Click Element" owner="SeleniumLibrary">
<arg>${VIEW_CONSENT}</arg>
<doc>Click the element identified by ``locator``.</doc>
<status status="NOT RUN" start="2024-05-16T11:32:08.993930" elapsed="0.000338"/>
</kw>
<kw name="Wait Until the Update Icon Disappear" owner="lumate2Resource">
<status status="NOT RUN" start="2024-05-16T11:32:08.995654" elapsed="0.000247"/>
</kw>
<kw name="Element Should Be Visible" owner="SeleniumLibrary">
<arg>${CONSENTS}</arg>
<doc>Verifies that the element identified by ``locator`` is visible.</doc>
<status status="NOT RUN" start="2024-05-16T11:32:08.997068" elapsed="0.000227"/>
</kw>
<tag>TC-PATIENT-002</tag>
<status status="FAIL" start="2024-05-16T11:32:08.965067" elapsed="0.033880">NoSuchWindowException: Message: no such window: target window already closed
from unknown error: web view not found
  (Session info: chrome=124.0.6367.118)
</status>
</test>
<test id="s1-t3" name="Bill payment" line="34">
<kw name="Wait Until the Update Icon Disappear" owner="lumate2Resource">
<kw name="Wait Until Element Is Not Visible" owner="SeleniumLibrary">
<kw name="Capture Page Screenshot" owner="SeleniumLibrary">
<msg time="2024-05-16T11:32:09.018782" level="FAIL">NoSuchWindowException: Message: no such window: target window already closed
from unknown error: web view not found
  (Session info: chrome=124.0.6367.118)
</msg>
<doc>Takes a screenshot of the current page and embeds it into a log file.</doc>
<status status="FAIL" start="2024-05-16T11:32:09.012702" elapsed="0.007220">NoSuchWindowException: Message: no such window: target window already closed
from unknown error: web view not found
  (Session info: chrome=124.0.6367.118)
</status>
</kw>
<msg time="2024-05-16T11:32:09.020232" level="WARN">Keyword 'Capture Page Screenshot' could not be run on failure: NoSuchWindowException: Message: no such window: target window already closed
from unknown error: web view not found
  (Session info: chrome=124.0.6367.118)
</msg>
<msg time="2024-05-16T11:32:09.020943" level="FAIL">NoSuchWindowException: Message: no such window: target window already closed
from unknown error: web view not found
  (Session info: chrome=124.0.6367.118)
</msg>
<arg>${UpdateIcon}</arg>
<arg>${TIMEOUT}</arg>
<doc>Waits until the element ``locator`` is not visible.</doc>
<status status="FAIL" start="2024-05-16T11:32:09.005833" elapsed="0.015846">NoSuchWindowException: Message: no such window: target window already closed
from unknown error: web view not found
  (Session info: chrome=124.0.6367.118)
</status>
</kw>
<status status="FAIL" start="2024-05-16T11:32:09.003743" elapsed="0.018629">NoSuchWindowException: Message: no such window: target window already closed
from unknown error: web view not found
  (Session info: chrome=124.0.6367.118)
</status>
</kw>
<kw name="Wait Until the Update Icon Disappear" owner="lumate2Resource">
<status status="NOT RUN" start="2024-05-16T11:32:09.023582" elapsed="0.000217"/>
</kw>
<kw name="Click Element" owner="SeleniumLibrary">
<arg>${HOME_SECTION}</arg>
<doc>Click the element identified by ``locator``.</doc>
<status status="NOT RUN" start="2024-05-16T11:32:09.024572" elapsed="0.000138"/>
</kw>
<kw name="Payment Of Clinician1" owner="lumate2Resource">
<status status="NOT RUN" start="2024-05-16T11:32:09.025589" elapsed="0.000139"/>
</kw>
<tag>TC-PATIENT-003</tag>
<status status="FAIL" start="2024-05-16T11:32:09.001239" elapsed="0.025149">NoSuchWindowException: Message: no such window: target window already closed
from unknown error: web view not found
  (Session info: chrome=124.0.6367.118)
</status>
</test>
<status status="FAIL" start="2024-05-16T11:32:06.659425" elapsed="2.368433"/>
</suite>
<statistics>
<total>
<stat pass="0" fail="3" skip="0">All Tests</stat>
</total>
<tag>
<stat pass="0" fail="1" skip="0">TC-PATIENT-001</stat>
<stat pass="0" fail="1" skip="0">TC-PATIENT-002</stat>
<stat pass="0" fail="1" skip="0">TC-PATIENT-003</stat>
<stat pass="0" fail="1" skip="0">test:retry(2)</stat>
</tag>
<suite>
<stat pass="0" fail="3" skip="0" id="s1" name="lumate2Test">lumate2Test</stat>
</suite>
</statistics>
<errors>
<msg time="2024-05-16T11:32:08.949373" level="WARN">Keyword 'Capture Page Screenshot' could not be run on failure: NoSuchWindowException: Message: no such window: target window already closed
from unknown error: web view not found
  (Session info: chrome=124.0.6367.118)
</msg>
<msg time="2024-05-16T11:32:08.987777" level="WARN">Keyword 'Capture Page Screenshot' could not be run on failure: NoSuchWindowException: Message: no such window: target window already closed
from unknown error: web view not found
  (Session info: chrome=124.0.6367.118)
</msg>
<msg time="2024-05-16T11:32:09.020232" level="WARN">Keyword 'Capture Page Screenshot' could not be run on failure: NoSuchWindowException: Message: no such window: target window already closed
from unknown error: web view not found
  (Session info: chrome=124.0.6367.118)
</msg>
</errors>
</robot>
