<?xml version="1.0" encoding="UTF-8"?>
<robot generator="Robot 7.0 (Python 3.8.10 on linux)" generated="2024-06-19T15:31:00.565684" rpa="false" schemaversion="5">
<suite id="s1" name="lumateTest" source="/home/ridham/PycharmProjects/LUMATE-AUTOMATION_POC/TestCases/lumateTest.robot">
<test id="s1-t1" name="Verify that the user is able to Log in to the Portal with correct credentials" line="19">
<kw name="Open PMS url on browser" owner="lumate1Resource">
<kw name="Open Browser" owner="SeleniumLibrary">
<msg time="2024-06-19T15:31:00.724224" level="INFO">Opening browser 'chrome' to base url 'https://qa-pms.lumatehealth.com/'.</msg>
<msg time="2024-06-19T15:31:03.825763" level="INFO" html="true">&lt;/td&gt;&lt;/tr&gt;&lt;tr&gt;&lt;td colspan="3"&gt;&lt;a href="selenium-screenshot-241.png"&gt;&lt;img src="selenium-screenshot-241.png" width="800px"&gt;&lt;/a&gt;</msg>
<msg time="2024-06-19T15:31:03.826262" level="FAIL">WebDriverException: Message: unknown error: net::ERR_INTERNET_DISCONNECTED
  (Session info: chrome=125.0.6422.141)
Stacktrace:
#0 0x55b5264b5e3a &lt;unknown&gt;
#1 0x55b52619f45c &lt;unknown&gt;
#2 0x55b526196fd0 &lt;unknown&gt;
#3 0x55b526186b32 &lt;unknown&gt;
#4 0x55b526188162 &lt;unknown&gt;
#5 0x55b526186ded &lt;unknown&gt;
#6 0x55b526186503 &lt;unknown&gt;
#7 0x55b5261863f5 &lt;unknown&gt;
#8 0x55b526184336 &lt;unknown&gt;
#9 0x55b52618483a &lt;unknown&gt;
#10 0x55b5261a1ea7 &lt;unknown&gt;
#11 0x55b52622ded5 &lt;unknown&gt;
#12 0x55b52620e4b2 &lt;unknown&gt;
#13 0x55b52622d2cc &lt;unknown&gt;
#14 0x55b52620e253 &lt;unknown&gt;
#15 0x55b5261de1c7 &lt;unknown&gt;
#16 0x55b5261deb3e &lt;unknown&gt;
#17 0x55b52647c27b &lt;unknown&gt;
#18 0x55b526480327 &lt;unknown&gt;
#19 0x55b526468dae &lt;unknown&gt;
#20 0x55b526480df2 &lt;unknown&gt;
#21 0x55b52644d74f &lt;unknown&gt;
#22 0x55b5264a5128 &lt;unknown&gt;
#23 0x55b5264a52fb &lt;unknown&gt;
#24 0x55b5264b4f6c &lt;unknown&gt;
#25 0x7f185d5b2609 start_thread
</msg>
<arg>url=${PMS_URL}</arg>
<arg>browser=${Browser}</arg>
<arg>options=add_experimental_option("detach", True)</arg>
<doc>Opens a new browser instance to the optional ``url``.</doc>
<status status="FAIL" start="2024-06-19T15:31:00.723727" elapsed="3.236169">WebDriverException: Message: unknown error: net::ERR_INTERNET_DISCONNECTED
  (Session info: chrome=125.0.6422.141)
Stacktrace:
#0 0x55b5264b5e3a &lt;unknown&gt;
#1 0x55b52619f45c &lt;unknown&gt;
#2 0x55b526196fd0 &lt;unknown&gt;
#3 0x55b526186b32 &lt;unknown&gt;
#4 0x55b526188162 &lt;unknown&gt;
#5 0x55b526186ded &lt;unknown&gt;
#6 0x55b526186503 &lt;unknown&gt;
#7 0x55b5261863f5 &lt;unknown&gt;
#8 0x55b526184336 &lt;unknown&gt;
#9 0x55b52618483a &lt;unknown&gt;
#10 0x55b5261a1ea7 &lt;unknown&gt;
#11 0x55b52622ded5 &lt;unknown&gt;
#12 0x55b52620e4b2 &lt;unknown&gt;
#13 0x55b52622d2cc &lt;unknown&gt;
#14 0x55b52620e253 &lt;unknown&gt;
#15 0x55b5261de1c7 &lt;unknown&gt;
#16 0x55b5261deb3e &lt;unknown&gt;
#17 0x55b52647c27b &lt;unknown&gt;
#18 0x55b526480327 &lt;unknown&gt;
#19 0x55b526468dae &lt;unknown&gt;
#20 0x55b526480df2 &lt;unknown&gt;
#21 0x55b52644d74f &lt;unknown&gt;
#22 0x55b5264a5128 &lt;unknown&gt;
#23 0x55b5264a52fb &lt;unknown&gt;
#24 0x55b5264b4f6c &lt;unknown&gt;
#25 0x7f185d5b2609 start_thread
</status>
</kw>
<kw name="Maximize Browser Window" owner="SeleniumLibrary">
<doc>Maximizes current browser window.</doc>
<status status="NOT RUN" start="2024-06-19T15:31:03.963202" elapsed="0.000371"/>
</kw>
<kw name="Wait Until Element Is Visible" owner="SeleniumLibrary">
<arg>${LOGIN_PAGE_PMS}</arg>
<arg>15s</arg>
<doc>Waits until the element ``locator`` is visible.</doc>
<status status="NOT RUN" start="2024-06-19T15:31:03.964846" elapsed="0.000278"/>
</kw>
<status status="FAIL" start="2024-06-19T15:31:00.722683" elapsed="3.244236">WebDriverException: Message: unknown error: net::ERR_INTERNET_DISCONNECTED
  (Session info: chrome=125.0.6422.141)
Stacktrace:
#0 0x55b5264b5e3a &lt;unknown&gt;
#1 0x55b52619f45c &lt;unknown&gt;
#2 0x55b526196fd0 &lt;unknown&gt;
#3 0x55b526186b32 &lt;unknown&gt;
#4 0x55b526188162 &lt;unknown&gt;
#5 0x55b526186ded &lt;unknown&gt;
#6 0x55b526186503 &lt;unknown&gt;
#7 0x55b5261863f5 &lt;unknown&gt;
#8 0x55b526184336 &lt;unknown&gt;
#9 0x55b52618483a &lt;unknown&gt;
#10 0x55b5261a1ea7 &lt;unknown&gt;
#11 0x55b52622ded5 &lt;unknown&gt;
#12 0x55b52620e4b2 &lt;unknown&gt;
#13 0x55b52622d2cc &lt;unknown&gt;
#14 0x55b52620e253 &lt;unknown&gt;
#15 0x55b5261de1c7 &lt;unknown&gt;
#16 0x55b5261deb3e &lt;unknown&gt;
#17 0x55b52647c27b &lt;unknown&gt;
#18 0x55b526480327 &lt;unknown&gt;
#19 0x55b526468dae &lt;unknown&gt;
#20 0x55b526480df2 &lt;unknown&gt;
#21 0x55b52644d74f &lt;unknown&gt;
#22 0x55b5264a5128 &lt;unknown&gt;
#23 0x55b5264a52fb &lt;unknown&gt;
#24 0x55b5264b4f6c &lt;unknown&gt;
#25 0x7f185d5b2609 start_thread
</status>
</kw>
<kw name="Fill the credentials and login" owner="lumate1Resource">
<status status="NOT RUN" start="2024-06-19T15:31:03.970380" elapsed="0.000401"/>
</kw>
<kw name="Close Browser" owner="SeleniumLibrary" type="TEARDOWN">
<doc>Closes the current browser.</doc>
<status status="PASS" start="2024-06-19T15:31:04.025272" elapsed="0.247269"/>
</kw>
<tag>TC-PMS-001</tag>
<status status="FAIL" start="2024-06-19T15:31:00.721882" elapsed="3.551153">WebDriverException: Message: unknown error: net::ERR_INTERNET_DISCONNECTED
  (Session info: chrome=125.0.6422.141)
Stacktrace:
#0 0x55b5264b5e3a &lt;unknown&gt;
#1 0x55b52619f45c &lt;unknown&gt;
#2 0x55b526196fd0 &lt;unknown&gt;
#3 0x55b526186b32 &lt;unknown&gt;
#4 0x55b526188162 &lt;unknown&gt;
#5 0x55b526186ded &lt;unknown&gt;
#6 0x55b526186503 &lt;unknown&gt;
#7 0x55b5261863f5 &lt;unknown&gt;
#8 0x55b526184336 &lt;unknown&gt;
#9 0x55b52618483a &lt;unknown&gt;
#10 0x55b5261a1ea7 &lt;unknown&gt;
#11 0x55b52622ded5 &lt;unknown&gt;
#12 0x55b52620e4b2 &lt;unknown&gt;
#13 0x55b52622d2cc &lt;unknown&gt;
#14 0x55b52620e253 &lt;unknown&gt;
#15 0x55b5261de1c7 &lt;unknown&gt;
#16 0x55b5261deb3e &lt;unknown&gt;
#17 0x55b52647c27b &lt;unknown&gt;
#18 0x55b526480327 &lt;unknown&gt;
#19 0x55b526468dae &lt;unknown&gt;
#20 0x55b526480df2 &lt;unknown&gt;
#21 0x55b52644d74f &lt;unknown&gt;
#22 0x55b5264a5128 &lt;unknown&gt;
#23 0x55b5264a52fb &lt;unknown&gt;
#24 0x55b5264b4f6c &lt;unknown&gt;
#25 0x7f185d5b2609 start_thread
</status>
</test>
<test id="s1-t2" name="Verify that the user gets redirected to enter OTP page when entered the correct credentials." line="25">
<kw name="Open PMS url on browser" owner="lumate1Resource">
<kw name="Open Browser" owner="SeleniumLibrary">
<msg time="2024-06-19T15:31:04.281144" level="INFO">Opening browser 'chrome' to base url 'https://qa-pms.lumatehealth.com/'.</msg>
<msg time="2024-06-19T15:31:08.875100" level="INFO" html="true">&lt;/td&gt;&lt;/tr&gt;&lt;tr&gt;&lt;td colspan="3"&gt;&lt;a href="selenium-screenshot-242.png"&gt;&lt;img src="selenium-screenshot-242.png" width="800px"&gt;&lt;/a&gt;</msg>
<msg time="2024-06-19T15:31:08.875496" level="FAIL">WebDriverException: Message: unknown error: net::ERR_INTERNET_DISCONNECTED
  (Session info: chrome=125.0.6422.141)
Stacktrace:
#0 0x55d2ef869e3a &lt;unknown&gt;
#1 0x55d2ef55345c &lt;unknown&gt;
#2 0x55d2ef54afd0 &lt;unknown&gt;
#3 0x55d2ef53ab32 &lt;unknown&gt;
#4 0x55d2ef53c162 &lt;unknown&gt;
#5 0x55d2ef53aded &lt;unknown&gt;
#6 0x55d2ef53a503 &lt;unknown&gt;
#7 0x55d2ef53a3f5 &lt;unknown&gt;
#8 0x55d2ef538336 &lt;unknown&gt;
#9 0x55d2ef53883a &lt;unknown&gt;
#10 0x55d2ef555ea7 &lt;unknown&gt;
#11 0x55d2ef5e1ed5 &lt;unknown&gt;
#12 0x55d2ef5c24b2 &lt;unknown&gt;
#13 0x55d2ef5e12cc &lt;unknown&gt;
#14 0x55d2ef5c2253 &lt;unknown&gt;
#15 0x55d2ef5921c7 &lt;unknown&gt;
#16 0x55d2ef592b3e &lt;unknown&gt;
#17 0x55d2ef83027b &lt;unknown&gt;
#18 0x55d2ef834327 &lt;unknown&gt;
#19 0x55d2ef81cdae &lt;unknown&gt;
#20 0x55d2ef834df2 &lt;unknown&gt;
#21 0x55d2ef80174f &lt;unknown&gt;
#22 0x55d2ef859128 &lt;unknown&gt;
#23 0x55d2ef8592fb &lt;unknown&gt;
#24 0x55d2ef868f6c &lt;unknown&gt;
#25 0x7fdf82ccf609 start_thread
</msg>
<arg>url=${PMS_URL}</arg>
<arg>browser=${Browser}</arg>
<arg>options=add_experimental_option("detach", True)</arg>
<doc>Opens a new browser instance to the optional ``url``.</doc>
<status status="FAIL" start="2024-06-19T15:31:04.280396" elapsed="4.595398">WebDriverException: Message: unknown error: net::ERR_INTERNET_DISCONNECTED
  (Session info: chrome=125.0.6422.141)
Stacktrace:
#0 0x55d2ef869e3a &lt;unknown&gt;
#1 0x55d2ef55345c &lt;unknown&gt;
#2 0x55d2ef54afd0 &lt;unknown&gt;
#3 0x55d2ef53ab32 &lt;unknown&gt;
#4 0x55d2ef53c162 &lt;unknown&gt;
#5 0x55d2ef53aded &lt;unknown&gt;
#6 0x55d2ef53a503 &lt;unknown&gt;
#7 0x55d2ef53a3f5 &lt;unknown&gt;
#8 0x55d2ef538336 &lt;unknown&gt;
#9 0x55d2ef53883a &lt;unknown&gt;
#10 0x55d2ef555ea7 &lt;unknown&gt;
#11 0x55d2ef5e1ed5 &lt;unknown&gt;
#12 0x55d2ef5c24b2 &lt;unknown&gt;
#13 0x55d2ef5e12cc &lt;unknown&gt;
#14 0x55d2ef5c2253 &lt;unknown&gt;
#15 0x55d2ef5921c7 &lt;unknown&gt;
#16 0x55d2ef592b3e &lt;unknown&gt;
#17 0x55d2ef83027b &lt;unknown&gt;
#18 0x55d2ef834327 &lt;unknown&gt;
#19 0x55d2ef81cdae &lt;unknown&gt;
#20 0x55d2ef834df2 &lt;unknown&gt;
#21 0x55d2ef80174f &lt;unknown&gt;
#22 0x55d2ef859128 &lt;unknown&gt;
#23 0x55d2ef8592fb &lt;unknown&gt;
#24 0x55d2ef868f6c &lt;unknown&gt;
#25 0x7fdf82ccf609 start_thread
</status>
</kw>
<kw name="Maximize Browser Window" owner="SeleniumLibrary">
<doc>Maximizes current browser window.</doc>
<status status="NOT RUN" start="2024-06-19T15:31:08.876452" elapsed="0.000059"/>
</kw>
<kw name="Wait Until Element Is Visible" owner="SeleniumLibrary">
<arg>${LOGIN_PAGE_PMS}</arg>
<arg>15s</arg>
<doc>Waits until the element ``locator`` is visible.</doc>
<status status="NOT RUN" start="2024-06-19T15:31:08.876728" elapsed="0.000042"/>
</kw>
<status status="FAIL" start="2024-06-19T15:31:04.279524" elapsed="4.597505">WebDriverException: Message: unknown error: net::ERR_INTERNET_DISCONNECTED
  (Session info: chrome=125.0.6422.141)
Stacktrace:
#0 0x55d2ef869e3a &lt;unknown&gt;
#1 0x55d2ef55345c &lt;unknown&gt;
#2 0x55d2ef54afd0 &lt;unknown&gt;
#3 0x55d2ef53ab32 &lt;unknown&gt;
#4 0x55d2ef53c162 &lt;unknown&gt;
#5 0x55d2ef53aded &lt;unknown&gt;
#6 0x55d2ef53a503 &lt;unknown&gt;
#7 0x55d2ef53a3f5 &lt;unknown&gt;
#8 0x55d2ef538336 &lt;unknown&gt;
#9 0x55d2ef53883a &lt;unknown&gt;
#10 0x55d2ef555ea7 &lt;unknown&gt;
#11 0x55d2ef5e1ed5 &lt;unknown&gt;
#12 0x55d2ef5c24b2 &lt;unknown&gt;
#13 0x55d2ef5e12cc &lt;unknown&gt;
#14 0x55d2ef5c2253 &lt;unknown&gt;
#15 0x55d2ef5921c7 &lt;unknown&gt;
#16 0x55d2ef592b3e &lt;unknown&gt;
#17 0x55d2ef83027b &lt;unknown&gt;
#18 0x55d2ef834327 &lt;unknown&gt;
#19 0x55d2ef81cdae &lt;unknown&gt;
#20 0x55d2ef834df2 &lt;unknown&gt;
#21 0x55d2ef80174f &lt;unknown&gt;
#22 0x55d2ef859128 &lt;unknown&gt;
#23 0x55d2ef8592fb &lt;unknown&gt;
#24 0x55d2ef868f6c &lt;unknown&gt;
#25 0x7fdf82ccf609 start_thread
</status>
</kw>
<kw name="Fill the credentials and login" owner="lumate1Resource">
<status status="NOT RUN" start="2024-06-19T15:31:08.878019" elapsed="0.000182"/>
</kw>
<kw name="Wait Until Element Contains" owner="SeleniumLibrary">
<arg>${OTP_PAGE}</arg>
<arg>Almost There</arg>
<arg>${TIMEOUT}</arg>
<doc>Waits until the element ``locator`` contains ``text``.</doc>
<status status="NOT RUN" start="2024-06-19T15:31:08.878908" elapsed="0.000101"/>
</kw>
<tag>TC-PMS-005</tag>
<status status="FAIL" start="2024-06-19T15:31:04.277772" elapsed="4.601934">WebDriverException: Message: unknown error: net::ERR_INTERNET_DISCONNECTED
  (Session info: chrome=125.0.6422.141)
Stacktrace:
#0 0x55d2ef869e3a &lt;unknown&gt;
#1 0x55d2ef55345c &lt;unknown&gt;
#2 0x55d2ef54afd0 &lt;unknown&gt;
#3 0x55d2ef53ab32 &lt;unknown&gt;
#4 0x55d2ef53c162 &lt;unknown&gt;
#5 0x55d2ef53aded &lt;unknown&gt;
#6 0x55d2ef53a503 &lt;unknown&gt;
#7 0x55d2ef53a3f5 &lt;unknown&gt;
#8 0x55d2ef538336 &lt;unknown&gt;
#9 0x55d2ef53883a &lt;unknown&gt;
#10 0x55d2ef555ea7 &lt;unknown&gt;
#11 0x55d2ef5e1ed5 &lt;unknown&gt;
#12 0x55d2ef5c24b2 &lt;unknown&gt;
#13 0x55d2ef5e12cc &lt;unknown&gt;
#14 0x55d2ef5c2253 &lt;unknown&gt;
#15 0x55d2ef5921c7 &lt;unknown&gt;
#16 0x55d2ef592b3e &lt;unknown&gt;
#17 0x55d2ef83027b &lt;unknown&gt;
#18 0x55d2ef834327 &lt;unknown&gt;
#19 0x55d2ef81cdae &lt;unknown&gt;
#20 0x55d2ef834df2 &lt;unknown&gt;
#21 0x55d2ef80174f &lt;unknown&gt;
#22 0x55d2ef859128 &lt;unknown&gt;
#23 0x55d2ef8592fb &lt;unknown&gt;
#24 0x55d2ef868f6c &lt;unknown&gt;
#25 0x7fdf82ccf609 start_thread
</status>
</test>
<test id="s1-t3" name="Verify the clinician Home Page" line="31">
<kw name="Enter OTP and Submit it" owner="lumate1Resource">
<kw name="Wait for OTP Email" owner="lumate1Resource">
<kw name="Open Mailbox" owner="ImapLibrary2">
<msg time="2024-06-19T15:31:08.887023" level="FAIL">gaierror: [Errno -3] Temporary failure in name resolution</msg>
<arg>host=${EMAIL_SERVER}</arg>
<arg>user=${EMAIL_USERNAME}</arg>
<arg>password=${EMAIL_PASSWORD}</arg>
<doc>Open IMAP email client session to given ``host`` with given ``user`` and ``password``.</doc>
<status status="FAIL" start="2024-06-19T15:31:08.883067" elapsed="0.302897">gaierror: [Errno -3] Temporary failure in name resolution</status>
</kw>
<kw name="Wait For Email" owner="ImapLibrary2">
<var>${email_index}</var>
<arg>sender=${SENDER_USERNAME}</arg>
<arg>status=UNSEEN</arg>
<arg>timeout=300</arg>
<doc>Wait for email message to arrived base on any given filter criteria.
Returns email index of the latest email message received.</doc>
<status status="NOT RUN" start="2024-06-19T15:31:09.187052" elapsed="0.000182"/>
</kw>
<kw name="Get Email Body" owner="ImapLibrary2">
<var>${email_body}</var>
<arg>${email_index}</arg>
<doc>Returns the decoded email body on multipart email message,
otherwise returns the body text.</doc>
<status status="NOT RUN" start="2024-06-19T15:31:09.188108" elapsed="0.000182"/>
</kw>
<kw name="Get Regexp Matches" owner="String">
<var>${otp}</var>
<arg>${email_body}</arg>
<arg>\\b\\d{6}\\b</arg>
<doc>Returns a list of all non-overlapping matches in the given string.</doc>
<status status="NOT RUN" start="2024-06-19T15:31:09.189231" elapsed="0.000219"/>
</kw>
<kw name="Delete Email" owner="ImapLibrary2">
<arg>${email_index}</arg>
<doc>Delete email on given ``email_index``.</doc>
<status status="NOT RUN" start="2024-06-19T15:31:09.190167" elapsed="0.000152"/>
</kw>
<kw name="Log" owner="BuiltIn">
<arg>OTP received: ${otp}</arg>
<doc>Logs the given message with the given level.</doc>
<status status="NOT RUN" start="2024-06-19T15:31:09.190931" elapsed="0.000135"/>
</kw>
<return>
<value>${otp}[3]</value>
<status status="NOT RUN" start="2024-06-19T15:31:09.191439" elapsed="0.000211"/>
</return>
<var>${otp}</var>
<status status="FAIL" start="2024-06-19T15:31:08.882334" elapsed="0.309816">gaierror: [Errno -3] Temporary failure in name resolution</status>
</kw>
<kw name="Copy To Clipboard" owner="CustomKeywords">
<arg>${otp}</arg>
<status status="NOT RUN" start="2024-06-19T15:31:09.192848" elapsed="0.000143"/>
</kw>
<kw name="Wait Until Element Is Visible" owner="SeleniumLibrary">
<arg>${OTP_CLICK}</arg>
<arg>15s</arg>
<doc>Waits until the element ``locator`` is visible.</doc>
<status status="NOT RUN" start="2024-06-19T15:31:09.193667" elapsed="0.000163"/>
</kw>
<kw name="Click Element" owner="SeleniumLibrary">
<arg>${OTP_CLICK}</arg>
<doc>Click the element identified by ``locator``.</doc>
<status status="NOT RUN" start="2024-06-19T15:31:09.194551" elapsed="0.000150"/>
</kw>
<kw name="Wait Until Element Is Visible" owner="SeleniumLibrary">
<arg>${OTP_PAGE}</arg>
<arg>${TIMEOUT}</arg>
<doc>Waits until the element ``locator`` is visible.</doc>
<status status="NOT RUN" start="2024-06-19T15:31:09.195321" elapsed="0.000182"/>
</kw>
<kw name="Wait Until Element Is Visible" owner="SeleniumLibrary">
<arg>${OTP_PMS}</arg>
<arg>${TIMEOUT}</arg>
<doc>Waits until the element ``locator`` is visible.</doc>
<status status="NOT RUN" start="2024-06-19T15:31:09.196280" elapsed="0.000269"/>
</kw>
<kw name="Press Keys" owner="SeleniumLibrary">
<arg>${OTP_PMS}</arg>
<arg>CTRL+V</arg>
<doc>Simulates the user pressing key(s) to an element or on the active browser.</doc>
<status status="NOT RUN" start="2024-06-19T15:31:09.197507" elapsed="0.000152"/>
</kw>
<kw name="Click Button" owner="SeleniumLibrary">
<arg>${VALIDATE_OTP_PMS}</arg>
<doc>Clicks the button identified by ``locator``.</doc>
<status status="NOT RUN" start="2024-06-19T15:31:09.198375" elapsed="0.000147"/>
</kw>
<kw name="Sleep" owner="BuiltIn">
<arg>2s</arg>
<doc>Pauses the test executed for the given time.</doc>
<status status="NOT RUN" start="2024-06-19T15:31:09.199257" elapsed="0.000141"/>
</kw>
<kw name="Run Keyword And Return Status" owner="BuiltIn">
<var>${error_exists}</var>
<arg>Page Should Contain</arg>
<arg>Incorrect OTP is provided. Try resending OTP.</arg>
<doc>Runs the given keyword with given arguments and returns the status as a Boolean value.</doc>
<status status="NOT RUN" start="2024-06-19T15:31:09.200105" elapsed="0.000137"/>
</kw>
<kw name="Run Keyword If" owner="BuiltIn">
<arg>${error_exists}</arg>
<arg>Enter OTP And Submit It</arg>
<doc>Runs the given keyword with the given arguments, if ``condition`` is true.</doc>
<status status="NOT RUN" start="2024-06-19T15:31:09.201151" elapsed="0.000162"/>
</kw>
<kw name="Wait Until Element Is Visible" owner="SeleniumLibrary">
<arg>${HOMEPAGE_PMS}</arg>
<doc>Waits until the element ``locator`` is visible.</doc>
<status status="NOT RUN" start="2024-06-19T15:31:09.201944" elapsed="0.000212"/>
</kw>
<status status="FAIL" start="2024-06-19T15:31:08.881313" elapsed="0.321317">gaierror: [Errno -3] Temporary failure in name resolution</status>
</kw>
<kw name="Wait Until Element Is Visible" owner="SeleniumLibrary">
<arg>${TO-DO_HOME}</arg>
<arg>${TIMEOUT}</arg>
<doc>Waits until the element ``locator`` is visible.</doc>
<status status="NOT RUN" start="2024-06-19T15:31:09.203590" elapsed="0.000164"/>
</kw>
<kw name="Element Should Contain" owner="SeleniumLibrary">
<arg>${TO-DO_HOME}</arg>
<arg>TO DO's</arg>
<doc>Verifies that element ``locator`` contains text ``expected``.</doc>
<status status="NOT RUN" start="2024-06-19T15:31:09.204674" elapsed="0.000156"/>
</kw>
<kw name="Element Should Contain" owner="SeleniumLibrary">
<arg>${APPOINTMENT_HOME}</arg>
<arg>Appointments</arg>
<doc>Verifies that element ``locator`` contains text ``expected``.</doc>
<status status="NOT RUN" start="2024-06-19T15:31:09.205693" elapsed="0.000154"/>
</kw>
<tag>TC-APP-001</tag>
<status status="FAIL" start="2024-06-19T15:31:08.880351" elapsed="0.326411">gaierror: [Errno -3] Temporary failure in name resolution</status>
</test>
<test id="s1-t4" name="Verify the Calender &amp; appointments screen" line="38">
<kw name="Wait Until the Update Icon Disappear" owner="lumate1Resource">
<kw name="Wait Until Element Is Not Visible" owner="SeleniumLibrary">
<arg>${UpdateIcon}</arg>
<arg>60s</arg>
<doc>Waits until the element ``locator`` is not visible.</doc>
<status status="PASS" start="2024-06-19T15:31:09.214407" elapsed="0.055757"/>
</kw>
<status status="PASS" start="2024-06-19T15:31:09.211653" elapsed="0.059319"/>
</kw>
<kw name="Click Element" owner="SeleniumLibrary">
<msg time="2024-06-19T15:31:09.274017" level="INFO">Clicking element 'xpath://*[@id="leftsidebar"]/div/ul/div/li[3]/a'.</msg>
<msg time="2024-06-19T15:31:09.398644" level="INFO" html="true">&lt;/td&gt;&lt;/tr&gt;&lt;tr&gt;&lt;td colspan="3"&gt;&lt;a href="selenium-screenshot-243.png"&gt;&lt;img src="selenium-screenshot-243.png" width="800px"&gt;&lt;/a&gt;</msg>
<msg time="2024-06-19T15:31:09.398934" level="FAIL">Element with locator 'xpath://*[@id="leftsidebar"]/div/ul/div/li[3]/a' not found.</msg>
<arg>${APPOINTMENT_SEC}</arg>
<doc>Click the element identified by ``locator``.</doc>
<status status="FAIL" start="2024-06-19T15:31:09.272587" elapsed="0.127813">Element with locator 'xpath://*[@id="leftsidebar"]/div/ul/div/li[3]/a' not found.</status>
</kw>
<kw name="Wait Until the Update Icon Disappear" owner="lumate1Resource">
<status status="NOT RUN" start="2024-06-19T15:31:09.401219" elapsed="0.000114"/>
</kw>
<kw name="verify elements of TC-APP-002 visible or not" owner="lumate1Resource">
<status status="NOT RUN" start="2024-06-19T15:31:09.402029" elapsed="0.000122"/>
</kw>
<kw name="Wait Until the Update Icon Disappear" owner="lumate1Resource">
<status status="NOT RUN" start="2024-06-19T15:31:09.403355" elapsed="0.000124"/>
</kw>
<kw name="Wait Until the Update Icon Disappear" owner="lumate1Resource">
<status status="NOT RUN" start="2024-06-19T15:31:09.404109" elapsed="0.000109"/>
</kw>
<tag>TC-APP-002</tag>
<status status="FAIL" start="2024-06-19T15:31:09.208217" elapsed="0.196520">Element with locator 'xpath://*[@id="leftsidebar"]/div/ul/div/li[3]/a' not found.</status>
</test>
<test id="s1-t5" name="Verify the create an appointment button" line="47">
<kw name="Click Element" owner="SeleniumLibrary" type="SETUP">
<msg time="2024-06-19T15:31:09.407593" level="INFO">Clicking element 'xpath://*[@id="leftsidebar"]/div/ul/div/li[2]/a'.</msg>
<msg time="2024-06-19T15:31:09.541551" level="INFO" html="true">&lt;/td&gt;&lt;/tr&gt;&lt;tr&gt;&lt;td colspan="3"&gt;&lt;a href="selenium-screenshot-244.png"&gt;&lt;img src="selenium-screenshot-244.png" width="800px"&gt;&lt;/a&gt;</msg>
<msg time="2024-06-19T15:31:09.541795" level="FAIL">Element with locator 'xpath://*[@id="leftsidebar"]/div/ul/div/li[2]/a' not found.</msg>
<arg>${HOME_SEC}</arg>
<doc>Click the element identified by ``locator``.</doc>
<status status="FAIL" start="2024-06-19T15:31:09.406833" elapsed="0.135309">Element with locator 'xpath://*[@id="leftsidebar"]/div/ul/div/li[2]/a' not found.</status>
</kw>
<tag>TC-APP-003</tag>
<status status="FAIL" start="2024-06-19T15:31:09.405490" elapsed="0.137102">Setup failed:
Element with locator 'xpath://*[@id="leftsidebar"]/div/ul/div/li[2]/a' not found.</status>
</test>
<test id="s1-t6" name="Verify View Patient" line="52">
<kw name="Click Element" owner="SeleniumLibrary" type="SETUP">
<msg time="2024-06-19T15:31:09.544709" level="INFO">Clicking element 'xpath://*[@id="leftsidebar"]/div/ul/div/li[2]/a'.</msg>
<msg time="2024-06-19T15:31:09.655158" level="INFO" html="true">&lt;/td&gt;&lt;/tr&gt;&lt;tr&gt;&lt;td colspan="3"&gt;&lt;a href="selenium-screenshot-245.png"&gt;&lt;img src="selenium-screenshot-245.png" width="800px"&gt;&lt;/a&gt;</msg>
<msg time="2024-06-19T15:31:09.655393" level="FAIL">Element with locator 'xpath://*[@id="leftsidebar"]/div/ul/div/li[2]/a' not found.</msg>
<arg>${HOME_SEC}</arg>
<doc>Click the element identified by ``locator``.</doc>
<status status="FAIL" start="2024-06-19T15:31:09.544225" elapsed="0.111375">Element with locator 'xpath://*[@id="leftsidebar"]/div/ul/div/li[2]/a' not found.</status>
</kw>
<tag>TC-PCV-001</tag>
<status status="FAIL" start="2024-06-19T15:31:09.543203" elapsed="0.112796">Setup failed:
Element with locator 'xpath://*[@id="leftsidebar"]/div/ul/div/li[2]/a' not found.</status>
</test>
<test id="s1-t7" name="Verify Edit Patient" line="58">
<kw name="Click Element" owner="SeleniumLibrary" type="SETUP">
<msg time="2024-06-19T15:31:09.657627" level="INFO">Clicking element 'xpath://*[@id="leftsidebar"]/div/ul/div/li[2]/a'.</msg>
<msg time="2024-06-19T15:31:09.756531" level="INFO" html="true">&lt;/td&gt;&lt;/tr&gt;&lt;tr&gt;&lt;td colspan="3"&gt;&lt;a href="selenium-screenshot-246.png"&gt;&lt;img src="selenium-screenshot-246.png" width="800px"&gt;&lt;/a&gt;</msg>
<msg time="2024-06-19T15:31:09.756713" level="FAIL">Element with locator 'xpath://*[@id="leftsidebar"]/div/ul/div/li[2]/a' not found.</msg>
<arg>${HOME_SEC}</arg>
<doc>Click the element identified by ``locator``.</doc>
<status status="FAIL" start="2024-06-19T15:31:09.657263" elapsed="0.099654">Element with locator 'xpath://*[@id="leftsidebar"]/div/ul/div/li[2]/a' not found.</status>
</kw>
<tag>TC-PCV-002</tag>
<status status="FAIL" start="2024-06-19T15:31:09.656553" elapsed="0.100708">Setup failed:
Element with locator 'xpath://*[@id="leftsidebar"]/div/ul/div/li[2]/a' not found.</status>
</test>
<test id="s1-t8" name="Verify the Basic details screen given under the Demographic section" line="67">
<kw name="Click Element" owner="SeleniumLibrary" type="SETUP">
<msg time="2024-06-19T15:31:09.758671" level="INFO">Clicking element 'xpath://*[@id="leftsidebar"]/div/ul/div/li[2]/a'.</msg>
<msg time="2024-06-19T15:31:09.884062" level="INFO" html="true">&lt;/td&gt;&lt;/tr&gt;&lt;tr&gt;&lt;td colspan="3"&gt;&lt;a href="selenium-screenshot-247.png"&gt;&lt;img src="selenium-screenshot-247.png" width="800px"&gt;&lt;/a&gt;</msg>
<msg time="2024-06-19T15:31:09.884331" level="FAIL">Element with locator 'xpath://*[@id="leftsidebar"]/div/ul/div/li[2]/a' not found.</msg>
<arg>${HOME_SEC}</arg>
<doc>Click the element identified by ``locator``.</doc>
<status status="FAIL" start="2024-06-19T15:31:09.758419" elapsed="0.126192">Element with locator 'xpath://*[@id="leftsidebar"]/div/ul/div/li[2]/a' not found.</status>
</kw>
<tag>TC-PCV-003</tag>
<status status="FAIL" start="2024-06-19T15:31:09.757700" elapsed="0.127370">Setup failed:
Element with locator 'xpath://*[@id="leftsidebar"]/div/ul/div/li[2]/a' not found.</status>
</test>
<test id="s1-t9" name="Verify billing tab" line="78">
<kw name="Click Element" owner="SeleniumLibrary" type="SETUP">
<msg time="2024-06-19T15:31:09.887858" level="INFO">Clicking element 'xpath://*[@id="leftsidebar"]/div/ul/div/li[2]/a'.</msg>
<msg time="2024-06-19T15:31:10.019226" level="INFO" html="true">&lt;/td&gt;&lt;/tr&gt;&lt;tr&gt;&lt;td colspan="3"&gt;&lt;a href="selenium-screenshot-248.png"&gt;&lt;img src="selenium-screenshot-248.png" width="800px"&gt;&lt;/a&gt;</msg>
<msg time="2024-06-19T15:31:10.019444" level="FAIL">Element with locator 'xpath://*[@id="leftsidebar"]/div/ul/div/li[2]/a' not found.</msg>
<arg>${HOME_SEC}</arg>
<doc>Click the element identified by ``locator``.</doc>
<status status="FAIL" start="2024-06-19T15:31:09.887346" elapsed="0.132361">Element with locator 'xpath://*[@id="leftsidebar"]/div/ul/div/li[2]/a' not found.</status>
</kw>
<tag>TC-PCV-004</tag>
<status status="FAIL" start="2024-06-19T15:31:09.885754" elapsed="0.134386">Setup failed:
Element with locator 'xpath://*[@id="leftsidebar"]/div/ul/div/li[2]/a' not found.</status>
</test>
<test id="s1-t10" name="Change billing status" line="90">
<kw name="Click Element" owner="SeleniumLibrary" type="SETUP">
<msg time="2024-06-19T15:31:10.022407" level="INFO">Clicking element 'xpath://*[@id="leftsidebar"]/div/ul/div/li[2]/a'.</msg>
<msg time="2024-06-19T15:31:10.142522" level="INFO" html="true">&lt;/td&gt;&lt;/tr&gt;&lt;tr&gt;&lt;td colspan="3"&gt;&lt;a href="selenium-screenshot-249.png"&gt;&lt;img src="selenium-screenshot-249.png" width="800px"&gt;&lt;/a&gt;</msg>
<msg time="2024-06-19T15:31:10.142735" level="FAIL">Element with locator 'xpath://*[@id="leftsidebar"]/div/ul/div/li[2]/a' not found.</msg>
<arg>${HOME_SEC_ICON}</arg>
<doc>Click the element identified by ``locator``.</doc>
<status status="FAIL" start="2024-06-19T15:31:10.021852" elapsed="0.121133">Element with locator 'xpath://*[@id="leftsidebar"]/div/ul/div/li[2]/a' not found.</status>
</kw>
<tag>TC-PCV-005</tag>
<status status="FAIL" start="2024-06-19T15:31:10.020723" elapsed="0.122655">Setup failed:
Element with locator 'xpath://*[@id="leftsidebar"]/div/ul/div/li[2]/a' not found.</status>
</test>
<test id="s1-t11" name="Verify patient signup" line="104">
<kw name="Open LUMCARE url on browser" owner="lumate2Resource">
<kw name="Open Browser" owner="SeleniumLibrary">
<msg time="2024-06-19T15:31:10.145628" level="INFO">Opening browser 'chrome' to base url 'https://qa-lumacare.lumatehealth.com/#/authentication/login'.</msg>
<msg time="2024-06-19T15:31:13.929928" level="INFO" html="true">&lt;/td&gt;&lt;/tr&gt;&lt;tr&gt;&lt;td colspan="3"&gt;&lt;a href="selenium-screenshot-250.png"&gt;&lt;img src="selenium-screenshot-250.png" width="800px"&gt;&lt;/a&gt;</msg>
<msg time="2024-06-19T15:31:13.930429" level="FAIL">WebDriverException: Message: unknown error: net::ERR_INTERNET_DISCONNECTED
  (Session info: chrome=125.0.6422.141)
Stacktrace:
#0 0x5614272b7e3a &lt;unknown&gt;
#1 0x561426fa145c &lt;unknown&gt;
#2 0x561426f98fd0 &lt;unknown&gt;
#3 0x561426f88b32 &lt;unknown&gt;
#4 0x561426f8a162 &lt;unknown&gt;
#5 0x561426f88ded &lt;unknown&gt;
#6 0x561426f88503 &lt;unknown&gt;
#7 0x561426f883f5 &lt;unknown&gt;
#8 0x561426f86336 &lt;unknown&gt;
#9 0x561426f8683a &lt;unknown&gt;
#10 0x561426fa3ea7 &lt;unknown&gt;
#11 0x56142702fed5 &lt;unknown&gt;
#12 0x5614270104b2 &lt;unknown&gt;
#13 0x56142702f2cc &lt;unknown&gt;
#14 0x561427010253 &lt;unknown&gt;
#15 0x561426fe01c7 &lt;unknown&gt;
#16 0x561426fe0b3e &lt;unknown&gt;
#17 0x56142727e27b &lt;unknown&gt;
#18 0x561427282327 &lt;unknown&gt;
#19 0x56142726adae &lt;unknown&gt;
#20 0x561427282df2 &lt;unknown&gt;
#21 0x56142724f74f &lt;unknown&gt;
#22 0x5614272a7128 &lt;unknown&gt;
#23 0x5614272a72fb &lt;unknown&gt;
#24 0x5614272b6f6c &lt;unknown&gt;
#25 0x7f99b86f9609 start_thread
</msg>
<arg>url=${P_PORTAL_URL}</arg>
<arg>browser=${Browser}</arg>
<arg>options=add_experimental_option("detach", True)</arg>
<doc>Opens a new browser instance to the optional ``url``.</doc>
<status status="FAIL" start="2024-06-19T15:31:10.145098" elapsed="3.785744">WebDriverException: Message: unknown error: net::ERR_INTERNET_DISCONNECTED
  (Session info: chrome=125.0.6422.141)
Stacktrace:
#0 0x5614272b7e3a &lt;unknown&gt;
#1 0x561426fa145c &lt;unknown&gt;
#2 0x561426f98fd0 &lt;unknown&gt;
#3 0x561426f88b32 &lt;unknown&gt;
#4 0x561426f8a162 &lt;unknown&gt;
#5 0x561426f88ded &lt;unknown&gt;
#6 0x561426f88503 &lt;unknown&gt;
#7 0x561426f883f5 &lt;unknown&gt;
#8 0x561426f86336 &lt;unknown&gt;
#9 0x561426f8683a &lt;unknown&gt;
#10 0x561426fa3ea7 &lt;unknown&gt;
#11 0x56142702fed5 &lt;unknown&gt;
#12 0x5614270104b2 &lt;unknown&gt;
#13 0x56142702f2cc &lt;unknown&gt;
#14 0x561427010253 &lt;unknown&gt;
#15 0x561426fe01c7 &lt;unknown&gt;
#16 0x561426fe0b3e &lt;unknown&gt;
#17 0x56142727e27b &lt;unknown&gt;
#18 0x561427282327 &lt;unknown&gt;
#19 0x56142726adae &lt;unknown&gt;
#20 0x561427282df2 &lt;unknown&gt;
#21 0x56142724f74f &lt;unknown&gt;
#22 0x5614272a7128 &lt;unknown&gt;
#23 0x5614272a72fb &lt;unknown&gt;
#24 0x5614272b6f6c &lt;unknown&gt;
#25 0x7f99b86f9609 start_thread
</status>
</kw>
<kw name="Maximize Browser Window" owner="SeleniumLibrary">
<doc>Maximizes current browser window.</doc>
<status status="NOT RUN" start="2024-06-19T15:31:13.931854" elapsed="0.000293"/>
</kw>
<kw name="Wait Until Element Is Visible" owner="SeleniumLibrary">
<arg>${LOGIN_PAGE_P_PORTAL}</arg>
<arg>15s</arg>
<doc>Waits until the element ``locator`` is visible.</doc>
<status status="NOT RUN" start="2024-06-19T15:31:13.932609" elapsed="0.000120"/>
</kw>
<status status="FAIL" start="2024-06-19T15:31:10.144548" elapsed="3.788395">WebDriverException: Message: unknown error: net::ERR_INTERNET_DISCONNECTED
  (Session info: chrome=125.0.6422.141)
Stacktrace:
#0 0x5614272b7e3a &lt;unknown&gt;
#1 0x561426fa145c &lt;unknown&gt;
#2 0x561426f98fd0 &lt;unknown&gt;
#3 0x561426f88b32 &lt;unknown&gt;
#4 0x561426f8a162 &lt;unknown&gt;
#5 0x561426f88ded &lt;unknown&gt;
#6 0x561426f88503 &lt;unknown&gt;
#7 0x561426f883f5 &lt;unknown&gt;
#8 0x561426f86336 &lt;unknown&gt;
#9 0x561426f8683a &lt;unknown&gt;
#10 0x561426fa3ea7 &lt;unknown&gt;
#11 0x56142702fed5 &lt;unknown&gt;
#12 0x5614270104b2 &lt;unknown&gt;
#13 0x56142702f2cc &lt;unknown&gt;
#14 0x561427010253 &lt;unknown&gt;
#15 0x561426fe01c7 &lt;unknown&gt;
#16 0x561426fe0b3e &lt;unknown&gt;
#17 0x56142727e27b &lt;unknown&gt;
#18 0x561427282327 &lt;unknown&gt;
#19 0x56142726adae &lt;unknown&gt;
#20 0x561427282df2 &lt;unknown&gt;
#21 0x56142724f74f &lt;unknown&gt;
#22 0x5614272a7128 &lt;unknown&gt;
#23 0x5614272a72fb &lt;unknown&gt;
#24 0x5614272b6f6c &lt;unknown&gt;
#25 0x7f99b86f9609 start_thread
</status>
</kw>
<kw name="Fill the credentials and login" owner="lumate2Resource">
<status status="NOT RUN" start="2024-06-19T15:31:13.933545" elapsed="0.000114"/>
</kw>
<kw name="Enter OTP and Submit it" owner="lumate2Resource">
<status status="NOT RUN" start="2024-06-19T15:31:13.934125" elapsed="0.000075"/>
</kw>
<kw name="Select Dependent and Skip profile editing" owner="lumate2Resource">
<status status="NOT RUN" start="2024-06-19T15:31:13.934669" elapsed="0.000072"/>
</kw>
<kw name="Wait Until Element Is Visible" owner="SeleniumLibrary">
<arg>${HOMEPAGE_P_PORTAL}</arg>
<arg>${TIMEOUT}</arg>
<doc>Waits until the element ``locator`` is visible.</doc>
<status status="NOT RUN" start="2024-06-19T15:31:13.935364" elapsed="0.000119"/>
</kw>
<tag>TC-PATIENT-001</tag>
<tag>test:retry(2)</tag>
<status status="FAIL" start="2024-06-19T15:31:10.143906" elapsed="3.792356">WebDriverException: Message: unknown error: net::ERR_INTERNET_DISCONNECTED
  (Session info: chrome=125.0.6422.141)
Stacktrace:
#0 0x5614272b7e3a &lt;unknown&gt;
#1 0x561426fa145c &lt;unknown&gt;
#2 0x561426f98fd0 &lt;unknown&gt;
#3 0x561426f88b32 &lt;unknown&gt;
#4 0x561426f8a162 &lt;unknown&gt;
#5 0x561426f88ded &lt;unknown&gt;
#6 0x561426f88503 &lt;unknown&gt;
#7 0x561426f883f5 &lt;unknown&gt;
#8 0x561426f86336 &lt;unknown&gt;
#9 0x561426f8683a &lt;unknown&gt;
#10 0x561426fa3ea7 &lt;unknown&gt;
#11 0x56142702fed5 &lt;unknown&gt;
#12 0x5614270104b2 &lt;unknown&gt;
#13 0x56142702f2cc &lt;unknown&gt;
#14 0x561427010253 &lt;unknown&gt;
#15 0x561426fe01c7 &lt;unknown&gt;
#16 0x561426fe0b3e &lt;unknown&gt;
#17 0x56142727e27b &lt;unknown&gt;
#18 0x561427282327 &lt;unknown&gt;
#19 0x56142726adae &lt;unknown&gt;
#20 0x561427282df2 &lt;unknown&gt;
#21 0x56142724f74f &lt;unknown&gt;
#22 0x5614272a7128 &lt;unknown&gt;
#23 0x5614272a72fb &lt;unknown&gt;
#24 0x5614272b6f6c &lt;unknown&gt;
#25 0x7f99b86f9609 start_thread
</status>
</test>
<test id="s1-t12" name="Add consent forms" line="112">
<kw name="Wait Until Element Is Visible" owner="SeleniumLibrary">
<msg time="2024-06-19T15:31:15.860946" level="WARN">Keyword 'Capture Page Screenshot' could not be run on failure: Message: no such window: target window already closed
from unknown error: web view not found
  (Session info: chrome=125.0.6422.141)
Stacktrace:
#0 0x5614272b7e3a &lt;unknown&gt;
#1 0x561426fa145c &lt;unknown&gt;
#2 0x561426f76a84 &lt;unknown&gt;
#3 0x56142701895d &lt;unknown&gt;
#4 0x56142702ec76 &lt;unknown&gt;
#5 0x561427010253 &lt;unknown&gt;
#6 0x561426fe01c7 &lt;unknown&gt;
#7 0x561426fe0b3e &lt;unknown&gt;
#8 0x56142727e27b &lt;unknown&gt;
#9 0x561427282327 &lt;unknown&gt;
#10 0x56142726adae &lt;unknown&gt;
#11 0x561427282df2 &lt;unknown&gt;
#12 0x56142724f74f &lt;unknown&gt;
#13 0x5614272a7128 &lt;unknown&gt;
#14 0x5614272a72fb &lt;unknown&gt;
#15 0x5614272b6f6c &lt;unknown&gt;
#16 0x7f99b86f9609 start_thread
</msg>
<msg time="2024-06-19T15:31:15.862027" level="FAIL">NoSuchWindowException: Message: no such window: target window already closed
from unknown error: web view not found
  (Session info: chrome=125.0.6422.141)
Stacktrace:
#0 0x5614272b7e3a &lt;unknown&gt;
#1 0x561426fa145c &lt;unknown&gt;
#2 0x561426f76a84 &lt;unknown&gt;
#3 0x56142701895d &lt;unknown&gt;
#4 0x56142702ec76 &lt;unknown&gt;
#5 0x561427010253 &lt;unknown&gt;
#6 0x561426fe01c7 &lt;unknown&gt;
#7 0x561426fe0b3e &lt;unknown&gt;
#8 0x56142727e27b &lt;unknown&gt;
#9 0x561427282327 &lt;unknown&gt;
#10 0x56142726adae &lt;unknown&gt;
#11 0x561427282df2 &lt;unknown&gt;
#12 0x56142724f74f &lt;unknown&gt;
#13 0x5614272a7128 &lt;unknown&gt;
#14 0x5614272a72fb &lt;unknown&gt;
#15 0x5614272b6f6c &lt;unknown&gt;
#16 0x7f99b86f9609 start_thread
</msg>
<arg>${VIEW_CONSENT}</arg>
<arg>${TIMEOUT}</arg>
<doc>Waits until the element ``locator`` is visible.</doc>
<status status="FAIL" start="2024-06-19T15:31:13.937489" elapsed="1.925995">NoSuchWindowException: Message: no such window: target window already closed
from unknown error: web view not found
  (Session info: chrome=125.0.6422.141)
Stacktrace:
#0 0x5614272b7e3a &lt;unknown&gt;
#1 0x561426fa145c &lt;unknown&gt;
#2 0x561426f76a84 &lt;unknown&gt;
#3 0x56142701895d &lt;unknown&gt;
#4 0x56142702ec76 &lt;unknown&gt;
#5 0x561427010253 &lt;unknown&gt;
#6 0x561426fe01c7 &lt;unknown&gt;
#7 0x561426fe0b3e &lt;unknown&gt;
#8 0x56142727e27b &lt;unknown&gt;
#9 0x561427282327 &lt;unknown&gt;
#10 0x56142726adae &lt;unknown&gt;
#11 0x561427282df2 &lt;unknown&gt;
#12 0x56142724f74f &lt;unknown&gt;
#13 0x5614272a7128 &lt;unknown&gt;
#14 0x5614272a72fb &lt;unknown&gt;
#15 0x5614272b6f6c &lt;unknown&gt;
#16 0x7f99b86f9609 start_thread
</status>
</kw>
<kw name="Wait Until the Update Icon Disappear" owner="lumate2Resource">
<status status="NOT RUN" start="2024-06-19T15:31:15.864856" elapsed="0.000206"/>
</kw>
<kw name="Click Element" owner="SeleniumLibrary">
<arg>${VIEW_CONSENT}</arg>
<doc>Click the element identified by ``locator``.</doc>
<status status="NOT RUN" start="2024-06-19T15:31:15.865923" elapsed="0.000179"/>
</kw>
<kw name="Wait Until the Update Icon Disappear" owner="lumate2Resource">
<status status="NOT RUN" start="2024-06-19T15:31:15.867113" elapsed="0.000175"/>
</kw>
<kw name="Element Should Be Visible" owner="SeleniumLibrary">
<arg>${CONSENTS}</arg>
<doc>Verifies that the element identified by ``locator`` is visible.</doc>
<status status="NOT RUN" start="2024-06-19T15:31:15.868091" elapsed="0.000157"/>
</kw>
<tag>TC-PATIENT-002</tag>
<status status="FAIL" start="2024-06-19T15:31:13.936767" elapsed="1.932464">NoSuchWindowException: Message: no such window: target window already closed
from unknown error: web view not found
  (Session info: chrome=125.0.6422.141)
Stacktrace:
#0 0x5614272b7e3a &lt;unknown&gt;
#1 0x561426fa145c &lt;unknown&gt;
#2 0x561426f76a84 &lt;unknown&gt;
#3 0x56142701895d &lt;unknown&gt;
#4 0x56142702ec76 &lt;unknown&gt;
#5 0x561427010253 &lt;unknown&gt;
#6 0x561426fe01c7 &lt;unknown&gt;
#7 0x561426fe0b3e &lt;unknown&gt;
#8 0x56142727e27b &lt;unknown&gt;
#9 0x561427282327 &lt;unknown&gt;
#10 0x56142726adae &lt;unknown&gt;
#11 0x561427282df2 &lt;unknown&gt;
#12 0x56142724f74f &lt;unknown&gt;
#13 0x5614272a7128 &lt;unknown&gt;
#14 0x5614272a72fb &lt;unknown&gt;
#15 0x5614272b6f6c &lt;unknown&gt;
#16 0x7f99b86f9609 start_thread
</status>
</test>
<test id="s1-t13" name="Bill payment" line="120">
<kw name="Wait Until the Update Icon Disappear" owner="lumate2Resource">
<kw name="Wait Until Element Is Not Visible" owner="SeleniumLibrary">
<msg time="2024-06-19T15:31:15.910994" level="WARN">Keyword 'Capture Page Screenshot' could not be run on failure: Message: no such window: target window already closed
from unknown error: web view not found
  (Session info: chrome=125.0.6422.141)
Stacktrace:
#0 0x5614272b7e3a &lt;unknown&gt;
#1 0x561426fa145c &lt;unknown&gt;
#2 0x561426f76a84 &lt;unknown&gt;
#3 0x56142701895d &lt;unknown&gt;
#4 0x56142702ec76 &lt;unknown&gt;
#5 0x561427010253 &lt;unknown&gt;
#6 0x561426fe01c7 &lt;unknown&gt;
#7 0x561426fe0b3e &lt;unknown&gt;
#8 0x56142727e27b &lt;unknown&gt;
#9 0x561427282327 &lt;unknown&gt;
#10 0x56142726adae &lt;unknown&gt;
#11 0x561427282df2 &lt;unknown&gt;
#12 0x56142724f74f &lt;unknown&gt;
#13 0x5614272a7128 &lt;unknown&gt;
#14 0x5614272a72fb &lt;unknown&gt;
#15 0x5614272b6f6c &lt;unknown&gt;
#16 0x7f99b86f9609 start_thread
</msg>
<msg time="2024-06-19T15:31:15.912608" level="FAIL">NoSuchWindowException: Message: no such window: target window already closed
from unknown error: web view not found
  (Session info: chrome=125.0.6422.141)
Stacktrace:
#0 0x5614272b7e3a &lt;unknown&gt;
#1 0x561426fa145c &lt;unknown&gt;
#2 0x561426f76a84 &lt;unknown&gt;
#3 0x56142701895d &lt;unknown&gt;
#4 0x56142702ec76 &lt;unknown&gt;
#5 0x561427010253 &lt;unknown&gt;
#6 0x561426fe01c7 &lt;unknown&gt;
#7 0x561426fe0b3e &lt;unknown&gt;
#8 0x56142727e27b &lt;unknown&gt;
#9 0x561427282327 &lt;unknown&gt;
#10 0x56142726adae &lt;unknown&gt;
#11 0x561427282df2 &lt;unknown&gt;
#12 0x56142724f74f &lt;unknown&gt;
#13 0x5614272a7128 &lt;unknown&gt;
#14 0x5614272a72fb &lt;unknown&gt;
#15 0x5614272b6f6c &lt;unknown&gt;
#16 0x7f99b86f9609 start_thread
</msg>
<arg>${UpdateIcon}</arg>
<arg>${TIMEOUT}</arg>
<doc>Waits until the element ``locator`` is not visible.</doc>
<status status="FAIL" start="2024-06-19T15:31:15.874379" elapsed="0.039387">NoSuchWindowException: Message: no such window: target window already closed
from unknown error: web view not found
  (Session info: chrome=125.0.6422.141)
Stacktrace:
#0 0x5614272b7e3a &lt;unknown&gt;
#1 0x561426fa145c &lt;unknown&gt;
#2 0x561426f76a84 &lt;unknown&gt;
#3 0x56142701895d &lt;unknown&gt;
#4 0x56142702ec76 &lt;unknown&gt;
#5 0x561427010253 &lt;unknown&gt;
#6 0x561426fe01c7 &lt;unknown&gt;
#7 0x561426fe0b3e &lt;unknown&gt;
#8 0x56142727e27b &lt;unknown&gt;
#9 0x561427282327 &lt;unknown&gt;
#10 0x56142726adae &lt;unknown&gt;
#11 0x561427282df2 &lt;unknown&gt;
#12 0x56142724f74f &lt;unknown&gt;
#13 0x5614272a7128 &lt;unknown&gt;
#14 0x5614272a72fb &lt;unknown&gt;
#15 0x5614272b6f6c &lt;unknown&gt;
#16 0x7f99b86f9609 start_thread
</status>
</kw>
<status status="FAIL" start="2024-06-19T15:31:15.872846" elapsed="0.041888">NoSuchWindowException: Message: no such window: target window already closed
from unknown error: web view not found
  (Session info: chrome=125.0.6422.141)
Stacktrace:
#0 0x5614272b7e3a &lt;unknown&gt;
#1 0x561426fa145c &lt;unknown&gt;
#2 0x561426f76a84 &lt;unknown&gt;
#3 0x56142701895d &lt;unknown&gt;
#4 0x56142702ec76 &lt;unknown&gt;
#5 0x561427010253 &lt;unknown&gt;
#6 0x561426fe01c7 &lt;unknown&gt;
#7 0x561426fe0b3e &lt;unknown&gt;
#8 0x56142727e27b &lt;unknown&gt;
#9 0x561427282327 &lt;unknown&gt;
#10 0x56142726adae &lt;unknown&gt;
#11 0x561427282df2 &lt;unknown&gt;
#12 0x56142724f74f &lt;unknown&gt;
#13 0x5614272a7128 &lt;unknown&gt;
#14 0x5614272a72fb &lt;unknown&gt;
#15 0x5614272b6f6c &lt;unknown&gt;
#16 0x7f99b86f9609 start_thread
</status>
</kw>
<kw name="Click Element" owner="SeleniumLibrary">
<arg>${HOME_SECTION}</arg>
<doc>Click the element identified by ``locator``.</doc>
<status status="NOT RUN" start="2024-06-19T15:31:15.915734" elapsed="0.000134"/>
</kw>
<kw name="Payment Of Clinician1" owner="lumate2Resource">
<status status="NOT RUN" start="2024-06-19T15:31:15.916874" elapsed="0.000202"/>
</kw>
<kw name="Close Browser" owner="SeleniumLibrary">
<doc>Closes the current browser.</doc>
<status status="NOT RUN" start="2024-06-19T15:31:15.917930" elapsed="0.000202"/>
</kw>
<tag>TC-PATIENT-003</tag>
<status status="FAIL" start="2024-06-19T15:31:15.870786" elapsed="0.048262">NoSuchWindowException: Message: no such window: target window already closed
from unknown error: web view not found
  (Session info: chrome=125.0.6422.141)
Stacktrace:
#0 0x5614272b7e3a &lt;unknown&gt;
#1 0x561426fa145c &lt;unknown&gt;
#2 0x561426f76a84 &lt;unknown&gt;
#3 0x56142701895d &lt;unknown&gt;
#4 0x56142702ec76 &lt;unknown&gt;
#5 0x561427010253 &lt;unknown&gt;
#6 0x561426fe01c7 &lt;unknown&gt;
#7 0x561426fe0b3e &lt;unknown&gt;
#8 0x56142727e27b &lt;unknown&gt;
#9 0x561427282327 &lt;unknown&gt;
#10 0x56142726adae &lt;unknown&gt;
#11 0x561427282df2 &lt;unknown&gt;
#12 0x56142724f74f &lt;unknown&gt;
#13 0x5614272a7128 &lt;unknown&gt;
#14 0x5614272a72fb &lt;unknown&gt;
#15 0x5614272b6f6c &lt;unknown&gt;
#16 0x7f99b86f9609 start_thread
</status>
</test>
<status status="FAIL" start="2024-06-19T15:31:00.566637" elapsed="15.355146"/>
</suite>
<statistics>
<total>
<stat pass="0" fail="13" skip="0">All Tests</stat>
</total>
<tag>
<stat pass="0" fail="1" skip="0">TC-APP-001</stat>
<stat pass="0" fail="1" skip="0">TC-APP-002</stat>
<stat pass="0" fail="1" skip="0">TC-APP-003</stat>
<stat pass="0" fail="1" skip="0">TC-PATIENT-001</stat>
<stat pass="0" fail="1" skip="0">TC-PATIENT-002</stat>
<stat pass="0" fail="1" skip="0">TC-PATIENT-003</stat>
<stat pass="0" fail="1" skip="0">TC-PCV-001</stat>
<stat pass="0" fail="1" skip="0">TC-PCV-002</stat>
<stat pass="0" fail="1" skip="0">TC-PCV-003</stat>
<stat pass="0" fail="1" skip="0">TC-PCV-004</stat>
<stat pass="0" fail="1" skip="0">TC-PCV-005</stat>
<stat pass="0" fail="1" skip="0">TC-PMS-001</stat>
<stat pass="0" fail="1" skip="0">TC-PMS-005</stat>
<stat pass="0" fail="1" skip="0">test:retry(2)</stat>
</tag>
<suite>
<stat pass="0" fail="13" skip="0" id="s1" name="lumateTest">lumateTest</stat>
</suite>
</statistics>
<errors>
<msg time="2024-06-19T15:31:15.860946" level="WARN">Keyword 'Capture Page Screenshot' could not be run on failure: Message: no such window: target window already closed
from unknown error: web view not found
  (Session info: chrome=125.0.6422.141)
Stacktrace:
#0 0x5614272b7e3a &lt;unknown&gt;
#1 0x561426fa145c &lt;unknown&gt;
#2 0x561426f76a84 &lt;unknown&gt;
#3 0x56142701895d &lt;unknown&gt;
#4 0x56142702ec76 &lt;unknown&gt;
#5 0x561427010253 &lt;unknown&gt;
#6 0x561426fe01c7 &lt;unknown&gt;
#7 0x561426fe0b3e &lt;unknown&gt;
#8 0x56142727e27b &lt;unknown&gt;
#9 0x561427282327 &lt;unknown&gt;
#10 0x56142726adae &lt;unknown&gt;
#11 0x561427282df2 &lt;unknown&gt;
#12 0x56142724f74f &lt;unknown&gt;
#13 0x5614272a7128 &lt;unknown&gt;
#14 0x5614272a72fb &lt;unknown&gt;
#15 0x5614272b6f6c &lt;unknown&gt;
#16 0x7f99b86f9609 start_thread
</msg>
<msg time="2024-06-19T15:31:15.910994" level="WARN">Keyword 'Capture Page Screenshot' could not be run on failure: Message: no such window: target window already closed
from unknown error: web view not found
  (Session info: chrome=125.0.6422.141)
Stacktrace:
#0 0x5614272b7e3a &lt;unknown&gt;
#1 0x561426fa145c &lt;unknown&gt;
#2 0x561426f76a84 &lt;unknown&gt;
#3 0x56142701895d &lt;unknown&gt;
#4 0x56142702ec76 &lt;unknown&gt;
#5 0x561427010253 &lt;unknown&gt;
#6 0x561426fe01c7 &lt;unknown&gt;
#7 0x561426fe0b3e &lt;unknown&gt;
#8 0x56142727e27b &lt;unknown&gt;
#9 0x561427282327 &lt;unknown&gt;
#10 0x56142726adae &lt;unknown&gt;
#11 0x561427282df2 &lt;unknown&gt;
#12 0x56142724f74f &lt;unknown&gt;
#13 0x5614272a7128 &lt;unknown&gt;
#14 0x5614272a72fb &lt;unknown&gt;
#15 0x5614272b6f6c &lt;unknown&gt;
#16 0x7f99b86f9609 start_thread
</msg>
</errors>
</robot>
