<?xml version="1.0" encoding="UTF-8"?>
<robot generator="Robot 7.0 (Python 3.8.10 on linux)" generated="2024-06-19T13:32:32.267776" rpa="false" schemaversion="5">
<suite id="s1" name="lumateTest" source="/home/ridham/PycharmProjects/LUMATE-AUTOMATION_POC/TestCases/lumateTest.robot">
<test id="s1-t1" name="Verify that the user is able to Log in to the Portal with correct credentials" line="19">
<kw name="Open PMS url on browser" owner="lumate1Resource">
<kw name="Open Browser" owner="SeleniumLibrary">
<msg time="2024-06-19T13:32:32.429780" level="INFO">Opening browser 'chrome' to base url 'https://qa-pms.lumatehealth.com/'.</msg>
<arg>url=${PMS_URL}</arg>
<arg>browser=${Browser}</arg>
<arg>options=add_experimental_option("detach", True)</arg>
<doc>Opens a new browser instance to the optional ``url``.</doc>
<status status="PASS" start="2024-06-19T13:32:32.429281" elapsed="3.795838"/>
</kw>
<kw name="Maximize Browser Window" owner="SeleniumLibrary">
<doc>Maximizes current browser window.</doc>
<status status="PASS" start="2024-06-19T13:32:36.226165" elapsed="0.113678"/>
</kw>
<kw name="Wait Until Element Is Visible" owner="SeleniumLibrary">
<msg time="2024-06-19T13:32:39.348375" level="WARN">Keyword 'Capture Page Screenshot' could not be run on failure: Message: no such window: target window already closed
from unknown error: web view not found
  (Session info: chrome=125.0.6422.141)
Stacktrace:
#0 0x55b581dfce3a &lt;unknown&gt;
#1 0x55b581ae645c &lt;unknown&gt;
#2 0x55b581abba84 &lt;unknown&gt;
#3 0x55b581b5d95d &lt;unknown&gt;
#4 0x55b581b73c76 &lt;unknown&gt;
#5 0x55b581b55253 &lt;unknown&gt;
#6 0x55b581b251c7 &lt;unknown&gt;
#7 0x55b581b25b3e &lt;unknown&gt;
#8 0x55b581dc327b &lt;unknown&gt;
#9 0x55b581dc7327 &lt;unknown&gt;
#10 0x55b581dafdae &lt;unknown&gt;
#11 0x55b581dc7df2 &lt;unknown&gt;
#12 0x55b581d9474f &lt;unknown&gt;
#13 0x55b581dec128 &lt;unknown&gt;
#14 0x55b581dec2fb &lt;unknown&gt;
#15 0x55b581dfbf6c &lt;unknown&gt;
#16 0x7f9338ad1609 start_thread
</msg>
<msg time="2024-06-19T13:32:39.349573" level="FAIL">NoSuchWindowException: Message: no such window: target window already closed
from unknown error: web view not found
  (Session info: chrome=125.0.6422.141)
Stacktrace:
#0 0x55b581dfce3a &lt;unknown&gt;
#1 0x55b581ae645c &lt;unknown&gt;
#2 0x55b581abba84 &lt;unknown&gt;
#3 0x55b581b5d95d &lt;unknown&gt;
#4 0x55b581b73c76 &lt;unknown&gt;
#5 0x55b581b55253 &lt;unknown&gt;
#6 0x55b581b251c7 &lt;unknown&gt;
#7 0x55b581b25b3e &lt;unknown&gt;
#8 0x55b581dc327b &lt;unknown&gt;
#9 0x55b581dc7327 &lt;unknown&gt;
#10 0x55b581dafdae &lt;unknown&gt;
#11 0x55b581dc7df2 &lt;unknown&gt;
#12 0x55b581d9474f &lt;unknown&gt;
#13 0x55b581dec128 &lt;unknown&gt;
#14 0x55b581dec2fb &lt;unknown&gt;
#15 0x55b581dfbf6c &lt;unknown&gt;
#16 0x7f9338ad1609 start_thread
</msg>
<arg>${LOGIN_PAGE_PMS}</arg>
<arg>15s</arg>
<doc>Waits until the element ``locator`` is visible.</doc>
<status status="FAIL" start="2024-06-19T13:32:36.340214" elapsed="3.012470">NoSuchWindowException: Message: no such window: target window already closed
from unknown error: web view not found
  (Session info: chrome=125.0.6422.141)
Stacktrace:
#0 0x55b581dfce3a &lt;unknown&gt;
#1 0x55b581ae645c &lt;unknown&gt;
#2 0x55b581abba84 &lt;unknown&gt;
#3 0x55b581b5d95d &lt;unknown&gt;
#4 0x55b581b73c76 &lt;unknown&gt;
#5 0x55b581b55253 &lt;unknown&gt;
#6 0x55b581b251c7 &lt;unknown&gt;
#7 0x55b581b25b3e &lt;unknown&gt;
#8 0x55b581dc327b &lt;unknown&gt;
#9 0x55b581dc7327 &lt;unknown&gt;
#10 0x55b581dafdae &lt;unknown&gt;
#11 0x55b581dc7df2 &lt;unknown&gt;
#12 0x55b581d9474f &lt;unknown&gt;
#13 0x55b581dec128 &lt;unknown&gt;
#14 0x55b581dec2fb &lt;unknown&gt;
#15 0x55b581dfbf6c &lt;unknown&gt;
#16 0x7f9338ad1609 start_thread
</status>
</kw>
<status status="FAIL" start="2024-06-19T13:32:32.428229" elapsed="6.925127">NoSuchWindowException: Message: no such window: target window already closed
from unknown error: web view not found
  (Session info: chrome=125.0.6422.141)
Stacktrace:
#0 0x55b581dfce3a &lt;unknown&gt;
#1 0x55b581ae645c &lt;unknown&gt;
#2 0x55b581abba84 &lt;unknown&gt;
#3 0x55b581b5d95d &lt;unknown&gt;
#4 0x55b581b73c76 &lt;unknown&gt;
#5 0x55b581b55253 &lt;unknown&gt;
#6 0x55b581b251c7 &lt;unknown&gt;
#7 0x55b581b25b3e &lt;unknown&gt;
#8 0x55b581dc327b &lt;unknown&gt;
#9 0x55b581dc7327 &lt;unknown&gt;
#10 0x55b581dafdae &lt;unknown&gt;
#11 0x55b581dc7df2 &lt;unknown&gt;
#12 0x55b581d9474f &lt;unknown&gt;
#13 0x55b581dec128 &lt;unknown&gt;
#14 0x55b581dec2fb &lt;unknown&gt;
#15 0x55b581dfbf6c &lt;unknown&gt;
#16 0x7f9338ad1609 start_thread
</status>
</kw>
<kw name="Fill the credentials and login" owner="lumate1Resource">
<status status="NOT RUN" start="2024-06-19T13:32:39.354324" elapsed="0.000103"/>
</kw>
<kw name="Close Browser" owner="SeleniumLibrary" type="TEARDOWN">
<doc>Closes the current browser.</doc>
<status status="PASS" start="2024-06-19T13:32:39.355187" elapsed="0.096757"/>
</kw>
<tag>TC-PMS-001</tag>
<status status="FAIL" start="2024-06-19T13:32:32.427438" elapsed="7.024693">NoSuchWindowException: Message: no such window: target window already closed
from unknown error: web view not found
  (Session info: chrome=125.0.6422.141)
Stacktrace:
#0 0x55b581dfce3a &lt;unknown&gt;
#1 0x55b581ae645c &lt;unknown&gt;
#2 0x55b581abba84 &lt;unknown&gt;
#3 0x55b581b5d95d &lt;unknown&gt;
#4 0x55b581b73c76 &lt;unknown&gt;
#5 0x55b581b55253 &lt;unknown&gt;
#6 0x55b581b251c7 &lt;unknown&gt;
#7 0x55b581b25b3e &lt;unknown&gt;
#8 0x55b581dc327b &lt;unknown&gt;
#9 0x55b581dc7327 &lt;unknown&gt;
#10 0x55b581dafdae &lt;unknown&gt;
#11 0x55b581dc7df2 &lt;unknown&gt;
#12 0x55b581d9474f &lt;unknown&gt;
#13 0x55b581dec128 &lt;unknown&gt;
#14 0x55b581dec2fb &lt;unknown&gt;
#15 0x55b581dfbf6c &lt;unknown&gt;
#16 0x7f9338ad1609 start_thread
</status>
</test>
<test id="s1-t2" name="Verify that the user gets redirected to enter OTP page when entered the correct credentials." line="25">
<kw name="Open PMS url on browser" owner="lumate1Resource">
<kw name="Open Browser" owner="SeleniumLibrary">
<msg time="2024-06-19T13:32:39.454601" level="INFO">Opening browser 'chrome' to base url 'https://qa-pms.lumatehealth.com/'.</msg>
<arg>url=${PMS_URL}</arg>
<arg>browser=${Browser}</arg>
<arg>options=add_experimental_option("detach", True)</arg>
<doc>Opens a new browser instance to the optional ``url``.</doc>
<status status="PASS" start="2024-06-19T13:32:39.454221" elapsed="3.407376"/>
</kw>
<kw name="Maximize Browser Window" owner="SeleniumLibrary">
<doc>Maximizes current browser window.</doc>
<status status="PASS" start="2024-06-19T13:32:42.862369" elapsed="0.090911"/>
</kw>
<kw name="Wait Until Element Is Visible" owner="SeleniumLibrary">
<arg>${LOGIN_PAGE_PMS}</arg>
<arg>15s</arg>
<doc>Waits until the element ``locator`` is visible.</doc>
<status status="PASS" start="2024-06-19T13:32:42.953604" elapsed="4.220392"/>
</kw>
<status status="PASS" start="2024-06-19T13:32:39.453723" elapsed="7.720548"/>
</kw>
<kw name="Fill the credentials and login" owner="lumate1Resource">
<kw name="Wait Until Element Is Visible" owner="SeleniumLibrary">
<arg>${USERNAME_PATH_PMS}</arg>
<arg>15s</arg>
<doc>Waits until the element ``locator`` is visible.</doc>
<status status="PASS" start="2024-06-19T13:32:47.175567" elapsed="0.031047"/>
</kw>
<kw name="Input Text" owner="SeleniumLibrary">
<msg time="2024-06-19T13:32:47.207480" level="INFO">Typing text 'kalpesh' into text field 'xpath://*[@id="mat-input-0"]'.</msg>
<arg>${USERNAME_PATH_PMS}</arg>
<arg>${USERNAME_PMS}</arg>
<doc>Types the given ``text`` into the text field identified by ``locator``.</doc>
<status status="PASS" start="2024-06-19T13:32:47.206982" elapsed="0.104678"/>
</kw>
<kw name="Input Password" owner="SeleniumLibrary">
<msg time="2024-06-19T13:32:47.312376" level="INFO">Typing password into text field 'xpath://*[@id="mat-input-1"]'.</msg>
<msg time="2024-06-19T13:32:47.353163" level="INFO">Temporally setting log level to: NONE</msg>
<arg>${PASSWORD_PATH_PMS}</arg>
<arg>${PASSWORD_PMS}</arg>
<doc>Types the given password into the text field identified by ``locator``.</doc>
<status status="PASS" start="2024-06-19T13:32:47.311972" elapsed="0.102883"/>
</kw>
<kw name="Wait Until Element Is Visible" owner="SeleniumLibrary">
<arg>${REMEMBER_ME_PMS}</arg>
<arg>15s</arg>
<doc>Waits until the element ``locator`` is visible.</doc>
<status status="PASS" start="2024-06-19T13:32:47.415215" elapsed="0.026919"/>
</kw>
<kw name="Click Element" owner="SeleniumLibrary">
<msg time="2024-06-19T13:32:47.443256" level="INFO">Clicking element 'xpath://*[@class="check remember-check"]'.</msg>
<arg>${REMEMBER_ME_PMS}</arg>
<doc>Click the element identified by ``locator``.</doc>
<status status="PASS" start="2024-06-19T13:32:47.442810" elapsed="0.118226"/>
</kw>
<kw name="Click Button" owner="SeleniumLibrary">
<msg time="2024-06-19T13:32:47.561800" level="INFO">Clicking button 'xpath://*[@class="mat-focus-indicator auth-form-btn mat-raised-button mat-button-base mat-primary"]'.</msg>
<arg>${LOGIN_BTN_PMS}</arg>
<doc>Clicks the button identified by ``locator``.</doc>
<status status="PASS" start="2024-06-19T13:32:47.561412" elapsed="0.094692"/>
</kw>
<status status="PASS" start="2024-06-19T13:32:47.174854" elapsed="0.481413"/>
</kw>
<kw name="Wait Until Element Contains" owner="SeleniumLibrary">
<arg>${OTP_PAGE}</arg>
<arg>Almost There</arg>
<arg>${TIMEOUT}</arg>
<doc>Waits until the element ``locator`` contains ``text``.</doc>
<status status="PASS" start="2024-06-19T13:32:47.656834" elapsed="2.981647"/>
</kw>
<tag>TC-PMS-005</tag>
<status status="PASS" start="2024-06-19T13:32:39.452683" elapsed="11.186095"/>
</test>
<test id="s1-t3" name="Verify the clinician Home Page" line="31">
<kw name="Enter OTP and Submit it" owner="lumate1Resource">
<kw name="Wait for OTP Email" owner="lumate1Resource">
<kw name="Open Mailbox" owner="ImapLibrary2">
<arg>host=${EMAIL_SERVER}</arg>
<arg>user=${EMAIL_USERNAME}</arg>
<arg>password=${EMAIL_PASSWORD}</arg>
<doc>Open IMAP email client session to given ``host`` with given ``user`` and ``password``.</doc>
<status status="PASS" start="2024-06-19T13:32:50.640461" elapsed="1.388875"/>
</kw>
<kw name="Wait For Email" owner="ImapLibrary2">
<msg time="2024-06-19T13:32:52.630795" level="INFO">${email_index} = 40525</msg>
<var>${email_index}</var>
<arg>sender=${SENDER_USERNAME}</arg>
<arg>status=UNSEEN</arg>
<arg>timeout=300</arg>
<doc>Wait for email message to arrived base on any given filter criteria.
Returns email index of the latest email message received.</doc>
<status status="PASS" start="2024-06-19T13:32:52.029742" elapsed="0.601128"/>
</kw>
<kw name="Get Email Body" owner="ImapLibrary2">
<msg time="2024-06-19T13:32:53.067827" level="FAIL">get_email_body called on multipart email 'Your Lumate Health Invoice is Ready'. Please first use method walk_multipart_email.</msg>
<var>${email_body}</var>
<arg>${email_index}</arg>
<doc>Returns the decoded email body on multipart email message,
otherwise returns the body text.</doc>
<status status="FAIL" start="2024-06-19T13:32:52.631248" elapsed="0.437823">get_email_body called on multipart email 'Your Lumate Health Invoice is Ready'. Please first use method walk_multipart_email.</status>
</kw>
<kw name="Get Regexp Matches" owner="String">
<var>${otp}</var>
<arg>${email_body}</arg>
<arg>\\b\\d{6}\\b</arg>
<doc>Returns a list of all non-overlapping matches in the given string.</doc>
<status status="NOT RUN" start="2024-06-19T13:32:53.069967" elapsed="0.000239"/>
</kw>
<kw name="Log" owner="BuiltIn">
<arg>OTP received: ${otp}</arg>
<doc>Logs the given message with the given level.</doc>
<status status="NOT RUN" start="2024-06-19T13:32:53.070993" elapsed="0.000201"/>
</kw>
<return>
<value>${otp}[3]</value>
<status status="NOT RUN" start="2024-06-19T13:32:53.071599" elapsed="0.000161"/>
</return>
<var>${otp}</var>
<status status="FAIL" start="2024-06-19T13:32:50.640079" elapsed="2.432191">get_email_body called on multipart email 'Your Lumate Health Invoice is Ready'. Please first use method walk_multipart_email.</status>
</kw>
<kw name="Copy To Clipboard" owner="CustomKeywords">
<arg>${otp}</arg>
<status status="NOT RUN" start="2024-06-19T13:32:53.072926" elapsed="0.000138"/>
</kw>
<kw name="Wait Until Element Is Visible" owner="SeleniumLibrary">
<arg>${OTP_CLICK}</arg>
<arg>15s</arg>
<doc>Waits until the element ``locator`` is visible.</doc>
<status status="NOT RUN" start="2024-06-19T13:32:53.073695" elapsed="0.000134"/>
</kw>
<kw name="Click Element" owner="SeleniumLibrary">
<arg>${OTP_CLICK}</arg>
<doc>Click the element identified by ``locator``.</doc>
<status status="NOT RUN" start="2024-06-19T13:32:53.074716" elapsed="0.000242"/>
</kw>
<kw name="Wait Until Element Is Visible" owner="SeleniumLibrary">
<arg>${OTP_PAGE}</arg>
<arg>${TIMEOUT}</arg>
<doc>Waits until the element ``locator`` is visible.</doc>
<status status="NOT RUN" start="2024-06-19T13:32:53.075913" elapsed="0.000171"/>
</kw>
<kw name="Wait Until Element Is Visible" owner="SeleniumLibrary">
<arg>${OTP_PMS}</arg>
<arg>${TIMEOUT}</arg>
<doc>Waits until the element ``locator`` is visible.</doc>
<status status="NOT RUN" start="2024-06-19T13:32:53.076699" elapsed="0.000127"/>
</kw>
<kw name="Press Keys" owner="SeleniumLibrary">
<arg>${OTP_PMS}</arg>
<arg>CTRL+V</arg>
<doc>Simulates the user pressing key(s) to an element or on the active browser.</doc>
<status status="NOT RUN" start="2024-06-19T13:32:53.077446" elapsed="0.000128"/>
</kw>
<kw name="Click Button" owner="SeleniumLibrary">
<arg>${VALIDATE_OTP_PMS}</arg>
<doc>Clicks the button identified by ``locator``.</doc>
<status status="NOT RUN" start="2024-06-19T13:32:53.078193" elapsed="0.000134"/>
</kw>
<kw name="Sleep" owner="BuiltIn">
<arg>2s</arg>
<doc>Pauses the test executed for the given time.</doc>
<status status="NOT RUN" start="2024-06-19T13:32:53.078899" elapsed="0.000131"/>
</kw>
<kw name="Run Keyword And Return Status" owner="BuiltIn">
<var>${error_exists}</var>
<arg>Page Should Contain</arg>
<arg>Incorrect OTP is provided. Try resending OTP.</arg>
<doc>Runs the given keyword with given arguments and returns the status as a Boolean value.</doc>
<status status="NOT RUN" start="2024-06-19T13:32:53.079713" elapsed="0.000132"/>
</kw>
<kw name="Run Keyword If" owner="BuiltIn">
<arg>${error_exists}</arg>
<arg>Enter OTP And Submit It</arg>
<doc>Runs the given keyword with the given arguments, if ``condition`` is true.</doc>
<status status="NOT RUN" start="2024-06-19T13:32:53.080480" elapsed="0.000129"/>
</kw>
<kw name="Wait Until Element Is Visible" owner="SeleniumLibrary">
<arg>${HOMEPAGE_PMS}</arg>
<doc>Waits until the element ``locator`` is visible.</doc>
<status status="NOT RUN" start="2024-06-19T13:32:53.081187" elapsed="0.000126"/>
</kw>
<status status="FAIL" start="2024-06-19T13:32:50.639670" elapsed="2.442091">get_email_body called on multipart email 'Your Lumate Health Invoice is Ready'. Please first use method walk_multipart_email.</status>
</kw>
<kw name="Wait Until Element Is Visible" owner="SeleniumLibrary">
<arg>${TO-DO_HOME}</arg>
<arg>${TIMEOUT}</arg>
<doc>Waits until the element ``locator`` is visible.</doc>
<status status="NOT RUN" start="2024-06-19T13:32:53.082711" elapsed="0.000159"/>
</kw>
<kw name="Element Should Contain" owner="SeleniumLibrary">
<arg>${TO-DO_HOME}</arg>
<arg>TO DO's</arg>
<doc>Verifies that element ``locator`` contains text ``expected``.</doc>
<status status="NOT RUN" start="2024-06-19T13:32:53.083913" elapsed="0.000163"/>
</kw>
<kw name="Element Should Contain" owner="SeleniumLibrary">
<arg>${APPOINTMENT_HOME}</arg>
<arg>Appointments</arg>
<doc>Verifies that element ``locator`` contains text ``expected``.</doc>
<status status="NOT RUN" start="2024-06-19T13:32:53.084987" elapsed="0.000154"/>
</kw>
<tag>TC-APP-001</tag>
<status status="FAIL" start="2024-06-19T13:32:50.639129" elapsed="2.446976">get_email_body called on multipart email 'Your Lumate Health Invoice is Ready'. Please first use method walk_multipart_email.</status>
</test>
<test id="s1-t4" name="Verify the Calender &amp; appointments screen" line="38">
<kw name="Wait Until the Update Icon Disappear" owner="lumate1Resource">
<kw name="Wait Until Element Is Not Visible" owner="SeleniumLibrary">
<arg>${UpdateIcon}</arg>
<arg>60s</arg>
<doc>Waits until the element ``locator`` is not visible.</doc>
<status status="PASS" start="2024-06-19T13:32:53.090432" elapsed="0.021628"/>
</kw>
<status status="PASS" start="2024-06-19T13:32:53.089441" elapsed="0.022875"/>
</kw>
<kw name="Click Element" owner="SeleniumLibrary">
<msg time="2024-06-19T13:32:53.113077" level="INFO">Clicking element 'xpath://*[@id="leftsidebar"]/div/ul/div/li[3]/a'.</msg>
<msg time="2024-06-19T13:32:53.196607" level="INFO" html="true">&lt;/td&gt;&lt;/tr&gt;&lt;tr&gt;&lt;td colspan="3"&gt;&lt;a href="selenium-screenshot-106.png"&gt;&lt;img src="selenium-screenshot-106.png" width="800px"&gt;&lt;/a&gt;</msg>
<msg time="2024-06-19T13:32:53.196758" level="FAIL">Element with locator 'xpath://*[@id="leftsidebar"]/div/ul/div/li[3]/a' not found.</msg>
<arg>${APPOINTMENT_SEC}</arg>
<doc>Click the element identified by ``locator``.</doc>
<status status="FAIL" start="2024-06-19T13:32:53.112696" elapsed="0.084399">Element with locator 'xpath://*[@id="leftsidebar"]/div/ul/div/li[3]/a' not found.</status>
</kw>
<kw name="Wait Until the Update Icon Disappear" owner="lumate1Resource">
<status status="NOT RUN" start="2024-06-19T13:32:53.197459" elapsed="0.000051"/>
</kw>
<kw name="verify elements of TC-APP-002 visible or not" owner="lumate1Resource">
<status status="NOT RUN" start="2024-06-19T13:32:53.197836" elapsed="0.000053"/>
</kw>
<kw name="Wait Until the Update Icon Disappear" owner="lumate1Resource">
<status status="NOT RUN" start="2024-06-19T13:32:53.198161" elapsed="0.000044"/>
</kw>
<kw name="Wait Until the Update Icon Disappear" owner="lumate1Resource">
<status status="NOT RUN" start="2024-06-19T13:32:53.198423" elapsed="0.000036"/>
</kw>
<tag>TC-APP-002</tag>
<status status="FAIL" start="2024-06-19T13:32:53.087517" elapsed="0.111143">Element with locator 'xpath://*[@id="leftsidebar"]/div/ul/div/li[3]/a' not found.</status>
</test>
<test id="s1-t5" name="Verify the create an appointment button" line="47">
<kw name="Click Element" owner="SeleniumLibrary" type="SETUP">
<msg time="2024-06-19T13:32:53.199668" level="INFO">Clicking element 'xpath://*[@id="leftsidebar"]/div/ul/div/li[2]/a'.</msg>
<msg time="2024-06-19T13:32:53.300928" level="INFO" html="true">&lt;/td&gt;&lt;/tr&gt;&lt;tr&gt;&lt;td colspan="3"&gt;&lt;a href="selenium-screenshot-107.png"&gt;&lt;img src="selenium-screenshot-107.png" width="800px"&gt;&lt;/a&gt;</msg>
<msg time="2024-06-19T13:32:53.301075" level="FAIL">Element with locator 'xpath://*[@id="leftsidebar"]/div/ul/div/li[2]/a' not found.</msg>
<arg>${HOME_SEC}</arg>
<doc>Click the element identified by ``locator``.</doc>
<status status="FAIL" start="2024-06-19T13:32:53.199393" elapsed="0.101818">Element with locator 'xpath://*[@id="leftsidebar"]/div/ul/div/li[2]/a' not found.</status>
</kw>
<tag>TC-APP-003</tag>
<status status="FAIL" start="2024-06-19T13:32:53.198970" elapsed="0.102498">Setup failed:
Element with locator 'xpath://*[@id="leftsidebar"]/div/ul/div/li[2]/a' not found.</status>
</test>
<test id="s1-t6" name="Verify View Patient" line="52">
<kw name="Click Element" owner="SeleniumLibrary" type="SETUP">
<msg time="2024-06-19T13:32:53.302597" level="INFO">Clicking element 'xpath://*[@id="leftsidebar"]/div/ul/div/li[2]/a'.</msg>
<msg time="2024-06-19T13:32:53.385855" level="INFO" html="true">&lt;/td&gt;&lt;/tr&gt;&lt;tr&gt;&lt;td colspan="3"&gt;&lt;a href="selenium-screenshot-108.png"&gt;&lt;img src="selenium-screenshot-108.png" width="800px"&gt;&lt;/a&gt;</msg>
<msg time="2024-06-19T13:32:53.385998" level="FAIL">Element with locator 'xpath://*[@id="leftsidebar"]/div/ul/div/li[2]/a' not found.</msg>
<arg>${HOME_SEC}</arg>
<doc>Click the element identified by ``locator``.</doc>
<status status="FAIL" start="2024-06-19T13:32:53.302340" elapsed="0.083854">Element with locator 'xpath://*[@id="leftsidebar"]/div/ul/div/li[2]/a' not found.</status>
</kw>
<tag>TC-PCV-001</tag>
<status status="FAIL" start="2024-06-19T13:32:53.301860" elapsed="0.084629">Setup failed:
Element with locator 'xpath://*[@id="leftsidebar"]/div/ul/div/li[2]/a' not found.</status>
</test>
<test id="s1-t7" name="Verify Edit Patient" line="58">
<kw name="Click Element" owner="SeleniumLibrary" type="SETUP">
<msg time="2024-06-19T13:32:53.387519" level="INFO">Clicking element 'xpath://*[@id="leftsidebar"]/div/ul/div/li[2]/a'.</msg>
<msg time="2024-06-19T13:32:53.488624" level="INFO" html="true">&lt;/td&gt;&lt;/tr&gt;&lt;tr&gt;&lt;td colspan="3"&gt;&lt;a href="selenium-screenshot-109.png"&gt;&lt;img src="selenium-screenshot-109.png" width="800px"&gt;&lt;/a&gt;</msg>
<msg time="2024-06-19T13:32:53.488768" level="FAIL">Element with locator 'xpath://*[@id="leftsidebar"]/div/ul/div/li[2]/a' not found.</msg>
<arg>${HOME_SEC}</arg>
<doc>Click the element identified by ``locator``.</doc>
<status status="FAIL" start="2024-06-19T13:32:53.387267" elapsed="0.101639">Element with locator 'xpath://*[@id="leftsidebar"]/div/ul/div/li[2]/a' not found.</status>
</kw>
<tag>TC-PCV-002</tag>
<status status="FAIL" start="2024-06-19T13:32:53.386864" elapsed="0.102283">Setup failed:
Element with locator 'xpath://*[@id="leftsidebar"]/div/ul/div/li[2]/a' not found.</status>
</test>
<test id="s1-t8" name="Verify the Basic details screen given under the Demographic section" line="67">
<kw name="Click Element" owner="SeleniumLibrary" type="SETUP">
<msg time="2024-06-19T13:32:53.490135" level="INFO">Clicking element 'xpath://*[@id="leftsidebar"]/div/ul/div/li[2]/a'.</msg>
<msg time="2024-06-19T13:32:53.556881" level="INFO" html="true">&lt;/td&gt;&lt;/tr&gt;&lt;tr&gt;&lt;td colspan="3"&gt;&lt;a href="selenium-screenshot-110.png"&gt;&lt;img src="selenium-screenshot-110.png" width="800px"&gt;&lt;/a&gt;</msg>
<msg time="2024-06-19T13:32:53.557033" level="FAIL">Element with locator 'xpath://*[@id="leftsidebar"]/div/ul/div/li[2]/a' not found.</msg>
<arg>${HOME_SEC}</arg>
<doc>Click the element identified by ``locator``.</doc>
<status status="FAIL" start="2024-06-19T13:32:53.489862" elapsed="0.067309">Element with locator 'xpath://*[@id="leftsidebar"]/div/ul/div/li[2]/a' not found.</status>
</kw>
<tag>TC-PCV-003</tag>
<status status="FAIL" start="2024-06-19T13:32:53.489433" elapsed="0.067978">Setup failed:
Element with locator 'xpath://*[@id="leftsidebar"]/div/ul/div/li[2]/a' not found.</status>
</test>
<test id="s1-t9" name="Verify billing tab" line="78">
<kw name="Click Element" owner="SeleniumLibrary" type="SETUP">
<msg time="2024-06-19T13:32:53.558358" level="INFO">Clicking element 'xpath://*[@id="leftsidebar"]/div/ul/div/li[2]/a'.</msg>
<msg time="2024-06-19T13:32:53.624340" level="INFO" html="true">&lt;/td&gt;&lt;/tr&gt;&lt;tr&gt;&lt;td colspan="3"&gt;&lt;a href="selenium-screenshot-111.png"&gt;&lt;img src="selenium-screenshot-111.png" width="800px"&gt;&lt;/a&gt;</msg>
<msg time="2024-06-19T13:32:53.624522" level="FAIL">Element with locator 'xpath://*[@id="leftsidebar"]/div/ul/div/li[2]/a' not found.</msg>
<arg>${HOME_SEC}</arg>
<doc>Click the element identified by ``locator``.</doc>
<status status="FAIL" start="2024-06-19T13:32:53.558111" elapsed="0.066615">Element with locator 'xpath://*[@id="leftsidebar"]/div/ul/div/li[2]/a' not found.</status>
</kw>
<tag>TC-PCV-004</tag>
<status status="FAIL" start="2024-06-19T13:32:53.557714" elapsed="0.067312">Setup failed:
Element with locator 'xpath://*[@id="leftsidebar"]/div/ul/div/li[2]/a' not found.</status>
</test>
<test id="s1-t10" name="Change billing status" line="90">
<kw name="Click Element" owner="SeleniumLibrary" type="SETUP">
<msg time="2024-06-19T13:32:53.626500" level="INFO">Clicking element 'xpath://*[@id="leftsidebar"]/div/ul/div/li[2]/a'.</msg>
<msg time="2024-06-19T13:32:53.679279" level="INFO" html="true">&lt;/td&gt;&lt;/tr&gt;&lt;tr&gt;&lt;td colspan="3"&gt;&lt;a href="selenium-screenshot-112.png"&gt;&lt;img src="selenium-screenshot-112.png" width="800px"&gt;&lt;/a&gt;</msg>
<msg time="2024-06-19T13:32:53.679450" level="FAIL">Element with locator 'xpath://*[@id="leftsidebar"]/div/ul/div/li[2]/a' not found.</msg>
<arg>${HOME_SEC_ICON}</arg>
<doc>Click the element identified by ``locator``.</doc>
<status status="FAIL" start="2024-06-19T13:32:53.626062" elapsed="0.053582">Element with locator 'xpath://*[@id="leftsidebar"]/div/ul/div/li[2]/a' not found.