<?xml version="1.0" encoding="UTF-8"?>
<robot generator="Robot 7.0 (Python 3.8.10 on linux)" generated="2024-06-18T12:37:39.310259" rpa="false" schemaversion="5">
<suite id="s1" name="lumateTest" source="/home/ridham/PycharmProjects/LUMATE-AUTOMATION_POC/TestCases/lumateTest.robot">
<test id="s1-t1" name="Verify that the user is able to Log in to the Portal with correct credentials" line="19">
<kw name="Open PMS url on browser" owner="lumate1Resource">
<kw name="Open Browser" owner="SeleniumLibrary">
<msg time="2024-06-18T12:37:39.470621" level="INFO">Opening browser 'chrome' to base url 'https://qa-pms.lumatehealth.com/'.</msg>
<msg time="2024-06-18T12:39:40.287902" level="INFO" html="true">&lt;/td&gt;&lt;/tr&gt;&lt;tr&gt;&lt;td colspan="3"&gt;&lt;a href="selenium-screenshot-38.png"&gt;&lt;img src="selenium-screenshot-38.png" width="800px"&gt;&lt;/a&gt;</msg>
<msg time="2024-06-18T12:39:40.288275" level="FAIL">WebDriverException: Message: unknown error: net::ERR_NAME_NOT_RESOLVED
  (Session info: chrome=125.0.6422.141)
Stacktrace:
#0 0x5624d9762e3a &lt;unknown&gt;
#1 0x5624d944c45c &lt;unknown&gt;
#2 0x5624d9443fd0 &lt;unknown&gt;
#3 0x5624d9433b32 &lt;unknown&gt;
#4 0x5624d9435162 &lt;unknown&gt;
#5 0x5624d9433ded &lt;unknown&gt;
#6 0x5624d9433503 &lt;unknown&gt;
#7 0x5624d94333f5 &lt;unknown&gt;
#8 0x5624d9431336 &lt;unknown&gt;
#9 0x5624d943183a &lt;unknown&gt;
#10 0x5624d944eea7 &lt;unknown&gt;
#11 0x5624d94daed5 &lt;unknown&gt;
#12 0x5624d94bb4b2 &lt;unknown&gt;
#13 0x5624d94da2cc &lt;unknown&gt;
#14 0x5624d94bb253 &lt;unknown&gt;
#15 0x5624d948b1c7 &lt;unknown&gt;
#16 0x5624d948bb3e &lt;unknown&gt;
#17 0x5624d972927b &lt;unknown&gt;
#18 0x5624d972d327 &lt;unknown&gt;
#19 0x5624d9715dae &lt;unknown&gt;
#20 0x5624d972ddf2 &lt;unknown&gt;
#21 0x5624d96fa74f &lt;unknown&gt;
#22 0x5624d9752128 &lt;unknown&gt;
#23 0x5624d97522fb &lt;unknown&gt;
#24 0x5624d9761f6c &lt;unknown&gt;
#25 0x7f514703a609 start_thread
</msg>
<arg>url=${PMS_URL}</arg>
<arg>browser=${Browser}</arg>
<doc>Opens a new browser instance to the optional ``url``.</doc>
<status status="FAIL" start="2024-06-18T12:37:39.470138" elapsed="120.832233">WebDriverException: Message: unknown error: net::ERR_NAME_NOT_RESOLVED
  (Session info: chrome=125.0.6422.141)
Stacktrace:
#0 0x5624d9762e3a &lt;unknown&gt;
#1 0x5624d944c45c &lt;unknown&gt;
#2 0x5624d9443fd0 &lt;unknown&gt;
#3 0x5624d9433b32 &lt;unknown&gt;
#4 0x5624d9435162 &lt;unknown&gt;
#5 0x5624d9433ded &lt;unknown&gt;
#6 0x5624d9433503 &lt;unknown&gt;
#7 0x5624d94333f5 &lt;unknown&gt;
#8 0x5624d9431336 &lt;unknown&gt;
#9 0x5624d943183a &lt;unknown&gt;
#10 0x5624d944eea7 &lt;unknown&gt;
#11 0x5624d94daed5 &lt;unknown&gt;
#12 0x5624d94bb4b2 &lt;unknown&gt;
#13 0x5624d94da2cc &lt;unknown&gt;
#14 0x5624d94bb253 &lt;unknown&gt;
#15 0x5624d948b1c7 &lt;unknown&gt;
#16 0x5624d948bb3e &lt;unknown&gt;
#17 0x5624d972927b &lt;unknown&gt;
#18 0x5624d972d327 &lt;unknown&gt;
#19 0x5624d9715dae &lt;unknown&gt;
#20 0x5624d972ddf2 &lt;unknown&gt;
#21 0x5624d96fa74f &lt;unknown&gt;
#22 0x5624d9752128 &lt;unknown&gt;
#23 0x5624d97522fb &lt;unknown&gt;
#24 0x5624d9761f6c &lt;unknown&gt;
#25 0x7f514703a609 start_thread
</status>
</kw>
<kw name="Maximize Browser Window" owner="SeleniumLibrary">
<doc>Maximizes current browser window.</doc>
<status status="NOT RUN" start="2024-06-18T12:39:40.302890" elapsed="0.000049"/>
</kw>
<kw name="Wait Until Element Is Visible" owner="SeleniumLibrary">
<arg>${LOGIN_PAGE_PMS}</arg>
<arg>15s</arg>
<doc>Waits until the element ``locator`` is visible.</doc>
<status status="NOT RUN" start="2024-06-18T12:39:40.303096" elapsed="0.000030"/>
</kw>
<status status="FAIL" start="2024-06-18T12:37:39.469008" elapsed="120.834295">WebDriverException: Message: unknown error: net::ERR_NAME_NOT_RESOLVED
  (Session info: chrome=125.0.6422.141)
Stacktrace:
#0 0x5624d9762e3a &lt;unknown&gt;
#1 0x5624d944c45c &lt;unknown&gt;
#2 0x5624d9443fd0 &lt;unknown&gt;
#3 0x5624d9433b32 &lt;unknown&gt;
#4 0x5624d9435162 &lt;unknown&gt;
#5 0x5624d9433ded &lt;unknown&gt;
#6 0x5624d9433503 &lt;unknown&gt;
#7 0x5624d94333f5 &lt;unknown&gt;
#8 0x5624d9431336 &lt;unknown&gt;
#9 0x5624d943183a &lt;unknown&gt;
#10 0x5624d944eea7 &lt;unknown&gt;
#11 0x5624d94daed5 &lt;unknown&gt;
#12 0x5624d94bb4b2 &lt;unknown&gt;
#13 0x5624d94da2cc &lt;unknown&gt;
#14 0x5624d94bb253 &lt;unknown&gt;
#15 0x5624d948b1c7 &lt;unknown&gt;
#16 0x5624d948bb3e &lt;unknown&gt;
#17 0x5624d972927b &lt;unknown&gt;
#18 0x5624d972d327 &lt;unknown&gt;
#19 0x5624d9715dae &lt;unknown&gt;
#20 0x5624d972ddf2 &lt;unknown&gt;
#21 0x5624d96fa74f &lt;unknown&gt;
#22 0x5624d9752128 &lt;unknown&gt;
#23 0x5624d97522fb &lt;unknown&gt;
#24 0x5624d9761f6c &lt;unknown&gt;
#25 0x7f514703a609 start_thread
</status>
</kw>
<kw name="Fill the credentials and login" owner="lumate1Resource">
<status status="NOT RUN" start="2024-06-18T12:39:40.303852" elapsed="0.000048"/>
</kw>
<kw name="Close Browser" owner="SeleniumLibrary" type="TEARDOWN">
<doc>Closes the current browser.</doc>
<status status="PASS" start="2024-06-18T12:39:40.304276" elapsed="0.116140"/>
</kw>
<tag>TC-PMS-001</tag>
<status status="FAIL" start="2024-06-18T12:37:39.468190" elapsed="120.952452">WebDriverException: Message: unknown error: net::ERR_NAME_NOT_RESOLVED
  (Session info: chrome=125.0.6422.141)
Stacktrace:
#0 0x5624d9762e3a &lt;unknown&gt;
#1 0x5624d944c45c &lt;unknown&gt;
#2 0x5624d9443fd0 &lt;unknown&gt;
#3 0x5624d9433b32 &lt;unknown&gt;
#4 0x5624d9435162 &lt;unknown&gt;
#5 0x5624d9433ded &lt;unknown&gt;
#6 0x5624d9433503 &lt;unknown&gt;
#7 0x5624d94333f5 &lt;unknown&gt;
#8 0x5624d9431336 &lt;unknown&gt;
#9 0x5624d943183a &lt;unknown&gt;
#10 0x5624d944eea7 &lt;unknown&gt;
#11 0x5624d94daed5 &lt;unknown&gt;
#12 0x5624d94bb4b2 &lt;unknown&gt;
#13 0x5624d94da2cc &lt;unknown&gt;
#14 0x5624d94bb253 &lt;unknown&gt;
#15 0x5624d948b1c7 &lt;unknown&gt;
#16 0x5624d948bb3e &lt;unknown&gt;
#17 0x5624d972927b &lt;unknown&gt;
#18 0x5624d972d327 &lt;unknown&gt;
#19 0x5624d9715dae &lt;unknown&gt;
#20 0x5624d972ddf2 &lt;unknown&gt;
#21 0x5624d96fa74f &lt;unknown&gt;
#22 0x5624d9752128 &lt;unknown&gt;
#23 0x5624d97522fb &lt;unknown&gt;
#24 0x5624d9761f6c &lt;unknown&gt;
#25 0x7f514703a609 start_thread
</status>
</test>
<test id="s1-t2" name="Verify that the user gets redirected to enter OTP page when entered the correct credentials." line="25">
<kw name="Open PMS url on browser" owner="lumate1Resource">
<kw name="Open Browser" owner="SeleniumLibrary">
<msg time="2024-06-18T12:39:40.423874" level="INFO">Opening browser 'chrome' to base url 'https://qa-pms.lumatehealth.com/'.</msg>
<arg>url=${PMS_URL}</arg>
<arg>browser=${Browser}</arg>
<doc>Opens a new browser instance to the optional ``url``.</doc>
<status status="PASS" start="2024-06-18T12:39:40.423260" elapsed="55.258051"/>
</kw>
<kw name="Maximize Browser Window" owner="SeleniumLibrary">
<msg time="2024-06-18T12:40:35.710321" level="WARN">Keyword 'Capture Page Screenshot' could not be run on failure: Message: no such window: target window already closed
from unknown error: web view not found
  (Session info: chrome=125.0.6422.141)
Stacktrace:
#0 0x5614d4c92e3a &lt;unknown&gt;
#1 0x5614d497c45c &lt;unknown&gt;
#2 0x5614d4951a84 &lt;unknown&gt;
#3 0x5614d49f395d &lt;unknown&gt;
#4 0x5614d4a09c76 &lt;unknown&gt;
#5 0x5614d49eb253 &lt;unknown&gt;
#6 0x5614d49bb1c7 &lt;unknown&gt;
#7 0x5614d49bbb3e &lt;unknown&gt;
#8 0x5614d4c5927b &lt;unknown&gt;
#9 0x5614d4c5d327 &lt;unknown&gt;
#10 0x5614d4c45dae &lt;unknown&gt;
#11 0x5614d4c5ddf2 &lt;unknown&gt;
#12 0x5614d4c2a74f &lt;unknown&gt;
#13 0x5614d4c82128 &lt;unknown&gt;
#14 0x5614d4c822fb &lt;unknown&gt;
#15 0x5614d4c91f6c &lt;unknown&gt;
#16 0x7fa2a3842609 start_thread
</msg>
<msg time="2024-06-18T12:40:35.711044" level="FAIL">NoSuchWindowException: Message: no such window: target window already closed
from unknown error: web view not found
  (Session info: chrome=125.0.6422.141)
Stacktrace:
#0 0x5614d4c92e3a &lt;unknown&gt;
#1 0x5614d497c45c &lt;unknown&gt;
#2 0x5614d4951a84 &lt;unknown&gt;
#3 0x5614d49f395d &lt;unknown&gt;
#4 0x5614d4a09c76 &lt;unknown&gt;
#5 0x5614d49eb253 &lt;unknown&gt;
#6 0x5614d49bb1c7 &lt;unknown&gt;
#7 0x5614d49bbb3e &lt;unknown&gt;
#8 0x5614d4c5927b &lt;unknown&gt;
#9 0x5614d4c5d327 &lt;unknown&gt;
#10 0x5614d4c45dae &lt;unknown&gt;
#11 0x5614d4c5ddf2 &lt;unknown&gt;
#12 0x5614d4c2a74f &lt;unknown&gt;
#13 0x5614d4c82128 &lt;unknown&gt;
#14 0x5614d4c822fb &lt;unknown&gt;
#15 0x5614d4c91f6c &lt;unknown&gt;
#16 0x7fa2a3842609 start_thread
</msg>
<doc>Maximizes current browser window.</doc>
<status status="FAIL" start="2024-06-18T12:40:35.683276" elapsed="0.039166">NoSuchWindowException: Message: no such window: target window already closed
from unknown error: web view not found
  (Session info: chrome=125.0.6422.141)
Stacktrace:
#0 0x5614d4c92e3a &lt;unknown&gt;
#1 0x5614d497c45c &lt;unknown&gt;
#2 0x5614d4951a84 &lt;unknown&gt;
#3 0x5614d49f395d &lt;unknown&gt;
#4 0x5614d4a09c76 &lt;unknown&gt;
#5 0x5614d49eb253 &lt;unknown&gt;
#6 0x5614d49bb1c7 &lt;unknown&gt;
#7 0x5614d49bbb3e &lt;unknown&gt;
#8 0x5614d4c5927b &lt;unknown&gt;
#9 0x5614d4c5d327 &lt;unknown&gt;
#10 0x5614d4c45dae &lt;unknown&gt;
#11 0x5614d4c5ddf2 &lt;unknown&gt;
#12 0x5614d4c2a74f &lt;unknown&gt;
#13 0x5614d4c82128 &lt;unknown&gt;
#14 0x5614d4c822fb &lt;unknown&gt;
#15 0x5614d4c91f6c &lt;unknown&gt;
#16 0x7fa2a3842609 start_thread
</status>
</kw>
<kw name="Wait Until Element Is Visible" owner="SeleniumLibrary">
<arg>${LOGIN_PAGE_PMS}</arg>
<arg>15s</arg>
<doc>Waits until the element ``locator`` is visible.</doc>
<status status="NOT RUN" start="2024-06-18T12:40:35.723293" elapsed="0.000130"/>
</kw>
<status status="FAIL" start="2024-06-18T12:39:40.422652" elapsed="55.301784">NoSuchWindowException: Message: no such window: target window already closed
from unknown error: web view not found
  (Session info: chrome=125.0.6422.141)
Stacktrace:
#0 0x5614d4c92e3a &lt;unknown&gt;
#1 0x5614d497c45c &lt;unknown&gt;
#2 0x5614d4951a84 &lt;unknown&gt;
#3 0x5614d49f395d &lt;unknown&gt;
#4 0x5614d4a09c76 &lt;unknown&gt;
#5 0x5614d49eb253 &lt;unknown&gt;
#6 0x5614d49bb1c7 &lt;unknown&gt;
#7 0x5614d49bbb3e &lt;unknown&gt;
#8 0x5614d4c5927b &lt;unknown&gt;
#9 0x5614d4c5d327 &lt;unknown&gt;
#10 0x5614d4c45dae &lt;unknown&gt;
#11 0x5614d4c5ddf2 &lt;unknown&gt;
#12 0x5614d4c2a74f &lt;unknown&gt;
#13 0x5614d4c82128 &lt;unknown&gt;
#14 0x5614d4c822fb &lt;unknown&gt;
#15 0x5614d4c91f6c &lt;unknown&gt;
#16 0x7fa2a3842609 start_thread
</status>
</kw>
<kw name="Fill the credentials and login" owner="lumate1Resource">
<status status="NOT RUN" start="2024-06-18T12:40:35.727412" elapsed="0.000152"/>
</kw>
<kw name="Wait Until Element Contains" owner="SeleniumLibrary">
<arg>${OTP_PAGE}</arg>
<arg>Almost There</arg>
<arg>${TIMEOUT}</arg>
<doc>Waits until the element ``locator`` contains ``text``.</doc>
<status status="NOT RUN" start="2024-06-18T12:40:35.728311" elapsed="0.000130"/>
</kw>
<tag>TC-PMS-005</tag>
<status status="FAIL" start="2024-06-18T12:39:40.421534" elapsed="55.307970">NoSuchWindowException: Message: no such window: target window already closed
from unknown error: web view not found
  (Session info: chrome=125.0.6422.141)
Stacktrace:
#0 0x5614d4c92e3a &lt;unknown&gt;
#1 0x5614d497c45c &lt;unknown&gt;
#2 0x5614d4951a84 &lt;unknown&gt;
#3 0x5614d49f395d &lt;unknown&gt;
#4 0x5614d4a09c76 &lt;unknown&gt;
#5 0x5614d49eb253 &lt;unknown&gt;
#6 0x5614d49bb1c7 &lt;unknown&gt;
#7 0x5614d49bbb3e &lt;unknown&gt;
#8 0x5614d4c5927b &lt;unknown&gt;
#9 0x5614d4c5d327 &lt;unknown&gt;
#10 0x5614d4c45dae &lt;unknown&gt;
#11 0x5614d4c5ddf2 &lt;unknown&gt;
#12 0x5614d4c2a74f &lt;unknown&gt;
#13 0x5614d4c82128 &lt;unknown&gt;
#14 0x5614d4c822fb &lt;unknown&gt;
#15 0x5614d4c91f6c &lt;unknown&gt;
#16 0x7fa2a3842609 start_thread
</status>
</test>
<test id="s1-t3" name="Verify the clinician Home Page" line="31">
<kw name="Enter OTP and Submit it" owner="lumate1Resource">
<kw name="Wait for OTP Email" owner="lumate1Resource">
<kw name="Open Mailbox" owner="ImapLibrary2">
<msg time="2024-06-18T12:40:51.358700" level="FAIL">gaierror: [Errno -3] Temporary failure in name resolution</msg>
<arg>host=${EMAIL_SERVER}</arg>
<arg>user=${EMAIL_USERNAME}</arg>
<arg>password=${EMAIL_PASSWORD}</arg>
<doc>Open IMAP email client session to given ``host`` with given ``user`` and ``password``.</doc>
<status status="FAIL" start="2024-06-18T12:40:35.736543" elapsed="15.624883">gaierror: [Errno -3] Temporary failure in name resolution</status>
</kw>
<kw name="Wait For Email" owner="ImapLibrary2">
<var>${email_index}</var>
<arg>sender=${SENDER_USERNAME}</arg>
<arg>status=UNSEEN</arg>
<arg>timeout=300</arg>
<doc>Wait for email message to arrived base on any given filter criteria.
Returns email index of the latest email message received.</doc>
<status status="NOT RUN" start="2024-06-18T12:40:51.362390" elapsed="0.000172"/>
</kw>
<kw name="Get Email Body" owner="ImapLibrary2">
<var>${email_body}</var>
<arg>${email_index}</arg>
<doc>Returns the decoded email body on multipart email message,
otherwise returns the body text.</doc>
<status status="NOT RUN" start="2024-06-18T12:40:51.363215" elapsed="0.000141"/>
</kw>
<kw name="Get Regexp Matches" owner="String">
<var>${otp}</var>
<arg>${email_body}</arg>
<arg>\\b\\d{6}\\b</arg>
<doc>Returns a list of all non-overlapping matches in the given string.</doc>
<status status="NOT RUN" start="2024-06-18T12:40:51.363952" elapsed="0.000140"/>
</kw>
<kw name="Log" owner="BuiltIn">
<arg>OTP received: ${otp}</arg>
<doc>Logs the given message with the given level.</doc>
<status status="NOT RUN" start="2024-06-18T12:40:51.364726" elapsed="0.000137"/>
</kw>
<return>
<value>${otp}[3]</value>
<status status="NOT RUN" start="2024-06-18T12:40:51.365184" elapsed="0.000182"/>
</return>
<var>${otp}</var>
<status status="FAIL" start="2024-06-18T12:40:35.735759" elapsed="15.630051">gaierror: [Errno -3] Temporary failure in name resolution</status>
</kw>
<kw name="Copy To Clipboard" owner="CustomKeywords">
<arg>${otp}</arg>
<status status="NOT RUN" start="2024-06-18T12:40:51.366872" elapsed="0.000268"/>
</kw>
<kw name="Wait Until Element Is Visible" owner="SeleniumLibrary">
<arg>${OTP_CLICK}</arg>
<arg>15s</arg>
<doc>Waits until the element ``locator`` is visible.</doc>
<status status="NOT RUN" start="2024-06-18T12:40:51.368150" elapsed="0.000190"/>
</kw>
<kw name="Click Element" owner="SeleniumLibrary">
<arg>${OTP_CLICK}</arg>
<doc>Click the element identified by ``locator``.</doc>
<status status="NOT RUN" start="2024-06-18T12:40:51.369760" elapsed="0.000446"/>
</kw>
<kw name="Wait Until Element Is Visible" owner="SeleniumLibrary">
<arg>${OTP_PAGE}</arg>
<arg>${TIMEOUT}</arg>
<doc>Waits until the element ``locator`` is visible.</doc>
<status status="NOT RUN" start="2024-06-18T12:40:51.370970" elapsed="0.000148"/>
</kw>
<kw name="Wait Until Element Is Visible" owner="SeleniumLibrary">
<arg>${OTP_PMS}</arg>
<arg>${TIMEOUT}</arg>
<doc>Waits until the element ``locator`` is visible.</doc>
<status status="NOT RUN" start="2024-06-18T12:40:51.371751" elapsed="0.000159"/>
</kw>
<kw name="Press Keys" owner="SeleniumLibrary">
<arg>${OTP_PMS}</arg>
<arg>CTRL+V</arg>
<doc>Simulates the user pressing key(s) to an element or on the active browser.</doc>
<status status="NOT RUN" start="2024-06-18T12:40:51.372575" elapsed="0.000140"/>
</kw>
<kw name="Click Button" owner="SeleniumLibrary">
<arg>${VALIDATE_OTP_PMS}</arg>
<doc>Clicks the button identified by ``locator``.</doc>
<status status="NOT RUN" start="2024-06-18T12:40:51.373300" elapsed="0.000131"/>
</kw>
<kw name="Sleep" owner="BuiltIn">
<arg>2s</arg>
<doc>Pauses the test executed for the given time.</doc>
<status status="NOT RUN" start="2024-06-18T12:40:51.374064" elapsed="0.000138"/>
</kw>
<kw name="Run Keyword And Return Status" owner="BuiltIn">
<var>${error_exists}</var>
<arg>Page Should Contain</arg>
<arg>Incorrect OTP is provided. Try resending OTP.</arg>
<doc>Runs the given keyword with given arguments and returns the status as a Boolean value.</doc>
<status status="NOT RUN" start="2024-06-18T12:40:51.374892" elapsed="0.000132"/>
</kw>
<kw name="Run Keyword If" owner="BuiltIn">
<arg>${error_exists}</arg>
<arg>Enter OTP And Submit It</arg>
<doc>Runs the given keyword with the given arguments, if ``condition`` is true.</doc>
<status status="NOT RUN" start="2024-06-18T12:40:51.375972" elapsed="0.000160"/>
</kw>
<kw name="Wait Until Element Is Visible" owner="SeleniumLibrary">
<arg>${HOMEPAGE_PMS}</arg>
<doc>Waits until the element ``locator`` is visible.</doc>
<status status="NOT RUN" start="2024-06-18T12:40:51.376806" elapsed="0.000138"/>
</kw>
<status status="FAIL" start="2024-06-18T12:40:35.734769" elapsed="15.642633">gaierror: [Errno -3] Temporary failure in name resolution</status>
</kw>
<kw name="Wait Until Element Is Visible" owner="SeleniumLibrary">
<arg>${TO-DO_HOME}</arg>
<arg>${TIMEOUT}</arg>
<doc>Waits until the element ``locator`` is visible.</doc>
<status status="NOT RUN" start="2024-06-18T12:40:51.378427" elapsed="0.000163"/>
</kw>
<kw name="Element Should Contain" owner="SeleniumLibrary">
<arg>${TO-DO_HOME}</arg>
<arg>TO DO's</arg>
<doc>Verifies that element ``locator`` contains text ``expected``.</doc>
<status status="NOT RUN" start="2024-06-18T12:40:51.379532" elapsed="0.000162"/>
</kw>
<kw name="Element Should Contain" owner="SeleniumLibrary">
<arg>${APPOINTMENT_HOME}</arg>
<arg>Appointments</arg>
<doc>Verifies that element ``locator`` contains text ``expected``.</doc>
<status status="NOT RUN" start="2024-06-18T12:40:51.380599" elapsed="0.000158"/>
</kw>
<tag>TC-APP-001</tag>
<status status="FAIL" start="2024-06-18T12:40:35.733399" elapsed="15.648270">gaierror: [Errno -3] Temporary failure in name resolution</status>
</test>
<test id="s1-t4" name="Verify the Calender &amp; appointments screen" line="38">
<kw name="Wait Until the Update Icon Disappear" owner="lumate1Resource">
<kw name="Wait Until Element Is Not Visible" owner="SeleniumLibrary">
<msg time="2024-06-18T12:40:51.405044" level="WARN">Keyword 'Capture Page Screenshot' could not be run on failure: Message: no such window: target window already closed
from unknown error: web view not found
  (Session info: chrome=125.0.6422.141)
Stacktrace:
#0 0x5614d4c92e3a &lt;unknown&gt;
#1 0x5614d497c45c &lt;unknown&gt;
#2 0x5614d4951a84 &lt;unknown&gt;
#3 0x5614d49f395d &lt;unknown&gt;
#4 0x5614d4a09c76 &lt;unknown&gt;
#5 0x5614d49eb253 &lt;unknown&gt;
#6 0x5614d49bb1c7 &lt;unknown&gt;
#7 0x5614d49bbb3e &lt;unknown&gt;
#8 0x5614d4c5927b &lt;unknown&gt;
#9 0x5614d4c5d327 &lt;unknown&gt;
#10 0x5614d4c45dae &lt;unknown&gt;
#11 0x5614d4c5ddf2 &lt;unknown&gt;
#12 0x5614d4c2a74f &lt;unknown&gt;
#13 0x5614d4c82128 &lt;unknown&gt;
#14 0x5614d4c822fb &lt;unknown&gt;
#15 0x5614d4c91f6c &lt;unknown&gt;
#16 0x7fa2a3842609 start_thread
</msg>
<msg time="2024-06-18T12:40:51.405477" level="FAIL">NoSuchWindowException: Message: no such window: target window already closed
from unknown error: web view not found
  (Session info: chrome=125.0.6422.141)
Stacktrace:
#0 0x5614d4c92e3a &lt;unknown&gt;
#1 0x5614d497c45c &lt;unknown&gt;
#2 0x5614d4951a84 &lt;unknown&gt;
#3 0x5614d49f395d &lt;unknown&gt;
#4 0x5614d4a09c76 &lt;unknown&gt;
#5 0x5614d49eb253 &lt;unknown&gt;
#6 0x5614d49bb1c7 &lt;unknown&gt;
#7 0x5614d49bbb3e &lt;unknown&gt;
#8 0x5614d4c5927b &lt;unknown&gt;
#9 0x5614d4c5d327 &lt;unknown&gt;
#10 0x5614d4c45dae &lt;unknown&gt;
#11 0x5614d4c5ddf2 &lt;unknown&gt;
#12 0x5614d4c2a74f &lt;unknown&gt;
#13 0x5614d4c82128 &lt;unknown&gt;
#14 0x5614d4c822fb &lt;unknown&gt;
#15 0x5614d4c91f6c &lt;unknown&gt;
#16 0x7fa2a3842609 start_thread
</msg>
<arg>${UpdateIcon}</arg>
<arg>${TIMEOUT_40}</arg>
<doc>Waits until the element ``locator`` is not visible.</doc>
<status status="FAIL" start="2024-06-18T12:40:51.385657" elapsed="0.020946">NoSuchWindowException: Message: no such window: target window already closed
from unknown error: web view not found
  (Session info: chrome=125.0.6422.141)
Stacktrace:
#0 0x5614d4c92e3a &lt;unknown&gt;
#1 0x5614d497c45c &lt;unknown&gt;
#2 0x5614d4951a84 &lt;unknown&gt;
#3 0x5614d49f395d &lt;unknown&gt;
#4 0x5614d4a09c76 &lt;unknown&gt;
#5 0x5614d49eb253 &lt;unknown&gt;
#6 0x5614d49bb1c7 &lt;unknown&gt;
#7 0x5614d49bbb3e &lt;unknown&gt;
#8 0x5614d4c5927b &lt;unknown&gt;
#9 0x5614d4c5d327 &lt;unknown&gt;
#10 0x5614d4c45dae &lt;unknown&gt;
#11 0x5614d4c5ddf2 &lt;unknown&gt;
#12 0x5614d4c2a74f &lt;unknown&gt;
#13 0x5614d4c82128 &lt;unknown&gt;
#14 0x5614d4c822fb &lt;unknown&gt;
#15 0x5614d4c91f6c &lt;unknown&gt;
#16 0x7fa2a3842609 start_thread
</status>
</kw>
<status status="FAIL" start="2024-06-18T12:40:51.384686" elapsed="0.022386">NoSuchWindowException: Message: no such window: target window already closed
from unknown error: web view not found
  (Session info: chrome=125.0.6422.141)
Stacktrace:
#0 0x5614d4c92e3a &lt;unknown&gt;
#1 0x5614d497c45c &lt;unknown&gt;
#2 0x5614d4951a84 &lt;unknown&gt;
#3 0x5614d49f395d &lt;unknown&gt;
#4 0x5614d4a09c76 &lt;unknown&gt;
#5 0x5614d49eb253 &lt;unknown&gt;
#6 0x5614d49bb1c7 &lt;unknown&gt;
#7 0x5614d49bbb3e &lt;unknown&gt;
#8 0x5614d4c5927b &lt;unknown&gt;
#9 0x5614d4c5d327 &lt;unknown&gt;
#10 0x5614d4c45dae &lt;unknown&gt;
#11 0x5614d4c5ddf2 &lt;unknown&gt;
#12 0x5614d4c2a74f &lt;unknown&gt;
#13 0x5614d4c82128 &lt;unknown&gt;
#14 0x5614d4c822fb &lt;unknown&gt;
#15 0x5614d4c91f6c &lt;unknown&gt;
#16 0x7fa2a3842609 start_thread
</status>
</kw>
<kw name="Click Element" owner="SeleniumLibrary">
<arg>${APPOINTMENT_SEC}</arg>
<doc>Click the element identified by ``locator``.</doc>
<status status="NOT RUN" start="2024-06-18T12:40:51.407687" elapsed="0.000119"/>
</kw>
<kw name="Wait Until the Update Icon Disappear" owner="lumate1Resource">
<status status="NOT RUN" start="2024-06-18T12:40:51.408472" elapsed="0.000117"/>
</kw>
<kw name="verify elements of TC-APP-002 visible or not" owner="lumate1Resource">
<status status="NOT RUN" start="2024-06-18T12:40:51.409240" elapsed="0.000112"/>
</kw>
<kw name="Wait Until the Update Icon Disappear" owner="lumate1Resource">
<status status="NOT RUN" start="2024-06-18T12:40:51.410036" elapsed="0.000130"/>
</kw>
<kw name="Wait Until the Update Icon Disappear" owner="lumate1Resource">
<status status="NOT RUN" start="2024-06-18T12:40:51.410827" elapsed="0.000125"/>
</kw>
<tag>TC-APP-002</tag>
<status status="FAIL" start="2024-06-18T12:40:51.383145" elapsed="0.028334">NoSuchWindowException: Message: no such window: target window already closed
from unknown error: web view not found
  (Session info: chrome=125.0.6422.141)
Stacktrace:
#0 0x5614d4c92e3a &lt;unknown&gt;
#1 0x5614d497c45c &lt;unknown&gt;
#2 0x5614d4951a84 &lt;unknown&gt;
#3 0x5614d49f395d &lt;unknown&gt;
#4 0x5614d4a09c76 &lt;unknown&gt;
#5 0x5614d49eb253 &lt;unknown&gt;
#6 0x5614d49bb1c7 &lt;unknown&gt;
#7 0x5614d49bbb3e &lt;unknown&gt;
#8 0x5614d4c5927b &lt;unknown&gt;
#9 0x5614d4c5d327 &lt;unknown&gt;
#10 0x5614d4c45dae &lt;unknown&gt;
#11 0x5614d4c5ddf2 &lt;unknown&gt;
#12 0x5614d4c2a74f &lt;unknown&gt;
#13 0x5614d4c82128 &lt;unknown&gt;
#14 0x5614d4c822fb &lt;unknown&gt;
#15 0x5614d4c91f6c &lt;unknown&gt;
#16 0x7fa2a3842609 start_thread
</status>
</test>
<test id="s1-t5" name="Verify the create an appointment button" line="47">
<kw name="Click Element" owner="SeleniumLibrary" type="SETUP">
<msg time="2024-06-18T12:40:51.414699" level="INFO">Clicking element 'xpath://*[@id="leftsidebar"]/div/ul/div/li[2]/a'.</msg>
<msg time="2024-06-18T12:40:51.426356" level="WARN">Keyword 'Capture Page Screenshot' could not be run on failure: Message: no such window: target window already closed
from unknown error: web view not found
  (Session info: chrome=125.0.6422.141)
Stacktrace:
#0 0x5614d4c92e3a &lt;unknown&gt;
#1 0x5614d497c45c &lt;unknown&gt;
#2 0x5614d4951a84 &lt;unknown&gt;
#3 0x5614d49f395d &lt;unknown&gt;
#4 0x5614d4a09c76 &lt;unknown&gt;
#5 0x5614d49eb253 &lt;unknown&gt;
#6 0x5614d49bb1c7 &lt;unknown&gt;
#7 0x5614d49bbb3e &lt;unknown&gt;
#8 0x5614d4c5927b &lt;unknown&gt;
#9 0x5614d4c5d327 &lt;unknown&gt;
#10 0x5614d4c45dae &lt;unknown&gt;
#11 0x5614d4c5ddf2 &lt;unknown&gt;
#12 0x5614d4c2a74f &lt;unknown&gt;
#13 0x5614d4c82128 &lt;unknown&gt;
#14 0x5614d4c822fb &lt;unknown&gt;
#15 0x5614d4c91f6c &lt;unknown&gt;
#16 0x7fa2a3842609 start_thread
</msg>
<msg time="2024-06-18T12:40:51.427066" level="FAIL">NoSuchWindowException: Message: no such window: target window already closed
from unknown error: web view not found
  (Session info: chrome=125.0.6422.141)
Stacktrace:
#0 0x5614d4c92e3a &lt;unknown&gt;
#1 0x5614d497c45c &lt;unknown&gt;
#2 0x5614d4951a84 &lt;unknown&gt;
#3 0x5614d49f395d &lt;unknown&gt;
#4 0x5614d4a09c76 &lt;unknown&gt;
#5 0x5614d49eb253 &lt;unknown&gt;
#6 0x5614d49bb1c7 &lt;unknown&gt;
#7 0x5614d49bbb3e &lt;unknown&gt;
#8 0x5614d4c5927b &lt;unknown&gt;
#9 0x5614d4c5d327 &lt;unknown&gt;
#10 0x5614d4c45dae &lt;unknown&gt;
#11 0x5614d4c5ddf2 &lt;unknown&gt;
#12 0x5614d4c2a74f &lt;unknown&gt;
#13 0x5614d4c82128 &lt;unknown&gt;
#14 0x5614d4c822fb &lt;unknown&gt;
#15 0x5614d4c91f6c &lt;unknown&gt;
#16 0x7fa2a3842609 start_thread
</msg>
<arg>${HOME_SEC}</arg>
<doc>Click the element identified by ``locator``.</doc>
<status status="FAIL" start="2024-06-18T12:40:51.413756" elapsed="0.032604">NoSuchWindowException: Message: no such window: target window already closed
from unknown error: web view not found
  (Session info: chrome=125.0.6422.141)
Stacktrace:
#0 0x5614d4c92e3a &lt;unknown&gt;
#1 0x5614d497c45c &lt;unknown&gt;
#2 0x5614d4951a84 &lt;unknown&gt;
#3 0x5614d49f395d &lt;unknown&gt;
#4 0x5614d4a09c76 &lt;unknown&gt;
#5 0x5614d49eb253 &lt;unknown&gt;
#6 0x5614d49bb1c7 &lt;unknown&gt;
#7 0x5614d49bbb3e &lt;unknown&gt;
#8 0x5614d4c5927b &lt;unknown&gt;
#9 0x5614d4c5d327 &lt;unknown&gt;
#10 0x5614d4c45dae &lt;unknown&gt;
#11 0x5614d4c5ddf2 &lt;unknown&gt;
#12 0x5614d4c2a74f &lt;unknown&gt;
#13 0x5614d4c82128 &lt;unknown&gt;
#14 0x5614d4c822fb &lt;unknown&gt;
#15 0x5614d4c91f6c &lt;unknown&gt;
#16 0x7fa2a3842609 start_thread
</status>
</kw>
<tag>TC-APP-003</tag>
<status status="FAIL" start="2024-06-18T12:40:51.412371" elapsed="0.034380">Setup failed:
NoSuchWindowException: Message: no such window: target window already closed
from unknown error: web view not found
  (Session info: chrome=125.0.6422.141)
Stacktrace:
#0 0x5614d4c92e3a &lt;unknown&gt;
#1 0x5614d497c45c &lt;unknown&gt;
#2 0x5614d4951a84 &lt;unknown&gt;
#3 0x5614d49f395d &lt;unknown&gt;
#4 0x5614d4a09c76 &lt;unknown&gt;
#5 0x5614d49eb253 &lt;unknown&gt;
#6 0x5614d49bb1c7 &lt;unknown&gt;
#7 0x5614d49bbb3e &lt;unknown&gt;
#8 0x5614d4c5927b &lt;unknown&gt;
#9 0x5614d4c5d327 &lt;unknown&gt;
#10 0x5614d4c45dae &lt;unknown&gt;
#11 0x5614d4c5ddf2 &lt;unknown&gt;
#12 0x5614d4c2a74f &lt;unknown&gt;
#13 0x5614d4c82128 &lt;unknown&gt;
#14 0x5614d4c822fb &lt;unknown&gt;
#15 0x5614d4c91f6c &lt;unknown&gt;
#16 0x7fa2a3842609 start_thread
</status>
</test>
<test id="s1-t6" name="Verify View Patient" line="52">
<kw name="Click Element" owner="SeleniumLibrary" type="SETUP">
<msg time="2024-06-18T12:40:51.448461" level="INFO">Clicking element 'xpath://*[@id="leftsidebar"]/div/ul/div/li[2]/a'.</msg>
<msg time="2024-06-18T12:40:51.458930" level="WARN">Keyword 'Capture Page Screenshot' could not be run on failure: Message: no such window: target window already closed
from unknown error: web view not found
  (Session info: chrome=125.0.6422.141)
Stacktrace:
#0 0x5614d4c92e3a &lt;unknown&gt;
#1 0x5614d497c45c &lt;unknown&gt;
#2 0x5614d4951a84 &lt;unknown&gt;
#3 0x5614d49f395d &lt;unknown&gt;
#4 0x5614d4a09c76 &lt;unknown&gt;
#5 0x5614d49eb253 &lt;unknown&gt;
#6 0x5614d49bb1c7 &lt;unknown&gt;
#7 0x5614d49bbb3e &lt;unknown&gt;
#8 0x5614d4c5927b &lt;unknown&gt;
#9 0x5614d4c5d327 &lt;unknown&gt;
#10 0x5614d4c45dae &lt;unknown&gt;
#11 0x5614d4c5ddf2 &lt;unknown&gt;
#12 0x5614d4c2a74f &lt;unknown&gt;
#13 0x5614d4c82128 &lt;unknown&gt;
#14 0x5614d4c822fb &lt;unknown&gt;
#15 0x5614d4c91f6c &lt;unknown&gt;
#16 0x7fa2a3842609 start_thread
</msg>
<msg time="2024-06-18T12:40:51.459277" level="FAIL">NoSuchWindowException: Message: no such window: target window already closed
from unknown error: web view not found
  (Session info: chrome=125.0.6422.141)
Stacktrace:
#0 0x5614d4c92e3a &lt;unknown&gt;
#1 0x5614d497c45c &lt;unknown&gt;
#2 0x5614d4951a84 &lt;unknown&gt;
#3 0x5614d49f395d &lt;unknown&gt;
#4 0x5614d4a09c76 &lt;unknown&gt;
#5 0x5614d49eb253 &lt;unknown&gt;
#6 0x5614d49bb1c7 &lt;unknown&gt;
#7 0x5614d49bbb3e &lt;unknown&gt;
#8 0x5614d4c5927b &lt;unknown&gt;
#9 0x5614d4c5d327 &lt;unknown&gt;
#10 0x5614d4c45dae &lt;unknown&gt;
#11 0x5614d4c5ddf2 &lt;unknown&gt;
#12 0x5614d4c2a74f &lt;unknown&gt;
#13 0x5614d4c82128 &lt;unknown&gt;
#14 0x5614d4c822fb &lt;unknown&gt;
#15 0x5614d4c91f6c &lt;unknown&gt;
#16 0x7fa2a3842609 start_thread
</msg>
<arg>${HOME_SEC}</arg>
<doc>Click the element identified by ``locator``.</doc>
<status status="FAIL" start="2024-06-18T12:40:51.448058" elapsed="0.011506">NoSuchWindowException: Message: no such window: target window already closed
from unknown error: web view not found
  (Session info: chrome=125.0.6422.141)
Stacktrace:
#0 0x5614d4c92e3a &lt;unknown&gt;
#1 0x5614d497c45c &lt;unknown&gt;
#2 0x5614d4951a84 &lt;unknown&gt;
#3 0x5614d49f395d &lt;unknown&gt;
#4 0x5614d4a09c76 &lt;unknown&gt;
#5 0x5614d49eb253 &lt;unknown&gt;
#6 0x5614d49bb1c7 &lt;unknown&gt;
#7 0x5614d49bbb3e &lt;unknown&gt;
#8 0x5614d4c5927b &lt;unknown&gt;
#9 0x5614d4c5d327 &lt;unknown&gt;
#10 0x5614d4c45dae &lt;unknown&gt;
#11 0x5614d4c5ddf2 &lt;unknown&gt;
#12 0x5614d4c2a74f &lt;unknown&gt;
#13 0x5614d4c82128 &lt;unknown&gt;
#14 0x5614d4c822fb &lt;unknown&gt;
#15 0x5614d4c91f6c &lt;unknown&gt;
#16 0x7fa2a3842609 start_thread
</status>
</kw>
<tag>TC-PCV-001</tag>
<status status="FAIL" start="2024-06-18T12:40:51.447320" elapsed="0.012551">Setup failed:
NoSuchWindowException: Message: no such window: target window already closed
from unknown error: web view not found
  (Session info: chrome=125.0.6422.141)
Stacktrace:
#0 0x5614d4c92e3a &lt;unknown&gt;
#1 0x5614d497c45c &lt;unknown&gt;
#2 0x5614d4951a84 &lt;unknown&gt;
#3 0x5614d49f395d &lt;unknown&gt;
#4 0x5614d4a09c76 &lt;unknown&gt;
#5 0x5614d49eb253 &lt;unknown&gt;
#6 0x5614d49bb1c7 &lt;unknown&gt;
#7 0x5614d49bbb3e &lt;unknown&gt;
#8 0x5614d4c5927b &lt;unknown&gt;
#9 0x5614d4c5d327 &lt;unknown&gt;
#10 0x5614d4c45dae &lt;unknown&gt;
#11 0x5614d4c5ddf2 &lt;unknown&gt;
#12 0x5614d4c2a74f &lt;unknown&gt;
#13 0x5614d4c82128 &lt;unknown&gt;
#14 0x5614d4c822fb &lt;unknown&gt;
#15 0x5614d4c91f6c &lt;unknown&gt;
#16 0x7fa2a3842609 start_thread
</status>
</test>
<test id="s1-t7" name="Verify Edit Patient" line="58">
<kw name="Click Element" owner="SeleniumLibrary" type="SETUP">
<msg time="2024-06-18T12:40:51.461156" level="INFO">Clicking element 'xpath://*[@id="leftsidebar"]/div/ul/div/li[2]/a'.</msg>
<msg time="2024-06-18T12:40:51.471429" level="WARN">Keyword 'Capture Page Screenshot' could not be run on failure: Message: no such window: target window already closed
from unknown error: web view not found
  (Session info: chrome=125.0.6422.141)
Stacktrace:
#0 0x5614d4c92e3a &lt;unknown&gt;
#1 0x5614d497c45c &lt;unknown&gt;
#2 0x5614d4951a84 &lt;unknown&gt;
#3 0x5614d49f395d &lt;unknown&gt;
#4 0x5614d4a09c76 &lt;unknown&gt;
#5 0x5614d49eb253 &lt;unknown&gt;
#6 0x5614d49bb1c7 &lt;unknown&gt;
#7 0x5614d49bbb3e &lt;unknown&gt;
#8 0x5614d4c5927b &lt;unknown&gt;
#9 0x5614d4c5d327 &lt;unknown&gt;
#10 0x5614d4c45dae &lt;unknown&gt;
#11 0x5614d4c5ddf2 &lt;unknown&gt;
#12 0x5614d4c2a74f &lt;unknown&gt;
#13 0x5614d4c82128 &lt;unknown&gt;
#14 0x5614d4c822fb &lt;unknown&gt;
#15 0x5614d4c91f6c &lt;unknown&gt;
#16 0x7fa2a3842609 start_thread
</msg>
<msg time="2024-06-18T12:40:51.472241" level="FAIL">NoSuchWindowException: Message: no such window: target window already closed
from unknown error: web view not found
  (Session info: chrome=125.0.6422.141)
Stacktrace:
#0 0x5614d4c92e3a &lt;unknown&gt;
#1 0x5614d497c45c &lt;unknown&gt;
#2 0x5614d4951a84 &lt;unknown&gt;
#3 0x5614d49f395d &lt;unknown&gt;
#4 0x5614d4a09c76 &lt;unknown&gt;
#5 0x5614d49eb253 &lt;unknown&gt;
#6 0x5614d49bb1c7 &lt;unknown&gt;
#7 0x5614d49bbb3e &lt;unknown&gt;
#8 0x5614d4c5927b &lt;unknown&gt;
#9 0x5614d4c5d327 &lt;unknown&gt;
#10 0x5614d4c45dae &lt;unknown&gt;
#11 0x5614d4c5ddf2 &lt;unknown&gt;
#12 0x5614d4c2a74f &lt;unknown&gt;
#13 0x5614d4c82128 &lt;unknown&gt;
#14 0x5614d4c822fb &lt;unknown&gt;
#15 0x5614d4c91f6c &lt;unknown&gt;
#16 0x7fa2a3842609 start_thread
</msg>
<arg>${HOME_SEC}</arg>
<doc>Click the element identified by ``locator``.</doc>
<status status="FAIL" start="2024-06-18T12:40:51.460891" elapsed="0.011738">NoSuchWindowException: Message: no such window: target window already closed
from unknown error: web view not found
  (Session info: chrome=125.0.6422.141)
Stacktrace:
#0 0x5614d4c92e3a &lt;unknown&gt;
#1 0x5614d497c45c &lt;unknown&gt;
#2 0x5614d4951a84 &lt;unknown&gt;
#3 0x5614d49f395d &lt;unknown&gt;
#4 0x5614d4a09c76 &lt;unknown&gt;
#5 0x5614d49eb253 &lt;unknown&gt;
#6 0x5614d49bb1c7 &lt;unknown&gt;
#7 0x5614d49bbb3e &lt;unknown&gt;
#8 0x5614d4c5927b &lt;unknown&gt;
#9 0x5614d4c5d327 &lt;unknown&gt;
#10 0x5614d4c45dae &lt;unknown&gt;
#11 0x5614d4c5ddf2 &lt;unknown&gt;
#12 0x5614d4c2a74f &lt;unknown&gt;
#13 0x5614d4c82128 &lt;unknown&gt;
#14 0x5614d4c822fb &lt;unknown&gt;
#15 0x5614d4c91f6c &lt;unknown&gt;
#16 0x7fa2a3842609 start_thread
</status>
</kw>
<tag>TC-PCV-002</tag>
<status status="FAIL" start="2024-06-18T12:40:51.460412" elapsed="0.012625">Setup failed:
NoSuchWindowException: Message: no such window: target window already closed
from unknown error: web view not found
  (Session info: chrome=125.0.6422.141)
Stacktrace:
#0 0x5614d4c92e3a &lt;unknown&gt;
#1 0x5614d497c45c &lt;unknown&gt;
#2 0x5614d4951a84 &lt;unknown&gt;
#3 0x5614d49f395d &lt;unknown&gt;
#4 0x5614d4a09c76 &lt;unknown&gt;
#5 0x5614d49eb253 &lt;unknown&gt;
#6 0x5614d49bb1c7 &lt;unknown&gt;
#7 0x5614d49bbb3e &lt;unknown&gt;
#8 0x5614d4c5927b &lt;unknown&gt;
#9 0x5614d4c5d327 &lt;unknown&gt;
#10 0x5614d4c45dae &lt;unknown&gt;
#11 0x5614d4c5ddf2 &lt;unknown&gt;
#12 0x5614d4c2a74f &lt;unknown&gt;
#13 0x5614d4c82128 &lt;unknown&gt;
#14 0x5614d4c822fb &lt;unknown&gt;
#15 0x5614d4c91f6c &lt;unknown&gt;
#16 0x7fa2a3842609 start_thread
</status>
</test>
<test id="s1-t8" name="Verify the Basic details screen given under the Demographic section" line="67">
<kw name="Click Element" owner="SeleniumLibrary" type="SETUP">
<msg time="2024-06-18T12:40:51.474762" level="INFO">Clicking element 'xpath://*[@id="leftsidebar"]/div/ul/div/li[2]/a'.</msg>
<msg time="2024-06-18T12:40:51.485146" level="WARN">Keyword 'Capture Page Screenshot' could not be run on failure: Message: no such window: target window already closed
from unknown error: web view not found
  (Session info: chrome=125.0.6422.141)
Stacktrace:
#0 0x5614d4c92e3a &lt;unknown&gt;
#1 0x5614d497c45c &lt;unknown&gt;
#2 0x5614d4951a84 &lt;unknown&gt;
#3 0x5614d49f395d &lt;unknown&gt;
#4 0x5614d4a09c76 &lt;unknown&gt;
#5 0x5614d49eb253 &lt;unknown&gt;
#6 0x5614d49bb1c7 &lt;unknown&gt;
#7 0x5614d49bbb3e &lt;unknown&gt;
#8 0x5614d4c5927b &lt;unknown&gt;
#9 0x5614d4c5d327 &lt;unknown&gt;
#10 0x5614d4c45dae &lt;unknown&gt;
#11 0x5614d4c5ddf2 &lt;unknown&gt;
#12 0x5614d4c2a74f &lt;unknown&gt;
#13 0x5614d4c82128 &lt;unknown&gt;
#14 0x5614d4c822fb &lt;unknown&gt;
#15 0x5614d4c91f6c &lt;unknown&gt;
#16 0x7fa2a3842609 start_thread
</msg>
<msg time="2024-06-18T12:40:51.485536" level="FAIL">NoSuchWindowException: Message: no such window: target window already closed
from unknown error: web view not found
  (Session info: chrome=125.0.6422.141)
Stacktrace:
#0 0x5614d4c92e3a &lt;unknown&gt;
#1 0x5614d497c45c &lt;unknown&gt;
#2 0x5614d4951a84 &lt;unknown&gt;
#3 0x5614d49f395d &lt;unknown&gt;
#4 0x5614d4a09c76 &lt;unknown&gt;
#5 0x5614d49eb253 &lt;unknown&gt;
#6 0x5614d49bb1c7 &lt;unknown&gt;
#7 0x5614d49bbb3e &lt;unknown&gt;
#8 0x5614d4c5927b &lt;unknown&gt;
#9 0x5614d4c5d327 &lt;unknown&gt;
#10 0x5614d4c45dae &lt;unknown&gt;
#11 0x5614d4c5ddf2 &lt;unknown&gt;
#12 0x5614d4c2a74f &lt;unknown&gt;
#13 0x5614d4c82128 &lt;unknown&gt;
#14 0x5614d4c822fb &lt;unknown&gt;
#15 0x5614d4c91f6c &lt;unknown&gt;
#16 0x7fa2a3842609 start_thread
</msg>
<arg>${HOME_SEC}</arg>
<doc>Click the element identified by ``locator``.</doc>
<status status="FAIL" start="2024-06-18T12:40:51.474384" elapsed="0.011421">NoSuchWindowException: Message: no such window: target window already closed
from unknown error: web view not found
  (Session info: chrome=125.0.6422.141)
Stacktrace:
#0 0x5614d4c92e3a &lt;unknown&gt;
#1 0x5614d497c45c &lt;unknown&gt;
#2 0x5614d4951a84 &lt;unknown&gt;
#3 0x5614d49f395d &lt;unknown&gt;
#4 0x5614d4a09c76 &lt;unknown&gt;
#5 0x5614d49eb253 &lt;unknown&gt;
#6 0x5614d49bb1c7 &lt;unknown&gt;
#7 0x5614d49bbb3e &lt;unknown&gt;
#8 0x5614d4c5927b &lt;unknown&gt;
#9 0x5614d4c5d327 &lt;unknown&gt;
#10 0x5614d4c45dae &lt;unknown&gt;
#11 0x5614d4c5ddf2 &lt;unknown&gt;
#12 0x5614d4c2a74f &lt;unknown&gt;
#13 0x5614d4c82128 &lt;unknown&gt;
#14 0x5614d4c822fb &lt;unknown&gt;
#15 0x5614d4c91f6c &lt;unknown&gt;
#16 0x7fa2a3842609 start_thread
</status>
</kw>
<tag>TC-PCV-003</tag>
<status status="FAIL" start="2024-06-18T12:40:51.473587" elapsed="0.012558">Setup failed:
NoSuchWindowException: Message: no such window: target window already closed
from unknown error: web view not found
  (Session info: chrome=125.0.6422.141)
Stacktrace:
#0 0x5614d4c92e3a &lt;unknown&gt;
#1 0x5614d497c45c &lt;unknown&gt;
#2 0x5614d4951a84 &lt;unknown&gt;
#3 0x5614d49f395d &lt;unknown&gt;
#4 0x5614d4a09c76 &lt;unknown&gt;
#5 0x5614d49eb253 &lt;unknown&gt;
#6 0x5614d49bb1c7 &lt;unknown&gt;
#7 0x5614d49bbb3e &lt;unknown&gt;
#8 0x5614d4c5927b &lt;unknown&gt;
#9 0x5614d4c5d327 &lt;unknown&gt;
#10 0x5614d4c45dae &lt;unknown&gt;
#11 0x5614d4c5ddf2 &lt;unknown&gt;
#12 0x5614d4c2a74f &lt;unknown&gt;
#13 0x5614d4c82128 &lt;unknown&gt;
#14 0x5614d4c822fb &lt;unknown&gt;
#15 0x5614d4c91f6c &lt;unknown&gt;
#16 0x7fa2a3842609 start_thread
</status>
</test>
<test id="s1-t9" name="Verify billing tab" line="78">
<kw name="Click Element" owner="SeleniumLibrary" type="SETUP">
<msg time="2024-06-18T12:40:51.487653" level="INFO">Clicking element 'xpath://*[@id="leftsidebar"]/div/ul/div/li[2]/a'.</msg>
<msg time="2024-06-18T12:40:51.499724" level="WARN">Keyword 'Capture Page Screenshot' could not be run on failure: Message: no such window: target window already closed
from unknown error: web view not found
  (Session info: chrome=125.0.6422.141)
Stacktrace:
#0 0x5614d4c92e3a &lt;unknown&gt;
#1 0x5614d497c45c &lt;unknown&gt;
#2 0x5614d4951a84 &lt;unknown&gt;
#3 0x5614d49f395d &lt;unknown&gt;
#4 0x5614d4a09c76 &lt;unknown&gt;
#5 0x5614d49eb253 &lt;unknown&gt;
#6 0x5614d49bb1c7 &lt;unknown&gt;
#7 0x5614d49bbb3e &lt;unknown&gt;
#8 0x5614d4c5927b &lt;unknown&gt;
#9 0x5614d4c5d327 &lt;unknown&gt;
#10 0x5614d4c45dae &lt;unknown&gt;
#11 0x5614d4c5ddf2 &lt;unknown&gt;
#12 0x5614d4c2a74f &lt;unknown&gt;
#13 0x5614d4c82128 &lt;unknown&gt;
#14 0x5614d4c822fb &lt;unknown&gt;
#15 0x5614d4c91f6c &lt;unknown&gt;
#16 0x7fa2a3842609 start_thread
</msg>
<msg time="2024-06-18T12:40:51.500205" level="FAIL">NoSuchWindowException: Message: no such window: target window already closed
from unknown error: web view not found
  (Session info: chrome=125.0.6422.141)
Stacktrace:
#0 0x5614d4c92e3a &lt;unknown&gt;
#1 0x5614d497c45c &lt;unknown&gt;
#2 0x5614d4951a84 &lt;unknown&gt;
#3 0x5614d49f395d &lt;unknown&gt;
#4 0x5614d4a09c76 &lt;unknown&gt;
#5 0x5614d49eb253 &lt;unknown&gt;
#6 0x5614d49bb1c7 &lt;unknown&gt;
#7 0x5614d49bbb3e &lt;unknown&gt;
#8 0x5614d4c5927b &lt;unknown&gt;
#9 0x5614d4c5d327 &lt;unknown&gt;
#10 0x5614d4c45dae &lt;unknown&gt;
#11 0x5614d4c5ddf2 &lt;unknown&gt;
#12 0x5614d4c2a74f &lt;unknown&gt;
#13 0x5614d4c82128 &lt;unknown&gt;
#14 0x5614d4c822fb &lt;unknown&gt;
#15 0x5614d4c91f6c &lt;unknown&gt;
#16 0x7fa2a3842609 start_thread
</msg>
<arg>${HOME_SEC}</arg>
<doc>Click the element identified by ``locator``.</doc>
<status status="FAIL" start="2024-06-18T12:40:51.487244" elapsed="0.013294">NoSuchWindowException: Message: no such window: target window already closed
from unknown error: web view not found
  (Session info: chrome=125.0.6422.141)
Stacktrace:
#0 0x5614d4c92e3a &lt;unknown&gt;
#1 0x5614d497c45c &lt;unknown&gt;
#2 0x5614d4951a84 &lt;unknown&gt;
#3 0x5614d49f395d &lt;unknown&gt;
#4 0x5614d4a09c76 &lt;unknown&gt;
#5 0x5614d49eb253 &lt;unknown&gt;
#6 0x5614d49bb1c7 &lt;unknown&gt;
#7 0x5614d49bbb3e &lt;unknown&gt;
#8 0x5614d4c5927b &lt;unknown&gt;
#9 0x5614d4c5d327 &lt;unknown&gt;
#10 0x5614d4c45dae &lt;unknown&gt;
#11 0x5614d4c5ddf2 &lt;unknown&gt;
#12 0x5614d4c2a74f &lt;unknown&gt;
#13 0x5614d4c82128 &lt;unknown&gt;
#14 0x5614d4c822fb &lt;unknown&gt;
#15 0x5614d4c91f6c &lt;unknown&gt;
#16 0x7fa2a3842609 start_thread
</status>
</kw>
<tag>TC-PCV-004</tag>
<status status="FAIL" start="2024-06-18T12:40:51.486617" elapsed="0.014240">Setup failed:
NoSuchWindowException: Message: no such window: target window already closed
from unknown error: web view not found
  (Session info: chrome=125.0.6422.141)
Stacktrace:
#0 0x5614d4c92e3a &lt;unknown&gt;
#1 0x5614d497c45c &lt;unknown&gt;
#2 0x5614d4951a84 &lt;unknown&gt;
#3 0x5614d49f395d &lt;unknown&gt;
#4 0x5614d4a09c76 &lt;unknown&gt;
#5 0x5614d49eb253 &lt;unknown&gt;
#6 0x5614d49bb1c7 &lt;unknown&gt;
#7 0x5614d49bbb3e &lt;unknown&gt;
#8 0x5614d4c5927b &lt;unknown&gt;
#9 0x5614d4c5d327 &lt;unknown&gt;
#10 0x5614d4c45dae &lt;unknown&gt;
#11 0x5614d4c5ddf2 &lt;unknown&gt;
#12 0x5614d4c2a74f &lt;unknown&gt;
#13 0x5614d4c82128 &lt;unknown&gt;
#14 0x5614d4c822fb &lt;unknown&gt;
#15 0x5614d4c91f6c &lt;unknown&gt;
#16 0x7fa2a3842609 start_thread
</status>
</test>
<test id="s1-t10" name="Change billing status" line="90">
<kw name="Click Element" owner="SeleniumLibrary" type="SETUP">
<msg time="2024-06-18T12:40:51.502646" level="INFO">Clicking element 'xpath://*[@id="leftsidebar"]/div/ul/div/li[2]/a'.</msg>
<msg time="2024-06-18T12:40:51.515319" level="WARN">Keyword 'Capture Page Screenshot' could not be run on failure: Message: no such window: target window already closed
from unknown error: web view not found
  (Session info: chrome=125.0.6422.141)
Stacktrace:
#0 0x5614d4c92e3a &lt;unknown&gt;
#1 0x5614d497c45c &lt;unknown&gt;
#2 0x5614d4951a84 &lt;unknown&gt;
#3 0x5614d49f395d &lt;unknown&gt;
#4 0x5614d4a09c76 &lt;unknown&gt;
#5 0x5614d49eb253 &lt;unknown&gt;
#6 0x5614d49bb1c7 &lt;unknown&gt;
#7 0x5614d49bbb3e &lt;unknown&gt;
#8 0x5614d4c5927b &lt;unknown&gt;
#9 0x5614d4c5d327 &lt;unknown&gt;
#10 0x5614d4c45dae &lt;unknown&gt;
#11 0x5614d4c5ddf2 &lt;unknown&gt;
#12 0x5614d4c2a74f &lt;unknown&gt;
#13 0x5614d4c82128 &lt;unknown&gt;
#14 0x5614d4c822fb &lt;unknown&gt;
#15 0x5614d4c91f6c &lt;unknown&gt;
#16 0x7fa2a3842609 start_thread
</msg>
<msg time="2024-06-18T12:40:51.515712" level="FAIL">NoSuchWindowException: Message: no such window: target window already closed
from unknown error: web view not found
  (Session info: chrome=125.0.6422.141)
Stacktrace:
#0 0x5614d4c92e3a &lt;unknown&gt;
#1 0x5614d497c45c &lt;unknown&gt;
#2 0x5614d4951a84 &lt;unknown&gt;
#3 0x5614d49f395d &lt;unknown&gt;
#4 0x5614d4a09c76 &lt;unknown&gt;
#5 0x5614d49eb253 &lt;unknown&gt;
#6 0x5614d49bb1c7 &lt;unknown&gt;
#7 0x5614d49bbb3e &lt;unknown&gt;
#8 0x5614d4c5927b &lt;unknown&gt;
#9 0x5614d4c5d327 &lt;unknown&gt;
#10 0x5614d4c45dae &lt;unknown&gt;
#11 0x5614d4c5ddf2 &lt;unknown&gt;
#12 0x5614d4c2a74f &lt;unknown&gt;
#13 0x5614d4c82128 &lt;unknown&gt;
#14 0x5614d4c822fb &lt;unknown&gt;
#15 0x5614d4c91f6c &lt;unknown&gt;
#16 0x7fa2a3842609 start_thread
</msg>
<arg>${HOME_SEC_ICON}</arg>
<doc>Click the element identified by ``locator``.</doc>
<status status="FAIL" start="2024-06-18T12:40:51.502307" elapsed="0.013700">NoSuchWindowException: Message: no such window: target window already closed
from unknown error: web view not found
  (Session info: chrome=125.0.6422.141)
Stacktrace:
#0 0x5614d4c92e3a &lt;unknown&gt;
#1 0x5614d497c45c &lt;unknown&gt;
#2 0x5614d4951a84 &lt;unknown&gt;
#3 0x5614d49f395d &lt;unknown&gt;
#4 0x5614d4a09c76 &lt;unknown&gt;
#5 0x5614d49eb253 &lt;unknown&gt;
#6 0x5614d49bb1c7 &lt;unknown&gt;
#7 0x5614d49bbb3e &lt;unknown&gt;
#8 0x5614d4c5927b &lt;unknown&gt;
#9 0x5614d4c5d327 &lt;unknown&gt;
#10 0x5614d4c45dae &lt;unknown&gt;
#11 0x5614d4c5ddf2 &lt;unknown&gt;
#12 0x5614d4c2a74f &lt;unknown&gt;
#13 0x5614d4c82128 &lt;unknown&gt;
#14 0x5614d4c822fb &lt;unknown&gt;
#15 0x5614d4c91f6c &lt;unknown&gt;
#16 0x7fa2a3842609 start_thread
</status>
</kw>
<tag>TC-PCV-005</tag>
<status status="FAIL" start="2024-06-18T12:40:51.501391" elapsed="0.014977">Setup failed:
NoSuchWindowException: Message: no such window: target window already closed
from unknown error: web view not found
  (Session info: chrome=125.0.6422.141)
Stacktrace:
#0 0x5614d4c92e3a &lt;unknown&gt;
#1 0x5614d497c45c &lt;unknown&gt;
#2 0x5614d4951a84 &lt;unknown&gt;
#3 0x5614d49f395d &lt;unknown&gt;
#4 0x5614d4a09c76 &lt;unknown&gt;
#5 0x5614d49eb253 &lt;unknown&gt;
#6 0x5614d49bb1c7 &lt;unknown&gt;
#7 0x5614d49bbb3e &lt;unknown&gt;
#8 0x5614d4c5927b &lt;unknown&gt;
#9 0x5614d4c5d327 &lt;unknown&gt;
#10 0x5614d4c45dae &lt;unknown&gt;
#11 0x5614d4c5ddf2 &lt;unknown&gt;
#12 0x5614d4c2a74f &lt;unknown&gt;
#13 0x5614d4c82128 &lt;unknown&gt;
#14 0x5614d4c822fb &lt;unknown&gt;
#15 0x5614d4c91f6c &lt;unknown&gt;
#16 0x7fa2a3842609 start_thread
</status>
</test>
<test id="s1-t11" name="Verify patient signup" line="104">
<kw name="Open LUMCARE url on browser" owner="lumate2Resource">
<kw name="Open Browser" owner="SeleniumLibrary">
<msg time="2024-06-18T12:40:51.518642" level="INFO">Opening browser 'chrome' to base url 'https://qa-lumacare.lumatehealth.com/#/authentication/login'.</msg>
<arg>url=${P_PORTAL_URL}</arg>
<arg>browser=${Browser}</arg>
<doc>Opens a new browser instance to the optional ``url``.</doc>
<status status="PASS" start="2024-06-18T12:40:51.518145" elapsed="81.626778"/>
</kw>
<kw name="Maximize Browser Window" owner="SeleniumLibrary">
<doc>Maximizes current browser window.</doc>
<status status="PASS" start="2024-06-18T12:42:13.146110" elapsed="0.046358"/>
</kw>
<kw name="Wait Until Element Is Visible" owner="SeleniumLibrary">
<msg time="2024-06-18T12:42:28.386868" level="INFO" html="true">&lt;/td&gt;&lt;/tr&gt;&lt;tr&gt;&lt;td colspan="3"&gt;&lt;a href="selenium-screenshot-39.png"&gt;&lt;img src="selenium-screenshot-39.png" width="800px"&gt;&lt;/a&gt;</msg>
<msg time="2024-06-18T12:42:28.387076" level="FAIL">Element 'xpath://div[2]/b[text()="Welcome To Lumate"]' not visible after 15 seconds.</msg>
<arg>${LOGIN_PAGE_P_PORTAL}</arg>
<arg>15s</arg>
<doc>Waits until the element ``locator`` is visible.</doc>
<status status="FAIL" start="2024-06-18T12:42:13.192819" elapsed="15.194506">Element 'xpath://div[2]/b[text()="Welcome To Lumate"]' not visible after 15 seconds.</status>
</kw>
<status status="FAIL" start="2024-06-18T12:40:51.517555" elapsed="96.869976">Element 'xpath://div[2]/b[text()="Welcome To Lumate"]' not visible after 15 seconds.</status>
</kw>
<kw name="Fill the credentials and login" owner="lumate2Resource">
<status status="NOT RUN" start="2024-06-18T12:42:28.387950" elapsed="0.000051"/>
</kw>
<kw name="Enter OTP and Submit it" owner="lumate2Resource">
<status status="NOT RUN" start="2024-06-18T12:42:28.388288" elapsed="0.000039"/>
</kw>
<kw name="Select Dependent and Skip profile editing" owner="lumate2Resource">
<status status="NOT RUN" start="2024-06-18T12:42:28.388654" elapsed="0.000062"/>
</kw>
<kw name="Wait Until Element Is Visible" owner="SeleniumLibrary">
<arg>${HOMEPAGE_P_PORTAL}</arg>
<arg>${TIMEOUT}</arg>
<doc>Waits until the element ``locator`` is visible.</doc>
<status status="NOT RUN" start="2024-06-18T12:42:28.388962" elapsed="0.000045"/>
</kw>
<tag>TC-PATIENT-001</tag>
<tag>test:retry(2)</tag>
<status status="FAIL" start="2024-06-18T12:40:51.516836" elapsed="96.872504">Element 'xpath://div[2]/b[text()="Welcome To Lumate"]' not visible after 15 seconds.</status>
</test>
<test id="s1-t12" name="Add consent forms" line="112">
<kw name="Wait Until Element Is Visible" owner="SeleniumLibrary">
<msg time="2024-06-18T12:43:03.633866" level="INFO" html="true">&lt;/td&gt;&lt;/tr&gt;&lt;tr&gt;&lt;td colspan="3"&gt;&lt;a href="selenium-screenshot-40.png"&gt;&lt;img src="selenium-screenshot-40.png" width="800px"&gt;&lt;/a&gt;</msg>
<msg time="2024-06-18T12:43:03.634204" level="FAIL">Element 'xpath://*[@class="main-container p-a-15"]/div[2]/div/span[2]' not visible after 35 seconds.</msg>
<arg>${VIEW_CONSENT}</arg>
<arg>${TIMEOUT}</arg>
<doc>Waits until the element ``locator`` is visible.</doc>
<status status="FAIL" start="2024-06-18T12:42:28.390314" elapsed="35.244115">Element 'xpath://*[@class="main-container p-a-15"]/div[2]/div/span[2]' not visible after 35 seconds.</status>
</kw>
<kw name="Wait Until the Update Icon Disappear" owner="lumate2Resource">
<status status="NOT RUN" start="2024-06-18T12:43:03.635154" elapsed="0.000067"/>
</kw>
<kw name="Click Element" owner="SeleniumLibrary">
<arg>${VIEW_CONSENT}</arg>
<doc>Click the element identified by ``locator``.</doc>
<status status="NOT RUN" start="2024-06-18T12:43:03.635459" elapsed="0.000037"/>
</kw>
<kw name="Wait Until the Update Icon Disappear" owner="lumate2Resource">
<status status="NOT RUN" start="2024-06-18T12:43:03.635728" elapsed="0.000039"/>
</kw>
<kw name="Element Should Be Visible" owner="SeleniumLibrary">
<arg>${CONSENTS}</arg>
<doc>Verifies that the element identified by ``locator`` is visible.</doc>
<status status="NOT RUN" start="2024-06-18T12:43:03.635957" elapsed="0.000031"/>
</kw>
<tag>TC-PATIENT-002</tag>
<status status="FAIL" start="2024-06-18T12:42:28.389798" elapsed="35.246398">Element 'xpath://*[@class="main-container p-a-15"]/div[2]/div/span[2]' not visible after 35 seconds.</status>
</test>
<test id="s1-t13" name="Bill payment" line="120">
<kw name="Wait Until the Update Icon Disappear" owner="lumate2Resource">
<kw name="Wait Until Element Is Not Visible" owner="SeleniumLibrary">
<arg>${UpdateIcon}</arg>
<arg>${TIMEOUT}</arg>
<doc>Waits until the element ``locator`` is not visible.</doc>
<status status="PASS" start="2024-06-18T12:43:03.637626" elapsed="0.011047"/>
</kw>
<status status="PASS" start="2024-06-18T12:43:03.637171" elapsed="0.011674"/>
</kw>
<kw name="Click Element" owner="SeleniumLibrary">
<msg time="2024-06-18T12:43:03.649374" level="INFO">Clicking element 'xpath://*[@class="he-50 d-flex align-items-center cursor-pointer b-r-20 ng-star-inserted"][1]'.</msg>
<msg time="2024-06-18T12:43:03.722634" level="INFO" html="true">&lt;/td&gt;&lt;/tr&gt;&lt;tr&gt;&lt;td colspan="3"&gt;&lt;a href="selenium-screenshot-41.png"&gt;&lt;img src="selenium-screenshot-41.png" width="800px"&gt;&lt;/a&gt;</msg>
<msg time="2024-06-18T12:43:03.722779" level="FAIL">Element with locator 'xpath://*[@class="he-50 d-flex align-items-center cursor-pointer b-r-20 ng-star-inserted"][1]' not found.</msg>
<arg>${HOME_SECTION}</arg>
<doc>Click the element identified by ``locator``.</doc>
<status status="FAIL" start="2024-06-18T12:43:03.649105" elapsed="0.073822">Element with locator 'xpath://*[@class="he-50 d-flex align-items-center cursor-pointer b-r-20 ng-star-inserted"][1]' not found.</status>
</kw>
<kw name="Payment Of Clinician1" owner="lumate2Resource">
<status status="NOT RUN" start="2024-06-18T12:43:03.723630" elapsed="0.000058"/>
</kw>
<kw name="Close Browser" owner="SeleniumLibrary">
<doc>Closes the current browser.</doc>
<status status="NOT RUN" start="2024-06-18T12:43:03.723898" elapsed="0.000037"/>
</kw>
<tag>TC-PATIENT-003</tag>
<status status="FAIL" start="2024-06-18T12:43:03.636572" elapsed="0.087567">Element with locator 'xpath://*[@class="he-50 d-flex align-items-center cursor-pointer b-r-20 ng-star-inserted"][1]' not found.</status>
</test>
<status status="FAIL" start="2024-06-18T12:37:39.311112" elapsed="324.413741"/>
</suite>
<statistics>
<total>
<stat pass="0" fail="13" skip="0">All Tests</stat>
</total>
<tag>
<stat pass="0" fail="1" skip="0">TC-APP-001</stat>
<stat pass="0" fail="1" skip="0">TC-APP-002</stat>
<stat pass="0" fail="1" skip="0">TC-APP-003</stat>
<stat pass="0" fail="1" skip="0">TC-PATIENT-001</stat>
<stat pass="0" fail="1" skip="0">TC-PATIENT-002</stat>
<stat pass="0" fail="1" skip="0">TC-PATIENT-003</stat>
<stat pass="0" fail="1" skip="0">TC-PCV-001</stat>
<stat pass="0" fail="1" skip="0">TC-PCV-002</stat>
<stat pass="0" fail="1" skip="0">TC-PCV-003</stat>
<stat pass="0" fail="1" skip="0">TC-PCV-004</stat>
<stat pass="0" fail="1" skip="0">TC-PCV-005</stat>
<stat pass="0" fail="1" skip="0">TC-PMS-001</stat>
<stat pass="0" fail="1" skip="0">TC-PMS-005</stat>
<stat pass="0" fail="1" skip="0">test:retry(2)</stat>
</tag>
<suite>
<stat pass="0" fail="13" skip="0" id="s1" name="lumateTest">lumateTest</stat>
</suite>
</statistics>
<errors>
<msg time="2024-06-18T12:40:35.710321" level="WARN">Keyword 'Capture Page Screenshot' could not be run on failure: Message: no such window: target window already closed
from unknown error: web view not found
  (Session info: chrome=125.0.6422.141)
Stacktrace:
#0 0x5614d4c92e3a &lt;unknown&gt;
#1 0x5614d497c45c &lt;unknown&gt;
#2 0x5614d4951a84 &lt;unknown&gt;
#3 0x5614d49f395d &lt;unknown&gt;
#4 0x5614d4a09c76 &lt;unknown&gt;
#5 0x5614d49eb253 &lt;unknown&gt;
#6 0x5614d49bb1c7 &lt;unknown&gt;
#7 0x5614d49bbb3e &lt;unknown&gt;
#8 0x5614d4c5927b &lt;unknown&gt;
#9 0x5614d4c5d327 &lt;unknown&gt;
#10 0x5614d4c45dae &lt;unknown&gt;
#11 0x5614d4c5ddf2 &lt;unknown&gt;
#12 0x5614d4c2a74f &lt;unknown&gt;
#13 0x5614d4c82128 &lt;unknown&gt;
#14 0x5614d4c822fb &lt;unknown&gt;
#15 0x5614d4c91f6c &lt;unknown&gt;
#16 0x7fa2a3842609 start_thread
</msg>
<msg time="2024-06-18T12:40:51.405044" level="WARN">Keyword 'Capture Page Screenshot' could not be run on failure: Message: no such window: target window already closed
from unknown error: web view not found
  (Session info: chrome=125.0.6422.141)
Stacktrace:
#0 0x5614d4c92e3a &lt;unknown&gt;
#1 0x5614d497c45c &lt;unknown&gt;
#2 0x5614d4951a84 &lt;unknown&gt;
#3 0x5614d49f395d &lt;unknown&gt;
#4 0x5614d4a09c76 &lt;unknown&gt;
#5 0x5614d49eb253 &lt;unknown&gt;
#6 0x5614d49bb1c7 &lt;unknown&gt;
#7 0x5614d49bbb3e &lt;unknown&gt;
#8 0x5614d4c5927b &lt;unknown&gt;
#9 0x5614d4c5d327 &lt;unknown&gt;
#10 0x5614d4c45dae &lt;unknown&gt;
#11 0x5614d4c5ddf2 &lt;unknown&gt;
#12 0x5614d4c2a74f &lt;unknown&gt;
#13 0x5614d4c82128 &lt;unknown&gt;
#14 0x5614d4c822fb &lt;unknown&gt;
#15 0x5614d4c91f6c &lt;unknown&gt;
#16 0x7fa2a3842609 start_thread
</msg>
<msg time="2024-06-18T12:40:51.426356" level="WARN">Keyword 'Capture Page Screenshot' could not be run on failure: Message: no such window: target window already closed
from unknown error: web view not found
  (Session info: chrome=125.0.6422.141)
Stacktrace:
#0 0x5614d4c92e3a &lt;unknown&gt;
#1 0x5614d497c45c &lt;unknown&gt;
#2 0x5614d4951a84 &lt;unknown&gt;
#3 0x5614d49f395d &lt;unknown&gt;
#4 0x5614d4a09c76 &lt;unknown&gt;
#5 0x5614d49eb253 &lt;unknown&gt;
#6 0x5614d49bb1c7 &lt;unknown&gt;
#7 0x5614d49bbb3e &lt;unknown&gt;
#8 0x5614d4c5927b &lt;unknown&gt;
#9 0x5614d4c5d327 &lt;unknown&gt;
#10 0x5614d4c45dae &lt;unknown&gt;
#11 0x5614d4c5ddf2 &lt;unknown&gt;
#12 0x5614d4c2a74f &lt;unknown&gt;
#13 0x5614d4c82128 &lt;unknown&gt;
#14 0x5614d4c822fb &lt;unknown&gt;
#15 0x5614d4c91f6c &lt;unknown&gt;
#16 0x7fa2a3842609 start_thread
</msg>
<msg time="2024-06-18T12:40:51.458930" level="WARN">Keyword 'Capture Page Screenshot' could not be run on failure: Message: no such window: target window already closed
from unknown error: web view not found
  (Session info: chrome=125.0.6422.141)
Stacktrace:
#0 0x5614d4c92e3a &lt;unknown&gt;
#1 0x5614d497c45c &lt;unknown&gt;
#2 0x5614d4951a84 &lt;unknown&gt;
#3 0x5614d49f395d &lt;unknown&gt;
#4 0x5614d4a09c76 &lt;unknown&gt;
#5 0x5614d49eb253 &lt;unknown&gt;
#6 0x5614d49bb1c7 &lt;unknown&gt;
#7 0x5614d49bbb3e &lt;unknown&gt;
#8 0x5614d4c5927b &lt;unknown&gt;
#9 0x5614d4c5d327 &lt;unknown&gt;
#10 0x5614d4c45dae &lt;unknown&gt;
#11 0x5614d4c5ddf2 &lt;unknown&gt;
#12 0x5614d4c2a74f &lt;unknown&gt;
#13 0x5614d4c82128 &lt;unknown&gt;
#14 0x5614d4c822fb &lt;unknown&gt;
#15 0x5614d4c91f6c &lt;unknown&gt;
#16 0x7fa2a3842609 start_thread
</msg>
<msg time="2024-06-18T12:40:51.471429" level="WARN">Keyword 'Capture Page Screenshot' could not be run on failure: Message: no such window: target window already closed
from unknown error: web view not found
  (Session info: chrome=125.0.6422.141)
Stacktrace:
#0 0x5614d4c92e3a &lt;unknown&gt;
#1 0x5614d497c45c &lt;unknown&gt;
#2 0x5614d4951a84 &lt;unknown&gt;
#3 0x5614d49f395d &lt;unknown&gt;
#4 0x5614d4a09c76 &lt;unknown&gt;
#5 0x5614d49eb253 &lt;unknown&gt;
#6 0x5614d49bb1c7 &lt;unknown&gt;
#7 0x5614d49bbb3e &lt;unknown&gt;
#8 0x5614d4c5927b &lt;unknown&gt;
#9 0x5614d4c5d327 &lt;unknown&gt;
#10 0x5614d4c45dae &lt;unknown&gt;
#11 0x5614d4c5ddf2 &lt;unknown&gt;
#12 0x5614d4c2a74f &lt;unknown&gt;
#13 0x5614d4c82128 &lt;unknown&gt;
#14 0x5614d4c822fb &lt;unknown&gt;
#15 0x5614d4c91f6c &lt;unknown&gt;
#16 0x7fa2a3842609 start_thread
</msg>
<msg time="2024-06-18T12:40:51.485146" level="WARN">Keyword 'Capture Page Screenshot' could not be run on failure: Message: no such window: target window already closed
from unknown error: web view not found
  (Session info: chrome=125.0.6422.141)
Stacktrace:
#0 0x5614d4c92e3a &lt;unknown&gt;
#1 0x5614d497c45c &lt;unknown&gt;
#2 0x5614d4951a84 &lt;unknown&gt;
#3 0x5614d49f395d &lt;unknown&gt;
#4 0x5614d4a09c76 &lt;unknown&gt;
#5 0x5614d49eb253 &lt;unknown&gt;
#6 0x5614d49bb1c7 &lt;unknown&gt;
#7 0x5614d49bbb3e &lt;unknown&gt;
#8 0x5614d4c5927b &lt;unknown&gt;
#9 0x5614d4c5d327 &lt;unknown&gt;
#10 0x5614d4c45dae &lt;unknown&gt;
#11 0x5614d4c5ddf2 &lt;unknown&gt;
#12 0x5614d4c2a74f &lt;unknown&gt;
#13 0x5614d4c82128 &lt;unknown&gt;
#14 0x5614d4c822fb &lt;unknown&gt;
#15 0x5614d4c91f6c &lt;unknown&gt;
#16 0x7fa2a3842609 start_thread
</msg>
<msg time="2024-06-18T12:40:51.499724" level="WARN">Keyword 'Capture Page Screenshot' could not be run on failure: Message: no such window: target window already closed
from unknown error: web view not found
  (Session info: chrome=125.0.6422.141)
Stacktrace:
#0 0x5614d4c92e3a &lt;unknown&gt;
#1 0x5614d497c45c &lt;unknown&gt;
#2 0x5614d4951a84 &lt;unknown&gt;
#3 0x5614d49f395d &lt;unknown&gt;
#4 0x5614d4a09c76 &lt;unknown&gt;
#5 0x5614d49eb253 &lt;unknown&gt;
#6 0x5614d49bb1c7 &lt;unknown&gt;
#7 0x5614d49bbb3e &lt;unknown&gt;
#8 0x5614d4c5927b &lt;unknown&gt;
#9 0x5614d4c5d327 &lt;unknown&gt;
#10 0x5614d4c45dae &lt;unknown&gt;
#11 0x5614d4c5ddf2 &lt;unknown&gt;
#12 0x5614d4c2a74f &lt;unknown&gt;
#13 0x5614d4c82128 &lt;unknown&gt;
#14 0x5614d4c822fb &lt;unknown&gt;
#15 0x5614d4c91f6c &lt;unknown&gt;
#16 0x7fa2a3842609 start_thread
</msg>
<msg time="2024-06-18T12:40:51.515319" level="WARN">Keyword 'Capture Page Screenshot' could not be run on failure: Message: no such window: target window already closed
from unknown error: web view not found
  (Session info: chrome=125.0.6422.141)
Stacktrace:
#0 0x5614d4c92e3a &lt;unknown&gt;
#1 0x5614d497c45c &lt;unknown&gt;
#2 0x5614d4951a84 &lt;unknown&gt;
#3 0x5614d49f395d &lt;unknown&gt;
#4 0x5614d4a09c76 &lt;unknown&gt;
#5 0x5614d49eb253 &lt;unknown&gt;
#6 0x5614d49bb1c7 &lt;unknown&gt;
#7 0x5614d49bbb3e &lt;unknown&gt;
#8 0x5614d4c5927b &lt;unknown&gt;
#9 0x5614d4c5d327 &lt;unknown&gt;
#10 0x5614d4c45dae &lt;unknown&gt;
#11 0x5614d4c5ddf2 &lt;unknown&gt;
#12 0x5614d4c2a74f &lt;unknown&gt;
#13 0x5614d4c82128 &lt;unknown&gt;
#14 0x5614d4c822fb &lt;unknown&gt;
#15 0x5614d4c91f6c &lt;unknown&gt;
#16 0x7fa2a3842609 start_thread
</msg>
</errors>
</robot>
