<?xml version="1.0" encoding="UTF-8"?>
<robot generator="Robot 7.0 (Python 3.8.10 on linux)" generated="2024-04-19T13:58:41.730120" rpa="false" schemaversion="5">
<suite id="s1" name="lumate1Test" source="/home/ridham/PycharmProjects/LUMATE-AUTOMATION_POC/TestCases/lumate1Test.robot">
<test id="s1-t1" name="Verify that the user is able to Log in to the Portal with correct credentials" line="10">
<kw name="Open PMS url on browser" owner="lumate1Resource">
<kw name="Open Browser" owner="SeleniumLibrary">
<msg time="2024-04-19T13:58:41.836016" level="INFO">Opening browser 'chrome' to base url 'https://qa-pms.lumatehealth.com/'.</msg>
<arg>url=${PMS_URL}</arg>
<arg>browser=${Browser}</arg>
<doc>Opens a new browser instance to the optional ``url``.</doc>
<status status="PASS" start="2024-04-19T13:58:41.835474" elapsed="3.878143"/>
</kw>
<kw name="Maximize Browser Window" owner="SeleniumLibrary">
<kw name="Capture Page Screenshot" owner="SeleniumLibrary">
<msg time="2024-04-19T13:58:45.731841" level="FAIL">NoSuchWindowException: Message: no such window: target window already closed
from unknown error: web view not found
  (Session info: chrome=123.0.6312.122)
</msg>
<doc>Takes a screenshot of the current page and embeds it into a log file.</doc>
<status status="FAIL" start="2024-04-19T13:58:45.719658" elapsed="0.305952">NoSuchWindowException: Message: no such window: target window already closed
from unknown error: web view not found
  (Session info: chrome=123.0.6312.122)
</status>
</kw>
<msg time="2024-04-19T13:58:46.026157" level="WARN">Keyword 'Capture Page Screenshot' could not be run on failure: NoSuchWindowException: Message: no such window: target window already closed
from unknown error: web view not found
  (Session info: chrome=123.0.6312.122)
</msg>
<msg time="2024-04-19T13:58:46.027510" level="FAIL">NoSuchWindowException: Message: no such window: target window already closed
from unknown error: web view not found
  (Session info: chrome=123.0.6312.122)
</msg>
<doc>Maximizes current browser window.</doc>
<status status="FAIL" start="2024-04-19T13:58:45.714956" elapsed="0.313421">NoSuchWindowException: Message: no such window: target window already closed
from unknown error: web view not found
  (Session info: chrome=123.0.6312.122)
</status>
</kw>
<kw name="Wait Until Element Is Visible" owner="SeleniumLibrary">
<arg>${LOGIN_PAGE_PMS}</arg>
<arg>15s</arg>
<doc>Waits until the element ``locator`` is visible.</doc>
<status status="NOT RUN" start="2024-04-19T13:58:46.029637" elapsed="0.000269"/>
</kw>
<status status="FAIL" start="2024-04-19T13:58:41.834487" elapsed="4.196562">NoSuchWindowException: Message: no such window: target window already closed
from unknown error: web view not found
  (Session info: chrome=123.0.6312.122)
</status>
</kw>
<kw name="Fill the credentials and login" owner="lumate1Resource">
<status status="NOT RUN" start="2024-04-19T13:58:46.033289" elapsed="0.000277"/>
</kw>
<status status="FAIL" start="2024-04-19T13:58:41.833585" elapsed="4.202460">NoSuchWindowException: Message: no such window: target window already closed
from unknown error: web view not found
  (Session info: chrome=123.0.6312.122)
</status>
</test>
<status status="FAIL" start="2024-04-19T13:58:41.731111" elapsed="4.308191"/>
</suite>
<statistics>
<total>
<stat pass="0" fail="1" skip="0">All Tests</stat>
</total>
<tag>
</tag>
<suite>
<stat pass="0" fail="1" skip="0" id="s1" name="lumate1Test">lumate1Test</stat>
</suite>
</statistics>
<errors>
<msg time="2024-04-19T13:58:46.026157" level="WARN">Keyword 'Capture Page Screenshot' could not be run on failure: NoSuchWindowException: Message: no such window: target window already closed
from unknown error: web view not found
  (Session info: chrome=123.0.6312.122)
</msg>
</errors>
</robot>
