<?xml version="1.0" encoding="UTF-8"?>
<robot generator="Robot 7.0 (Python 3.8.10 on linux)" generated="2024-04-23T17:14:39.261936" rpa="false" schemaversion="5">
<suite id="s1" name="lumate2Test" source="/home/ridham/PycharmProjects/LUMATE-AUTOMATION_POC/TestCases/lumate2Test.robot">
<test id="s1-t1" name="Verify patient signup" line="10">
<kw name="Open PMS url on browser" owner="lumate2Resource">
<kw name="Open Browser" owner="SeleniumLibrary">
<msg time="2024-04-23T17:14:39.424477" level="INFO">Opening browser 'chrome' to base url 'https://qa-lumacare.lumatehealth.com/#/authentication/login'.</msg>
<arg>url=${P_PORTAL_URL}</arg>
<arg>browser=${Browser}</arg>
<doc>Opens a new browser instance to the optional ``url``.</doc>
<status status="PASS" start="2024-04-23T17:14:39.424079" elapsed="3.709202"/>
</kw>
<kw name="Maximize Browser Window" owner="SeleniumLibrary">
<kw name="Capture Page Screenshot" owner="SeleniumLibrary">
<msg time="2024-04-23T17:14:43.155078" level="FAIL">NoSuchWindowException: Message: no such window: target window already closed
from unknown error: web view not found
  (Session info: chrome=123.0.6312.122)
</msg>
<doc>Takes a screenshot of the current page and embeds it into a log file.</doc>
<status status="FAIL" start="2024-04-23T17:14:43.144454" elapsed="0.267668">NoSuchWindowException: Message: no such window: target window already closed
from unknown error: web view not found
  (Session info: chrome=123.0.6312.122)
</status>
</kw>
<msg time="2024-04-23T17:14:43.413108" level="WARN">Keyword 'Capture Page Screenshot' could not be run on failure: NoSuchWindowException: Message: no such window: target window already closed
from unknown error: web view not found
  (Session info: chrome=123.0.6312.122)
</msg>
<msg time="2024-04-23T17:14:43.414931" level="FAIL">NoSuchWindowException: Message: no such window: target window already closed
from unknown error: web view not found
  (Session info: chrome=123.0.6312.122)
</msg>
<doc>Maximizes current browser window.</doc>
<status status="FAIL" start="2024-04-23T17:14:43.135076" elapsed="0.280977">NoSuchWindowException: Message: no such window: target window already closed
from unknown error: web view not found
  (Session info: chrome=123.0.6312.122)
</status>
</kw>
<kw name="Wait Until Element Is Visible" owner="SeleniumLibrary">
<arg>${LOGIN_PAGE_P_PORTAL}</arg>
<arg>15s</arg>
<doc>Waits until the element ``locator`` is visible.</doc>
<status status="NOT RUN" start="2024-04-23T17:14:43.417848" elapsed="0.000288"/>
</kw>
<status status="FAIL" start="2024-04-23T17:14:39.422527" elapsed="3.996661">NoSuchWindowException: Message: no such window: target window already closed
from unknown error: web view not found
  (Session info: chrome=123.0.6312.122)
</status>
</kw>
<kw name="Fill the credentials and login" owner="lumate2Resource">
<status status="NOT RUN" start="2024-04-23T17:14:43.421228" elapsed="0.000712"/>
</kw>
<kw name="Enetr OTP and Submit it" owner="lumate2Resource">
<status status="NOT RUN" start="2024-04-23T17:14:43.424561" elapsed="0.000369"/>
</kw>
<kw name="Click Element" owner="SeleniumLibrary">
<arg>${SKIP}</arg>
<doc>Click the element identified by ``locator``.</doc>
<status status="NOT RUN" start="2024-04-23T17:14:43.428117" elapsed="0.000296"/>
</kw>
<kw name="Wait Until Element Is Visible" owner="SeleniumLibrary">
<arg>${HOMEPAGE_P_PORTAL}</arg>
<arg>${TIMEOUT}</arg>
<doc>Waits until the element ``locator`` is visible.</doc>
<status status="NOT RUN" start="2024-04-23T17:14:43.431978" elapsed="0.000586"/>
</kw>
<kw name="Wait Until the Update Icon Disappear" owner="lumate2Resource">
<status status="NOT RUN" start="2024-04-23T17:14:43.434550" elapsed="0.000340"/>
</kw>
<tag>TC_P_PORTAL_001</tag>
<status status="FAIL" start="2024-04-23T17:14:39.421710" elapsed="4.015228">NoSuchWindowException: Message: no such window: target window already closed
from unknown error: web view not found
  (Session info: chrome=123.0.6312.122)
</status>
</test>
<test id="s1-t2" name="Bill payment" line="19">
<kw name="Payment Of Clinician1" owner="lumate2Resource">
<kw name="Click Element" owner="SeleniumLibrary">
<msg time="2024-04-23T17:14:43.453673" level="INFO">Clicking element 'xpath://*[@class="he-50 d-flex align-items-center cursor-pointer b-r-20 ng-star-inserted"][2]'.</msg>
<kw name="Capture Page Screenshot" owner="SeleniumLibrary">
<msg time="2024-04-23T17:14:43.471278" level="FAIL">NoSuchWindowException: Message: no such window: target window already closed
from unknown error: web view not found
  (Session info: chrome=123.0.6312.122)
</msg>
<doc>Takes a screenshot of the current page and embeds it into a log file.</doc>
<status status="FAIL" start="2024-04-23T17:14:43.464508" elapsed="0.009031">NoSuchWindowException: Message: no such window: target window already closed
from unknown error: web view not found
  (Session info: chrome=123.0.6312.122)
</status>
</kw>
<msg time="2024-04-23T17:14:43.473776" level="WARN">Keyword 'Capture Page Screenshot' could not be run on failure: NoSuchWindowException: Message: no such window: target window already closed
from unknown error: web view not found
  (Session info: chrome=123.0.6312.122)
</msg>
<msg time="2024-04-23T17:14:43.474473" level="FAIL">NoSuchWindowException: Message: no such window: target window already closed
from unknown error: web view not found
  (Session info: chrome=123.0.6312.122)
</msg>
<arg>${BILLING_SECTION}</arg>
<doc>Click the element identified by ``locator``.</doc>
<status status="FAIL" start="2024-04-23T17:14:43.452339" elapsed="0.022713">NoSuchWindowException: Message: no such window: target window already closed
from unknown error: web view not found
  (Session info: chrome=123.0.6312.122)
</status>
</kw>
<kw name="Wait Until Element Is Visible" owner="SeleniumLibrary">
<arg>${BILLING_PAGE}</arg>
<arg>${TIMEOUT}</arg>
<doc>Waits until the element ``locator`` is visible.</doc>
<status status="NOT RUN" start="2024-04-23T17:14:43.476016" elapsed="0.000364"/>
</kw>
<kw name="Wait Until the Update Icon Disappear" owner="lumate2Resource">
<status status="NOT RUN" start="2024-04-23T17:14:43.477847" elapsed="0.000368"/>
</kw>
<kw name="Click Button" owner="SeleniumLibrary">
<arg>${PAY1}</arg>
<doc>Clicks the button identified by ``locator``.</doc>
<status status="NOT RUN" start="2024-04-23T17:14:43.478720" elapsed="0.000124"/>
</kw>
<kw name="Wait Until Element Is Visible" owner="SeleniumLibrary">
<arg>${PAYMENT_POPUP}</arg>
<doc>Waits until the element ``locator`` is visible.</doc>
<status status="NOT RUN" start="2024-04-23T17:14:43.479420" elapsed="0.000229"/>
</kw>
<kw name="Wait Until the Update Icon Disappear" owner="lumate2Resource">
<status status="NOT RUN" start="2024-04-23T17:14:43.480501" elapsed="0.000133"/>
</kw>
<kw name="Click Element" owner="SeleniumLibrary">
<arg>${ADD_NEW_CARD}</arg>
<doc>Click the element identified by ``locator``.</doc>
<status status="NOT RUN" start="2024-04-23T17:14:43.481098" elapsed="0.000091"/>
</kw>
<kw name="Sleep" owner="BuiltIn">
<arg>10s</arg>
<doc>Pauses the test executed for the given time.</doc>
<status status="NOT RUN" start="2024-04-23T17:14:43.482086" elapsed="0.000272"/>
</kw>
<kw name="Input Text" owner="SeleniumLibrary">
<arg>${CARD_EXPIRY_PATH}</arg>
<arg>${CARD_EXPIRY}</arg>
<doc>Types the given ``text`` into the text field identified by ``locator``.</doc>
<status status="NOT RUN" start="2024-04-23T17:14:43.483089" elapsed="0.000255"/>
</kw>
<kw name="Input Text" owner="SeleniumLibrary">
<arg>${CARD_CVC_PATH}</arg>
<arg>${CARD_CVC}</arg>
<doc>Types the given ``text`` into the text field identified by ``locator``.</doc>
<status status="NOT RUN" start="2024-04-23T17:14:43.484516" elapsed="0.000187"/>
</kw>
<kw name="Input Text" owner="SeleniumLibrary">
<arg>${NAME_ON_CARD_PATH}</arg>
<arg>${NAME_ON_CARD}</arg>
<doc>Types the given ``text`` into the text field identified by ``locator``.</doc>
<status status="NOT RUN" start="2024-04-23T17:14:43.485020" elapsed="0.000055"/>
</kw>
<status status="FAIL" start="2024-04-23T17:14:43.449774" elapsed="0.035474">NoSuchWindowException: Message: no such window: target window already closed
from unknown error: web view not found
  (Session info: chrome=123.0.6312.122)
</status>
</kw>
<tag>TC_P_PORTAL_003</tag>
<status status="FAIL" start="2024-04-23T17:14:43.439622" elapsed="0.046106">NoSuchWindowException: Message: no such window: target window already closed
from unknown error: web view not found
  (Session info: chrome=123.0.6312.122)
</status>
</test>
<status status="FAIL" start="2024-04-23T17:14:39.264247" elapsed="4.222138"/>
</suite>
<statistics>
<total>
<stat pass="0" fail="2" skip="0">All Tests</stat>
</total>
<tag>
<stat pass="0" fail="1" skip="0">TC_P_PORTAL_001</stat>
<stat pass="0" fail="1" skip="0">TC_P_PORTAL_003</stat>
</tag>
<suite>
<stat pass="0" fail="2" skip="0" id="s1" name="lumate2Test">lumate2Test</stat>
</suite>
</statistics>
<errors>
<msg time="2024-04-23T17:14:43.413108" level="WARN">Keyword 'Capture Page Screenshot' could not be run on failure: NoSuchWindowException: Message: no such window: target window already closed
from unknown error: web view not found
  (Session info: chrome=123.0.6312.122)
</msg>
<msg time="2024-04-23T17:14:43.473776" level="WARN">Keyword 'Capture Page Screenshot' could not be run on failure: NoSuchWindowException: Message: no such window: target window already closed
from unknown error: web view not found
  (Session info: chrome=123.0.6312.122)
</msg>
</errors>
</robot>
