<?xml version="1.0" encoding="UTF-8"?>
<robot generator="Robot 7.0 (Python 3.8.10 on linux)" generated="2024-04-23T11:12:36.398996" rpa="false" schemaversion="5">
<suite id="s1" name="lumate1Test" source="/home/ridham/PycharmProjects/LUMATE-AUTOMATION_POC/TestCases/lumate1Test.robot">
<test id="s1-t1" name="Verify that the user is able to Log in to the Portal with correct credentials" line="12">
<kw name="Open PMS url on browser" owner="lumate1Resource">
<kw name="Open Browser" owner="SeleniumLibrary">
<msg time="2024-04-23T11:12:36.543874" level="INFO">Opening browser 'chrome' to base url 'https://qa-pms.lumatehealth.com/'.</msg>
<arg>url=${PMS_URL}</arg>
<arg>browser=${Browser}</arg>
<doc>Opens a new browser instance to the optional ``url``.</doc>
<status status="PASS" start="2024-04-23T11:12:36.543493" elapsed="4.111766"/>
</kw>
<kw name="Maximize Browser Window" owner="SeleniumLibrary">
<doc>Maximizes current browser window.</doc>
<status status="PASS" start="2024-04-23T11:12:40.656074" elapsed="0.008680"/>
</kw>
<kw name="Wait Until Element Is Visible" owner="SeleniumLibrary">
<arg>${LOGIN_PAGE_PMS}</arg>
<arg>15s</arg>
<doc>Waits until the element ``locator`` is visible.</doc>
<status status="PASS" start="2024-04-23T11:12:40.665529" elapsed="4.592129"/>
</kw>
<status status="PASS" start="2024-04-23T11:12:36.542521" elapsed="8.715450"/>
</kw>
<kw name="Fill the credentials and login" owner="lumate1Resource">
<kw name="Input Text" owner="SeleniumLibrary">
<msg time="2024-04-23T11:12:45.259535" level="INFO">Typing text 'kalpesh' into text field 'xpath://*[@id="mat-input-0"]'.</msg>
<arg>${USERNAME_PATH_PMS}</arg>
<arg>${USERNAME_PMS}</arg>
<doc>Types the given ``text`` into the text field identified by ``locator``.</doc>
<status status="PASS" start="2024-04-23T11:12:45.259199" elapsed="0.122362"/>
</kw>
<kw name="Input Text" owner="SeleniumLibrary">
<msg time="2024-04-23T11:12:45.382250" level="INFO">Typing text 'Test1234!' into text field 'xpath://*[@id="mat-input-1"]'.</msg>
<arg>${PASSWORD_PATH_PMS}</arg>
<arg>${PASSWORD_PMS}</arg>
<doc>Types the given ``text`` into the text field identified by ``locator``.</doc>
<status status="PASS" start="2024-04-23T11:12:45.381939" elapsed="0.096465"/>
</kw>
<kw name="Click Element" owner="SeleniumLibrary">
<msg time="2024-04-23T11:12:45.479207" level="INFO">Clicking element 'xpath://*[@class="check remember-check"]'.</msg>
<arg>${REMEMBER_ME}</arg>
<doc>Click the element identified by ``locator``.</doc>
<status status="PASS" start="2024-04-23T11:12:45.478764" elapsed="0.057464"/>
</kw>
<kw name="Click Button" owner="SeleniumLibrary">
<msg time="2024-04-23T11:12:45.536871" level="INFO">Clicking button 'xpath://*[@class="mat-focus-indicator auth-form-btn mat-raised-button mat-button-base mat-primary"]'.</msg>
<arg>${LOGIN_BTN}</arg>
<doc>Clicks the button identified by ``locator``.</doc>
<status status="PASS" start="2024-04-23T11:12:45.536563" elapsed="0.091024"/>
</kw>
<status status="PASS" start="2024-04-23T11:12:45.258642" elapsed="0.369159"/>
</kw>
<tag>TC-PMS-001</tag>
<status status="PASS" start="2024-04-23T11:12:36.541760" elapsed="9.086596"/>
</test>
<test id="s1-t2" name="Verify that the user gets redirected to enter OTP page when entered the correct credentials." line="18">
<kw name="Open PMS url on browser" owner="lumate1Resource">
<kw name="Open Browser" owner="SeleniumLibrary">
<msg time="2024-04-23T11:12:45.631224" level="INFO">Opening browser 'chrome' to base url 'https://qa-pms.lumatehealth.com/'.</msg>
<arg>url=${PMS_URL}</arg>
<arg>browser=${Browser}</arg>
<doc>Opens a new browser instance to the optional ``url``.</doc>
<status status="PASS" start="2024-04-23T11:12:45.630814" elapsed="4.455017"/>
</kw>
<kw name="Maximize Browser Window" owner="SeleniumLibrary">
<doc>Maximizes current browser window.</doc>
<status status="PASS" start="2024-04-23T11:12:50.086964" elapsed="0.005657"/>
</kw>
<kw name="Wait Until Element Is Visible" owner="SeleniumLibrary">
<arg>${LOGIN_PAGE_PMS}</arg>
<arg>15s</arg>
<doc>Waits until the element ``locator`` is visible.</doc>
<status status="PASS" start="2024-04-23T11:12:50.093131" elapsed="4.396538"/>
</kw>
<status status="PASS" start="2024-04-23T11:12:45.630171" elapsed="8.859733"/>
</kw>
<kw name="Fill the credentials and login" owner="lumate1Resource">
<kw name="Input Text" owner="SeleniumLibrary">
<msg time="2024-04-23T11:12:54.491738" level="INFO">Typing text 'kalpesh' into text field 'xpath://*[@id="mat-input-0"]'.</msg>
<arg>${USERNAME_PATH_PMS}</arg>
<arg>${USERNAME_PMS}</arg>
<doc>Types the given ``text`` into the text field identified by ``locator``.</doc>
<status status="PASS" start="2024-04-23T11:12:54.491210" elapsed="0.140384"/>
</kw>
<kw name="Input Text" owner="SeleniumLibrary">
<msg time="2024-04-23T11:12:54.632290" level="INFO">Typing text 'Test1234!' into text field 'xpath://*[@id="mat-input-1"]'.</msg>
<arg>${PASSWORD_PATH_PMS}</arg>
<arg>${PASSWORD_PMS}</arg>
<doc>Types the given ``text`` into the text field identified by ``locator``.</doc>
<status status="PASS" start="2024-04-23T11:12:54.631926" elapsed="0.095979"/>
</kw>
<kw name="Click Element" owner="SeleniumLibrary">
<msg time="2024-04-23T11:12:54.729142" level="INFO">Clicking element 'xpath://*[@class="check remember-check"]'.</msg>
<arg>${REMEMBER_ME}</arg>
<doc>Click the element identified by ``locator``.</doc>
<status status="PASS" start="2024-04-23T11:12:54.728468" elapsed="0.080344"/>
</kw>
<kw name="Click Button" owner="SeleniumLibrary">
<msg time="2024-04-23T11:12:54.809846" level="INFO">Clicking button 'xpath://*[@class="mat-focus-indicator auth-form-btn mat-raised-button mat-button-base mat-primary"]'.</msg>
<arg>${LOGIN_BTN}</arg>
<doc>Clicks the button identified by ``locator``.</doc>
<status status="PASS" start="2024-04-23T11:12:54.809236" elapsed="0.103955"/>
</kw>
<status status="PASS" start="2024-04-23T11:12:54.490459" elapsed="0.422916"/>
</kw>
<kw name="Sleep" owner="BuiltIn">
<msg time="2024-04-23T11:12:59.914141" level="INFO">Slept 5 seconds.</msg>
<arg>5s</arg>
<doc>Pauses the test executed for the given time.</doc>
<status status="PASS" start="2024-04-23T11:12:54.913627" elapsed="5.000874"/>
</kw>
<kw name="Element Should Contain" owner="SeleniumLibrary">
<msg time="2024-04-23T11:12:59.973571" level="INFO">Element 'xpath://*[@class="login-heading"]' contains text 'Almost There'.</msg>
<arg>${OTP_PAGE}</arg>
<arg>Almost There</arg>
<doc>Verifies that element ``locator`` contains text ``expected``.</doc>
<status status="PASS" start="2024-04-23T11:12:59.915511" elapsed="0.058180"/>
</kw>
<tag>TC-PMS-005</tag>
<status status="PASS" start="2024-04-23T11:12:45.629403" elapsed="14.344599"/>
</test>
<test id="s1-t3" name="Verify the clinician Home Page" line="26">
<kw name="Enetr OTP and Submit it" owner="lumate1Resource">
<kw name="Wait for OTP Email" owner="lumate1Resource">
<kw name="Open Mailbox" owner="ImapLibrary2">
<arg>host=${EMAIL_SERVER}</arg>
<arg>user=${EMAIL_USERNAME}</arg>
<arg>password=${EMAIL_PASSWORD}</arg>
<doc>Open IMAP email client session to given ``host`` with given ``user`` and ``password``.</doc>
<status status="PASS" start="2024-04-23T11:12:59.975992" elapsed="1.734117"/>
</kw>
<kw name="Wait For Email" owner="ImapLibrary2">
<msg time="2024-04-23T11:13:02.387550" level="INFO">${email_index} = 1541</msg>
<var>${email_index}</var>
<arg>sender=${SENDER_USERNAME}</arg>
<arg>status=UNSEEN</arg>
<arg>timeout=300</arg>
<doc>Wait for email message to arrived base on any given filter criteria.
Returns email index of the latest email message received.</doc>
<status status="PASS" start="2024-04-23T11:13:01.711045" elapsed="0.676701"/>
</kw>
<kw name="Get Email Body" owner="ImapLibrary2">
<msg time="2024-04-23T11:13:02.891328" level="INFO">${email_body} = &lt;html xmlns="http://www.w3.org/1999/xhtml" xmlns:o="urn:schemas-microsoft-com:office:office" xmlns:v="urn:schemas-microsoft-com:vml" lang="en"&gt;&lt;head&gt;
&lt;meta http-equiv="Content-Type" content="text/htm...</msg>
<var>${email_body}</var>
<arg>${email_index}</arg>
<doc>Returns the decoded email body on multipart email message,
otherwise returns the body text.</doc>
<status status="PASS" start="2024-04-23T11:13:02.388539" elapsed="0.502965"/>
</kw>
<kw name="Get Regexp Matches" owner="String">
<msg time="2024-04-23T11:13:02.897777" level="INFO">${otp} = ['353454', '000000', '353454', '502520', '353454', '353454', '000000', '353454', '353454', '353454', '353454', '353454', '353454', '353454', '353454', '353454', '353454']</msg>
<var>${otp}</var>
<arg>${email_body}</arg>
<arg>\\b\\d{6}\\b</arg>
<doc>Returns a list of all non-overlapping matches in the given string.</doc>
<status status="PASS" start="2024-04-23T11:13:02.895019" elapsed="0.002904"/>
</kw>
<kw name="Log" owner="BuiltIn">
<msg time="2024-04-23T11:13:02.899141" level="INFO">OTP received: ['353454', '000000', '353454', '502520', '353454', '353454', '000000', '353454', '353454', '353454', '353454', '353454', '353454', '353454', '353454', '353454', '353454']</msg>
<arg>OTP received: ${otp}</arg>
<doc>Logs the given message with the given level.</doc>
<status status="PASS" start="2024-04-23T11:13:02.898505" elapsed="0.000816"/>
</kw>
<return>
<value>${otp}[3]</value>
<status status="PASS" start="2024-04-23T11:13:02.899597" elapsed="0.000219"/>
</return>
<msg time="2024-04-23T11:13:02.900392" level="INFO">${otp} = 502520</msg>
<var>${otp}</var>
<status status="PASS" start="2024-04-23T11:12:59.975688" elapsed="2.924817"/>
</kw>
<kw name="Copy To Clipboard" owner="CustomKeywords">
<arg>${otp}</arg>
<status status="PASS" start="2024-04-23T11:13:02.900989" elapsed="0.011343"/>
</kw>
<kw name="Wait Until Element Is Enabled" owner="SeleniumLibrary">
<arg>${OTP_PMS}</arg>
<arg>${TIMEOUT}</arg>
<doc>Waits until the element ``locator`` is enabled.</doc>
<status status="PASS" start="2024-04-23T11:13:02.913459" elapsed="0.040228"/>
</kw>
<kw name="Press Keys" owner="SeleniumLibrary">
<msg time="2024-04-23T11:13:02.954532" level="INFO">Sending key(s) ('CTRL+V',) to xpath://*[@class="otp-input ng-pristine ng-valid ng-star-inserted ng-touched"] element.</msg>
<msg time="2024-04-23T11:13:02.961941" level="INFO">Pressing special key CONTROL down.</msg>
<msg time="2024-04-23T11:13:02.962036" level="INFO">Sending key V</msg>
<msg time="2024-04-23T11:13:02.962124" level="INFO">Releasing special key CONTROL.</msg>
<arg>${OTP_PMS}</arg>
<arg>CTRL+V</arg>
<doc>Simulates the user pressing key(s) to an element or on the active browser.</doc>
<status status="PASS" start="2024-04-23T11:13:02.954025" elapsed="0.335954"/>
</kw>
<kw name="Click Button" owner="SeleniumLibrary">
<msg time="2024-04-23T11:13:03.290891" level="INFO">Clicking button 'xpath://*[@class="mat-focus-indicator auth-form-btn mat-flat-button mat-button-base mat-primary"]'.</msg>
<arg>${VALIDATE_OTP}</arg>
<doc>Clicks the button identified by ``locator``.</doc>
<status status="PASS" start="2024-04-23T11:13:03.290460" elapsed="0.084090"/>
</kw>
<kw name="Sleep" owner="BuiltIn">
<msg time="2024-04-23T11:13:13.375657" level="INFO">Slept 10 seconds.</msg>
<arg>10s</arg>
<doc>Pauses the test executed for the given time.</doc>
<status status="PASS" start="2024-04-23T11:13:03.374950" elapsed="10.001172"/>
</kw>
<status status="PASS" start="2024-04-23T11:12:59.975247" elapsed="13.401462"/>
</kw>
<kw name="Element Should Contain" owner="SeleniumLibrary">
<msg time="2024-04-23T11:13:13.433024" level="INFO">Element 'xpath://*[@class="to-do-container h-100"]' contains text 'TO DO's'.</msg>
<arg>${TO-DO_HOME}</arg>
<arg>TO DO's</arg>
<doc>Verifies that element ``locator`` contains text ``expected``.</doc>
<status status="PASS" start="2024-04-23T11:13:13.378196" elapsed="0.054993"/>
</kw>
<kw name="Element Should Contain" owner="SeleniumLibrary">
<msg time="2024-04-23T11:13:13.457786" level="INFO">Element 'xpath://*[@class="appointment-container h-100"]' contains text 'Appointments'.</msg>
<arg>${APPOINTMENT_HOME}</arg>
<arg>Appointments</arg>
<doc>Verifies that element ``locator`` contains text ``expected``.</doc>
<status status="PASS" start="2024-04-23T11:13:13.433682" elapsed="0.024214"/>
</kw>
<tag>TC-APP-001</tag>
<status status="PASS" start="2024-04-23T11:12:59.974444" elapsed="13.483739"/>
</test>
<test id="s1-t4" name="Verify the Calender &amp; appointments screen" line="32">
<kw name="Click Element" owner="SeleniumLibrary">
<msg time="2024-04-23T11:13:13.459733" level="INFO">Clicking element 'xpath://*[@class="menu overflow-hidden"]/ul/div[1]/li[3]'.</msg>
<arg>${APPOINTMENT_SEC}</arg>
<doc>Click the element identified by ``locator``.</doc>
<status status="PASS" start="2024-04-23T11:13:13.459404" elapsed="0.430356"/>
</kw>
<kw name="Sleep" owner="BuiltIn">
<msg time="2024-04-23T11:13:23.890883" level="INFO">Slept 10 seconds.</msg>
<arg>10s</arg>
<doc>Pauses the test executed for the given time.</doc>
<status status="PASS" start="2024-04-23T11:13:13.890274" elapsed="10.000991"/>
</kw>
<kw name="verify elements of TC-APP-002 visisble or not" owner="lumate1Resource">
<kw name="Element Should Be Visible" owner="SeleniumLibrary">
<msg time="2024-04-23T11:13:23.961971" level="INFO">Element '//*[@class="appointment-calendar h-100"]' is displayed.</msg>
<arg>//*[@class="appointment-calendar h-100"]</arg>
<arg>Today</arg>
<doc>Verifies that the element identified by ``locator`` is visible.</doc>
<status status="PASS" start="2024-04-23T11:13:23.894468" elapsed="0.067655"/>
</kw>
<kw name="Element Should Be Visible" owner="SeleniumLibrary">
<msg time="2024-04-23T11:13:23.985910" level="INFO">Element 'xpath://*[@class="d-block d-xxl-none position-absolute m-t-8 he-38 wi-38 b-r-10 p-a-7 btn-primary text-white w-auto"]' is displayed.</msg>
<arg>${CREATE_APPOINTMENT}</arg>
<doc>Verifies that the element identified by ``locator`` is visible.</doc>
<status status="PASS" start="2024-04-23T11:13:23.962466" elapsed="0.023584"/>
</kw>
<kw name="Click Button" owner="SeleniumLibrary">
<msg time="2024-04-23T11:13:23.986640" level="INFO">Clicking button 'xpath://*[@class="toggle-sidebar-button he-36 wi-24 bg-secondary text-white position-absolute"]'.</msg>
<arg>${OPEN_RIGHTBAR_FOR_CALANEDER}</arg>
<doc>Clicks the button identified by ``locator``.</doc>
<status status="PASS" start="2024-04-23T11:13:23.986345" elapsed="0.078804"/>
</kw>
<kw name="Element Should Be Visible" owner="SeleniumLibrary">
<msg time="2024-04-23T11:13:24.091604" level="INFO">Element 'xpath://*[@class="card border-bottom-0"]' is displayed.</msg>
<arg>${Select_Office}</arg>
<arg>Select Office</arg>
<doc>Verifies that the element identified by ``locator`` is visible.</doc>
<status status="PASS" start="2024-04-23T11:13:24.065560" elapsed="0.026170"/>
</kw>
<kw name="Element Should Be Visible" owner="SeleniumLibrary">
<msg time="2024-04-23T11:13:24.115443" level="INFO">Element 'xpath://*[@class="d-flex align-items-center"]' is displayed.</msg>
<arg>${Select_Clinicians}</arg>
<arg>Select Clinicians</arg>
<doc>Verifies that the element identified by ``locator`` is visible.</doc>
<status status="PASS" start="2024-04-23T11:13:24.092022" elapsed="0.023546"/>
</kw>
<status status="PASS" start="2024-04-23T11:13:23.893003" elapsed="0.222719"/>
</kw>
<tag>TC-APP-002</tag>
<status status="PASS" start="2024-04-23T11:13:13.458619" elapsed="10.657362"/>
</test>
<test id="s1-t5" name="Verify the create an appointment button" line="38">
<kw name="Click Element" owner="SeleniumLibrary" type="SETUP">
<msg time="2024-04-23T11:13:24.117287" level="INFO">Clicking element 'xpath://*[@class="menu overflow-hidden"]/ul/div[1]/li[3]'.</msg>
<arg>${HOME_SEC}</arg>
<doc>Click the element identified by ``locator``.</doc>
<status status="PASS" start="2024-04-23T11:13:24.116982" elapsed="0.050050"/>
</kw>
<kw name="Creat Appointment and check elements" owner="lumate1Resource">
<kw name="Click Element" owner="SeleniumLibrary">
<msg time="2024-04-23T11:13:24.168331" level="INFO">Clicking element 'xpath://*[@class="menu overflow-hidden"]/ul/div[1]/li[3]'.</msg>
<arg>${APPOINTMENT_SEC}</arg>
<doc>Click the element identified by ``locator``.</doc>
<status status="PASS" start="2024-04-23T11:13:24.167876" elapsed="0.047993"/>
</kw>
<kw name="Click Element" owner="SeleniumLibrary">
<msg time="2024-04-23T11:13:24.216482" level="INFO">Clicking element 'xpath://*[@class="d-block d-xxl-none position-absolute m-t-8 he-38 wi-38 b-r-10 p-a-7 btn-primary text-white w-auto"]'.</msg>
<arg>${CREATE_APPOINTMENT}</arg>
<doc>Click the element identified by ``locator``.</doc>
<status status="PASS" start="2024-04-23T11:13:24.216194" elapsed="0.226322"/>
</kw>
<kw name="Sleep" owner="BuiltIn">
<msg time="2024-04-23T11:13:29.443276" level="INFO">Slept 5 seconds.</msg>
<arg>5s</arg>
<doc>Pauses the test executed for the given time.</doc>
<status status="PASS" start="2024-04-23T11:13:24.442871" elapsed="5.000544"/>
</kw>
<kw name="Element Should Contain" owner="SeleniumLibrary">
<msg time="2024-04-23T11:13:29.506635" level="INFO">Element 'xpath://*[@class="block-header"]' contains text 'Schedule Appointment'.</msg>
<arg>${SCHEDULED_APPOINTMENT}</arg>
<arg>Schedule Appointment</arg>
<doc>Verifies that element ``locator`` contains text ``expected``.</doc>
<status status="PASS" start="2024-04-23T11:13:29.443681" elapsed="0.063087"/>
</kw>
<kw name="Sleep" owner="BuiltIn">
<msg time="2024-04-23T11:13:34.507446" level="INFO">Slept 5 seconds.</msg>
<arg>5s</arg>
<doc>Pauses the test executed for the given time.</doc>
<status status="PASS" start="2024-04-23T11:13:29.507067" elapsed="5.000529"/>
</kw>
<kw name="Element Should Be Visible" owner="SeleniumLibrary">
<msg time="2024-04-23T11:13:34.532648" level="INFO">Element 'xpath://*[@class="p-x-18 col-xs-12 col-sm-12 col-md-12 col-lg-12 col-xl-6 col-xxl-4"]' is displayed.</msg>
<arg>${APPOINTMENT_TYPE}</arg>
<doc>Verifies that the element identified by ``locator`` is visible.</doc>
<status status="PASS" start="2024-04-23T11:13:34.507914" elapsed="0.024848"/>
</kw>
<kw name="Element Should Be Visible" owner="SeleniumLibrary">
<msg time="2024-04-23T11:13:34.555015" level="INFO">Element 'xpath://*[@class="d-flex m-a-20"]' is displayed.</msg>
<arg>${BACK_BUTTON}</arg>
<doc>Verifies that the element identified by ``locator`` is visible.</doc>
<status status="PASS" start="2024-04-23T11:13:34.532982" elapsed="0.022173"/>
</kw>
<status status="PASS" start="2024-04-23T11:13:24.167457" elapsed="10.387867"/>
</kw>
<tag>TC-APP-003</tag>
<status status="PASS" start="2024-04-23T11:13:24.116343" elapsed="10.439265"/>
</test>
<test id="s1-t6" name="Verify View Patient" line="43">
<kw name="Click Element" owner="SeleniumLibrary" type="SETUP">
<msg time="2024-04-23T11:13:34.556870" level="INFO">Clicking element 'xpath://*[@class="menu overflow-hidden"]/ul/div[1]/li[3]'.</msg>
<arg>${HOME_SEC}</arg>
<doc>Click the element identified by ``locator``.</doc>
<status status="PASS" start="2024-04-23T11:13:34.556645" elapsed="0.151115"/>
</kw>
<kw name="Patient View Details Screen" owner="lumate1Resource">
<kw name="Click Element" owner="SeleniumLibrary">
<msg time="2024-04-23T11:13:34.709804" level="INFO">Clicking element 'xpath://*[@class="menu overflow-hidden"]/ul/div[1]/li[4]'.</msg>
<arg>${PATIENT_SEC}</arg>
<doc>Click the element identified by ``locator``.</doc>
<status status="PASS" start="2024-04-23T11:13:34.709083" elapsed="0.058512"/>
</kw>
<kw name="Sleep" owner="BuiltIn">
<msg time="2024-04-23T11:13:39.768214" level="INFO">Slept 5 seconds.</msg>
<arg>5s</arg>
<doc>Pauses the test executed for the given time.</doc>
<status status="PASS" start="2024-04-23T11:13:34.767826" elapsed="5.000570"/>
</kw>
<kw name="Click Element" owner="SeleniumLibrary">
<msg time="2024-04-23T11:13:39.769128" level="INFO">Clicking element 'xpath://*[@class="fa-solid fa-circle-info font-18 text-white"]'.</msg>
<kw name="Capture Page Screenshot" owner="SeleniumLibrary">
<msg time="2024-04-23T11:13:39.774504" level="FAIL">NoSuchWindowException: Message: no such window: target window already closed
from unknown error: web view not found
  (Session info: chrome=123.0.6312.122)
</msg>
<doc>Takes a screenshot of the current page and embeds it into a log file.</doc>
<status status="FAIL" start="2024-04-23T11:13:39.771393" elapsed="0.041593">NoSuchWindowException: Message: no such window: target window already closed
from unknown error: web view not found
  (Session info: chrome=123.0.6312.122)
</status>
</kw>
<msg time="2024-04-23T11:13:39.813350" level="WARN">Keyword 'Capture Page Screenshot' could not be run on failure: NoSuchWindowException: Message: no such window: target window already closed
from unknown error: web view not found
  (Session info: chrome=123.0.6312.122)
</msg>
<msg time="2024-04-23T11:13:39.814336" level="FAIL">NoSuchWindowException: Message: no such window: target window already closed
from unknown error: web view not found
  (Session info: chrome=123.0.6312.122)
</msg>
<arg>${VIEW_PATIENT1}</arg>
<doc>Click the element identified by ``locator``.</doc>
<status status="FAIL" start="2024-04-23T11:13:39.768744" elapsed="0.046350">NoSuchWindowException: Message: no such window: target window already closed
from unknown error: web view not found
  (Session info: chrome=123.0.6312.122)
</status>
</kw>
<kw name="Sleep" owner="BuiltIn">
<arg>5s</arg>
<doc>Pauses the test executed for the given time.</doc>
<status status="NOT RUN" start="2024-04-23T11:13:39.816075" elapsed="0.000270"/>
</kw>
<kw name="Element Should Be Visible" owner="SeleniumLibrary">
<arg>${PATIENT_DETAIL}</arg>
<doc>Verifies that the element identified by ``locator`` is visible.</doc>
<status status="NOT RUN" start="2024-04-23T11:13:39.817399" elapsed="0.000230"/>
</kw>
<status status="FAIL" start="2024-04-23T11:13:34.708352" elapsed="5.110299">NoSuchWindowException: Message: no such window: target window already closed
from unknown error: web view not found
  (Session info: chrome=123.0.6312.122)
</status>
</kw>
<tag>TC-PCV-001</tag>
<status status="FAIL" start="2024-04-23T11:13:34.556065" elapsed="5.264098">NoSuchWindowException: Message: no such window: target window already closed
from unknown error: web view not found
  (Session info: chrome=123.0.6312.122)
</status>
</test>
<test id="s1-t7" name="Verify Edit Patient" line="48">
<kw name="Click Element" owner="SeleniumLibrary" type="SETUP">
<msg time="2024-04-23T11:13:39.825432" level="INFO">Clicking element 'xpath://*[@class="menu overflow-hidden"]/ul/div[1]/li[3]'.</msg>
<kw name="Capture Page Screenshot" owner="SeleniumLibrary">
<msg time="2024-04-23T11:13:39.839627" level="FAIL">NoSuchWindowException: Message: no such window: target window already closed
from unknown error: web view not found
  (Session info: chrome=123.0.6312.122)
</msg>
<doc>Takes a screenshot of the current page and embeds it into a log file.</doc>
<status status="FAIL" start="2024-04-23T11:13:39.831463" elapsed="0.009720">NoSuchWindowException: Message: no such window: target window already closed
from unknown error: web view not found
  (Session info: chrome=123.0.6312.122)
</status>
</kw>
<msg time="2024-04-23T11:13:39.841804" level="WARN">Keyword 'Capture Page Screenshot' could not be run on failure: NoSuchWindowException: Message: no such window: target window already closed
from unknown error: web view not found
  (Session info: chrome=123.0.6312.122)
</msg>
<msg time="2024-04-23T11:13:39.842918" level="FAIL">NoSuchWindowException: Message: no such window: target window already closed
from unknown error: web view not found
  (Session info: chrome=123.0.6312.122)
</msg>
<arg>${HOME_SEC}</arg>
<doc>Click the element identified by ``locator``.</doc>
<status status="FAIL" start="2024-04-23T11:13:39.824520" elapsed="0.019520">NoSuchWindowException: Message: no such window: target window already closed
from unknown error: web view not found
  (Session info: chrome=123.0.6312.122)
</status>
</kw>
<tag>TC-PCV-002</tag>
<status status="FAIL" start="2024-04-23T11:13:39.822280" elapsed="0.023136">Setup failed:
NoSuchWindowException: Message: no such window: target window already closed
from unknown error: web view not found
  (Session info: chrome=123.0.6312.122)
</status>
</test>
<test id="s1-t8" name="Verify the Basic details screen given under the Demographic section" line="55">
<kw name="Click Element" owner="SeleniumLibrary" type="SETUP">
<msg time="2024-04-23T11:13:39.852088" level="INFO">Clicking element 'xpath://*[@class="menu overflow-hidden"]/ul/div[1]/li[3]'.</msg>
<kw name="Capture Page Screenshot" owner="SeleniumLibrary">
<msg time="2024-04-23T11:13:39.867242" level="FAIL">NoSuchWindowException: Message: no such window: target window already closed
from unknown error: web view not found
  (Session info: chrome=123.0.6312.122)
</msg>
<doc>Takes a screenshot of the current page and embeds it into a log file.</doc>
<status status="FAIL" start="2024-04-23T11:13:39.859272" elapsed="0.009658">NoSuchWindowException: Message: no such window: target window already closed
from unknown error: web view not found
  (Session info: chrome=123.0.6312.122)
</status>
</kw>
<msg time="2024-04-23T11:13:39.869565" level="WARN">Keyword 'Capture Page Screenshot' could not be run on failure: NoSuchWindowException: Message: no such window: target window already closed
from unknown error: web view not found
  (Session info: chrome=123.0.6312.122)
</msg>
<msg time="2024-04-23T11:13:39.871004" level="FAIL">NoSuchWindowException: Message: no such window: target window already closed
from unknown error: web view not found
  (Session info: chrome=123.0.6312.122)
</msg>
<arg>${HOME_SEC}</arg>
<doc>Click the element identified by ``locator``.</doc>
<status status="FAIL" start="2024-04-23T11:13:39.850945" elapsed="0.021408">NoSuchWindowException: Message: no such window: target window already closed
from unknown error: web view not found
  (Session info: chrome=123.0.6312.122)
</status>
</kw>
<tag>TC-PCV-003</tag>
<status status="FAIL" start="2024-04-23T11:13:39.847408" elapsed="0.026647">Setup failed:
NoSuchWindowException: Message: no such window: target window already closed
from unknown error: web view not found
  (Session info: chrome=123.0.6312.122)
</status>
</test>
<test id="s1-t9" name="Verify billing tab" line="62">
<kw name="Click Element" owner="SeleniumLibrary" type="SETUP">
<msg time="2024-04-23T11:13:39.883332" level="INFO">Clicking element 'xpath://*[@class="menu overflow-hidden"]/ul/div[1]/li[3]'.</msg>
<kw name="Capture Page Screenshot" owner="SeleniumLibrary">
<msg time="2024-04-23T11:13:39.903834" level="FAIL">NoSuchWindowException: Message: no such window: target window already closed
from unknown error: web view not found
  (Session info: chrome=123.0.6312.122)
</msg>
<doc>Takes a screenshot of the current page and embeds it into a log file.</doc>
<status status="FAIL" start="2024-04-23T11:13:39.894419" elapsed="0.011535">NoSuchWindowException: Message: no such window: target window already closed
from unknown error: web view not found
  (Session info: chrome=123.0.6312.122)
</status>
</kw>
<msg time="2024-04-23T11:13:39.906393" level="WARN">Keyword 'Capture Page Screenshot' could not be run on failure: NoSuchWindowException: Message: no such window: target window already closed
from unknown error: web view not found
  (Session info: chrome=123.0.6312.122)
</msg>
<msg time="2024-04-23T11:13:39.907397" level="FAIL">NoSuchWindowException: Message: no such window: target window already closed
from unknown error: web view not found
  (Session info: chrome=123.0.6312.122)
</msg>
<arg>${HOME_SEC}</arg>
<doc>Click the element identified by ``locator``.</doc>
<status status="FAIL" start="2024-04-23T11:13:39.879433" elapsed="0.029150">NoSuchWindowException: Message: no such window: target window already closed
from unknown error: web view not found
  (Session info: chrome=123.0.6312.122)
</status>
</kw>
<tag>TC-PCV-004</tag>
<status status="FAIL" start="2024-04-23T11:13:39.876127" elapsed="0.033840">Setup failed:
NoSuchWindowException: Message: no such window: target window already closed
from unknown error: web view not found
  (Session info: chrome=123.0.6312.122)
</status>
</test>
<test id="s1-t10" name="Change billing status" line="70">
<kw name="Click Element" owner="SeleniumLibrary" type="SETUP">
<msg time="2024-04-23T11:13:39.916216" level="INFO">Clicking element 'xpath://*[@class="menu overflow-hidden"]/ul/div[1]/li[3]'.</msg>
<kw name="Capture Page Screenshot" owner="SeleniumLibrary">
<msg time="2024-04-23T11:13:39.931291" level="FAIL">NoSuchWindowException: Message: no such window: target window already closed
from unknown error: web view not found
  (Session info: chrome=123.0.6312.122)
</msg>
<doc>Takes a screenshot of the current page and embeds it into a log file.</doc>
<status status="FAIL" start="2024-04-23T11:13:39.923445" elapsed="0.009636">NoSuchWindowException: Message: no such window: target window already closed
from unknown error: web view not found
  (Session info: chrome=123.0.6312.122)
</status>
</kw>
<msg time="2024-04-23T11:13:39.933669" level="WARN">Keyword 'Capture Page Screenshot' could not be run on failure: NoSuchWindowException: Message: no such window: target window already closed
from unknown error: web view not found
  (Session info: chrome=123.0.6312.122)
</msg>
<msg time="2024-04-23T11:13:39.935053" level="FAIL">NoSuchWindowException: Message: no such window: target window already closed
from unknown error: web view not found
  (Session info: chrome=123.0.6312.122)
</msg>
<arg>${HOME_SEC}</arg>
<doc>Click the element identified by ``locator``.</doc>
<status status="FAIL" start="2024-04-23T11:13:39.914868" elapsed="0.021333">NoSuchWindowException: Message: no such window: target window already closed
from unknown error: web view not found
  (Session info: chrome=123.0.6312.122)
</status>
</kw>
<tag>TC-PCV-005</tag>
<status status="FAIL" start="2024-04-23T11:13:39.912032" elapsed="0.025768">Setup failed:
NoSuchWindowException: Message: no such window: target window already closed
from unknown error: web view not found
  (Session info: chrome=123.0.6312.122)
</status>
</test>
<status status="FAIL" start="2024-04-23T11:12:36.400623" elapsed="63.541119"/>
</suite>
<statistics>
<total>
<stat pass="5" fail="5" skip="0">All Tests</stat>
</total>
<tag>
<stat pass="1" fail="0" skip="0">TC-APP-001</stat>
<stat pass="1" fail="0" skip="0">TC-APP-002</stat>
<stat pass="1" fail="0" skip="0">TC-APP-003</stat>
<stat pass="0" fail="1" skip="0">TC-PCV-001</stat>
<stat pass="0" fail="1" skip="0">TC-PCV-002</stat>
<stat pass="0" fail="1" skip="0">TC-PCV-003</stat>
<stat pass="0" fail="1" skip="0">TC-PCV-004</stat>
<stat pass="0" fail="1" skip="0">TC-PCV-005</stat>
<stat pass="1" fail="0" skip="0">TC-PMS-001</stat>
<stat pass="1" fail="0" skip="0">TC-PMS-005</stat>
</tag>
<suite>
<stat pass="5" fail="5" skip="0" id="s1" name="lumate1Test">lumate1Test</stat>
</suite>
</statistics>
<errors>
<msg time="2024-04-23T11:13:39.813350" level="WARN">Keyword 'Capture Page Screenshot' could not be run on failure: NoSuchWindowException: Message: no such window: target window already closed
from unknown error: web view not found
  (Session info: chrome=123.0.6312.122)
</msg>
<msg time="2024-04-23T11:13:39.841804" level="WARN">Keyword 'Capture Page Screenshot' could not be run on failure: NoSuchWindowException: Message: no such window: target window already closed
from unknown error: web view not found
  (Session info: chrome=123.0.6312.122)
</msg>
<msg time="2024-04-23T11:13:39.869565" level="WARN">Keyword 'Capture Page Screenshot' could not be run on failure: NoSuchWindowException: Message: no such window: target window already closed
from unknown error: web view not found
  (Session info: chrome=123.0.6312.122)
</msg>
<msg time="2024-04-23T11:13:39.906393" level="WARN">Keyword 'Capture Page Screenshot' could not be run on failure: NoSuchWindowException: Message: no such window: target window already closed
from unknown error: web view not found
  (Session info: chrome=123.0.6312.122)
</msg>
<msg time="2024-04-23T11:13:39.933669" level="WARN">Keyword 'Capture Page Screenshot' could not be run on failure: NoSuchWindowException: Message: no such window: target window already closed
from unknown error: web view not found
  (Session info: chrome=123.0.6312.122)
</msg>
</errors>
</robot>
